<?xml version="1.0" encoding="UTF-8"?>
<!-- Generated by org.testng.reporters.JUnitXMLReporter -->
<testsuite ignored="0" hostname="linuxize" failures="1" tests="9" name="Default test" time="12.985" errors="0" timestamp="12 Jul 2019 05:44:55 GMT">
  <testcase classname="com.fliplearn.flipapp.helper.Base" name="@AfterMethod getResult" time="0.14">
    <failure type="java.lang.NullPointerException">
      <![CDATA[java.lang.NullPointerException
at com.fliplearn.flipapp.helper.Base.getResult(Base.java:338)
at java.base/jdk.internal.reflect.NativeMethodAccessorImpl.invoke0(Native Method)
at java.base/jdk.internal.reflect.NativeMethodAccessorImpl.invoke(NativeMethodAccessorImpl.java:62)
at java.base/jdk.internal.reflect.DelegatingMethodAccessorImpl.invoke(DelegatingMethodAccessorImpl.java:43)
at java.base/java.lang.reflect.Method.invoke(Method.java:564)
at org.testng.internal.MethodInvocationHelper.invokeMethod(MethodInvocationHelper.java:124)
at org.testng.internal.MethodInvocationHelper.invokeMethodConsideringTimeout(MethodInvocationHelper.java:59)
at org.testng.internal.Invoker.invokeConfigurationMethod(Invoker.java:458)
at org.testng.internal.Invoker.invokeConfigurations(Invoker.java:222)
at org.testng.internal.Invoker.invokeMethod(Invoker.java:646)
at org.testng.internal.Invoker.invokeTestMethod(Invoker.java:719)
at org.testng.internal.Invoker.invokeTestMethods(Invoker.java:989)
at org.testng.internal.TestMethodWorker.invokeTestMethods(TestMethodWorker.java:125)
at org.testng.internal.TestMethodWorker.run(TestMethodWorker.java:109)
at org.testng.TestRunner.privateRun(TestRunner.java:648)
at org.testng.TestRunner.run(TestRunner.java:505)
at org.testng.SuiteRunner.runTest(SuiteRunner.java:455)
at org.testng.SuiteRunner.runSequentially(SuiteRunner.java:450)
at org.testng.SuiteRunner.privateRun(SuiteRunner.java:415)
at org.testng.SuiteRunner.run(SuiteRunner.java:364)
at org.testng.SuiteRunnerWorker.runSuite(SuiteRunnerWorker.java:52)
at org.testng.SuiteRunnerWorker.run(SuiteRunnerWorker.java:84)
at org.testng.TestNG.runSuitesSequentially(TestNG.java:1208)
at org.testng.TestNG.runSuitesLocally(TestNG.java:1137)
at org.testng.TestNG.runSuites(TestNG.java:1049)
at org.testng.TestNG.run(TestNG.java:1017)
at org.testng.remote.AbstractRemoteTestNG.run(AbstractRemoteTestNG.java:114)
at org.testng.remote.RemoteTestNG.initAndRun(RemoteTestNG.java:251)
at org.testng.remote.RemoteTestNG.main(RemoteTestNG.java:77)
]]>
    </failure>
  </testcase> <!-- @AfterMethod getResult -->
  <testcase classname="com.fliplearn.flipapp.helper.Base" name="@BeforeMethod befo" time="0.0">
    <skipped/>
  </testcase> <!-- @BeforeMethod befo -->
  <testcase classname="com.fliplearn.flipapp.testcases.QuizDashboard" name="@BeforeMethod befQuiz" time="0.0">
    <skipped/>
  </testcase> <!-- @BeforeMethod befQuiz -->
  <testcase classname="com.fliplearn.flipapp.helper.Base" name="@AfterMethod getResult" time="0.0">
    <skipped/>
  </testcase> <!-- @AfterMethod getResult -->
  <testcase classname="com.fliplearn.flipapp.helper.Base" name="@BeforeMethod befo" time="0.0">
    <skipped/>
  </testcase> <!-- @BeforeMethod befo -->
  <testcase classname="com.fliplearn.flipapp.testcases.QuizDashboard" name="@BeforeMethod befQuiz" time="0.0">
    <skipped/>
  </testcase> <!-- @BeforeMethod befQuiz -->
  <testcase classname="com.fliplearn.flipapp.helper.Base" name="@AfterMethod getResult" time="0.0">
    <skipped/>
  </testcase> <!-- @AfterMethod getResult -->
  <testcase classname="com.fliplearn.flipapp.helper.Base" name="@BeforeMethod befo" time="0.0">
    <skipped/>
  </testcase> <!-- @BeforeMethod befo -->
  <testcase classname="com.fliplearn.flipapp.testcases.QuizDashboard" name="@BeforeMethod befQuiz" time="0.0">
    <skipped/>
  </testcase> <!-- @BeforeMethod befQuiz -->
  <testcase classname="com.fliplearn.flipapp.helper.Base" name="@AfterMethod getResult" time="0.0">
    <skipped/>
  </testcase> <!-- @AfterMethod getResult -->
  <testcase classname="com.fliplearn.flipapp.helper.Base" name="@BeforeMethod befo" time="0.0">
    <skipped/>
  </testcase> <!-- @BeforeMethod befo -->
  <testcase classname="com.fliplearn.flipapp.testcases.QuizDashboard" name="@BeforeMethod befQuiz" time="0.0">
    <skipped/>
  </testcase> <!-- @BeforeMethod befQuiz -->
  <testcase classname="com.fliplearn.flipapp.helper.Base" name="@AfterMethod getResult" time="0.0">
    <skipped/>
  </testcase> <!-- @AfterMethod getResult -->
  <testcase classname="com.fliplearn.flipapp.helper.Base" name="@BeforeMethod befo" time="0.0">
    <skipped/>
  </testcase> <!-- @BeforeMethod befo -->
  <testcase classname="com.fliplearn.flipapp.testcases.QuizDashboard" name="@BeforeMethod befQuiz" time="0.0">
    <skipped/>
  </testcase> <!-- @BeforeMethod befQuiz -->
  <testcase classname="com.fliplearn.flipapp.helper.Base" name="@AfterMethod getResult" time="0.0">
    <skipped/>
  </testcase> <!-- @AfterMethod getResult -->
  <testcase classname="com.fliplearn.flipapp.helper.Base" name="@BeforeMethod befo" time="0.0">
    <skipped/>
  </testcase> <!-- @BeforeMethod befo -->
  <testcase classname="com.fliplearn.flipapp.testcases.QuizDashboard" name="@BeforeMethod befQuiz" time="0.0">
    <skipped/>
  </testcase> <!-- @BeforeMethod befQuiz -->
  <testcase classname="com.fliplearn.flipapp.helper.Base" name="@AfterMethod getResult" time="0.0">
    <skipped/>
  </testcase> <!-- @AfterMethod getResult -->
  <testcase classname="com.fliplearn.flipapp.helper.Base" name="@BeforeMethod befo" time="0.0">
    <skipped/>
  </testcase> <!-- @BeforeMethod befo -->
  <testcase classname="com.fliplearn.flipapp.testcases.QuizDashboard" name="@BeforeMethod befQuiz" time="0.0">
    <skipped/>
  </testcase> <!-- @BeforeMethod befQuiz -->
  <testcase classname="com.fliplearn.flipapp.helper.Base" name="@AfterMethod getResult" time="0.0">
    <skipped/>
  </testcase> <!-- @AfterMethod getResult -->
  <testcase classname="com.fliplearn.flipapp.helper.Base" name="@BeforeMethod befo" time="0.0">
    <skipped/>
  </testcase> <!-- @BeforeMethod befo -->
  <testcase classname="com.fliplearn.flipapp.testcases.QuizDashboard" name="@BeforeMethod befQuiz" time="0.0">
    <skipped/>
  </testcase> <!-- @BeforeMethod befQuiz -->
  <testcase classname="com.fliplearn.flipapp.helper.Base" name="@AfterMethod getResult" time="0.0">
    <skipped/>
  </testcase> <!-- @AfterMethod getResult -->
  <testcase classname="com.fliplearn.flipapp.testcases.QuizDashboard" name="verifyQuizDashboardClasses" time="8.803">
    <failure type="java.lang.NullPointerException">
      <![CDATA[java.lang.NullPointerException
at com.fliplearn.flipapp.pagemodules.LoginModule.Login(LoginModule.java:89)
at com.fliplearn.flipapp.testcases.QuizDashboard.verifyQuizDashboardClasses(QuizDashboard.java:106)
at java.base/jdk.internal.reflect.NativeMethodAccessorImpl.invoke0(Native Method)
at java.base/jdk.internal.reflect.NativeMethodAccessorImpl.invoke(NativeMethodAccessorImpl.java:62)
at java.base/jdk.internal.reflect.DelegatingMethodAccessorImpl.invoke(DelegatingMethodAccessorImpl.java:43)
at java.base/java.lang.reflect.Method.invoke(Method.java:564)
at org.testng.internal.MethodInvocationHelper.invokeMethod(MethodInvocationHelper.java:124)
at org.testng.internal.Invoker.invokeMethod(Invoker.java:583)
at org.testng.internal.Invoker.invokeTestMethod(Invoker.java:719)
at org.testng.internal.Invoker.invokeTestMethods(Invoker.java:989)
at org.testng.internal.TestMethodWorker.invokeTestMethods(TestMethodWorker.java:125)
at org.testng.internal.TestMethodWorker.run(TestMethodWorker.java:109)
at org.testng.TestRunner.privateRun(TestRunner.java:648)
at org.testng.TestRunner.run(TestRunner.java:505)
at org.testng.SuiteRunner.runTest(SuiteRunner.java:455)
at org.testng.SuiteRunner.runSequentially(SuiteRunner.java:450)
at org.testng.SuiteRunner.privateRun(SuiteRunner.java:415)
at org.testng.SuiteRunner.run(SuiteRunner.java:364)
at org.testng.SuiteRunnerWorker.runSuite(SuiteRunnerWorker.java:52)
at org.testng.SuiteRunnerWorker.run(SuiteRunnerWorker.java:84)
at org.testng.TestNG.runSuitesSequentially(TestNG.java:1208)
at org.testng.TestNG.runSuitesLocally(TestNG.java:1137)
at org.testng.TestNG.runSuites(TestNG.java:1049)
at org.testng.TestNG.run(TestNG.java:1017)
at org.testng.remote.AbstractRemoteTestNG.run(AbstractRemoteTestNG.java:114)
at org.testng.remote.RemoteTestNG.initAndRun(RemoteTestNG.java:251)
at org.testng.remote.RemoteTestNG.main(RemoteTestNG.java:77)
]]>
    </failure>
  </testcase> <!-- verifyQuizDashboardClasses -->
  <testcase classname="com.fliplearn.flipapp.testcases.QuizDashboard" name="verifyQuizDashboardClasses" time="0.0">
    <skipped/>
  </testcase> <!-- verifyQuizDashboardClasses -->
  <testcase classname="com.fliplearn.flipapp.testcases.QuizDashboard" name="verifyQuizDashboardClasses" time="0.0">
    <skipped/>
  </testcase> <!-- verifyQuizDashboardClasses -->
  <testcase classname="com.fliplearn.flipapp.testcases.QuizDashboard" name="verifyQuizDashboardTileDisplayed" time="0.0">
    <skipped/>
  </testcase> <!-- verifyQuizDashboardTileDisplayed -->
  <testcase classname="com.fliplearn.flipapp.testcases.QuizDashboard" name="verifyQuizDashboardTileDisplayed" time="0.0">
    <skipped/>
  </testcase> <!-- verifyQuizDashboardTileDisplayed -->
  <testcase classname="com.fliplearn.flipapp.testcases.QuizDashboard" name="verifyQuizDashboardTileDisplayed" time="0.0">
    <skipped/>
  </testcase> <!-- verifyQuizDashboardTileDisplayed -->
  <testcase classname="com.fliplearn.flipapp.testcases.QuizDashboard" name="verifyQuizDashboardTileDisplayed" time="0.0">
    <skipped/>
  </testcase> <!-- verifyQuizDashboardTileDisplayed -->
  <testcase classname="com.fliplearn.flipapp.testcases.QuizDashboard" name="verifyQuizDashboardTileDisplayed" time="0.0">
    <skipped/>
  </testcase> <!-- verifyQuizDashboardTileDisplayed -->
  <testcase classname="com.fliplearn.flipapp.testcases.QuizDashboard" name="verifyQuizDashboardTileDisplayed" time="0.0">
    <skipped/>
  </testcase> <!-- verifyQuizDashboardTileDisplayed -->
</testsuite> <!-- Default test -->
