<?xml version="1.0" encoding="UTF-8"?>
<!-- Generated by org.testng.reporters.JUnitXMLReporter -->
<testsuite ignored="7" hostname="DESKTOP-CVORON1" failures="0" tests="1" name="Default test" time="41.381" errors="0" timestamp="29 Sep 2018 10:49:19 GMT">
  <testcase classname="com.fliplearn.flipapp.testcases.Announcements" name="canNotcreateAnnoncementStudentWeb" time="31.901"/>
  <testcase classname="com.fliplearn.flipapp.testcases.Announcements" name="canViewAnnoncementParentWeb" time="0.0">
    <ignored/>
  </testcase> <!-- canViewAnnoncementParentWeb -->
  <testcase classname="com.fliplearn.flipapp.testcases.Announcements" name="createAnnoncementPrincipalWeb" time="0.0">
    <ignored/>
  </testcase> <!-- createAnnoncementPrincipalWeb -->
  <testcase classname="com.fliplearn.flipapp.testcases.Announcements" name="canViewAnnoncementStudentWeb" time="0.0">
    <ignored/>
  </testcase> <!-- canViewAnnoncementStudentWeb -->
  <testcase classname="com.fliplearn.flipapp.testcases.Announcements" name="canNotcreateAnnoncementParentWeb" time="0.0">
    <ignored/>
  </testcase> <!-- canNotcreateAnnoncementParentWeb -->
  <testcase classname="com.fliplearn.flipapp.testcases.Announcements" name="createAnnoncementTeacherWeb" time="0.0">
    <ignored/>
  </testcase> <!-- createAnnoncementTeacherWeb -->
  <testcase classname="com.fliplearn.flipapp.testcases.Announcements" name="createAnn_Android_admin" time="0.0">
    <ignored/>
  </testcase> <!-- createAnn_Android_admin -->
  <testcase classname="com.fliplearn.flipapp.testcases.Announcements" name="createAnnoncementAdminWeb" time="0.0">
    <ignored/>
  </testcase> <!-- createAnnoncementAdminWeb -->
</testsuite> <!-- Default test -->
