<?xml version="1.0" encoding="UTF-8"?>
<!-- Generated by org.testng.reporters.JUnitXMLReporter -->
<testsuite ignored="1" hostname="DESKTOP-CVORON1" failures="1" tests="1" name="Default test" time="25.657" errors="0" timestamp="25 Sep 2018 07:10:00 GMT">
  <testcase classname="com.fliplearn.flipapp.testcases.Announcements" name="createAnn_Android_admin" time="2.424">
    <failure type="org.openqa.selenium.WebDriverException" message="An unknown server-side error occurred while processing the command. Original error: Soft keyboard not present, cannot hide keyboard
Build info: version: &amp;apos;3.13.0&amp;apos;, revision: &amp;apos;2f0d292&amp;apos;, time: &amp;apos;2018-06-25T15:24:21.231Z&amp;apos;
System info: host: &amp;apos;DESKTOP-CVORON1&amp;apos;, ip: &amp;apos;10.8.0.122&amp;apos;, os.name: &amp;apos;Windows 10&amp;apos;, os.arch: &amp;apos;amd64&amp;apos;, os.version: &amp;apos;10.0&amp;apos;, java.version: &amp;apos;10.0.2&amp;apos;
Driver info: io.appium.java_client.android.AndroidDriver
Capabilities {app: C:\Users\Dell\git\FlipApp\F..., appActivity: com.elss.educomp.prelogin.u..., appPackage: com.elss.educomp, appWaitActivity: com.elss.educomp.prelogin.u..., appWaitPackage: com.elss.educomp, databaseEnabled: false, desired: {app: C:\Users\Dell\git\FlipApp\F..., deviceName: TEST, platformName: android}, deviceManufacturer: motorola, deviceModel: MotoE2, deviceName: T00940QO26, deviceScreenSize: 540x960, deviceUDID: T00940QO26, javascriptEnabled: true, locationContextEnabled: false, networkConnectionEnabled: true, platform: LINUX, platformName: Android, platformVersion: 5.1, takesScreenshot: true, warnings: {}, webStorageEnabled: false}
Session ID: 15f26143-bcab-4009-9f24-0b20817085ae">
      <![CDATA[org.openqa.selenium.WebDriverException: An unknown server-side error occurred while processing the command. Original error: Soft keyboard not present, cannot hide keyboard
Build info: version: '3.13.0', revision: '2f0d292', time: '2018-06-25T15:24:21.231Z'
System info: host: 'DESKTOP-CVORON1', ip: '10.8.0.122', os.name: 'Windows 10', os.arch: 'amd64', os.version: '10.0', java.version: '10.0.2'
Driver info: io.appium.java_client.android.AndroidDriver
Capabilities {app: C:\Users\Dell\git\FlipApp\F..., appActivity: com.elss.educomp.prelogin.u..., appPackage: com.elss.educomp, appWaitActivity: com.elss.educomp.prelogin.u..., appWaitPackage: com.elss.educomp, databaseEnabled: false, desired: {app: C:\Users\Dell\git\FlipApp\F..., deviceName: TEST, platformName: android}, deviceManufacturer: motorola, deviceModel: MotoE2, deviceName: T00940QO26, deviceScreenSize: 540x960, deviceUDID: T00940QO26, javascriptEnabled: true, locationContextEnabled: false, networkConnectionEnabled: true, platform: LINUX, platformName: Android, platformVersion: 5.1, takesScreenshot: true, warnings: {}, webStorageEnabled: false}
Session ID: 15f26143-bcab-4009-9f24-0b20817085ae
at java.base/jdk.internal.reflect.NativeConstructorAccessorImpl.newInstance0(Native Method)
at java.base/jdk.internal.reflect.NativeConstructorAccessorImpl.newInstance(NativeConstructorAccessorImpl.java:62)
at java.base/jdk.internal.reflect.DelegatingConstructorAccessorImpl.newInstance(DelegatingConstructorAccessorImpl.java:45)
at java.base/java.lang.reflect.Constructor.newInstance(Constructor.java:488)
at org.openqa.selenium.remote.http.W3CHttpResponseCodec.createException(W3CHttpResponseCodec.java:187)
at org.openqa.selenium.remote.http.W3CHttpResponseCodec.decode(W3CHttpResponseCodec.java:122)
at org.openqa.selenium.remote.http.W3CHttpResponseCodec.decode(W3CHttpResponseCodec.java:49)
at org.openqa.selenium.remote.HttpCommandExecutor.execute(HttpCommandExecutor.java:158)
at io.appium.java_client.remote.AppiumCommandExecutor.execute(AppiumCommandExecutor.java:231)
at org.openqa.selenium.remote.RemoteWebDriver.execute(RemoteWebDriver.java:548)
at io.appium.java_client.DefaultGenericMobileDriver.execute(DefaultGenericMobileDriver.java:46)
at io.appium.java_client.AppiumDriver.execute(AppiumDriver.java:1)
at io.appium.java_client.android.AndroidDriver.execute(AndroidDriver.java:1)
at io.appium.java_client.HidesKeyboard.hideKeyboard(HidesKeyboard.java:27)
at com.fliplearn.flipapp.pagemodules.LoginModule.Login(LoginModule.java:42)
at com.fliplearn.flipapp.testcases.Announcements.createAnn_Android_admin(Announcements.java:46)
at java.base/jdk.internal.reflect.NativeMethodAccessorImpl.invoke0(Native Method)
at java.base/jdk.internal.reflect.NativeMethodAccessorImpl.invoke(NativeMethodAccessorImpl.java:62)
at java.base/jdk.internal.reflect.DelegatingMethodAccessorImpl.invoke(DelegatingMethodAccessorImpl.java:43)
at java.base/java.lang.reflect.Method.invoke(Method.java:564)
at org.testng.internal.MethodInvocationHelper.invokeMethod(MethodInvocationHelper.java:124)
at org.testng.internal.Invoker.invokeMethod(Invoker.java:583)
at org.testng.internal.Invoker.invokeTestMethod(Invoker.java:719)
at org.testng.internal.Invoker.invokeTestMethods(Invoker.java:989)
at org.testng.internal.TestMethodWorker.invokeTestMethods(TestMethodWorker.java:125)
at org.testng.internal.TestMethodWorker.run(TestMethodWorker.java:109)
at org.testng.TestRunner.privateRun(TestRunner.java:648)
at org.testng.TestRunner.run(TestRunner.java:505)
at org.testng.SuiteRunner.runTest(SuiteRunner.java:455)
at org.testng.SuiteRunner.runSequentially(SuiteRunner.java:450)
at org.testng.SuiteRunner.privateRun(SuiteRunner.java:415)
at org.testng.SuiteRunner.run(SuiteRunner.java:364)
at org.testng.SuiteRunnerWorker.runSuite(SuiteRunnerWorker.java:52)
at org.testng.SuiteRunnerWorker.run(SuiteRunnerWorker.java:84)
at org.testng.TestNG.runSuitesSequentially(TestNG.java:1208)
at org.testng.TestNG.runSuitesLocally(TestNG.java:1137)
at org.testng.TestNG.runSuites(TestNG.java:1049)
at org.testng.TestNG.run(TestNG.java:1017)
at org.testng.remote.AbstractRemoteTestNG.run(AbstractRemoteTestNG.java:114)
at org.testng.remote.RemoteTestNG.initAndRun(RemoteTestNG.java:251)
at org.testng.remote.RemoteTestNG.main(RemoteTestNG.java:77)
]]>
    </failure>
  </testcase> <!-- createAnn_Android_admin -->
  <testcase classname="com.fliplearn.flipapp.testcases.Announcements" name="createAnn_Desktop_admin" time="0.0">
    <ignored/>
  </testcase> <!-- createAnn_Desktop_admin -->
</testsuite> <!-- Default test -->
