<?xml version="1.0" encoding="UTF-8"?>
<!-- Generated by org.testng.reporters.JUnitXMLReporter -->
<testsuite ignored="0" hostname="sureshs" failures="1" tests="36" name="Default test" time="23.066" errors="0" timestamp="26 Apr 2019 06:18:38 GMT">
  <testcase classname="com.fliplearn.flipapp.helper.Base" name="@AfterMethod getResult" time="2.309">
    <failure type="java.lang.NullPointerException">
      <![CDATA[java.lang.NullPointerException
at com.fliplearn.flipapp.helper.Base.getResult(Base.java:329)
at java.base/jdk.internal.reflect.NativeMethodAccessorImpl.invoke0(Native Method)
at java.base/jdk.internal.reflect.NativeMethodAccessorImpl.invoke(NativeMethodAccessorImpl.java:62)
at java.base/jdk.internal.reflect.DelegatingMethodAccessorImpl.invoke(DelegatingMethodAccessorImpl.java:43)
at java.base/java.lang.reflect.Method.invoke(Method.java:564)
at org.testng.internal.MethodInvocationHelper.invokeMethod(MethodInvocationHelper.java:124)
at org.testng.internal.MethodInvocationHelper.invokeMethodConsideringTimeout(MethodInvocationHelper.java:59)
at org.testng.internal.Invoker.invokeConfigurationMethod(Invoker.java:458)
at org.testng.internal.Invoker.invokeConfigurations(Invoker.java:222)
at org.testng.internal.Invoker.invokeMethod(Invoker.java:646)
at org.testng.internal.Invoker.invokeTestMethod(Invoker.java:719)
at org.testng.internal.Invoker.invokeTestMethods(Invoker.java:989)
at org.testng.internal.TestMethodWorker.invokeTestMethods(TestMethodWorker.java:125)
at org.testng.internal.TestMethodWorker.run(TestMethodWorker.java:109)
at org.testng.TestRunner.privateRun(TestRunner.java:648)
at org.testng.TestRunner.run(TestRunner.java:505)
at org.testng.SuiteRunner.runTest(SuiteRunner.java:455)
at org.testng.SuiteRunner.runSequentially(SuiteRunner.java:450)
at org.testng.SuiteRunner.privateRun(SuiteRunner.java:415)
at org.testng.SuiteRunner.run(SuiteRunner.java:364)
at org.testng.SuiteRunnerWorker.runSuite(SuiteRunnerWorker.java:52)
at org.testng.SuiteRunnerWorker.run(SuiteRunnerWorker.java:84)
at org.testng.TestNG.runSuitesSequentially(TestNG.java:1208)
at org.testng.TestNG.runSuitesLocally(TestNG.java:1137)
at org.testng.TestNG.runSuites(TestNG.java:1049)
at org.testng.TestNG.run(TestNG.java:1017)
at org.testng.remote.AbstractRemoteTestNG.run(AbstractRemoteTestNG.java:114)
at org.testng.remote.RemoteTestNG.initAndRun(RemoteTestNG.java:251)
at org.testng.remote.RemoteTestNG.main(RemoteTestNG.java:77)
]]>
    </failure>
  </testcase> <!-- @AfterMethod getResult -->
  <testcase classname="com.fliplearn.flipapp.helper.Base" name="@BeforeMethod befo" time="0.0">
    <skipped/>
  </testcase> <!-- @BeforeMethod befo -->
  <testcase classname="com.fliplearn.flipapp.testcases.Event" name="@BeforeMethod beforeEvent" time="0.0">
    <skipped/>
  </testcase> <!-- @BeforeMethod beforeEvent -->
  <testcase classname="com.fliplearn.flipapp.helper.Base" name="@AfterMethod getResult" time="0.0">
    <skipped/>
  </testcase> <!-- @AfterMethod getResult -->
  <testcase classname="com.fliplearn.flipapp.helper.Base" name="@BeforeMethod befo" time="0.0">
    <skipped/>
  </testcase> <!-- @BeforeMethod befo -->
  <testcase classname="com.fliplearn.flipapp.testcases.Event" name="@BeforeMethod beforeEvent" time="0.0">
    <skipped/>
  </testcase> <!-- @BeforeMethod beforeEvent -->
  <testcase classname="com.fliplearn.flipapp.helper.Base" name="@AfterMethod getResult" time="0.0">
    <skipped/>
  </testcase> <!-- @AfterMethod getResult -->
  <testcase classname="com.fliplearn.flipapp.helper.Base" name="@BeforeMethod befo" time="0.0">
    <skipped/>
  </testcase> <!-- @BeforeMethod befo -->
  <testcase classname="com.fliplearn.flipapp.testcases.Event" name="@BeforeMethod beforeEvent" time="0.0">
    <skipped/>
  </testcase> <!-- @BeforeMethod beforeEvent -->
  <testcase classname="com.fliplearn.flipapp.helper.Base" name="@AfterMethod getResult" time="0.0">
    <skipped/>
  </testcase> <!-- @AfterMethod getResult -->
  <testcase classname="com.fliplearn.flipapp.helper.Base" name="@BeforeMethod befo" time="0.0">
    <skipped/>
  </testcase> <!-- @BeforeMethod befo -->
  <testcase classname="com.fliplearn.flipapp.testcases.Event" name="@BeforeMethod beforeEvent" time="0.0">
    <skipped/>
  </testcase> <!-- @BeforeMethod beforeEvent -->
  <testcase classname="com.fliplearn.flipapp.helper.Base" name="@AfterMethod getResult" time="0.0">
    <skipped/>
  </testcase> <!-- @AfterMethod getResult -->
  <testcase classname="com.fliplearn.flipapp.helper.Base" name="@BeforeMethod befo" time="0.0">
    <skipped/>
  </testcase> <!-- @BeforeMethod befo -->
  <testcase classname="com.fliplearn.flipapp.testcases.Event" name="@BeforeMethod beforeEvent" time="0.0">
    <skipped/>
  </testcase> <!-- @BeforeMethod beforeEvent -->
  <testcase classname="com.fliplearn.flipapp.helper.Base" name="@AfterMethod getResult" time="0.0">
    <skipped/>
  </testcase> <!-- @AfterMethod getResult -->
  <testcase classname="com.fliplearn.flipapp.helper.Base" name="@BeforeMethod befo" time="0.0">
    <skipped/>
  </testcase> <!-- @BeforeMethod befo -->
  <testcase classname="com.fliplearn.flipapp.testcases.Event" name="@BeforeMethod beforeEvent" time="0.0">
    <skipped/>
  </testcase> <!-- @BeforeMethod beforeEvent -->
  <testcase classname="com.fliplearn.flipapp.helper.Base" name="@AfterMethod getResult" time="0.0">
    <skipped/>
  </testcase> <!-- @AfterMethod getResult -->
  <testcase classname="com.fliplearn.flipapp.helper.Base" name="@BeforeMethod befo" time="0.0">
    <skipped/>
  </testcase> <!-- @BeforeMethod befo -->
  <testcase classname="com.fliplearn.flipapp.testcases.Event" name="@BeforeMethod beforeEvent" time="0.0">
    <skipped/>
  </testcase> <!-- @BeforeMethod beforeEvent -->
  <testcase classname="com.fliplearn.flipapp.helper.Base" name="@AfterMethod getResult" time="0.0">
    <skipped/>
  </testcase> <!-- @AfterMethod getResult -->
  <testcase classname="com.fliplearn.flipapp.helper.Base" name="@BeforeMethod befo" time="0.0">
    <skipped/>
  </testcase> <!-- @BeforeMethod befo -->
  <testcase classname="com.fliplearn.flipapp.testcases.Event" name="@BeforeMethod beforeEvent" time="0.0">
    <skipped/>
  </testcase> <!-- @BeforeMethod beforeEvent -->
  <testcase classname="com.fliplearn.flipapp.helper.Base" name="@AfterMethod getResult" time="0.0">
    <skipped/>
  </testcase> <!-- @AfterMethod getResult -->
  <testcase classname="com.fliplearn.flipapp.helper.Base" name="@BeforeMethod befo" time="0.0">
    <skipped/>
  </testcase> <!-- @BeforeMethod befo -->
  <testcase classname="com.fliplearn.flipapp.testcases.Event" name="@BeforeMethod beforeEvent" time="0.0">
    <skipped/>
  </testcase> <!-- @BeforeMethod beforeEvent -->
  <testcase classname="com.fliplearn.flipapp.helper.Base" name="@AfterMethod getResult" time="0.0">
    <skipped/>
  </testcase> <!-- @AfterMethod getResult -->
  <testcase classname="com.fliplearn.flipapp.helper.Base" name="@BeforeMethod befo" time="0.0">
    <skipped/>
  </testcase> <!-- @BeforeMethod befo -->
  <testcase classname="com.fliplearn.flipapp.testcases.Event" name="@BeforeMethod beforeEvent" time="0.0">
    <skipped/>
  </testcase> <!-- @BeforeMethod beforeEvent -->
  <testcase classname="com.fliplearn.flipapp.helper.Base" name="@AfterMethod getResult" time="0.0">
    <skipped/>
  </testcase> <!-- @AfterMethod getResult -->
  <testcase classname="com.fliplearn.flipapp.helper.Base" name="@BeforeMethod befo" time="0.0">
    <skipped/>
  </testcase> <!-- @BeforeMethod befo -->
  <testcase classname="com.fliplearn.flipapp.testcases.Event" name="@BeforeMethod beforeEvent" time="0.0">
    <skipped/>
  </testcase> <!-- @BeforeMethod beforeEvent -->
  <testcase classname="com.fliplearn.flipapp.helper.Base" name="@AfterMethod getResult" time="0.0">
    <skipped/>
  </testcase> <!-- @AfterMethod getResult -->
  <testcase classname="com.fliplearn.flipapp.helper.Base" name="@BeforeMethod befo" time="0.0">
    <skipped/>
  </testcase> <!-- @BeforeMethod befo -->
  <testcase classname="com.fliplearn.flipapp.testcases.Event" name="@BeforeMethod beforeEvent" time="0.0">
    <skipped/>
  </testcase> <!-- @BeforeMethod beforeEvent -->
  <testcase classname="com.fliplearn.flipapp.helper.Base" name="@AfterMethod getResult" time="0.0">
    <skipped/>
  </testcase> <!-- @AfterMethod getResult -->
  <testcase classname="com.fliplearn.flipapp.helper.Base" name="@BeforeMethod befo" time="0.0">
    <skipped/>
  </testcase> <!-- @BeforeMethod befo -->
  <testcase classname="com.fliplearn.flipapp.testcases.Event" name="@BeforeMethod beforeEvent" time="0.0">
    <skipped/>
  </testcase> <!-- @BeforeMethod beforeEvent -->
  <testcase classname="com.fliplearn.flipapp.helper.Base" name="@AfterMethod getResult" time="0.0">
    <skipped/>
  </testcase> <!-- @AfterMethod getResult -->
  <testcase classname="com.fliplearn.flipapp.helper.Base" name="@BeforeMethod befo" time="0.0">
    <skipped/>
  </testcase> <!-- @BeforeMethod befo -->
  <testcase classname="com.fliplearn.flipapp.testcases.Event" name="@BeforeMethod beforeEvent" time="0.0">
    <skipped/>
  </testcase> <!-- @BeforeMethod beforeEvent -->
  <testcase classname="com.fliplearn.flipapp.helper.Base" name="@AfterMethod getResult" time="0.0">
    <skipped/>
  </testcase> <!-- @AfterMethod getResult -->
  <testcase classname="com.fliplearn.flipapp.helper.Base" name="@BeforeMethod befo" time="0.0">
    <skipped/>
  </testcase> <!-- @BeforeMethod befo -->
  <testcase classname="com.fliplearn.flipapp.testcases.Event" name="@BeforeMethod beforeEvent" time="0.0">
    <skipped/>
  </testcase> <!-- @BeforeMethod beforeEvent -->
  <testcase classname="com.fliplearn.flipapp.helper.Base" name="@AfterMethod getResult" time="0.0">
    <skipped/>
  </testcase> <!-- @AfterMethod getResult -->
  <testcase classname="com.fliplearn.flipapp.helper.Base" name="@BeforeMethod befo" time="0.0">
    <skipped/>
  </testcase> <!-- @BeforeMethod befo -->
  <testcase classname="com.fliplearn.flipapp.testcases.Event" name="@BeforeMethod beforeEvent" time="0.0">
    <skipped/>
  </testcase> <!-- @BeforeMethod beforeEvent -->
  <testcase classname="com.fliplearn.flipapp.helper.Base" name="@AfterMethod getResult" time="0.0">
    <skipped/>
  </testcase> <!-- @AfterMethod getResult -->
  <testcase classname="com.fliplearn.flipapp.helper.Base" name="@BeforeMethod befo" time="0.0">
    <skipped/>
  </testcase> <!-- @BeforeMethod befo -->
  <testcase classname="com.fliplearn.flipapp.testcases.Event" name="@BeforeMethod beforeEvent" time="0.0">
    <skipped/>
  </testcase> <!-- @BeforeMethod beforeEvent -->
  <testcase classname="com.fliplearn.flipapp.helper.Base" name="@AfterMethod getResult" time="0.0">
    <skipped/>
  </testcase> <!-- @AfterMethod getResult -->
  <testcase classname="com.fliplearn.flipapp.helper.Base" name="@BeforeMethod befo" time="0.0">
    <skipped/>
  </testcase> <!-- @BeforeMethod befo -->
  <testcase classname="com.fliplearn.flipapp.testcases.Event" name="@BeforeMethod beforeEvent" time="0.0">
    <skipped/>
  </testcase> <!-- @BeforeMethod beforeEvent -->
  <testcase classname="com.fliplearn.flipapp.helper.Base" name="@AfterMethod getResult" time="0.0">
    <skipped/>
  </testcase> <!-- @AfterMethod getResult -->
  <testcase classname="com.fliplearn.flipapp.helper.Base" name="@BeforeMethod befo" time="0.0">
    <skipped/>
  </testcase> <!-- @BeforeMethod befo -->
  <testcase classname="com.fliplearn.flipapp.testcases.Event" name="@BeforeMethod beforeEvent" time="0.0">
    <skipped/>
  </testcase> <!-- @BeforeMethod beforeEvent -->
  <testcase classname="com.fliplearn.flipapp.helper.Base" name="@AfterMethod getResult" time="0.0">
    <skipped/>
  </testcase> <!-- @AfterMethod getResult -->
  <testcase classname="com.fliplearn.flipapp.helper.Base" name="@BeforeMethod befo" time="0.0">
    <skipped/>
  </testcase> <!-- @BeforeMethod befo -->
  <testcase classname="com.fliplearn.flipapp.testcases.Event" name="@BeforeMethod beforeEvent" time="0.0">
    <skipped/>
  </testcase> <!-- @BeforeMethod beforeEvent -->
  <testcase classname="com.fliplearn.flipapp.helper.Base" name="@AfterMethod getResult" time="0.0">
    <skipped/>
  </testcase> <!-- @AfterMethod getResult -->
  <testcase classname="com.fliplearn.flipapp.helper.Base" name="@BeforeMethod befo" time="0.0">
    <skipped/>
  </testcase> <!-- @BeforeMethod befo -->
  <testcase classname="com.fliplearn.flipapp.testcases.Event" name="@BeforeMethod beforeEvent" time="0.0">
    <skipped/>
  </testcase> <!-- @BeforeMethod beforeEvent -->
  <testcase classname="com.fliplearn.flipapp.helper.Base" name="@AfterMethod getResult" time="0.0">
    <skipped/>
  </testcase> <!-- @AfterMethod getResult -->
  <testcase classname="com.fliplearn.flipapp.helper.Base" name="@BeforeMethod befo" time="0.0">
    <skipped/>
  </testcase> <!-- @BeforeMethod befo -->
  <testcase classname="com.fliplearn.flipapp.testcases.Event" name="@BeforeMethod beforeEvent" time="0.0">
    <skipped/>
  </testcase> <!-- @BeforeMethod beforeEvent -->
  <testcase classname="com.fliplearn.flipapp.helper.Base" name="@AfterMethod getResult" time="0.0">
    <skipped/>
  </testcase> <!-- @AfterMethod getResult -->
  <testcase classname="com.fliplearn.flipapp.helper.Base" name="@BeforeMethod befo" time="0.0">
    <skipped/>
  </testcase> <!-- @BeforeMethod befo -->
  <testcase classname="com.fliplearn.flipapp.testcases.Event" name="@BeforeMethod beforeEvent" time="0.0">
    <skipped/>
  </testcase> <!-- @BeforeMethod beforeEvent -->
  <testcase classname="com.fliplearn.flipapp.helper.Base" name="@AfterMethod getResult" time="0.0">
    <skipped/>
  </testcase> <!-- @AfterMethod getResult -->
  <testcase classname="com.fliplearn.flipapp.helper.Base" name="@BeforeMethod befo" time="0.0">
    <skipped/>
  </testcase> <!-- @BeforeMethod befo -->
  <testcase classname="com.fliplearn.flipapp.testcases.Event" name="@BeforeMethod beforeEvent" time="0.0">
    <skipped/>
  </testcase> <!-- @BeforeMethod beforeEvent -->
  <testcase classname="com.fliplearn.flipapp.helper.Base" name="@AfterMethod getResult" time="0.0">
    <skipped/>
  </testcase> <!-- @AfterMethod getResult -->
  <testcase classname="com.fliplearn.flipapp.helper.Base" name="@BeforeMethod befo" time="0.0">
    <skipped/>
  </testcase> <!-- @BeforeMethod befo -->
  <testcase classname="com.fliplearn.flipapp.testcases.Event" name="@BeforeMethod beforeEvent" time="0.0">
    <skipped/>
  </testcase> <!-- @BeforeMethod beforeEvent -->
  <testcase classname="com.fliplearn.flipapp.helper.Base" name="@AfterMethod getResult" time="0.0">
    <skipped/>
  </testcase> <!-- @AfterMethod getResult -->
  <testcase classname="com.fliplearn.flipapp.helper.Base" name="@BeforeMethod befo" time="0.0">
    <skipped/>
  </testcase> <!-- @BeforeMethod befo -->
  <testcase classname="com.fliplearn.flipapp.testcases.Event" name="@BeforeMethod beforeEvent" time="0.0">
    <skipped/>
  </testcase> <!-- @BeforeMethod beforeEvent -->
  <testcase classname="com.fliplearn.flipapp.helper.Base" name="@AfterMethod getResult" time="0.0">
    <skipped/>
  </testcase> <!-- @AfterMethod getResult -->
  <testcase classname="com.fliplearn.flipapp.helper.Base" name="@BeforeMethod befo" time="0.0">
    <skipped/>
  </testcase> <!-- @BeforeMethod befo -->
  <testcase classname="com.fliplearn.flipapp.testcases.Event" name="@BeforeMethod beforeEvent" time="0.0">
    <skipped/>
  </testcase> <!-- @BeforeMethod beforeEvent -->
  <testcase classname="com.fliplearn.flipapp.helper.Base" name="@AfterMethod getResult" time="0.0">
    <skipped/>
  </testcase> <!-- @AfterMethod getResult -->
  <testcase classname="com.fliplearn.flipapp.helper.Base" name="@BeforeMethod befo" time="0.0">
    <skipped/>
  </testcase> <!-- @BeforeMethod befo -->
  <testcase classname="com.fliplearn.flipapp.testcases.Event" name="@BeforeMethod beforeEvent" time="0.0">
    <skipped/>
  </testcase> <!-- @BeforeMethod beforeEvent -->
  <testcase classname="com.fliplearn.flipapp.helper.Base" name="@AfterMethod getResult" time="0.0">
    <skipped/>
  </testcase> <!-- @AfterMethod getResult -->
  <testcase classname="com.fliplearn.flipapp.helper.Base" name="@BeforeMethod befo" time="0.0">
    <skipped/>
  </testcase> <!-- @BeforeMethod befo -->
  <testcase classname="com.fliplearn.flipapp.testcases.Event" name="@BeforeMethod beforeEvent" time="0.0">
    <skipped/>
  </testcase> <!-- @BeforeMethod beforeEvent -->
  <testcase classname="com.fliplearn.flipapp.helper.Base" name="@AfterMethod getResult" time="0.0">
    <skipped/>
  </testcase> <!-- @AfterMethod getResult -->
  <testcase classname="com.fliplearn.flipapp.helper.Base" name="@BeforeMethod befo" time="0.0">
    <skipped/>
  </testcase> <!-- @BeforeMethod befo -->
  <testcase classname="com.fliplearn.flipapp.testcases.Event" name="@BeforeMethod beforeEvent" time="0.0">
    <skipped/>
  </testcase> <!-- @BeforeMethod beforeEvent -->
  <testcase classname="com.fliplearn.flipapp.helper.Base" name="@AfterMethod getResult" time="0.0">
    <skipped/>
  </testcase> <!-- @AfterMethod getResult -->
  <testcase classname="com.fliplearn.flipapp.helper.Base" name="@BeforeMethod befo" time="0.0">
    <skipped/>
  </testcase> <!-- @BeforeMethod befo -->
  <testcase classname="com.fliplearn.flipapp.testcases.Event" name="@BeforeMethod beforeEvent" time="0.0">
    <skipped/>
  </testcase> <!-- @BeforeMethod beforeEvent -->
  <testcase classname="com.fliplearn.flipapp.helper.Base" name="@AfterMethod getResult" time="0.0">
    <skipped/>
  </testcase> <!-- @AfterMethod getResult -->
  <testcase classname="com.fliplearn.flipapp.helper.Base" name="@BeforeMethod befo" time="0.0">
    <skipped/>
  </testcase> <!-- @BeforeMethod befo -->
  <testcase classname="com.fliplearn.flipapp.testcases.Event" name="@BeforeMethod beforeEvent" time="0.0">
    <skipped/>
  </testcase> <!-- @BeforeMethod beforeEvent -->
  <testcase classname="com.fliplearn.flipapp.helper.Base" name="@AfterMethod getResult" time="0.0">
    <skipped/>
  </testcase> <!-- @AfterMethod getResult -->
  <testcase classname="com.fliplearn.flipapp.helper.Base" name="@BeforeMethod befo" time="0.0">
    <skipped/>
  </testcase> <!-- @BeforeMethod befo -->
  <testcase classname="com.fliplearn.flipapp.testcases.Event" name="@BeforeMethod beforeEvent" time="0.0">
    <skipped/>
  </testcase> <!-- @BeforeMethod beforeEvent -->
  <testcase classname="com.fliplearn.flipapp.helper.Base" name="@AfterMethod getResult" time="0.0">
    <skipped/>
  </testcase> <!-- @AfterMethod getResult -->
  <testcase classname="com.fliplearn.flipapp.helper.Base" name="@BeforeMethod befo" time="0.0">
    <skipped/>
  </testcase> <!-- @BeforeMethod befo -->
  <testcase classname="com.fliplearn.flipapp.testcases.Event" name="@BeforeMethod beforeEvent" time="0.0">
    <skipped/>
  </testcase> <!-- @BeforeMethod beforeEvent -->
  <testcase classname="com.fliplearn.flipapp.helper.Base" name="@AfterMethod getResult" time="0.0">
    <skipped/>
  </testcase> <!-- @AfterMethod getResult -->
  <testcase classname="com.fliplearn.flipapp.helper.Base" name="@BeforeMethod befo" time="0.0">
    <skipped/>
  </testcase> <!-- @BeforeMethod befo -->
  <testcase classname="com.fliplearn.flipapp.testcases.Event" name="@BeforeMethod beforeEvent" time="0.0">
    <skipped/>
  </testcase> <!-- @BeforeMethod beforeEvent -->
  <testcase classname="com.fliplearn.flipapp.helper.Base" name="@AfterMethod getResult" time="0.0">
    <skipped/>
  </testcase> <!-- @AfterMethod getResult -->
  <testcase classname="com.fliplearn.flipapp.testcases.Event" name="canNotCreateAlbum" time="1.164">
    <failure type="java.lang.NullPointerException">
      <![CDATA[java.lang.NullPointerException
at com.fliplearn.flipapp.pagemodules.LoginModule.Login(LoginModule.java:72)
at com.fliplearn.flipapp.testcases.Event.canNotCreateAlbum(Event.java:115)
at java.base/jdk.internal.reflect.NativeMethodAccessorImpl.invoke0(Native Method)
at java.base/jdk.internal.reflect.NativeMethodAccessorImpl.invoke(NativeMethodAccessorImpl.java:62)
at java.base/jdk.internal.reflect.DelegatingMethodAccessorImpl.invoke(DelegatingMethodAccessorImpl.java:43)
at java.base/java.lang.reflect.Method.invoke(Method.java:564)
at org.testng.internal.MethodInvocationHelper.invokeMethod(MethodInvocationHelper.java:124)
at org.testng.internal.Invoker.invokeMethod(Invoker.java:583)
at org.testng.internal.Invoker.invokeTestMethod(Invoker.java:719)
at org.testng.internal.Invoker.invokeTestMethods(Invoker.java:989)
at org.testng.internal.TestMethodWorker.invokeTestMethods(TestMethodWorker.java:125)
at org.testng.internal.TestMethodWorker.run(TestMethodWorker.java:109)
at org.testng.TestRunner.privateRun(TestRunner.java:648)
at org.testng.TestRunner.run(TestRunner.java:505)
at org.testng.SuiteRunner.runTest(SuiteRunner.java:455)
at org.testng.SuiteRunner.runSequentially(SuiteRunner.java:450)
at org.testng.SuiteRunner.privateRun(SuiteRunner.java:415)
at org.testng.SuiteRunner.run(SuiteRunner.java:364)
at org.testng.SuiteRunnerWorker.runSuite(SuiteRunnerWorker.java:52)
at org.testng.SuiteRunnerWorker.run(SuiteRunnerWorker.java:84)
at org.testng.TestNG.runSuitesSequentially(TestNG.java:1208)
at org.testng.TestNG.runSuitesLocally(TestNG.java:1137)
at org.testng.TestNG.runSuites(TestNG.java:1049)
at org.testng.TestNG.run(TestNG.java:1017)
at org.testng.remote.AbstractRemoteTestNG.run(AbstractRemoteTestNG.java:114)
at org.testng.remote.RemoteTestNG.initAndRun(RemoteTestNG.java:251)
at org.testng.remote.RemoteTestNG.main(RemoteTestNG.java:77)
]]>
    </failure>
  </testcase> <!-- canNotCreateAlbum -->
  <testcase classname="com.fliplearn.flipapp.testcases.Event" name="canNotCreateAlbum" time="0.0">
    <skipped/>
  </testcase> <!-- canNotCreateAlbum -->
  <testcase classname="com.fliplearn.flipapp.testcases.Event" name="canNotCreateAlbum" time="0.0">
    <skipped/>
  </testcase> <!-- canNotCreateAlbum -->
  <testcase classname="com.fliplearn.flipapp.testcases.Event" name="canNotCreateAnnouncement" time="0.0">
    <skipped/>
  </testcase> <!-- canNotCreateAnnouncement -->
  <testcase classname="com.fliplearn.flipapp.testcases.Event" name="canNotCreateAnnouncement" time="0.0">
    <skipped/>
  </testcase> <!-- canNotCreateAnnouncement -->
  <testcase classname="com.fliplearn.flipapp.testcases.Event" name="canNotCreateAnnouncement" time="0.0">
    <skipped/>
  </testcase> <!-- canNotCreateAnnouncement -->
  <testcase classname="com.fliplearn.flipapp.testcases.Event" name="canNotCreateHomework" time="0.0">
    <skipped/>
  </testcase> <!-- canNotCreateHomework -->
  <testcase classname="com.fliplearn.flipapp.testcases.Event" name="canNotCreateHomework" time="0.0">
    <skipped/>
  </testcase> <!-- canNotCreateHomework -->
  <testcase classname="com.fliplearn.flipapp.testcases.Event" name="canNotCreateHomework" time="0.0">
    <skipped/>
  </testcase> <!-- canNotCreateHomework -->
  <testcase classname="com.fliplearn.flipapp.testcases.Event" name="createAlbum" time="0.0">
    <skipped/>
  </testcase> <!-- createAlbum -->
  <testcase classname="com.fliplearn.flipapp.testcases.Event" name="createAlbum" time="0.0">
    <skipped/>
  </testcase> <!-- createAlbum -->
  <testcase classname="com.fliplearn.flipapp.testcases.Event" name="createAlbum" time="0.0">
    <skipped/>
  </testcase> <!-- createAlbum -->
  <testcase classname="com.fliplearn.flipapp.testcases.Event" name="createAnnouncement" time="0.0">
    <skipped/>
  </testcase> <!-- createAnnouncement -->
  <testcase classname="com.fliplearn.flipapp.testcases.Event" name="createAnnouncement" time="0.0">
    <skipped/>
  </testcase> <!-- createAnnouncement -->
  <testcase classname="com.fliplearn.flipapp.testcases.Event" name="createAnnouncement" time="0.0">
    <skipped/>
  </testcase> <!-- createAnnouncement -->
  <testcase classname="com.fliplearn.flipapp.testcases.Event" name="createHomework" time="0.0">
    <skipped/>
  </testcase> <!-- createHomework -->
  <testcase classname="com.fliplearn.flipapp.testcases.Event" name="createHomework" time="0.0">
    <skipped/>
  </testcase> <!-- createHomework -->
  <testcase classname="com.fliplearn.flipapp.testcases.Event" name="createHomework" time="0.0">
    <skipped/>
  </testcase> <!-- createHomework -->
  <testcase classname="com.fliplearn.flipapp.testcases.Event" name="parentCanViewAlbum" time="0.0">
    <skipped/>
  </testcase> <!-- parentCanViewAlbum -->
  <testcase classname="com.fliplearn.flipapp.testcases.Event" name="parentCanViewAlbum" time="0.0">
    <skipped/>
  </testcase> <!-- parentCanViewAlbum -->
  <testcase classname="com.fliplearn.flipapp.testcases.Event" name="parentCanViewAlbum" time="0.0">
    <skipped/>
  </testcase> <!-- parentCanViewAlbum -->
  <testcase classname="com.fliplearn.flipapp.testcases.Event" name="parentCanViewAnnouncement" time="0.0">
    <skipped/>
  </testcase> <!-- parentCanViewAnnouncement -->
  <testcase classname="com.fliplearn.flipapp.testcases.Event" name="parentCanViewAnnouncement" time="0.0">
    <skipped/>
  </testcase> <!-- parentCanViewAnnouncement -->
  <testcase classname="com.fliplearn.flipapp.testcases.Event" name="parentCanViewAnnouncement" time="0.0">
    <skipped/>
  </testcase> <!-- parentCanViewAnnouncement -->
  <testcase classname="com.fliplearn.flipapp.testcases.Event" name="parentCanViewHomework" time="0.0">
    <skipped/>
  </testcase> <!-- parentCanViewHomework -->
  <testcase classname="com.fliplearn.flipapp.testcases.Event" name="parentCanViewHomework" time="0.0">
    <skipped/>
  </testcase> <!-- parentCanViewHomework -->
  <testcase classname="com.fliplearn.flipapp.testcases.Event" name="parentCanViewHomework" time="0.0">
    <skipped/>
  </testcase> <!-- parentCanViewHomework -->
  <testcase classname="com.fliplearn.flipapp.testcases.Event" name="studentCanViewAlbum" time="0.0">
    <skipped/>
  </testcase> <!-- studentCanViewAlbum -->
  <testcase classname="com.fliplearn.flipapp.testcases.Event" name="studentCanViewAlbum" time="0.0">
    <skipped/>
  </testcase> <!-- studentCanViewAlbum -->
  <testcase classname="com.fliplearn.flipapp.testcases.Event" name="studentCanViewAlbum" time="0.0">
    <skipped/>
  </testcase> <!-- studentCanViewAlbum -->
  <testcase classname="com.fliplearn.flipapp.testcases.Event" name="studentCanViewAnnouncement" time="0.0">
    <skipped/>
  </testcase> <!-- studentCanViewAnnouncement -->
  <testcase classname="com.fliplearn.flipapp.testcases.Event" name="studentCanViewAnnouncement" time="0.0">
    <skipped/>
  </testcase> <!-- studentCanViewAnnouncement -->
  <testcase classname="com.fliplearn.flipapp.testcases.Event" name="studentCanViewAnnouncement" time="0.0">
    <skipped/>
  </testcase> <!-- studentCanViewAnnouncement -->
  <testcase classname="com.fliplearn.flipapp.testcases.Event" name="studentCanViewHomework" time="0.0">
    <skipped/>
  </testcase> <!-- studentCanViewHomework -->
  <testcase classname="com.fliplearn.flipapp.testcases.Event" name="studentCanViewHomework" time="0.0">
    <skipped/>
  </testcase> <!-- studentCanViewHomework -->
  <testcase classname="com.fliplearn.flipapp.testcases.Event" name="studentCanViewHomework" time="0.0">
    <skipped/>
  </testcase> <!-- studentCanViewHomework -->
</testsuite> <!-- Default test -->
