<?xml version="1.0" encoding="UTF-8"?>
<!-- Generated by org.testng.reporters.JUnitXMLReporter -->
<testsuite ignored="10" hostname="DESKTOP-CVORON1" failures="0" tests="2" name="Announcement" time="119.577" errors="0" timestamp="23 Oct 2018 07:51:36 GMT">
  <testcase classname="com.fliplearn.flipapp.testcases.Fee" name="payLoginWithStudentSelectedByAmex" time="30.001"/>
  <testcase classname="com.fliplearn.flipapp.testcases.Fee" name="payLoginWithStudentSelectedByAmex" time="23.103"/>
  <testcase classname="com.fliplearn.flipapp.testcases.Fee" name="payFeeLoginWithStudentParentSelectedByVisa" time="0.0">
    <ignored/>
  </testcase> <!-- payFeeLoginWithStudentParentSelectedByVisa -->
  <testcase classname="com.fliplearn.flipapp.testcases.Fee" name="payFeeLoginStudentParentSelectedByDebitCard" time="0.0">
    <ignored/>
  </testcase> <!-- payFeeLoginStudentParentSelectedByDebitCard -->
  <testcase classname="com.fliplearn.flipapp.testcases.Fee" name="payFeeWithoutLoginSelectedByUpi" time="0.0">
    <ignored/>
  </testcase> <!-- payFeeWithoutLoginSelectedByUpi -->
  <testcase classname="com.fliplearn.flipapp.testcases.Fee" name="payFeeLoginWithSelectedByVisa" time="0.0">
    <ignored/>
  </testcase> <!-- payFeeLoginWithSelectedByVisa -->
  <testcase classname="com.fliplearn.flipapp.testcases.Fee" name="payFeeLoginStudentParentSelectedByUpi" time="0.0">
    <ignored/>
  </testcase> <!-- payFeeLoginStudentParentSelectedByUpi -->
  <testcase classname="com.fliplearn.flipapp.testcases.Fee" name="payFeeWithoutLoginSelectedByNetBnking" time="0.0">
    <ignored/>
  </testcase> <!-- payFeeWithoutLoginSelectedByNetBnking -->
  <testcase classname="com.fliplearn.flipapp.testcases.Fee" name="payFeeLoginStudentParentSelectedByNetBnking" time="0.0">
    <ignored/>
  </testcase> <!-- payFeeLoginStudentParentSelectedByNetBnking -->
  <testcase classname="com.fliplearn.flipapp.testcases.Fee" name="payFeeWithoutLoginSelectedByDebitCard" time="0.0">
    <ignored/>
  </testcase> <!-- payFeeWithoutLoginSelectedByDebitCard -->
  <testcase classname="com.fliplearn.flipapp.testcases.Fee" name="payFeeWithoutLoginSelectedByVisa" time="0.0">
    <ignored/>
  </testcase> <!-- payFeeWithoutLoginSelectedByVisa -->
  <testcase classname="com.fliplearn.flipapp.testcases.Fee" name="payFeeWithoutLoginSelectedByAmex" time="0.0">
    <ignored/>
  </testcase> <!-- payFeeWithoutLoginSelectedByAmex -->
</testsuite> <!-- Announcement -->
