<?xml version="1.0" encoding="UTF-8"?>
<!-- Generated by org.testng.reporters.JUnitXMLReporter -->
<testsuite ignored="0" hostname="DESKTOP-NR7JDHG" failures="0" tests="8" name="Fliplearn Prime View" time="165.787" errors="0" timestamp="08 Oct 2018 19:29:08 GMT">
  <testcase classname="com.fliplearn.flipapp.testcases.FliplearnPrimeView" name="verifyPrimeClasses" time="11.302"/>
  <testcase classname="com.fliplearn.flipapp.testcases.FliplearnPrimeView" name="verifyPrimeClasses" time="9.949"/>
  <testcase classname="com.fliplearn.flipapp.testcases.FliplearnPrimeView" name="verifyPrimeClasses" time="9.299"/>
  <testcase classname="com.fliplearn.flipapp.testcases.FliplearnPrimeView" name="verifyPrimeSubjects" time="10.953"/>
  <testcase classname="com.fliplearn.flipapp.testcases.FliplearnPrimeView" name="verifyPrimeSubjects" time="10.514"/>
  <testcase classname="com.fliplearn.flipapp.testcases.FliplearnPrimeView" name="verifyPrimeSubjects" time="10.278"/>
  <testcase classname="com.fliplearn.flipapp.testcases.FliplearnPrimeView" name="verifyPrimeSubjects" time="9.801"/>
  <testcase classname="com.fliplearn.flipapp.testcases.FliplearnPrimeView" name="verifyPrimeSubjects" time="10.86"/>
</testsuite> <!-- Fliplearn Prime View -->
