<?xml version="1.0" encoding="UTF-8"?>
<!-- Generated by org.testng.reporters.JUnitXMLReporter -->
<testsuite ignored="6" hostname="DESKTOP-NR7JDHG" failures="6" tests="24" name="Learning" time="1689.117" errors="0" timestamp="01 Nov 2018 07:24:59 GMT">
  <testcase classname="com.fliplearn.flipapp.testcases.VMC" name="displayVMCSchool" time="37.595"/>
  <testcase classname="com.fliplearn.flipapp.testcases.VMC" name="displayVMCSchool" time="55.734">
    <failure type="org.openqa.selenium.NoSuchElementException" message="Can&amp;apos;t locate an element by this strategy: By.chained({By.id: com.elss.educomp:id/skip_button})">
      <![CDATA[org.openqa.selenium.NoSuchElementException: Can't locate an element by this strategy: By.chained({By.id: com.elss.educomp:id/skip_button})
at io.appium.java_client.pagefactory.AppiumElementLocator.findElement(AppiumElementLocator.java:126)
at io.appium.java_client.pagefactory.interceptors.InterceptorOfASingleElement.intercept(InterceptorOfASingleElement.java:60)
at io.appium.java_client.android.AndroidElement$$EnhancerByCGLIB$$b598166c.click(<generated>)
at com.fliplearn.flipapp.pagemodules.LoginModule.Login(LoginModule.java:84)
at com.fliplearn.flipapp.testcases.VMC.displayVMCSchool(VMC.java:59)
Caused by: org.openqa.selenium.TimeoutException: Expected condition failed: waiting for io.appium.java_client.pagefactory.AppiumElementLocator$WaitingFunction@1027cdcd (tried for 1 second(s) with 500 milliseconds interval)
at org.openqa.selenium.support.ui.FluentWait.timeoutException(FluentWait.java:303)
at org.openqa.selenium.support.ui.FluentWait.until(FluentWait.java:271)
at io.appium.java_client.pagefactory.AppiumElementLocator.waitFor(AppiumElementLocator.java:99)
at io.appium.java_client.pagefactory.AppiumElementLocator.findElement(AppiumElementLocator.java:119)
... 29 more
Caused by: org.openqa.selenium.NoSuchElementException: Cannot locate an element using By.chained({By.id: com.elss.educomp:id/skip_button})
For documentation on this error, please visit: http://seleniumhq.org/exceptions/no_such_element.html
Build info: version: '3.13.0', revision: '2f0d292', time: '2018-06-25T15:24:21.231Z'
System info: host: 'DESKTOP-NR7JDHG', ip: '10.8.0.26', os.name: 'Windows 10', os.arch: 'amd64', os.version: '10.0', java.version: '11'
Driver info: driver.version: AndroidDriver
at io.appium.java_client.pagefactory.bys.builder.ByChained.findElement(ByChained.java:74)
at org.openqa.selenium.remote.RemoteWebDriver.findElement(RemoteWebDriver.java:314)
at io.appium.java_client.DefaultGenericMobileDriver.findElement(DefaultGenericMobileDriver.java:58)
at io.appium.java_client.AppiumDriver.findElement(AppiumDriver.java:1)
at io.appium.java_client.android.AndroidDriver.findElement(AndroidDriver.java:1)
at io.appium.java_client.pagefactory.bys.ContentMappedBy.findElement(ContentMappedBy.java:50)
at org.openqa.selenium.remote.RemoteWebDriver.findElement(RemoteWebDriver.java:314)
at io.appium.java_client.DefaultGenericMobileDriver.findElement(DefaultGenericMobileDriver.java:58)
at io.appium.java_client.AppiumDriver.findElement(AppiumDriver.java:1)
at io.appium.java_client.android.AndroidDriver.findElement(AndroidDriver.java:1)
at io.appium.java_client.pagefactory.AppiumElementLocator.lambda$0(AppiumElementLocator.java:120)
at io.appium.java_client.pagefactory.AppiumElementLocator$WaitingFunction.apply(AppiumElementLocator.java:172)
at io.appium.java_client.pagefactory.AppiumElementLocator$WaitingFunction.apply(AppiumElementLocator.java:1)
at org.openqa.selenium.support.ui.FluentWait.until(FluentWait.java:248)
... 31 more
... Removed 25 stack frames]]>
    </failure>
  </testcase> <!-- displayVMCSchool -->
  <testcase classname="com.fliplearn.flipapp.testcases.VMC" name="displayVMCSchool" time="38.639"/>
  <testcase classname="com.fliplearn.flipapp.testcases.QuizGames" name="verifyQuizTileDisplayed" time="71.306"/>
  <testcase classname="com.fliplearn.flipapp.testcases.QuizGames" name="verifyQuizTileDisplayed" time="71.222"/>
  <testcase classname="com.fliplearn.flipapp.testcases.QuizGames" name="verifyQuizTileDisplayed" time="71.606"/>
  <testcase classname="com.fliplearn.flipapp.testcases.QuizGames" name="verifyQuizTileDisplayed" time="55.589">
    <failure type="org.openqa.selenium.NoSuchElementException" message="Can&amp;apos;t locate an element by this strategy: By.chained({By.id: com.elss.educomp:id/skip_button})">
      <![CDATA[org.openqa.selenium.NoSuchElementException: Can't locate an element by this strategy: By.chained({By.id: com.elss.educomp:id/skip_button})
at io.appium.java_client.pagefactory.AppiumElementLocator.findElement(AppiumElementLocator.java:126)
at io.appium.java_client.pagefactory.interceptors.InterceptorOfASingleElement.intercept(InterceptorOfASingleElement.java:60)
at io.appium.java_client.android.AndroidElement$$EnhancerByCGLIB$$b598166c.click(<generated>)
at com.fliplearn.flipapp.pagemodules.LoginModule.Login(LoginModule.java:84)
at com.fliplearn.flipapp.testcases.QuizGames.verifyQuizTileDisplayed(QuizGames.java:49)
Caused by: org.openqa.selenium.TimeoutException: Expected condition failed: waiting for io.appium.java_client.pagefactory.AppiumElementLocator$WaitingFunction@20d35171 (tried for 1 second(s) with 500 milliseconds interval)
at org.openqa.selenium.support.ui.FluentWait.timeoutException(FluentWait.java:303)
at org.openqa.selenium.support.ui.FluentWait.until(FluentWait.java:271)
at io.appium.java_client.pagefactory.AppiumElementLocator.waitFor(AppiumElementLocator.java:99)
at io.appium.java_client.pagefactory.AppiumElementLocator.findElement(AppiumElementLocator.java:119)
... 29 more
Caused by: org.openqa.selenium.NoSuchElementException: Cannot locate an element using By.chained({By.id: com.elss.educomp:id/skip_button})
For documentation on this error, please visit: http://seleniumhq.org/exceptions/no_such_element.html
Build info: version: '3.13.0', revision: '2f0d292', time: '2018-06-25T15:24:21.231Z'
System info: host: 'DESKTOP-NR7JDHG', ip: '10.8.0.26', os.name: 'Windows 10', os.arch: 'amd64', os.version: '10.0', java.version: '11'
Driver info: driver.version: AndroidDriver
at io.appium.java_client.pagefactory.bys.builder.ByChained.findElement(ByChained.java:74)
at org.openqa.selenium.remote.RemoteWebDriver.findElement(RemoteWebDriver.java:314)
at io.appium.java_client.DefaultGenericMobileDriver.findElement(DefaultGenericMobileDriver.java:58)
at io.appium.java_client.AppiumDriver.findElement(AppiumDriver.java:1)
at io.appium.java_client.android.AndroidDriver.findElement(AndroidDriver.java:1)
at io.appium.java_client.pagefactory.bys.ContentMappedBy.findElement(ContentMappedBy.java:50)
at org.openqa.selenium.remote.RemoteWebDriver.findElement(RemoteWebDriver.java:314)
at io.appium.java_client.DefaultGenericMobileDriver.findElement(DefaultGenericMobileDriver.java:58)
at io.appium.java_client.AppiumDriver.findElement(AppiumDriver.java:1)
at io.appium.java_client.android.AndroidDriver.findElement(AndroidDriver.java:1)
at io.appium.java_client.pagefactory.AppiumElementLocator.lambda$0(AppiumElementLocator.java:120)
at io.appium.java_client.pagefactory.AppiumElementLocator$WaitingFunction.apply(AppiumElementLocator.java:172)
at io.appium.java_client.pagefactory.AppiumElementLocator$WaitingFunction.apply(AppiumElementLocator.java:1)
at org.openqa.selenium.support.ui.FluentWait.until(FluentWait.java:248)
... 31 more
... Removed 25 stack frames]]>
    </failure>
  </testcase> <!-- verifyQuizTileDisplayed -->
  <testcase classname="com.fliplearn.flipapp.testcases.QuizGames" name="verifyQuizTileDisplayed" time="41.529"/>
  <testcase classname="com.fliplearn.flipapp.testcases.QuizDashboard" name="verifyQuizDashboardTileDisplayed" time="42.237"/>
  <testcase classname="com.fliplearn.flipapp.testcases.QuizDashboard" name="verifyQuizDashboardTileDisplayed" time="42.585"/>
  <testcase classname="com.fliplearn.flipapp.testcases.QuizDashboard" name="verifyQuizDashboardTileDisplayed" time="41.832"/>
  <testcase classname="com.fliplearn.flipapp.testcases.QuizDashboard" name="verifyQuizDashboardTileDisplayed" time="72.374"/>
  <testcase classname="com.fliplearn.flipapp.testcases.QuizDashboard" name="verifyQuizDashboardTileDisplayed" time="71.236"/>
  <testcase classname="com.fliplearn.flipapp.testcases.QuizDashboard" name="verifyQuizDashboardClasses" time="61.876"/>
  <testcase classname="com.fliplearn.flipapp.testcases.QuizDashboard" name="verifyQuizDashboardClasses" time="57.355"/>
  <testcase classname="com.fliplearn.flipapp.testcases.QuizDashboard" name="verifyQuizDashboardClasses" time="51.189"/>
  <testcase classname="com.fliplearn.flipapp.testcases.FliplearnPrimeView" name="verifyPrimeTileDisplayed" time="37.834"/>
  <testcase classname="com.fliplearn.flipapp.testcases.FliplearnPrimeView" name="verifyPrimeTileDisplayed" time="39.021"/>
  <testcase classname="com.fliplearn.flipapp.testcases.FliplearnPrimeView" name="verifyPrimeTileDisplayed" time="54.993">
    <failure type="org.openqa.selenium.NoSuchElementException" message="Can&amp;apos;t locate an element by this strategy: By.chained({By.id: com.elss.educomp:id/skip_button})">
      <![CDATA[org.openqa.selenium.NoSuchElementException: Can't locate an element by this strategy: By.chained({By.id: com.elss.educomp:id/skip_button})
at io.appium.java_client.pagefactory.AppiumElementLocator.findElement(AppiumElementLocator.java:126)
at io.appium.java_client.pagefactory.interceptors.InterceptorOfASingleElement.intercept(InterceptorOfASingleElement.java:60)
at io.appium.java_client.android.AndroidElement$$EnhancerByCGLIB$$b598166c.click(<generated>)
at com.fliplearn.flipapp.pagemodules.LoginModule.Login(LoginModule.java:84)
at com.fliplearn.flipapp.testcases.FliplearnPrimeView.verifyPrimeTileDisplayed(FliplearnPrimeView.java:59)
Caused by: org.openqa.selenium.TimeoutException: Expected condition failed: waiting for io.appium.java_client.pagefactory.AppiumElementLocator$WaitingFunction@23067372 (tried for 1 second(s) with 500 milliseconds interval)
at org.openqa.selenium.support.ui.FluentWait.timeoutException(FluentWait.java:303)
at org.openqa.selenium.support.ui.FluentWait.until(FluentWait.java:271)
at io.appium.java_client.pagefactory.AppiumElementLocator.waitFor(AppiumElementLocator.java:99)
at io.appium.java_client.pagefactory.AppiumElementLocator.findElement(AppiumElementLocator.java:119)
... 29 more
Caused by: org.openqa.selenium.NoSuchElementException: Cannot locate an element using By.chained({By.id: com.elss.educomp:id/skip_button})
For documentation on this error, please visit: http://seleniumhq.org/exceptions/no_such_element.html
Build info: version: '3.13.0', revision: '2f0d292', time: '2018-06-25T15:24:21.231Z'
System info: host: 'DESKTOP-NR7JDHG', ip: '10.8.0.26', os.name: 'Windows 10', os.arch: 'amd64', os.version: '10.0', java.version: '11'
Driver info: driver.version: AndroidDriver
at io.appium.java_client.pagefactory.bys.builder.ByChained.findElement(ByChained.java:74)
at org.openqa.selenium.remote.RemoteWebDriver.findElement(RemoteWebDriver.java:314)
at io.appium.java_client.DefaultGenericMobileDriver.findElement(DefaultGenericMobileDriver.java:58)
at io.appium.java_client.AppiumDriver.findElement(AppiumDriver.java:1)
at io.appium.java_client.android.AndroidDriver.findElement(AndroidDriver.java:1)
at io.appium.java_client.pagefactory.bys.ContentMappedBy.findElement(ContentMappedBy.java:50)
at org.openqa.selenium.remote.RemoteWebDriver.findElement(RemoteWebDriver.java:314)
at io.appium.java_client.DefaultGenericMobileDriver.findElement(DefaultGenericMobileDriver.java:58)
at io.appium.java_client.AppiumDriver.findElement(AppiumDriver.java:1)
at io.appium.java_client.android.AndroidDriver.findElement(AndroidDriver.java:1)
at io.appium.java_client.pagefactory.AppiumElementLocator.lambda$0(AppiumElementLocator.java:120)
at io.appium.java_client.pagefactory.AppiumElementLocator$WaitingFunction.apply(AppiumElementLocator.java:172)
at io.appium.java_client.pagefactory.AppiumElementLocator$WaitingFunction.apply(AppiumElementLocator.java:1)
at org.openqa.selenium.support.ui.FluentWait.until(FluentWait.java:248)
... 31 more
... Removed 25 stack frames]]>
    </failure>
  </testcase> <!-- verifyPrimeTileDisplayed -->
  <testcase classname="com.fliplearn.flipapp.testcases.FliplearnPrimeView" name="verifyPrimeTileDisplayed" time="37.92"/>
  <testcase classname="com.fliplearn.flipapp.testcases.FliplearnPrimeView" name="verifyPrimeTileDisplayed" time="38.505"/>
  <testcase classname="com.fliplearn.flipapp.testcases.FliplearnPrimeView" name="verifyPrimeClasses" time="41.25">
    <failure type="java.lang.AssertionError" message="expected [true] but found [false]">
      <![CDATA[java.lang.AssertionError: expected [true] but found [false]
at com.fliplearn.flipapp.testcases.FliplearnPrimeView.verifyPrimeClasses(FliplearnPrimeView.java:87)
... Removed 31 stack frames]]>
    </failure>
  </testcase> <!-- verifyPrimeClasses -->
  <testcase classname="com.fliplearn.flipapp.testcases.FliplearnPrimeView" name="verifyPrimeClasses" time="42.594">
    <failure type="java.lang.AssertionError" message="expected [true] but found [false]">
      <![CDATA[java.lang.AssertionError: expected [true] but found [false]
at com.fliplearn.flipapp.testcases.FliplearnPrimeView.verifyPrimeClasses(FliplearnPrimeView.java:87)
... Removed 31 stack frames]]>
    </failure>
  </testcase> <!-- verifyPrimeClasses -->
  <testcase classname="com.fliplearn.flipapp.testcases.FliplearnPrimeView" name="verifyPrimeClasses" time="42.957">
    <failure type="java.lang.AssertionError" message="expected [true] but found [false]">
      <![CDATA[java.lang.AssertionError: expected [true] but found [false]
at com.fliplearn.flipapp.testcases.FliplearnPrimeView.verifyPrimeClasses(FliplearnPrimeView.java:87)
... Removed 31 stack frames]]>
    </failure>
  </testcase> <!-- verifyPrimeClasses -->
  <testcase classname="com.fliplearn.flipapp.testcases.VMC" name="displayVMCStudent" time="0.0">
    <ignored/>
  </testcase> <!-- displayVMCStudent -->
  <testcase classname="com.fliplearn.flipapp.testcases.FliplearnPrimeView" name="verifyPrimeSubjects" time="0.0">
    <ignored/>
  </testcase> <!-- verifyPrimeSubjects -->
  <testcase classname="com.fliplearn.flipapp.helper.Base" name="@AfterSuite aftSuite" time="0.0">
    <ignored/>
  </testcase> <!-- @AfterSuite aftSuite -->
  <testcase classname="com.fliplearn.flipapp.helper.Base" name="@AfterSuite aftSuite" time="0.0">
    <ignored/>
  </testcase> <!-- @AfterSuite aftSuite -->
  <testcase classname="com.fliplearn.flipapp.helper.Base" name="@AfterSuite aftSuite" time="0.0">
    <ignored/>
  </testcase> <!-- @AfterSuite aftSuite -->
  <testcase classname="com.fliplearn.flipapp.testcases.VMC" name="doNotDisplayVMCStudent" time="0.0">
    <ignored/>
  </testcase> <!-- doNotDisplayVMCStudent -->
</testsuite> <!-- Learning -->
