<?xml version="1.0" encoding="UTF-8"?>
<!-- Generated by org.testng.reporters.JUnitXMLReporter -->
<testsuite ignored="3" hostname="sureshs" failures="4" tests="48" name="Learning" time="2898.73" errors="0" timestamp="01 Feb 2019 08:01:28 GMT">
  <testcase classname="com.fliplearn.flipapp.testcases.PrimeResources" name="playPrimeVideo" time="41.907"/>
  <testcase classname="com.fliplearn.flipapp.testcases.PrimeResources" name="playPrimeVideo" time="42.344"/>
  <testcase classname="com.fliplearn.flipapp.testcases.PrimeResources" name="playPrimeVideo" time="42.373"/>
  <testcase classname="com.fliplearn.flipapp.testcases.PrimeResources" name="playPrimeVideo" time="89.338"/>
  <testcase classname="com.fliplearn.flipapp.testcases.PrimeResources" name="playPrimeVideo" time="42.284"/>
  <testcase classname="com.fliplearn.flipapp.testcases.PrimeResources" name="playPrimeVideo" time="43.612"/>
  <testcase classname="com.fliplearn.flipapp.testcases.PrimeResources" name="verifyTopicSynopsis" time="42.305"/>
  <testcase classname="com.fliplearn.flipapp.testcases.PrimeResources" name="verifyTopicSynopsis" time="39.893"/>
  <testcase classname="com.fliplearn.flipapp.testcases.PrimeResources" name="verifyTopicSynopsis" time="45.031"/>
  <testcase classname="com.fliplearn.flipapp.testcases.PrimeResources" name="verifyTopicSynopsis" time="60.39"/>
  <testcase classname="com.fliplearn.flipapp.testcases.PrimeResources" name="verifyTopicSynopsis" time="40.199"/>
  <testcase classname="com.fliplearn.flipapp.testcases.PrimeResources" name="verifyTopicSynopsis" time="45.377"/>
  <testcase classname="com.fliplearn.flipapp.testcases.PrimeResources" name="verifyMindMaps" time="40.984"/>
  <testcase classname="com.fliplearn.flipapp.testcases.PrimeResources" name="verifyMindMaps" time="39.192"/>
  <testcase classname="com.fliplearn.flipapp.testcases.PrimeResources" name="verifyMindMaps" time="40.792"/>
  <testcase classname="com.fliplearn.flipapp.testcases.PrimeResources" name="verifyMindMaps" time="60.451"/>
  <testcase classname="com.fliplearn.flipapp.testcases.PrimeResources" name="verifyMindMaps" time="56.22">
    <failure type="org.openqa.selenium.NoSuchElementException" message="An element could not be located on the page using the given search parameters.
For documentation on this error, please visit: https://www.seleniumhq.org/exceptions/no_such_element.html
Build info: version: &amp;apos;3.141.59&amp;apos;, revision: &amp;apos;e82be7d358&amp;apos;, time: &amp;apos;2018-11-14T08:17:03&amp;apos;
System info: host: &amp;apos;SURESHS&amp;apos;, ip: &amp;apos;10.8.0.34&amp;apos;, os.name: &amp;apos;Windows 10&amp;apos;, os.arch: &amp;apos;amd64&amp;apos;, os.version: &amp;apos;10.0&amp;apos;, java.version: &amp;apos;10.0.2&amp;apos;
Driver info: io.appium.java_client.android.AndroidDriver
Capabilities {appActivity: com.elss.educomp.prelogin.u..., appPackage: com.elss.educomp, automationName: UiAutomator2, databaseEnabled: false, desired: {appActivity: com.elss.educomp.prelogin.u..., appPackage: com.elss.educomp, automationName: UiAutomator2, deviceName: Redmi 5, noSign: true, platformName: android}, deviceApiLevel: 25, deviceManufacturer: Xiaomi, deviceModel: Redmi 5, deviceName: 481a96bc7cf5, deviceScreenDensity: 320, deviceScreenSize: 720x1440, deviceUDID: 481a96bc7cf5, javascriptEnabled: true, locationContextEnabled: false, networkConnectionEnabled: true, noSign: true, pixelRatio: 2, platform: LINUX, platformName: Android, platformVersion: 7.1.2, statBarHeight: 48, takesScreenshot: true, viewportRect: {height: 1296, left: 0, top: 48, width: 720}, warnings: {}, webStorageEnabled: false}
Session ID: 96467835-18ac-4a4d-ade4-c8726b0a7333
*** Element info: {Using=xpath, value=//*[@text=&amp;apos;Roman Numerals&amp;apos;]}">
      <![CDATA[org.openqa.selenium.NoSuchElementException: An element could not be located on the page using the given search parameters.
For documentation on this error, please visit: https://www.seleniumhq.org/exceptions/no_such_element.html
Build info: version: '3.141.59', revision: 'e82be7d358', time: '2018-11-14T08:17:03'
System info: host: 'SURESHS', ip: '10.8.0.34', os.name: 'Windows 10', os.arch: 'amd64', os.version: '10.0', java.version: '10.0.2'
Driver info: io.appium.java_client.android.AndroidDriver
Capabilities {appActivity: com.elss.educomp.prelogin.u..., appPackage: com.elss.educomp, automationName: UiAutomator2, databaseEnabled: false, desired: {appActivity: com.elss.educomp.prelogin.u..., appPackage: com.elss.educomp, automationName: UiAutomator2, deviceName: Redmi 5, noSign: true, platformName: android}, deviceApiLevel: 25, deviceManufacturer: Xiaomi, deviceModel: Redmi 5, deviceName: 481a96bc7cf5, deviceScreenDensity: 320, deviceScreenSize: 720x1440, deviceUDID: 481a96bc7cf5, javascriptEnabled: true, locationContextEnabled: false, networkConnectionEnabled: true, noSign: true, pixelRatio: 2, platform: LINUX, platformName: Android, platformVersion: 7.1.2, statBarHeight: 48, takesScreenshot: true, viewportRect: {height: 1296, left: 0, top: 48, width: 720}, warnings: {}, webStorageEnabled: false}
Session ID: 96467835-18ac-4a4d-ade4-c8726b0a7333
*** Element info: {Using=xpath, value=//*[@text='Roman Numerals']}
at org.openqa.selenium.remote.http.W3CHttpResponseCodec.createException(W3CHttpResponseCodec.java:187)
at org.openqa.selenium.remote.http.W3CHttpResponseCodec.decode(W3CHttpResponseCodec.java:122)
at org.openqa.selenium.remote.http.W3CHttpResponseCodec.decode(W3CHttpResponseCodec.java:49)
at org.openqa.selenium.remote.HttpCommandExecutor.execute(HttpCommandExecutor.java:158)
at io.appium.java_client.remote.AppiumCommandExecutor.execute(AppiumCommandExecutor.java:239)
at org.openqa.selenium.remote.RemoteWebDriver.execute(RemoteWebDriver.java:552)
at io.appium.java_client.DefaultGenericMobileDriver.execute(DefaultGenericMobileDriver.java:42)
at io.appium.java_client.AppiumDriver.execute(AppiumDriver.java:1)
at io.appium.java_client.android.AndroidDriver.execute(AndroidDriver.java:1)
at org.openqa.selenium.remote.RemoteWebDriver.findElement(RemoteWebDriver.java:323)
at io.appium.java_client.DefaultGenericMobileDriver.findElement(DefaultGenericMobileDriver.java:62)
at io.appium.java_client.AppiumDriver.findElement(AppiumDriver.java:1)
at io.appium.java_client.android.AndroidDriver.findElement(AndroidDriver.java:1)
at org.openqa.selenium.remote.RemoteWebDriver.findElementByXPath(RemoteWebDriver.java:428)
at io.appium.java_client.DefaultGenericMobileDriver.findElementByXPath(DefaultGenericMobileDriver.java:152)
at io.appium.java_client.AppiumDriver.findElementByXPath(AppiumDriver.java:1)
at io.appium.java_client.android.AndroidDriver.findElementByXPath(AndroidDriver.java:1)
at org.openqa.selenium.By$ByXPath.findElement(By.java:353)
at org.openqa.selenium.remote.RemoteWebDriver.findElement(RemoteWebDriver.java:315)
at io.appium.java_client.DefaultGenericMobileDriver.findElement(DefaultGenericMobileDriver.java:58)
at io.appium.java_client.AppiumDriver.findElement(AppiumDriver.java:1)
at io.appium.java_client.android.AndroidDriver.findElement(AndroidDriver.java:1)
at com.fliplearn.flipapp.pagemodules.PrimeResourceListModule.clickOnChapterTopic(PrimeResourceListModule.java:83)
at com.fliplearn.flipapp.testcases.PrimeResources.verifyMindMaps(PrimeResources.java:199)
... Removed 29 stack frames]]>
    </failure>
  </testcase> <!-- verifyMindMaps -->
  <testcase classname="com.fliplearn.flipapp.testcases.PrimeResources" name="verifyMindMaps" time="41.029"/>
  <testcase classname="com.fliplearn.flipapp.testcases.PrimeResources" name="verifyRealLifeApplication" time="37.192"/>
  <testcase classname="com.fliplearn.flipapp.testcases.PrimeResources" name="verifyRealLifeApplication" time="36.052"/>
  <testcase classname="com.fliplearn.flipapp.testcases.PrimeResources" name="verifyRealLifeApplication" time="36.305"/>
  <testcase classname="com.fliplearn.flipapp.testcases.PrimeResources" name="verifyRealLifeApplication" time="57.443"/>
  <testcase classname="com.fliplearn.flipapp.testcases.PrimeResources" name="verifyRealLifeApplication" time="33.749"/>
  <testcase classname="com.fliplearn.flipapp.testcases.PrimeResources" name="verifyRealLifeApplication" time="38.786"/>
  <testcase classname="com.fliplearn.flipapp.testcases.PrimeContent" name="verifyPrimeTileDisplayed" time="14.137"/>
  <testcase classname="com.fliplearn.flipapp.testcases.PrimeContent" name="verifyPrimeTileDisplayed" time="13.357"/>
  <testcase classname="com.fliplearn.flipapp.testcases.PrimeContent" name="verifyPrimeTileDisplayed" time="15.331"/>
  <testcase classname="com.fliplearn.flipapp.testcases.PrimeContent" name="verifyPrimeTileDisplayed" time="14.145"/>
  <testcase classname="com.fliplearn.flipapp.testcases.PrimeContent" name="verifyPrimeTileDisplayed" time="41.45">
    <failure type="java.lang.AssertionError" message="expected [true] but found [false]">
      <![CDATA[java.lang.AssertionError: expected [true] but found [false]
at com.fliplearn.flipapp.testcases.PrimeContent.verifyPrimeTileDisplayed(PrimeContent.java:64)
... Removed 31 stack frames]]>
    </failure>
  </testcase> <!-- verifyPrimeTileDisplayed -->
  <testcase classname="com.fliplearn.flipapp.testcases.PrimeContent" name="verifyPrimeTileDisplayed" time="18.307"/>
  <testcase classname="com.fliplearn.flipapp.testcases.PrimeContent" name="verifyPrimeClasses" time="69.798">
    <failure type="org.openqa.selenium.TimeoutException" message="Expected condition failed: waiting for visibility of Located by By.chained({By.xpath: //*[@text=&amp;apos;Fliplearn Prime&amp;apos;]}) (tried for 60 second(s) with 500 milliseconds interval)">
      <![CDATA[org.openqa.selenium.TimeoutException: Expected condition failed: waiting for visibility of Located by By.chained({By.xpath: //*[@text='Fliplearn Prime']}) (tried for 60 second(s) with 500 milliseconds interval)
at org.openqa.selenium.support.ui.WebDriverWait.timeoutException(WebDriverWait.java:95)
at org.openqa.selenium.support.ui.FluentWait.until(FluentWait.java:272)
at com.fliplearn.flipapp.helper.GenericFunctions.waitForElementVisibility(GenericFunctions.java:207)
at com.fliplearn.flipapp.pagemodules.LearnModule.clickOnPrimeImage(LearnModule.java:81)
at com.fliplearn.flipapp.testcases.PrimeContent.verifyPrimeClasses(PrimeContent.java:83)
Caused by: org.openqa.selenium.NoSuchElementException: Can't locate an element by this strategy: By.chained({By.xpath: //*[@text='Fliplearn Prime']})
at io.appium.java_client.pagefactory.AppiumElementLocator.findElement(AppiumElementLocator.java:126)
at io.appium.java_client.pagefactory.interceptors.InterceptorOfASingleElement.intercept(InterceptorOfASingleElement.java:59)
at io.appium.java_client.android.AndroidElement$$EnhancerByCGLIB$$b598166c.isDisplayed(<generated>)
at org.openqa.selenium.support.ui.ExpectedConditions.elementIfVisible(ExpectedConditions.java:314)
at org.openqa.selenium.support.ui.ExpectedConditions.access$000(ExpectedConditions.java:43)
at org.openqa.selenium.support.ui.ExpectedConditions$10.apply(ExpectedConditions.java:300)
at org.openqa.selenium.support.ui.ExpectedConditions$10.apply(ExpectedConditions.java:297)
at org.openqa.selenium.support.ui.FluentWait.until(FluentWait.java:249)
... 28 more
Caused by: org.openqa.selenium.TimeoutException: Expected condition failed: waiting for io.appium.java_client.pagefactory.AppiumElementLocator$WaitingFunction@3003d288 (tried for 1 second(s) with 500 milliseconds interval)
at org.openqa.selenium.support.ui.FluentWait.timeoutException(FluentWait.java:304)
at org.openqa.selenium.support.ui.FluentWait.until(FluentWait.java:272)
at io.appium.java_client.pagefactory.AppiumElementLocator.waitFor(AppiumElementLocator.java:99)
at io.appium.java_client.pagefactory.AppiumElementLocator.findElement(AppiumElementLocator.java:119)
... 35 more
Caused by: org.openqa.selenium.NoSuchElementException: Cannot locate an element using By.chained({By.xpath: //*[@text='Fliplearn Prime']})
For documentation on this error, please visit: https://www.seleniumhq.org/exceptions/no_such_element.html
Build info: version: '3.141.59', revision: 'e82be7d358', time: '2018-11-14T08:17:03'
System info: host: 'SURESHS', ip: '10.8.0.34', os.name: 'Windows 10', os.arch: 'amd64', os.version: '10.0', java.version: '10.0.2'
Driver info: driver.version: AndroidDriver
at io.appium.java_client.pagefactory.bys.builder.ByChained.findElement(ByChained.java:74)
at org.openqa.selenium.remote.RemoteWebDriver.findElement(RemoteWebDriver.java:315)
at io.appium.java_client.DefaultGenericMobileDriver.findElement(DefaultGenericMobileDriver.java:58)
at io.appium.java_client.AppiumDriver.findElement(AppiumDriver.java:1)
at io.appium.java_client.android.AndroidDriver.findElement(AndroidDriver.java:1)
at io.appium.java_client.pagefactory.bys.ContentMappedBy.findElement(ContentMappedBy.java:50)
at org.openqa.selenium.remote.RemoteWebDriver.findElement(RemoteWebDriver.java:315)
at io.appium.java_client.DefaultGenericMobileDriver.findElement(DefaultGenericMobileDriver.java:58)
at io.appium.java_client.AppiumDriver.findElement(AppiumDriver.java:1)
at io.appium.java_client.android.AndroidDriver.findElement(AndroidDriver.java:1)
at io.appium.java_client.pagefactory.AppiumElementLocator.lambda$0(AppiumElementLocator.java:120)
at io.appium.java_client.pagefactory.AppiumElementLocator$WaitingFunction.apply(AppiumElementLocator.java:172)
at io.appium.java_client.pagefactory.AppiumElementLocator$WaitingFunction.apply(AppiumElementLocator.java:1)
at org.openqa.selenium.support.ui.FluentWait.until(FluentWait.java:249)
... 37 more
... Removed 25 stack frames]]>
    </failure>
  </testcase> <!-- verifyPrimeClasses -->
  <testcase classname="com.fliplearn.flipapp.testcases.PrimeContent" name="verifyPrimeClasses" time="20.317"/>
  <testcase classname="com.fliplearn.flipapp.testcases.PrimeContent" name="verifyPrimeClasses" time="19.364"/>
  <testcase classname="com.fliplearn.flipapp.testcases.PrimeContent" name="verifyPrimeSubjects" time="24.913"/>
  <testcase classname="com.fliplearn.flipapp.testcases.PrimeContent" name="verifyPrimeSubjects" time="24.438"/>
  <testcase classname="com.fliplearn.flipapp.testcases.PrimeContent" name="verifyPrimeSubjects" time="23.156"/>
  <testcase classname="com.fliplearn.flipapp.testcases.PrimeContent" name="verifyPrimeSubjects" time="17.292"/>
  <testcase classname="com.fliplearn.flipapp.testcases.PrimeContent" name="verifyPrimeSubjects" time="48.327"/>
  <testcase classname="com.fliplearn.flipapp.testcases.PrimeContent" name="verifyPrimeSubjects" time="38.457">
    <failure type="org.openqa.selenium.NoSuchElementException" message="Can&amp;apos;t locate an element by this strategy: By.chained({By.id: com.elss.educomp:id/skip_button})">
      <![CDATA[org.openqa.selenium.NoSuchElementException: Can't locate an element by this strategy: By.chained({By.id: com.elss.educomp:id/skip_button})
at io.appium.java_client.pagefactory.AppiumElementLocator.findElement(AppiumElementLocator.java:126)
at io.appium.java_client.pagefactory.interceptors.InterceptorOfASingleElement.intercept(InterceptorOfASingleElement.java:59)
at io.appium.java_client.android.AndroidElement$$EnhancerByCGLIB$$b598166c.click(<generated>)
at com.fliplearn.flipapp.pagemodules.LoginModule.Login(LoginModule.java:95)
at com.fliplearn.flipapp.testcases.PrimeContent.verifyPrimeSubjects(PrimeContent.java:103)
Caused by: org.openqa.selenium.TimeoutException: Expected condition failed: waiting for io.appium.java_client.pagefactory.AppiumElementLocator$WaitingFunction@397ba74b (tried for 1 second(s) with 500 milliseconds interval)
at org.openqa.selenium.support.ui.FluentWait.timeoutException(FluentWait.java:304)
at org.openqa.selenium.support.ui.FluentWait.until(FluentWait.java:272)
at io.appium.java_client.pagefactory.AppiumElementLocator.waitFor(AppiumElementLocator.java:99)
at io.appium.java_client.pagefactory.AppiumElementLocator.findElement(AppiumElementLocator.java:119)
... 29 more
Caused by: org.openqa.selenium.NoSuchElementException: Cannot locate an element using By.chained({By.id: com.elss.educomp:id/skip_button})
For documentation on this error, please visit: https://www.seleniumhq.org/exceptions/no_such_element.html
Build info: version: '3.141.59', revision: 'e82be7d358', time: '2018-11-14T08:17:03'
System info: host: 'SURESHS', ip: '10.8.0.34', os.name: 'Windows 10', os.arch: 'amd64', os.version: '10.0', java.version: '10.0.2'
Driver info: driver.version: AndroidDriver
at io.appium.java_client.pagefactory.bys.builder.ByChained.findElement(ByChained.java:74)
at org.openqa.selenium.remote.RemoteWebDriver.findElement(RemoteWebDriver.java:315)
at io.appium.java_client.DefaultGenericMobileDriver.findElement(DefaultGenericMobileDriver.java:58)
at io.appium.java_client.AppiumDriver.findElement(AppiumDriver.java:1)
at io.appium.java_client.android.AndroidDriver.findElement(AndroidDriver.java:1)
at io.appium.java_client.pagefactory.bys.ContentMappedBy.findElement(ContentMappedBy.java:50)
at org.openqa.selenium.remote.RemoteWebDriver.findElement(RemoteWebDriver.java:315)
at io.appium.java_client.DefaultGenericMobileDriver.findElement(DefaultGenericMobileDriver.java:58)
at io.appium.java_client.AppiumDriver.findElement(AppiumDriver.java:1)
at io.appium.java_client.android.AndroidDriver.findElement(AndroidDriver.java:1)
at io.appium.java_client.pagefactory.AppiumElementLocator.lambda$0(AppiumElementLocator.java:120)
at io.appium.java_client.pagefactory.AppiumElementLocator$WaitingFunction.apply(AppiumElementLocator.java:172)
at io.appium.java_client.pagefactory.AppiumElementLocator$WaitingFunction.apply(AppiumElementLocator.java:1)
at org.openqa.selenium.support.ui.FluentWait.until(FluentWait.java:249)
... 31 more
... Removed 25 stack frames]]>
    </failure>
  </testcase> <!-- verifyPrimeSubjects -->
  <testcase classname="com.fliplearn.flipapp.testcases.VMC" name="displayVMCSchool" time="13.822"/>
  <testcase classname="com.fliplearn.flipapp.testcases.VMC" name="displayVMCSchool" time="14.379"/>
  <testcase classname="com.fliplearn.flipapp.testcases.VMC" name="displayVMCSchool" time="14.314"/>
  <testcase classname="com.fliplearn.flipapp.testcases.VMC" name="doNotDisplayVMCStudent" time="46.639"/>
  <testcase classname="com.fliplearn.flipapp.testcases.VMC" name="doNotDisplayVMCStudent" time="46.91"/>
  <testcase classname="com.fliplearn.flipapp.testcases.VMC" name="doNotDisplayVMCStudent" time="47.508"/>
  <testcase classname="com.fliplearn.flipapp.testcases.VMC" name="displayVMCStudent" time="13.2"/>
  <testcase classname="com.fliplearn.flipapp.testcases.VMC" name="displayVMCStudent" time="14.089"/>
  <testcase classname="com.fliplearn.flipapp.testcases.VMC" name="displayVMCStudent" time="17.824"/>
  <testcase classname="com.fliplearn.flipapp.testcases.PrimeResources" name="verifyAccessFromChildMessage" time="0.0">
    <ignored/>
  </testcase> <!-- verifyAccessFromChildMessage -->
  <testcase classname="com.fliplearn.flipapp.helper.Base" name="@AfterSuite aftSuite" time="0.0">
    <ignored/>
  </testcase> <!-- @AfterSuite aftSuite -->
  <testcase classname="com.fliplearn.flipapp.helper.Base" name="@AfterSuite aftSuite" time="0.0">
    <ignored/>
  </testcase> <!-- @AfterSuite aftSuite -->
</testsuite> <!-- Learning -->
