<?xml version="1.0" encoding="UTF-8"?>
<!-- Generated by org.testng.reporters.JUnitXMLReporter -->
<testsuite ignored="5" hostname="ip-10-0-22-16.ap-south-1.compute.internal" failures="0" tests="4" name="Onboarding" time="211.962" errors="0" timestamp="31 May 2019 12:16:54 GMT">
  <testcase classname="com.fliplearn.flipapp.testcases.PrimeResources" name="verifyMindMaps_Old" time="60.45"/>
  <testcase classname="com.fliplearn.flipapp.testcases.PrimeResources" name="verifyMindMaps_Old" time="59.63"/>
  <testcase classname="com.fliplearn.flipapp.testcases.PrimeResources" name="verifyMindMaps_Old" time="59.417"/>
  <testcase classname="com.fliplearn.flipapp.testcases.PrimeResources" name="verifyMindMaps_Old" time="17.601"/>
  <testcase classname="com.fliplearn.flipapp.testcases.PrimeResources" name="playPrimeVideo_Old" time="0.0">
    <ignored/>
  </testcase> <!-- playPrimeVideo_Old -->
  <testcase classname="com.fliplearn.flipapp.testcases.PrimeResources" name="verifyInteractiveWorksheet_Old" time="0.0">
    <ignored/>
  </testcase> <!-- verifyInteractiveWorksheet_Old -->
  <testcase classname="com.fliplearn.flipapp.testcases.PrimeResources" name="verifyAccessFromChildMessage" time="0.0">
    <ignored/>
  </testcase> <!-- verifyAccessFromChildMessage -->
  <testcase classname="com.fliplearn.flipapp.testcases.PrimeResources" name="verifyRealLifeApplication_Old" time="0.0">
    <ignored/>
  </testcase> <!-- verifyRealLifeApplication_Old -->
  <testcase classname="com.fliplearn.flipapp.testcases.PrimeResources" name="verifyTopicSynopsis_Old" time="0.0">
    <ignored/>
  </testcase> <!-- verifyTopicSynopsis_Old -->
</testsuite> <!-- Onboarding -->
