<?xml version="1.0" encoding="UTF-8"?>
<!-- Generated by org.testng.reporters.JUnitXMLReporter -->
<testsuite ignored="0" failures="3" tests="3" name="VerifySynopsis" time="58.32" errors="0" timestamp="31 Oct 2018 05:26:12 GMT">
  <testcase classname="com.fliplearn.flipapp.testcases.VerifySynopsisContent" name="verifyRealLifeApp" time="13.629">
    <failure type="java.lang.NullPointerException">
      <![CDATA[java.lang.NullPointerException
at com.fliplearn.flipapp.pagemodules.VerifySynopsisModule.clickOnClass(VerifySynopsisModule.java:72)
at com.fliplearn.flipapp.testcases.VerifySynopsisContent.verifyRealLifeApp(VerifySynopsisContent.java:68)
... Removed 25 stack frames]]>
    </failure>
  </testcase> <!-- verifyRealLifeApp -->
  <testcase classname="com.fliplearn.flipapp.testcases.VerifySynopsisContent" name="verifyRealLifeApp" time="12.763">
    <failure type="java.lang.NullPointerException">
      <![CDATA[java.lang.NullPointerException
at com.fliplearn.flipapp.pagemodules.VerifySynopsisModule.clickOnClass(VerifySynopsisModule.java:72)
at com.fliplearn.flipapp.testcases.VerifySynopsisContent.verifyRealLifeApp(VerifySynopsisContent.java:68)
... Removed 25 stack frames]]>
    </failure>
  </testcase> <!-- verifyRealLifeApp -->
  <testcase classname="com.fliplearn.flipapp.testcases.VerifySynopsisContent" name="verifyRealLifeApp" time="13.69">
    <failure type="java.lang.NullPointerException">
      <![CDATA[java.lang.NullPointerException
at com.fliplearn.flipapp.pagemodules.VerifySynopsisModule.clickOnClass(VerifySynopsisModule.java:72)
at com.fliplearn.flipapp.testcases.VerifySynopsisContent.verifyRealLifeApp(VerifySynopsisContent.java:68)
... Removed 25 stack frames]]>
    </failure>
  </testcase> <!-- verifyRealLifeApp -->
</testsuite> <!-- VerifySynopsis -->
