<?xml version="1.0" encoding="UTF-8"?>
<!-- Generated by org.testng.reporters.JUnitXMLReporter -->
<testsuite ignored="5" hostname="ip-192-168-10-84.ap-south-1.compute.internal" failures="0" tests="1" name="Event" time="41.95" errors="0" timestamp="15 Nov 2019 09:58:56 GMT">
  <testcase classname="com.fliplearn.flipapp.testcases.PrimePurchaseFlow" name="verifyPrimePurchaseFlowWithCouponSecTab" time="38.258"/>
  <testcase classname="com.fliplearn.flipapp.testcases.PrimePurchaseFlow" name="verifyPrimePurchaseFlowWithoutCouponWithFirTab" time="0.0">
    <ignored/>
  </testcase> <!-- verifyPrimePurchaseFlowWithoutCouponWithFirTab -->
  <testcase classname="com.fliplearn.flipapp.testcases.PrimePurchaseFlow" name="verifyPrimePurchaseFlowWithDiscountCouponFirTab" time="0.0">
    <ignored/>
  </testcase> <!-- verifyPrimePurchaseFlowWithDiscountCouponFirTab -->
  <testcase classname="com.fliplearn.flipapp.testcases.PrimePurchaseFlow" name="verifyCouponApplyAndRemove" time="0.0">
    <ignored/>
  </testcase> <!-- verifyCouponApplyAndRemove -->
  <testcase classname="com.fliplearn.flipapp.testcases.PrimePurchaseFlow" name="verifyPrimePurchaseFlowWithoutCouponSecTab" time="0.0">
    <ignored/>
  </testcase> <!-- verifyPrimePurchaseFlowWithoutCouponSecTab -->
  <testcase classname="com.fliplearn.flipapp.testcases.PrimePurchaseFlow" name="verifyPrimePurchaseFlowWithDiscountCouponWithSecTab" time="0.0">
    <ignored/>
  </testcase> <!-- verifyPrimePurchaseFlowWithDiscountCouponWithSecTab -->
</testsuite> <!-- Event -->
