<?xml version="1.0" encoding="UTF-8"?>
<!-- Generated by org.testng.reporters.JUnitXMLReporter -->
<testsuite ignored="6" hostname="ip-192-168-10-84.ap-south-1.compute.internal" failures="0" tests="1" name="Event" time="16.014" errors="0" timestamp="06 Jan 2020 09:50:50 GMT">
  <testcase classname="com.fliplearn.flipapp.testcases.PrimeResources" name="verifyParentAbleToViewDemoContent" time="11.712"/>
  <testcase classname="com.fliplearn.flipapp.testcases.PrimeResources" name="verifyInteractiveWorksheet_Old" time="0.0">
    <ignored/>
  </testcase> <!-- verifyInteractiveWorksheet_Old -->
  <testcase classname="com.fliplearn.flipapp.testcases.PrimeResources" name="verifyMindMaps_Old" time="0.0">
    <ignored/>
  </testcase> <!-- verifyMindMaps_Old -->
  <testcase classname="com.fliplearn.flipapp.testcases.PrimeResources" name="verifyAccessFromChildMessage" time="0.0">
    <ignored/>
  </testcase> <!-- verifyAccessFromChildMessage -->
  <testcase classname="com.fliplearn.flipapp.testcases.PrimeResources" name="verifyGettingValidationMsgWithIncorrctCoupn" time="0.0">
    <ignored/>
  </testcase> <!-- verifyGettingValidationMsgWithIncorrctCoupn -->
  <testcase classname="com.fliplearn.flipapp.testcases.PrimeResources" name="playPrimeVideo_New" time="0.0">
    <ignored/>
  </testcase> <!-- playPrimeVideo_New -->
  <testcase classname="com.fliplearn.flipapp.testcases.PrimeResources" name="verifyParentAbleToPlayDemoVideo" time="0.0">
    <ignored/>
  </testcase> <!-- verifyParentAbleToPlayDemoVideo -->
</testsuite> <!-- Event -->
