<?xml version="1.0" encoding="UTF-8"?>
<!-- Generated by org.testng.reporters.JUnitXMLReporter -->
<testsuite ignored="2" hostname="DESKTOP-CVORON1" failures="1" tests="1" name="Test Method" time="0.046" errors="0" timestamp="10 Oct 2018 11:18:35 GMT">
  <testcase classname="com.fliplearn.flipapp.testcases.HomeWorks" name="canViewHomework" time="0.0">
    <failure type="org.testng.TestNGException" message="
Cannot inject @Test annotated Method [canViewHomework] with [class java.lang.String].
For more information on native dependency injection please refer to http://testng.org/doc/documentation-main.html#native-dependency-injection">
      <![CDATA[org.testng.TestNGException: 
Cannot inject @Test annotated Method [canViewHomework] with [class java.lang.String].
For more information on native dependency injection please refer to http://testng.org/doc/documentation-main.html#native-dependency-injection
... Removed 24 stack frames]]>
    </failure>
  </testcase> <!-- canViewHomework -->
  <testcase classname="com.fliplearn.flipapp.testcases.HomeWorks" name="createHomework" time="0.0">
    <ignored/>
  </testcase> <!-- createHomework -->
  <testcase classname="com.fliplearn.flipapp.testcases.HomeWorks" name="canNotcreateHomework" time="0.0">
    <ignored/>
  </testcase> <!-- canNotcreateHomework -->
</testsuite> <!-- Test Method -->
