<?xml version="1.0" encoding="UTF-8"?>
<!-- Generated by org.testng.reporters.JUnitXMLReporter -->
<testsuite ignored="1" hostname="ip-192-168-10-84.ap-south-1.compute.internal" failures="6" tests="6" name="FailedTestCase" time="54.645" errors="0" timestamp="14 Jan 2020 07:22:05 GMT">
  <testcase classname="com.fliplearn.flipapp.testcases.Login" name="verifyLogin" time="7.122">
    <failure type="java.lang.NullPointerException">
      <![CDATA[java.lang.NullPointerException
at com.fliplearn.flipapp.pagemodules.LoginModule.Login(LoginModule.java:89)
at com.fliplearn.flipapp.testcases.Login.verifyLogin(Login.java:60)
... Removed 25 stack frames]]>
    </failure>
  </testcase> <!-- verifyLogin -->
  <testcase classname="com.fliplearn.flipapp.testcases.Login" name="verifyLogin" time="6.661">
    <failure type="java.lang.NullPointerException">
      <![CDATA[java.lang.NullPointerException
at com.fliplearn.flipapp.pagemodules.LoginModule.Login(LoginModule.java:89)
at com.fliplearn.flipapp.testcases.Login.verifyLogin(Login.java:60)
... Removed 25 stack frames]]>
    </failure>
  </testcase> <!-- verifyLogin -->
  <testcase classname="com.fliplearn.flipapp.testcases.Login" name="verifyLogin" time="6.601">
    <failure type="java.lang.NullPointerException">
      <![CDATA[java.lang.NullPointerException
at com.fliplearn.flipapp.pagemodules.LoginModule.Login(LoginModule.java:89)
at com.fliplearn.flipapp.testcases.Login.verifyLogin(Login.java:60)
... Removed 25 stack frames]]>
    </failure>
  </testcase> <!-- verifyLogin -->
  <testcase classname="com.fliplearn.flipapp.testcases.Login" name="verifyLogin" time="6.584">
    <failure type="java.lang.NullPointerException">
      <![CDATA[java.lang.NullPointerException
at com.fliplearn.flipapp.pagemodules.LoginModule.Login(LoginModule.java:89)
at com.fliplearn.flipapp.testcases.Login.verifyLogin(Login.java:60)
... Removed 25 stack frames]]>
    </failure>
  </testcase> <!-- verifyLogin -->
  <testcase classname="com.fliplearn.flipapp.testcases.Login" name="verifyLogin" time="6.587">
    <failure type="java.lang.NullPointerException">
      <![CDATA[java.lang.NullPointerException
at com.fliplearn.flipapp.pagemodules.LoginModule.Login(LoginModule.java:89)
at com.fliplearn.flipapp.testcases.Login.verifyLogin(Login.java:60)
... Removed 25 stack frames]]>
    </failure>
  </testcase> <!-- verifyLogin -->
  <testcase classname="com.fliplearn.flipapp.testcases.Login" name="verifyLogin" time="3.129">
    <failure type="org.openqa.selenium.json.JsonException" message="java.lang.reflect.InvocationTargetException
Build info: version: &amp;apos;3.141.59&amp;apos;, revision: &amp;apos;e82be7d358&amp;apos;, time: &amp;apos;2018-11-14T08:17:03&amp;apos;
System info: host: &amp;apos;ip-192-168-10-84.ap-south-1.compute.internal&amp;apos;, ip: &amp;apos;fe80:0:0:0:8d7:6afc:f998:b2b8%en0&amp;apos;, os.name: &amp;apos;Mac OS X&amp;apos;, os.arch: &amp;apos;x86_64&amp;apos;, os.version: &amp;apos;10.14.6&amp;apos;, java.version: &amp;apos;12.0.2&amp;apos;
Driver info: driver.version: RemoteWebDriver">
      <![CDATA[org.openqa.selenium.json.JsonException: java.lang.reflect.InvocationTargetException
Build info: version: '3.141.59', revision: 'e82be7d358', time: '2018-11-14T08:17:03'
System info: host: 'ip-192-168-10-84.ap-south-1.compute.internal', ip: 'fe80:0:0:0:8d7:6afc:f998:b2b8%en0', os.name: 'Mac OS X', os.arch: 'x86_64', os.version: '10.14.6', java.version: '12.0.2'
Driver info: driver.version: RemoteWebDriver
at org.openqa.selenium.json.JsonOutput.convertUsingMethod(JsonOutput.java:332)
at org.openqa.selenium.json.JsonOutput.lambda$new$16(JsonOutput.java:155)
at org.openqa.selenium.json.JsonOutput.write(JsonOutput.java:264)
at org.openqa.selenium.json.JsonOutput.lambda$null$23(JsonOutput.java:177)
at java.base/java.util.HashMap.forEach(HashMap.java:1333)
at org.openqa.selenium.json.JsonOutput.lambda$new$24(JsonOutput.java:176)
at org.openqa.selenium.json.JsonOutput.write(JsonOutput.java:264)
at org.openqa.selenium.json.JsonOutput.lambda$null$21(JsonOutput.java:168)
at java.base/java.lang.Iterable.forEach(Iterable.java:75)
at org.openqa.selenium.json.JsonOutput.lambda$new$22(JsonOutput.java:168)
at org.openqa.selenium.json.JsonOutput.write(JsonOutput.java:264)
at org.openqa.selenium.json.JsonOutput.lambda$null$23(JsonOutput.java:177)
at java.base/java.util.HashMap.forEach(HashMap.java:1333)
at org.openqa.selenium.json.JsonOutput.lambda$new$24(JsonOutput.java:176)
at org.openqa.selenium.json.JsonOutput.write(JsonOutput.java:264)
at org.openqa.selenium.json.JsonOutput.convertUsingMethod(JsonOutput.java:330)
at org.openqa.selenium.json.JsonOutput.lambda$new$16(JsonOutput.java:155)
at org.openqa.selenium.json.JsonOutput.write(JsonOutput.java:264)
at org.openqa.selenium.json.JsonOutput.lambda$null$21(JsonOutput.java:168)
at java.base/java.util.LinkedHashMap$LinkedValues.forEach(LinkedHashMap.java:608)
at org.openqa.selenium.json.JsonOutput.lambda$new$22(JsonOutput.java:168)
at org.openqa.selenium.json.JsonOutput.write(JsonOutput.java:264)
at org.openqa.selenium.json.JsonOutput.lambda$null$23(JsonOutput.java:177)
at com.google.common.collect.SingletonImmutableBiMap.forEach(SingletonImmutableBiMap.java:65)
at org.openqa.selenium.json.JsonOutput.lambda$new$24(JsonOutput.java:176)
at org.openqa.selenium.json.JsonOutput.write(JsonOutput.java:264)
at org.openqa.selenium.json.JsonOutput.write(JsonOutput.java:255)
at org.openqa.selenium.json.Json.toJson(Json.java:42)
at org.openqa.selenium.remote.http.AbstractHttpCommandCodec.encode(AbstractHttpCommandCodec.java:227)
at org.openqa.selenium.remote.http.AbstractHttpCommandCodec.encode(AbstractHttpCommandCodec.java:117)
at org.openqa.selenium.remote.HttpCommandExecutor.execute(HttpCommandExecutor.java:152)
at org.openqa.selenium.remote.service.DriverCommandExecutor.execute(DriverCommandExecutor.java:83)
at org.openqa.selenium.remote.RemoteWebDriver.execute(RemoteWebDriver.java:552)
at org.openqa.selenium.remote.RemoteWebDriver.perform(RemoteWebDriver.java:618)
at org.openqa.selenium.interactions.Actions$BuiltAction.perform(Actions.java:639)
at org.openqa.selenium.interactions.Actions.perform(Actions.java:595)
at com.fliplearn.flipapp.pagemodules.LoginModule.Login(LoginModule.java:83)
at com.fliplearn.flipapp.testcases.Login.verifyLogin(Login.java:60)
Suppressed: org.openqa.selenium.json.JsonException: Attempting to close incomplete json stream
Build info: version: '3.141.59', revision: 'e82be7d358', time: '2018-11-14T08:17:03'
System info: host: 'ip-192-168-10-84.ap-south-1.compute.internal', ip: 'fe80:0:0:0:8d7:6afc:f998:b2b8%en0', os.name: 'Mac OS X', os.arch: 'x86_64', os.version: '10.14.6', java.version: '12.0.2'
Driver info: driver.version: RemoteWebDriver
at org.openqa.selenium.json.JsonOutput.close(JsonOutput.java:279)
at org.openqa.selenium.json.Json.toJson(Json.java:44)
... 35 more
at org.openqa.selenium.json.JsonOutput.convertUsingMethod(JsonOutput.java:328)
... 62 more
Caused by: org.openqa.selenium.WebDriverException: org.openqa.selenium.NoSuchWindowException: no such window: window was already closed
  (Session info: chrome=79.0.3945.117)
Build info: version: '3.141.59', revision: 'e82be7d358', time: '2018-11-14T08:17:03'
System info: host: 'ip-192-168-10-84.ap-south-1.compute.internal', ip: 'fe80:0:0:0:8d7:6afc:f998:b2b8%en0', os.name: 'Mac OS X', os.arch: 'x86_64', os.version: '10.14.6', java.version: '12.0.2'
Driver info: org.openqa.selenium.chrome.ChromeDriver
Capabilities {acceptInsecureCerts: false, browserName: chrome, browserVersion: 79.0.3945.117, chrome: {chromedriverVersion: 78.0.3904.70 (edb9c9f3de024..., userDataDir: /var/folders/gl/sxfvlyrd7g9...}, goog:chromeOptions: {debuggerAddress: localhost:50666}, javascriptEnabled: true, networkConnectionEnabled: false, pageLoadStrategy: normal, platform: MAC, platformName: MAC, proxy: Proxy(), setWindowRect: true, strictFileInteractability: false, timeouts: {implicit: 0, pageLoad: 300000, script: 30000}, unhandledPromptBehavior: dismiss and notify}
Session ID: 8038631ef77f2566440cb592f0b3be83
*** Element info: {Using=xpath, value=//button[@class='themeOutlineButton padding-10-60 mobilebtnBlock mobilemargin0']}
at io.appium.java_client.pagefactory.AppiumElementLocator$WaitingFunction.apply(AppiumElementLocator.java:192)
at io.appium.java_client.pagefactory.AppiumElementLocator$WaitingFunction.apply(AppiumElementLocator.java:1)
at org.openqa.selenium.support.ui.FluentWait.until(FluentWait.java:249)
at io.appium.java_client.pagefactory.AppiumElementLocator.waitFor(AppiumElementLocator.java:99)
at io.appium.java_client.pagefactory.AppiumElementLocator.findElement(AppiumElementLocator.java:119)
at io.appium.java_client.pagefactory.interceptors.InterceptorOfASingleElement.intercept(InterceptorOfASingleElement.java:59)
at org.openqa.selenium.remote.RemoteWebElement$$EnhancerByCGLIB$$d27c0df4.toJson(<generated>)
... 67 more
Caused by: org.openqa.selenium.NoSuchWindowException: no such window: window was already closed
  (Session info: chrome=79.0.3945.117)
Build info: version: '3.141.59', revision: 'e82be7d358', time: '2018-11-14T08:17:03'
System info: host: 'ip-192-168-10-84.ap-south-1.compute.internal', ip: 'fe80:0:0:0:8d7:6afc:f998:b2b8%en0', os.name: 'Mac OS X', os.arch: 'x86_64', os.version: '10.14.6', java.version: '12.0.2'
Driver info: org.openqa.selenium.chrome.ChromeDriver
Capabilities {acceptInsecureCerts: false, browserName: chrome, browserVersion: 79.0.3945.117, chrome: {chromedriverVersion: 78.0.3904.70 (edb9c9f3de024..., userDataDir: /var/folders/gl/sxfvlyrd7g9...}, goog:chromeOptions: {debuggerAddress: localhost:50666}, javascriptEnabled: true, networkConnectionEnabled: false, pageLoadStrategy: normal, platform: MAC, platformName: MAC, proxy: Proxy(), setWindowRect: true, strictFileInteractability: false, timeouts: {implicit: 0, pageLoad: 300000, script: 30000}, unhandledPromptBehavior: dismiss and notify}
Session ID: 8038631ef77f2566440cb592f0b3be83
*** Element info: {Using=xpath, value=//button[@class='themeOutlineButton padding-10-60 mobilebtnBlock mobilemargin0']}
at org.openqa.selenium.remote.http.W3CHttpResponseCodec.createException(W3CHttpResponseCodec.java:187)
at org.openqa.selenium.remote.http.W3CHttpResponseCodec.decode(W3CHttpResponseCodec.java:122)
at org.openqa.selenium.remote.http.W3CHttpResponseCodec.decode(W3CHttpResponseCodec.java:49)
at org.openqa.selenium.remote.HttpCommandExecutor.execute(HttpCommandExecutor.java:158)
at org.openqa.selenium.remote.service.DriverCommandExecutor.execute(DriverCommandExecutor.java:83)
at org.openqa.selenium.remote.RemoteWebDriver.execute(RemoteWebDriver.java:552)
at org.openqa.selenium.remote.RemoteWebDriver.findElement(RemoteWebDriver.java:323)
at org.openqa.selenium.remote.RemoteWebDriver.findElementByXPath(RemoteWebDriver.java:428)
at org.openqa.selenium.By$ByXPath.findElement(By.java:353)
at org.openqa.selenium.remote.RemoteWebDriver.findElement(RemoteWebDriver.java:315)
at io.appium.java_client.pagefactory.bys.ContentMappedBy.findElement(ContentMappedBy.java:50)
at org.openqa.selenium.remote.RemoteWebDriver.findElement(RemoteWebDriver.java:315)
at io.appium.java_client.pagefactory.AppiumElementLocator.lambda$0(AppiumElementLocator.java:120)
at io.appium.java_client.pagefactory.AppiumElementLocator$WaitingFunction.apply(AppiumElementLocator.java:172)
... 73 more
... Removed 35 stack frames]]>
    </failure>
  </testcase> <!-- verifyLogin -->
  <testcase classname="com.fliplearn.flipapp.testcases.Login" name="verifyLogout" time="0.0">
    <ignored/>
  </testcase> <!-- verifyLogout -->
</testsuite> <!-- FailedTestCase -->
