<?xml version="1.0" encoding="UTF-8"?>
<testng-results ignored="11" total="12" passed="1" failed="0" skipped="0">
  <reporter-output>
  </reporter-output>
  <suite started-at="2020-01-16T07:20:55Z" name="suite of suites" finished-at="2020-01-16T07:21:17Z" duration-ms="21460">
    <groups>
    </groups>
    <test started-at="2020-01-16T07:20:55Z" name="Event" finished-at="2020-01-16T07:21:17Z" duration-ms="21460">
      <class name="com.fliplearn.flipapp.testcases.Home">
        <test-method is-config="true" signature="befo(org.testng.ITestContext)[pri:0, instance:com.fliplearn.flipapp.testcases.Home@47af7f3d]" started-at="2020-01-16T07:20:55Z" name="befo" finished-at="2020-01-16T07:20:59Z" duration-ms="3413" status="PASS">
          <params>
            <param index="0">
              <value>
                <![CDATA[org.testng.TestRunner@7c8d5312]]>
              </value>
            </param>
          </params>
          <reporter-output>
          </reporter-output>
        </test-method> <!-- befo -->
        <test-method is-config="true" signature="beforeEvent()[pri:0, instance:com.fliplearn.flipapp.testcases.Home@47af7f3d]" started-at="2020-01-16T07:20:59Z" name="beforeEvent" finished-at="2020-01-16T07:20:59Z" duration-ms="193" status="PASS">
          <reporter-output>
          </reporter-output>
        </test-method> <!-- beforeEvent -->
        <test-method signature="noticeboardMore()[pri:0, instance:com.fliplearn.flipapp.testcases.Home@47af7f3d]" started-at="2020-01-16T07:20:59Z" name="noticeboardMore" finished-at="2020-01-16T07:21:16Z" duration-ms="17143" status="PASS">
          <reporter-output>
          </reporter-output>
        </test-method> <!-- noticeboardMore -->
        <test-method is-config="true" signature="getResult()[pri:0, instance:com.fliplearn.flipapp.testcases.Home@47af7f3d]" started-at="2020-01-16T07:21:17Z" name="getResult" finished-at="2020-01-16T07:21:17Z" duration-ms="143" status="PASS">
          <reporter-output>
          </reporter-output>
        </test-method> <!-- getResult -->
        <test-method is-config="true" signature="aftSuite()[pri:0, instance:com.fliplearn.flipapp.testcases.Home@47af7f3d]" started-at="2020-01-16T07:21:17Z" name="aftSuite" finished-at="2020-01-16T07:21:17Z" duration-ms="1" status="PASS">
          <reporter-output>
          </reporter-output>
        </test-method> <!-- aftSuite -->
      </class> <!-- com.fliplearn.flipapp.testcases.Home -->
    </test> <!-- Event -->
  </suite> <!-- suite of suites -->
</testng-results>
