<?xml version="1.0" encoding="UTF-8"?>
<testng-results ignored="11" total="14" passed="3" failed="0" skipped="0">
  <reporter-output>
  </reporter-output>
  <suite started-at="2018-11-17T18:51:23Z" name="Fliplearn Automation Suite" finished-at="2018-11-17T18:53:51Z" duration-ms="148198">
    <groups>
    </groups>
    <test started-at="2018-11-17T18:51:23Z" name="PrimeContent" finished-at="2018-11-17T18:53:51Z" duration-ms="148198">
      <class name="com.fliplearn.flipapp.testcases.Event">
        <test-method is-config="true" signature="befo(org.testng.ITestContext)[pri:0, instance:com.fliplearn.flipapp.testcases.Event@7bd7d6d6]" started-at="2018-11-17T18:51:23Z" name="befo" finished-at="2018-11-17T18:51:34Z" duration-ms="11500" status="PASS">
          <params>
            <param index="0">
              <value>
                <![CDATA[org.testng.TestRunner@170b27a7]]>
              </value>
            </param>
          </params>
          <reporter-output>
          </reporter-output>
        </test-method> <!-- befo -->
        <test-method is-config="true" signature="beforeEvent()[pri:0, instance:com.fliplearn.flipapp.testcases.Event@7bd7d6d6]" started-at="2018-11-17T18:51:34Z" name="beforeEvent" finished-at="2018-11-17T18:51:34Z" duration-ms="292" status="PASS">
          <reporter-output>
          </reporter-output>
        </test-method> <!-- beforeEvent -->
        <test-method signature="parentCanViewHomework(java.lang.String)[pri:0, instance:com.fliplearn.flipapp.testcases.Event@7bd7d6d6]" started-at="2018-11-17T18:51:34Z" name="parentCanViewHomework" data-provider="group2" finished-at="2018-11-17T18:52:11Z" duration-ms="36555" status="PASS">
          <params>
            <param index="0">
              <value>
                <![CDATA[Admin]]>
              </value>
            </param>
          </params>
          <reporter-output>
          </reporter-output>
        </test-method> <!-- parentCanViewHomework -->
        <test-method is-config="true" signature="getResult()[pri:0, instance:com.fliplearn.flipapp.testcases.Event@7bd7d6d6]" started-at="2018-11-17T18:52:11Z" name="getResult" finished-at="2018-11-17T18:52:12Z" duration-ms="850" status="PASS">
          <reporter-output>
          </reporter-output>
        </test-method> <!-- getResult -->
        <test-method is-config="true" signature="befo(org.testng.ITestContext)[pri:0, instance:com.fliplearn.flipapp.testcases.Event@7bd7d6d6]" started-at="2018-11-17T18:52:12Z" name="befo" finished-at="2018-11-17T18:52:24Z" duration-ms="12229" status="PASS">
          <params>
            <param index="0">
              <value>
                <![CDATA[org.testng.TestRunner@170b27a7]]>
              </value>
            </param>
          </params>
          <reporter-output>
          </reporter-output>
        </test-method> <!-- befo -->
        <test-method is-config="true" signature="beforeEvent()[pri:0, instance:com.fliplearn.flipapp.testcases.Event@7bd7d6d6]" started-at="2018-11-17T18:52:24Z" name="beforeEvent" finished-at="2018-11-17T18:52:24Z" duration-ms="16" status="PASS">
          <reporter-output>
          </reporter-output>
        </test-method> <!-- beforeEvent -->
        <test-method signature="parentCanViewHomework(java.lang.String)[pri:0, instance:com.fliplearn.flipapp.testcases.Event@7bd7d6d6]" started-at="2018-11-17T18:52:24Z" name="parentCanViewHomework" data-provider="group2" finished-at="2018-11-17T18:53:00Z" duration-ms="35735" status="PASS">
          <params>
            <param index="0">
              <value>
                <![CDATA[Principal]]>
              </value>
            </param>
          </params>
          <reporter-output>
          </reporter-output>
        </test-method> <!-- parentCanViewHomework -->
        <test-method is-config="true" signature="getResult()[pri:0, instance:com.fliplearn.flipapp.testcases.Event@7bd7d6d6]" started-at="2018-11-17T18:53:01Z" name="getResult" finished-at="2018-11-17T18:53:02Z" duration-ms="1171" status="PASS">
          <reporter-output>
          </reporter-output>
        </test-method> <!-- getResult -->
        <test-method is-config="true" signature="befo(org.testng.ITestContext)[pri:0, instance:com.fliplearn.flipapp.testcases.Event@7bd7d6d6]" started-at="2018-11-17T18:53:02Z" name="befo" finished-at="2018-11-17T18:53:15Z" duration-ms="13661" status="PASS">
          <params>
            <param index="0">
              <value>
                <![CDATA[org.testng.TestRunner@170b27a7]]>
              </value>
            </param>
          </params>
          <reporter-output>
          </reporter-output>
        </test-method> <!-- befo -->
        <test-method is-config="true" signature="beforeEvent()[pri:0, instance:com.fliplearn.flipapp.testcases.Event@7bd7d6d6]" started-at="2018-11-17T18:53:15Z" name="beforeEvent" finished-at="2018-11-17T18:53:15Z" duration-ms="14" status="PASS">
          <reporter-output>
          </reporter-output>
        </test-method> <!-- beforeEvent -->
        <test-method signature="parentCanViewHomework(java.lang.String)[pri:0, instance:com.fliplearn.flipapp.testcases.Event@7bd7d6d6]" started-at="2018-11-17T18:53:15Z" name="parentCanViewHomework" data-provider="group2" finished-at="2018-11-17T18:53:50Z" duration-ms="34168" status="PASS">
          <params>
            <param index="0">
              <value>
                <![CDATA[Teacher]]>
              </value>
            </param>
          </params>
          <reporter-output>
          </reporter-output>
        </test-method> <!-- parentCanViewHomework -->
        <test-method is-config="true" signature="getResult()[pri:0, instance:com.fliplearn.flipapp.testcases.Event@7bd7d6d6]" started-at="2018-11-17T18:53:50Z" name="getResult" finished-at="2018-11-17T18:53:51Z" duration-ms="838" status="PASS">
          <reporter-output>
          </reporter-output>
        </test-method> <!-- getResult -->
        <test-method is-config="true" signature="aftSuite()[pri:0, instance:com.fliplearn.flipapp.testcases.Event@7bd7d6d6]" started-at="2018-11-17T18:53:51Z" name="aftSuite" finished-at="2018-11-17T18:53:51Z" duration-ms="0" status="PASS">
          <reporter-output>
          </reporter-output>
        </test-method> <!-- aftSuite -->
      </class> <!-- com.fliplearn.flipapp.testcases.Event -->
    </test> <!-- PrimeContent -->
  </suite> <!-- Fliplearn Automation Suite -->
</testng-results>
