<?xml version="1.0" encoding="UTF-8"?>
<testng-results ignored="4" total="5" passed="1" failed="0" skipped="0">
  <reporter-output>
  </reporter-output>
  <suite started-at="2019-11-26T07:14:17Z" name="Failed suite [suite of suites]" finished-at="2019-11-26T07:15:06Z" duration-ms="48290">
    <groups>
    </groups>
    <test started-at="2019-11-26T07:14:17Z" name="Event(failed)" finished-at="2019-11-26T07:15:06Z" duration-ms="48290">
      <class name="com.fliplearn.flipapp.testcases.PrimeResources">
        <test-method is-config="true" signature="befo(org.testng.ITestContext)[pri:0, instance:com.fliplearn.flipapp.testcases.PrimeResources@793f29ff]" started-at="2019-11-26T07:14:17Z" name="befo" finished-at="2019-11-26T07:14:29Z" duration-ms="11748" status="PASS">
          <params>
            <param index="0">
              <value>
                <![CDATA[org.testng.TestRunner@41853299]]>
              </value>
            </param>
          </params>
          <reporter-output>
          </reporter-output>
        </test-method> <!-- befo -->
        <test-method is-config="true" signature="preVerifySynopsis()[pri:0, instance:com.fliplearn.flipapp.testcases.PrimeResources@793f29ff]" started-at="2019-11-26T07:14:29Z" name="preVerifySynopsis" finished-at="2019-11-26T07:14:30Z" duration-ms="414" status="PASS">
          <reporter-output>
          </reporter-output>
        </test-method> <!-- preVerifySynopsis -->
        <test-method signature="verifyParentAbleToPlayDemoVideo()[pri:0, instance:com.fliplearn.flipapp.testcases.PrimeResources@793f29ff]" started-at="2019-11-26T07:14:30Z" name="verifyParentAbleToPlayDemoVideo" finished-at="2019-11-26T07:15:04Z" duration-ms="34420" status="PASS">
          <reporter-output>
          </reporter-output>
        </test-method> <!-- verifyParentAbleToPlayDemoVideo -->
        <test-method is-config="true" signature="getResult()[pri:0, instance:com.fliplearn.flipapp.testcases.PrimeResources@793f29ff]" started-at="2019-11-26T07:15:05Z" name="getResult" finished-at="2019-11-26T07:15:06Z" duration-ms="1111" status="PASS">
          <reporter-output>
          </reporter-output>
        </test-method> <!-- getResult -->
        <test-method is-config="true" signature="aftSuite()[pri:0, instance:com.fliplearn.flipapp.testcases.PrimeResources@793f29ff]" started-at="2019-11-26T07:15:06Z" name="aftSuite" finished-at="2019-11-26T07:15:06Z" duration-ms="0" status="PASS">
          <reporter-output>
          </reporter-output>
        </test-method> <!-- aftSuite -->
      </class> <!-- com.fliplearn.flipapp.testcases.PrimeResources -->
    </test> <!-- Event(failed) -->
  </suite> <!-- Failed suite [suite of suites] -->
</testng-results>
