<?xml version="1.0" encoding="UTF-8"?>
<testng-results ignored="4" total="10" passed="6" failed="0" skipped="0">
  <reporter-output>
  </reporter-output>
  <suite started-at="2018-12-31T21:17:37Z" name="Fliplearn Automation Suite" finished-at="2018-12-31T21:23:57Z" duration-ms="379673">
    <groups>
    </groups>
    <test started-at="2018-12-31T21:17:37Z" name="TestCases" finished-at="2018-12-31T21:23:57Z" duration-ms="379673">
      <class name="com.fliplearn.flipapp.testcases.PrimeResources">
        <test-method is-config="true" signature="befo(org.testng.ITestContext)[pri:0, instance:com.fliplearn.flipapp.testcases.PrimeResources@6fdbe764]" started-at="2018-12-31T21:17:37Z" name="befo" finished-at="2018-12-31T21:17:53Z" duration-ms="16135" status="PASS">
          <params>
            <param index="0">
              <value>
                <![CDATA[org.testng.TestRunner@3635099]]>
              </value>
            </param>
          </params>
          <reporter-output>
          </reporter-output>
        </test-method> <!-- befo -->
        <test-method is-config="true" signature="preVerifySynopsis()[pri:0, instance:com.fliplearn.flipapp.testcases.PrimeResources@6fdbe764]" started-at="2018-12-31T21:17:53Z" name="preVerifySynopsis" finished-at="2018-12-31T21:17:54Z" duration-ms="1069" status="PASS">
          <reporter-output>
          </reporter-output>
        </test-method> <!-- preVerifySynopsis -->
        <test-method signature="verifyMindMaps(java.lang.String)[pri:0, instance:com.fliplearn.flipapp.testcases.PrimeResources@6fdbe764]" started-at="2018-12-31T21:17:54Z" name="verifyMindMaps" data-provider="allusers" finished-at="2018-12-31T21:18:36Z" duration-ms="41333" status="PASS">
          <params>
            <param index="0">
              <value>
                <![CDATA[Admin]]>
              </value>
            </param>
          </params>
          <reporter-output>
          </reporter-output>
        </test-method> <!-- verifyMindMaps -->
        <test-method is-config="true" signature="getResult()[pri:0, instance:com.fliplearn.flipapp.testcases.PrimeResources@6fdbe764]" started-at="2018-12-31T21:18:36Z" name="getResult" finished-at="2018-12-31T21:18:37Z" duration-ms="304" status="PASS">
          <reporter-output>
          </reporter-output>
        </test-method> <!-- getResult -->
        <test-method is-config="true" signature="befo(org.testng.ITestContext)[pri:0, instance:com.fliplearn.flipapp.testcases.PrimeResources@6fdbe764]" started-at="2018-12-31T21:18:37Z" name="befo" finished-at="2018-12-31T21:18:53Z" duration-ms="15957" status="PASS">
          <params>
            <param index="0">
              <value>
                <![CDATA[org.testng.TestRunner@3635099]]>
              </value>
            </param>
          </params>
          <reporter-output>
          </reporter-output>
        </test-method> <!-- befo -->
        <test-method is-config="true" signature="preVerifySynopsis()[pri:0, instance:com.fliplearn.flipapp.testcases.PrimeResources@6fdbe764]" started-at="2018-12-31T21:18:53Z" name="preVerifySynopsis" finished-at="2018-12-31T21:18:54Z" duration-ms="994" status="PASS">
          <reporter-output>
          </reporter-output>
        </test-method> <!-- preVerifySynopsis -->
        <test-method signature="verifyMindMaps(java.lang.String)[pri:0, instance:com.fliplearn.flipapp.testcases.PrimeResources@6fdbe764]" started-at="2018-12-31T21:18:54Z" name="verifyMindMaps" data-provider="allusers" finished-at="2018-12-31T21:19:36Z" duration-ms="42550" status="PASS">
          <params>
            <param index="0">
              <value>
                <![CDATA[Principal]]>
              </value>
            </param>
          </params>
          <reporter-output>
          </reporter-output>
        </test-method> <!-- verifyMindMaps -->
        <test-method is-config="true" signature="getResult()[pri:0, instance:com.fliplearn.flipapp.testcases.PrimeResources@6fdbe764]" started-at="2018-12-31T21:19:37Z" name="getResult" finished-at="2018-12-31T21:19:37Z" duration-ms="249" status="PASS">
          <reporter-output>
          </reporter-output>
        </test-method> <!-- getResult -->
        <test-method is-config="true" signature="befo(org.testng.ITestContext)[pri:0, instance:com.fliplearn.flipapp.testcases.PrimeResources@6fdbe764]" started-at="2018-12-31T21:19:37Z" name="befo" finished-at="2018-12-31T21:19:54Z" duration-ms="17384" status="PASS">
          <params>
            <param index="0">
              <value>
                <![CDATA[org.testng.TestRunner@3635099]]>
              </value>
            </param>
          </params>
          <reporter-output>
          </reporter-output>
        </test-method> <!-- befo -->
        <test-method is-config="true" signature="preVerifySynopsis()[pri:0, instance:com.fliplearn.flipapp.testcases.PrimeResources@6fdbe764]" started-at="2018-12-31T21:19:54Z" name="preVerifySynopsis" finished-at="2018-12-31T21:19:55Z" duration-ms="761" status="PASS">
          <reporter-output>
          </reporter-output>
        </test-method> <!-- preVerifySynopsis -->
        <test-method signature="verifyMindMaps(java.lang.String)[pri:0, instance:com.fliplearn.flipapp.testcases.PrimeResources@6fdbe764]" started-at="2018-12-31T21:19:55Z" name="verifyMindMaps" data-provider="allusers" finished-at="2018-12-31T21:20:39Z" duration-ms="43609" status="PASS">
          <params>
            <param index="0">
              <value>
                <![CDATA[Teacher]]>
              </value>
            </param>
          </params>
          <reporter-output>
          </reporter-output>
        </test-method> <!-- verifyMindMaps -->
        <test-method is-config="true" signature="getResult()[pri:0, instance:com.fliplearn.flipapp.testcases.PrimeResources@6fdbe764]" started-at="2018-12-31T21:20:40Z" name="getResult" finished-at="2018-12-31T21:20:40Z" duration-ms="287" status="PASS">
          <reporter-output>
          </reporter-output>
        </test-method> <!-- getResult -->
        <test-method is-config="true" signature="befo(org.testng.ITestContext)[pri:0, instance:com.fliplearn.flipapp.testcases.PrimeResources@6fdbe764]" started-at="2018-12-31T21:20:40Z" name="befo" finished-at="2018-12-31T21:20:57Z" duration-ms="16940" status="PASS">
          <params>
            <param index="0">
              <value>
                <![CDATA[org.testng.TestRunner@3635099]]>
              </value>
            </param>
          </params>
          <reporter-output>
          </reporter-output>
        </test-method> <!-- befo -->
        <test-method is-config="true" signature="preVerifySynopsis()[pri:0, instance:com.fliplearn.flipapp.testcases.PrimeResources@6fdbe764]" started-at="2018-12-31T21:20:57Z" name="preVerifySynopsis" finished-at="2018-12-31T21:20:58Z" duration-ms="799" status="PASS">
          <reporter-output>
          </reporter-output>
        </test-method> <!-- preVerifySynopsis -->
        <test-method signature="verifyMindMaps(java.lang.String)[pri:0, instance:com.fliplearn.flipapp.testcases.PrimeResources@6fdbe764]" started-at="2018-12-31T21:20:58Z" name="verifyMindMaps" data-provider="allusers" finished-at="2018-12-31T21:22:06Z" duration-ms="68194" status="PASS">
          <params>
            <param index="0">
              <value>
                <![CDATA[Parent]]>
              </value>
            </param>
          </params>
          <reporter-output>
          </reporter-output>
        </test-method> <!-- verifyMindMaps -->
        <test-method is-config="true" signature="getResult()[pri:0, instance:com.fliplearn.flipapp.testcases.PrimeResources@6fdbe764]" started-at="2018-12-31T21:22:07Z" name="getResult" finished-at="2018-12-31T21:22:07Z" duration-ms="313" status="PASS">
          <reporter-output>
          </reporter-output>
        </test-method> <!-- getResult -->
        <test-method is-config="true" signature="befo(org.testng.ITestContext)[pri:0, instance:com.fliplearn.flipapp.testcases.PrimeResources@6fdbe764]" started-at="2018-12-31T21:22:07Z" name="befo" finished-at="2018-12-31T21:22:23Z" duration-ms="15516" status="PASS">
          <params>
            <param index="0">
              <value>
                <![CDATA[org.testng.TestRunner@3635099]]>
              </value>
            </param>
          </params>
          <reporter-output>
          </reporter-output>
        </test-method> <!-- befo -->
        <test-method is-config="true" signature="preVerifySynopsis()[pri:0, instance:com.fliplearn.flipapp.testcases.PrimeResources@6fdbe764]" started-at="2018-12-31T21:22:23Z" name="preVerifySynopsis" finished-at="2018-12-31T21:22:24Z" duration-ms="963" status="PASS">
          <reporter-output>
          </reporter-output>
        </test-method> <!-- preVerifySynopsis -->
        <test-method signature="verifyMindMaps(java.lang.String)[pri:0, instance:com.fliplearn.flipapp.testcases.PrimeResources@6fdbe764]" started-at="2018-12-31T21:22:24Z" name="verifyMindMaps" data-provider="allusers" finished-at="2018-12-31T21:23:03Z" duration-ms="39542" status="PASS">
          <params>
            <param index="0">
              <value>
                <![CDATA[Student]]>
              </value>
            </param>
          </params>
          <reporter-output>
          </reporter-output>
        </test-method> <!-- verifyMindMaps -->
        <test-method is-config="true" signature="getResult()[pri:0, instance:com.fliplearn.flipapp.testcases.PrimeResources@6fdbe764]" started-at="2018-12-31T21:23:04Z" name="getResult" finished-at="2018-12-31T21:23:05Z" duration-ms="320" status="PASS">
          <reporter-output>
          </reporter-output>
        </test-method> <!-- getResult -->
        <test-method is-config="true" signature="befo(org.testng.ITestContext)[pri:0, instance:com.fliplearn.flipapp.testcases.PrimeResources@6fdbe764]" started-at="2018-12-31T21:23:05Z" name="befo" finished-at="2018-12-31T21:23:21Z" duration-ms="16231" status="PASS">
          <params>
            <param index="0">
              <value>
                <![CDATA[org.testng.TestRunner@3635099]]>
              </value>
            </param>
          </params>
          <reporter-output>
          </reporter-output>
        </test-method> <!-- befo -->
        <test-method is-config="true" signature="preVerifySynopsis()[pri:0, instance:com.fliplearn.flipapp.testcases.PrimeResources@6fdbe764]" started-at="2018-12-31T21:23:21Z" name="preVerifySynopsis" finished-at="2018-12-31T21:23:22Z" duration-ms="760" status="PASS">
          <reporter-output>
          </reporter-output>
        </test-method> <!-- preVerifySynopsis -->
        <test-method signature="verifyMindMaps(java.lang.String)[pri:0, instance:com.fliplearn.flipapp.testcases.PrimeResources@6fdbe764]" started-at="2018-12-31T21:23:22Z" name="verifyMindMaps" data-provider="allusers" finished-at="2018-12-31T21:23:55Z" duration-ms="33656" status="PASS">
          <params>
            <param index="0">
              <value>
                <![CDATA[Guest]]>
              </value>
            </param>
          </params>
          <reporter-output>
          </reporter-output>
        </test-method> <!-- verifyMindMaps -->
        <test-method is-config="true" signature="getResult()[pri:0, instance:com.fliplearn.flipapp.testcases.PrimeResources@6fdbe764]" started-at="2018-12-31T21:23:56Z" name="getResult" finished-at="2018-12-31T21:23:57Z" duration-ms="335" status="PASS">
          <reporter-output>
          </reporter-output>
        </test-method> <!-- getResult -->
        <test-method is-config="true" signature="aftSuite()[pri:0, instance:com.fliplearn.flipapp.testcases.PrimeResources@6fdbe764]" started-at="2018-12-31T21:23:57Z" name="aftSuite" finished-at="2018-12-31T21:23:57Z" duration-ms="1" status="PASS">
          <reporter-output>
          </reporter-output>
        </test-method> <!-- aftSuite -->
      </class> <!-- com.fliplearn.flipapp.testcases.PrimeResources -->
    </test> <!-- TestCases -->
  </suite> <!-- Fliplearn Automation Suite -->
</testng-results>
