<?xml version="1.0" encoding="UTF-8"?>
<testng-results ignored="4" total="5" passed="1" failed="0" skipped="0">
  <reporter-output>
  </reporter-output>
  <suite started-at="2019-11-19T07:32:57Z" name="Failed suite [Failed suite [Failed suite [Failed suite [Failed suite [Failed suite [suite of suites]]]]]]" finished-at="2019-11-19T07:33:55Z" duration-ms="57909">
    <groups>
    </groups>
    <test started-at="2019-11-19T07:32:57Z" name="Event(failed)(failed)(failed)(failed)(failed)(failed)" finished-at="2019-11-19T07:33:55Z" duration-ms="57909">
      <class name="com.fliplearn.flipapp.testcases.PrimeResources">
        <test-method is-config="true" signature="befo(org.testng.ITestContext)[pri:0, instance:com.fliplearn.flipapp.testcases.PrimeResources@27406a17]" started-at="2019-11-19T07:32:57Z" name="befo" finished-at="2019-11-19T07:33:09Z" duration-ms="11662" status="PASS">
          <params>
            <param index="0">
              <value>
                <![CDATA[org.testng.TestRunner@7ee8130e]]>
              </value>
            </param>
          </params>
          <reporter-output>
          </reporter-output>
        </test-method> <!-- befo -->
        <test-method is-config="true" signature="preVerifySynopsis()[pri:0, instance:com.fliplearn.flipapp.testcases.PrimeResources@27406a17]" started-at="2019-11-19T07:33:09Z" name="preVerifySynopsis" finished-at="2019-11-19T07:33:10Z" duration-ms="497" status="PASS">
          <reporter-output>
          </reporter-output>
        </test-method> <!-- preVerifySynopsis -->
        <test-method signature="playPrimeVideo_New()[pri:0, instance:com.fliplearn.flipapp.testcases.PrimeResources@27406a17]" started-at="2019-11-19T07:33:10Z" name="playPrimeVideo_New" finished-at="2019-11-19T07:33:54Z" duration-ms="44458" status="PASS">
          <reporter-output>
          </reporter-output>
        </test-method> <!-- playPrimeVideo_New -->
        <test-method is-config="true" signature="getResult()[pri:0, instance:com.fliplearn.flipapp.testcases.PrimeResources@27406a17]" started-at="2019-11-19T07:33:55Z" name="getResult" finished-at="2019-11-19T07:33:55Z" duration-ms="801" status="PASS">
          <reporter-output>
          </reporter-output>
        </test-method> <!-- getResult -->
        <test-method is-config="true" signature="aftSuite()[pri:0, instance:com.fliplearn.flipapp.testcases.PrimeResources@27406a17]" started-at="2019-11-19T07:33:56Z" name="aftSuite" finished-at="2019-11-19T07:33:56Z" duration-ms="1" status="PASS">
          <reporter-output>
          </reporter-output>
        </test-method> <!-- aftSuite -->
      </class> <!-- com.fliplearn.flipapp.testcases.PrimeResources -->
    </test> <!-- Event(failed)(failed)(failed)(failed)(failed)(failed) -->
  </suite> <!-- Failed suite [Failed suite [Failed suite [Failed suite [Failed suite [Failed suite [suite of suites]]]]]] -->
</testng-results>
