<?xml version="1.0" encoding="UTF-8"?>
<testng-results ignored="5" total="9" passed="4" failed="0" skipped="0">
  <reporter-output>
  </reporter-output>
  <suite started-at="2019-11-14T12:59:34Z" name="suite of suites" finished-at="2019-11-14T13:01:40Z" duration-ms="125894">
    <groups>
    </groups>
    <test started-at="2019-11-14T12:59:34Z" name="Event" finished-at="2019-11-14T13:01:40Z" duration-ms="125894">
      <class name="com.fliplearn.flipapp.testcases.PrimePurchaseFlow">
        <test-method is-config="true" signature="befo(org.testng.ITestContext)[pri:0, instance:com.fliplearn.flipapp.testcases.PrimePurchaseFlow@32eff876]" started-at="2019-11-14T12:59:34Z" name="befo" finished-at="2019-11-14T12:59:37Z" duration-ms="3123" status="PASS">
          <params>
            <param index="0">
              <value>
                <![CDATA[org.testng.TestRunner@da28d03]]>
              </value>
            </param>
          </params>
          <reporter-output>
          </reporter-output>
        </test-method> <!-- befo -->
        <test-method is-config="true" signature="preVerifyPrimePurchaseFlow()[pri:0, instance:com.fliplearn.flipapp.testcases.PrimePurchaseFlow@32eff876]" started-at="2019-11-14T12:59:37Z" name="preVerifyPrimePurchaseFlow" finished-at="2019-11-14T12:59:38Z" duration-ms="365" status="PASS">
          <reporter-output>
          </reporter-output>
        </test-method> <!-- preVerifyPrimePurchaseFlow -->
        <test-method signature="verifyCouponApplyAndRemove(java.lang.String)[pri:0, instance:com.fliplearn.flipapp.testcases.PrimePurchaseFlow@32eff876]" started-at="2019-11-14T12:59:38Z" name="verifyCouponApplyAndRemove" data-provider="allusers_old" finished-at="2019-11-14T13:00:07Z" duration-ms="29218" status="PASS">
          <params>
            <param index="0">
              <value>
                <![CDATA[Admin]]>
              </value>
            </param>
          </params>
          <reporter-output>
          </reporter-output>
        </test-method> <!-- verifyCouponApplyAndRemove -->
        <test-method is-config="true" signature="getResult()[pri:0, instance:com.fliplearn.flipapp.testcases.PrimePurchaseFlow@32eff876]" started-at="2019-11-14T13:00:07Z" name="getResult" finished-at="2019-11-14T13:00:08Z" duration-ms="151" status="PASS">
          <reporter-output>
          </reporter-output>
        </test-method> <!-- getResult -->
        <test-method is-config="true" signature="befo(org.testng.ITestContext)[pri:0, instance:com.fliplearn.flipapp.testcases.PrimePurchaseFlow@32eff876]" started-at="2019-11-14T13:00:08Z" name="befo" finished-at="2019-11-14T13:00:10Z" duration-ms="2107" status="PASS">
          <params>
            <param index="0">
              <value>
                <![CDATA[org.testng.TestRunner@da28d03]]>
              </value>
            </param>
          </params>
          <reporter-output>
          </reporter-output>
        </test-method> <!-- befo -->
        <test-method is-config="true" signature="preVerifyPrimePurchaseFlow()[pri:0, instance:com.fliplearn.flipapp.testcases.PrimePurchaseFlow@32eff876]" started-at="2019-11-14T13:00:10Z" name="preVerifyPrimePurchaseFlow" finished-at="2019-11-14T13:00:10Z" duration-ms="28" status="PASS">
          <reporter-output>
          </reporter-output>
        </test-method> <!-- preVerifyPrimePurchaseFlow -->
        <test-method signature="verifyCouponApplyAndRemove(java.lang.String)[pri:0, instance:com.fliplearn.flipapp.testcases.PrimePurchaseFlow@32eff876]" started-at="2019-11-14T13:00:10Z" name="verifyCouponApplyAndRemove" data-provider="allusers_old" finished-at="2019-11-14T13:00:38Z" duration-ms="28614" status="PASS">
          <params>
            <param index="0">
              <value>
                <![CDATA[Principal]]>
              </value>
            </param>
          </params>
          <reporter-output>
          </reporter-output>
        </test-method> <!-- verifyCouponApplyAndRemove -->
        <test-method is-config="true" signature="getResult()[pri:0, instance:com.fliplearn.flipapp.testcases.PrimePurchaseFlow@32eff876]" started-at="2019-11-14T13:00:39Z" name="getResult" finished-at="2019-11-14T13:00:39Z" duration-ms="147" status="PASS">
          <reporter-output>
          </reporter-output>
        </test-method> <!-- getResult -->
        <test-method is-config="true" signature="befo(org.testng.ITestContext)[pri:0, instance:com.fliplearn.flipapp.testcases.PrimePurchaseFlow@32eff876]" started-at="2019-11-14T13:00:39Z" name="befo" finished-at="2019-11-14T13:00:41Z" duration-ms="2193" status="PASS">
          <params>
            <param index="0">
              <value>
                <![CDATA[org.testng.TestRunner@da28d03]]>
              </value>
            </param>
          </params>
          <reporter-output>
          </reporter-output>
        </test-method> <!-- befo -->
        <test-method is-config="true" signature="preVerifyPrimePurchaseFlow()[pri:0, instance:com.fliplearn.flipapp.testcases.PrimePurchaseFlow@32eff876]" started-at="2019-11-14T13:00:41Z" name="preVerifyPrimePurchaseFlow" finished-at="2019-11-14T13:00:41Z" duration-ms="9" status="PASS">
          <reporter-output>
          </reporter-output>
        </test-method> <!-- preVerifyPrimePurchaseFlow -->
        <test-method signature="verifyCouponApplyAndRemove(java.lang.String)[pri:0, instance:com.fliplearn.flipapp.testcases.PrimePurchaseFlow@32eff876]" started-at="2019-11-14T13:00:41Z" name="verifyCouponApplyAndRemove" data-provider="allusers_old" finished-at="2019-11-14T13:01:10Z" duration-ms="28622" status="PASS">
          <params>
            <param index="0">
              <value>
                <![CDATA[Teacher]]>
              </value>
            </param>
          </params>
          <reporter-output>
          </reporter-output>
        </test-method> <!-- verifyCouponApplyAndRemove -->
        <test-method is-config="true" signature="getResult()[pri:0, instance:com.fliplearn.flipapp.testcases.PrimePurchaseFlow@32eff876]" started-at="2019-11-14T13:01:10Z" name="getResult" finished-at="2019-11-14T13:01:11Z" duration-ms="157" status="PASS">
          <reporter-output>
          </reporter-output>
        </test-method> <!-- getResult -->
        <test-method is-config="true" signature="befo(org.testng.ITestContext)[pri:0, instance:com.fliplearn.flipapp.testcases.PrimePurchaseFlow@32eff876]" started-at="2019-11-14T13:01:11Z" name="befo" finished-at="2019-11-14T13:01:13Z" duration-ms="2201" status="PASS">
          <params>
            <param index="0">
              <value>
                <![CDATA[org.testng.TestRunner@da28d03]]>
              </value>
            </param>
          </params>
          <reporter-output>
          </reporter-output>
        </test-method> <!-- befo -->
        <test-method is-config="true" signature="preVerifyPrimePurchaseFlow()[pri:0, instance:com.fliplearn.flipapp.testcases.PrimePurchaseFlow@32eff876]" started-at="2019-11-14T13:01:13Z" name="preVerifyPrimePurchaseFlow" finished-at="2019-11-14T13:01:13Z" duration-ms="13" status="PASS">
          <reporter-output>
          </reporter-output>
        </test-method> <!-- preVerifyPrimePurchaseFlow -->
        <test-method signature="verifyCouponApplyAndRemove(java.lang.String)[pri:0, instance:com.fliplearn.flipapp.testcases.PrimePurchaseFlow@32eff876]" started-at="2019-11-14T13:01:13Z" name="verifyCouponApplyAndRemove" data-provider="allusers_old" finished-at="2019-11-14T13:01:40Z" duration-ms="26764" status="PASS">
          <params>
            <param index="0">
              <value>
                <![CDATA[Parent]]>
              </value>
            </param>
          </params>
          <reporter-output>
          </reporter-output>
        </test-method> <!-- verifyCouponApplyAndRemove -->
        <test-method is-config="true" signature="getResult()[pri:0, instance:com.fliplearn.flipapp.testcases.PrimePurchaseFlow@32eff876]" started-at="2019-11-14T13:01:40Z" name="getResult" finished-at="2019-11-14T13:01:40Z" duration-ms="152" status="PASS">
          <reporter-output>
          </reporter-output>
        </test-method> <!-- getResult -->
        <test-method is-config="true" signature="aftSuite()[pri:0, instance:com.fliplearn.flipapp.testcases.PrimePurchaseFlow@32eff876]" started-at="2019-11-14T13:01:41Z" name="aftSuite" finished-at="2019-11-14T13:01:41Z" duration-ms="0" status="PASS">
          <reporter-output>
          </reporter-output>
        </test-method> <!-- aftSuite -->
      </class> <!-- com.fliplearn.flipapp.testcases.PrimePurchaseFlow -->
    </test> <!-- Event -->
  </suite> <!-- suite of suites -->
</testng-results>
