<?xml version="1.0" encoding="UTF-8"?>
<testng-results ignored="0" total="1" passed="1" failed="0" skipped="0">
  <reporter-output>
  </reporter-output>
  <suite started-at="2019-07-29T05:41:17Z" name="Default suite" finished-at="2019-07-29T05:41:20Z" duration-ms="3050">
    <groups>
    </groups>
    <test started-at="2019-07-29T05:41:17Z" name="Default test" finished-at="2019-07-29T05:41:20Z" duration-ms="3050">
      <class name="com.fliplearn.flipapp.api.PquizApi">
        <test-method signature="quizChallengeDetails()[pri:0, instance:com.fliplearn.flipapp.api.PquizApi@4cc8eb05]" started-at="2019-07-29T05:41:17Z" name="quizChallengeDetails" finished-at="2019-07-29T05:41:20Z" duration-ms="3014" status="PASS">
          <reporter-output>
          </reporter-output>
        </test-method> <!-- quizChallengeDetails -->
      </class> <!-- com.fliplearn.flipapp.api.PquizApi -->
    </test> <!-- Default test -->
  </suite> <!-- Default suite -->
</testng-results>
