<?xml version="1.0" encoding="UTF-8"?>
<testng-results ignored="7" total="10" passed="3" failed="0" skipped="0">
  <reporter-output>
  </reporter-output>
  <suite started-at="2018-12-11T18:24:17Z" name="Fliplearn Automation Suite" finished-at="2018-12-11T18:25:25Z" duration-ms="67849">
    <groups>
    </groups>
    <test started-at="2018-12-11T18:24:17Z" name="Quiz" finished-at="2018-12-11T18:25:25Z" duration-ms="67849">
      <class name="com.fliplearn.flipapp.testcases.PrimeResources">
        <test-method is-config="true" signature="befo(org.testng.ITestContext)[pri:0, instance:com.fliplearn.flipapp.testcases.PrimeResources@1040be71]" started-at="2018-12-11T18:24:18Z" name="befo" finished-at="2018-12-11T18:24:22Z" duration-ms="4981" status="PASS">
          <params>
            <param index="0">
              <value>
                <![CDATA[org.testng.TestRunner@3b5a19ed]]>
              </value>
            </param>
          </params>
          <reporter-output>
          </reporter-output>
        </test-method> <!-- befo -->
        <test-method is-config="true" signature="preVerifySynopsis()[pri:0, instance:com.fliplearn.flipapp.testcases.PrimeResources@1040be71]" started-at="2018-12-11T18:24:22Z" name="preVerifySynopsis" finished-at="2018-12-11T18:24:23Z" duration-ms="295" status="PASS">
          <reporter-output>
          </reporter-output>
        </test-method> <!-- preVerifySynopsis -->
        <test-method signature="verifyTopicSynopsisStudent(java.lang.String)[pri:0, instance:com.fliplearn.flipapp.testcases.PrimeResources@1040be71]" started-at="2018-12-11T18:24:23Z" name="verifyTopicSynopsisStudent" data-provider="group3" finished-at="2018-12-11T18:24:41Z" duration-ms="18201" status="PASS">
          <params>
            <param index="0">
              <value>
                <![CDATA[Parent]]>
              </value>
            </param>
          </params>
          <reporter-output>
          </reporter-output>
        </test-method> <!-- verifyTopicSynopsisStudent -->
        <test-method is-config="true" signature="getResult()[pri:0, instance:com.fliplearn.flipapp.testcases.PrimeResources@1040be71]" started-at="2018-12-11T18:24:41Z" name="getResult" finished-at="2018-12-11T18:24:41Z" duration-ms="93" status="PASS">
          <reporter-output>
          </reporter-output>
        </test-method> <!-- getResult -->
        <test-method is-config="true" signature="befo(org.testng.ITestContext)[pri:0, instance:com.fliplearn.flipapp.testcases.PrimeResources@1040be71]" started-at="2018-12-11T18:24:41Z" name="befo" finished-at="2018-12-11T18:24:46Z" duration-ms="5025" status="PASS">
          <params>
            <param index="0">
              <value>
                <![CDATA[org.testng.TestRunner@3b5a19ed]]>
              </value>
            </param>
          </params>
          <reporter-output>
          </reporter-output>
        </test-method> <!-- befo -->
        <test-method is-config="true" signature="preVerifySynopsis()[pri:0, instance:com.fliplearn.flipapp.testcases.PrimeResources@1040be71]" started-at="2018-12-11T18:24:46Z" name="preVerifySynopsis" finished-at="2018-12-11T18:24:46Z" duration-ms="17" status="PASS">
          <reporter-output>
          </reporter-output>
        </test-method> <!-- preVerifySynopsis -->
        <test-method signature="verifyTopicSynopsisStudent(java.lang.String)[pri:0, instance:com.fliplearn.flipapp.testcases.PrimeResources@1040be71]" started-at="2018-12-11T18:24:46Z" name="verifyTopicSynopsisStudent" data-provider="group3" finished-at="2018-12-11T18:25:07Z" duration-ms="20633" status="PASS">
          <params>
            <param index="0">
              <value>
                <![CDATA[Student]]>
              </value>
            </param>
          </params>
          <reporter-output>
          </reporter-output>
        </test-method> <!-- verifyTopicSynopsisStudent -->
        <test-method is-config="true" signature="getResult()[pri:0, instance:com.fliplearn.flipapp.testcases.PrimeResources@1040be71]" started-at="2018-12-11T18:25:07Z" name="getResult" finished-at="2018-12-11T18:25:07Z" duration-ms="80" status="PASS">
          <reporter-output>
          </reporter-output>
        </test-method> <!-- getResult -->
        <test-method is-config="true" signature="befo(org.testng.ITestContext)[pri:0, instance:com.fliplearn.flipapp.testcases.PrimeResources@1040be71]" started-at="2018-12-11T18:25:07Z" name="befo" finished-at="2018-12-11T18:25:10Z" duration-ms="3201" status="PASS">
          <params>
            <param index="0">
              <value>
                <![CDATA[org.testng.TestRunner@3b5a19ed]]>
              </value>
            </param>
          </params>
          <reporter-output>
          </reporter-output>
        </test-method> <!-- befo -->
        <test-method is-config="true" signature="preVerifySynopsis()[pri:0, instance:com.fliplearn.flipapp.testcases.PrimeResources@1040be71]" started-at="2018-12-11T18:25:10Z" name="preVerifySynopsis" finished-at="2018-12-11T18:25:10Z" duration-ms="27" status="PASS">
          <reporter-output>
          </reporter-output>
        </test-method> <!-- preVerifySynopsis -->
        <test-method signature="verifyTopicSynopsisStudent(java.lang.String)[pri:0, instance:com.fliplearn.flipapp.testcases.PrimeResources@1040be71]" started-at="2018-12-11T18:25:10Z" name="verifyTopicSynopsisStudent" data-provider="group3" finished-at="2018-12-11T18:25:25Z" duration-ms="14811" status="PASS">
          <params>
            <param index="0">
              <value>
                <![CDATA[Guest]]>
              </value>
            </param>
          </params>
          <reporter-output>
          </reporter-output>
        </test-method> <!-- verifyTopicSynopsisStudent -->
        <test-method is-config="true" signature="getResult()[pri:0, instance:com.fliplearn.flipapp.testcases.PrimeResources@1040be71]" started-at="2018-12-11T18:25:25Z" name="getResult" finished-at="2018-12-11T18:25:25Z" duration-ms="77" status="PASS">
          <reporter-output>
          </reporter-output>
        </test-method> <!-- getResult -->
        <test-method is-config="true" signature="aftSuite()[pri:0, instance:com.fliplearn.flipapp.testcases.PrimeResources@1040be71]" started-at="2018-12-11T18:25:26Z" name="aftSuite" finished-at="2018-12-11T18:25:26Z" duration-ms="1" status="PASS">
          <reporter-output>
          </reporter-output>
        </test-method> <!-- aftSuite -->
      </class> <!-- com.fliplearn.flipapp.testcases.PrimeResources -->
    </test> <!-- Quiz -->
  </suite> <!-- Fliplearn Automation Suite -->
</testng-results>
