<?xml version="1.0" encoding="UTF-8"?>
<testng-results ignored="2" total="6" passed="3" failed="1" skipped="0">
  <reporter-output>
  </reporter-output>
  <suite started-at="2019-05-03T06:32:55Z" name="Fliplearn Automation Suite" finished-at="2019-05-03T06:35:32Z" duration-ms="157022">
    <groups>
    </groups>
    <test started-at="2019-05-03T06:32:55Z" name="Onboarding" finished-at="2019-05-03T06:35:32Z" duration-ms="157022">
      <class name="com.fliplearn.flipapp.testcases.PrimePurchaseFlow">
        <test-method is-config="true" signature="befo(org.testng.ITestContext)[pri:0, instance:com.fliplearn.flipapp.testcases.PrimePurchaseFlow@69e153c5]" started-at="2019-05-03T06:32:55Z" name="befo" finished-at="2019-05-03T06:32:59Z" duration-ms="3754" status="PASS">
          <params>
            <param index="0">
              <value>
                <![CDATA[org.testng.TestRunner@23a918c7]]>
              </value>
            </param>
          </params>
          <reporter-output>
          </reporter-output>
        </test-method> <!-- befo -->
        <test-method is-config="true" signature="preVerifyPrimePurchaseFlow()[pri:0, instance:com.fliplearn.flipapp.testcases.PrimePurchaseFlow@69e153c5]" started-at="2019-05-03T06:32:59Z" name="preVerifyPrimePurchaseFlow" finished-at="2019-05-03T06:32:59Z" duration-ms="298" status="PASS">
          <reporter-output>
          </reporter-output>
        </test-method> <!-- preVerifyPrimePurchaseFlow -->
        <test-method signature="verifyPrimePurchaseFlowWithDiscountCoupon(java.lang.String)[pri:0, instance:com.fliplearn.flipapp.testcases.PrimePurchaseFlow@69e153c5]" started-at="2019-05-03T06:32:59Z" name="verifyPrimePurchaseFlowWithDiscountCoupon" data-provider="allusers_old" finished-at="2019-05-03T06:33:29Z" duration-ms="30448" status="PASS">
          <params>
            <param index="0">
              <value>
                <![CDATA[Admin]]>
              </value>
            </param>
          </params>
          <reporter-output>
          </reporter-output>
        </test-method> <!-- verifyPrimePurchaseFlowWithDiscountCoupon -->
        <test-method is-config="true" signature="getResult()[pri:0, instance:com.fliplearn.flipapp.testcases.PrimePurchaseFlow@69e153c5]" started-at="2019-05-03T06:33:30Z" name="getResult" finished-at="2019-05-03T06:33:30Z" duration-ms="85" status="PASS">
          <reporter-output>
          </reporter-output>
        </test-method> <!-- getResult -->
        <test-method is-config="true" signature="befo(org.testng.ITestContext)[pri:0, instance:com.fliplearn.flipapp.testcases.PrimePurchaseFlow@69e153c5]" started-at="2019-05-03T06:33:30Z" name="befo" finished-at="2019-05-03T06:33:33Z" duration-ms="2660" status="PASS">
          <params>
            <param index="0">
              <value>
                <![CDATA[org.testng.TestRunner@23a918c7]]>
              </value>
            </param>
          </params>
          <reporter-output>
          </reporter-output>
        </test-method> <!-- befo -->
        <test-method is-config="true" signature="preVerifyPrimePurchaseFlow()[pri:0, instance:com.fliplearn.flipapp.testcases.PrimePurchaseFlow@69e153c5]" started-at="2019-05-03T06:33:33Z" name="preVerifyPrimePurchaseFlow" finished-at="2019-05-03T06:33:33Z" duration-ms="11" status="PASS">
          <reporter-output>
          </reporter-output>
        </test-method> <!-- preVerifyPrimePurchaseFlow -->
        <test-method signature="verifyPrimePurchaseFlowWithDiscountCoupon(java.lang.String)[pri:0, instance:com.fliplearn.flipapp.testcases.PrimePurchaseFlow@69e153c5]" started-at="2019-05-03T06:33:33Z" name="verifyPrimePurchaseFlowWithDiscountCoupon" data-provider="allusers_old" finished-at="2019-05-03T06:34:04Z" duration-ms="31624" status="PASS">
          <params>
            <param index="0">
              <value>
                <![CDATA[Principal]]>
              </value>
            </param>
          </params>
          <reporter-output>
          </reporter-output>
        </test-method> <!-- verifyPrimePurchaseFlowWithDiscountCoupon -->
        <test-method is-config="true" signature="getResult()[pri:0, instance:com.fliplearn.flipapp.testcases.PrimePurchaseFlow@69e153c5]" started-at="2019-05-03T06:34:04Z" name="getResult" finished-at="2019-05-03T06:34:05Z" duration-ms="89" status="PASS">
          <reporter-output>
          </reporter-output>
        </test-method> <!-- getResult -->
        <test-method is-config="true" signature="befo(org.testng.ITestContext)[pri:0, instance:com.fliplearn.flipapp.testcases.PrimePurchaseFlow@69e153c5]" started-at="2019-05-03T06:34:05Z" name="befo" finished-at="2019-05-03T06:34:07Z" duration-ms="2933" status="PASS">
          <params>
            <param index="0">
              <value>
                <![CDATA[org.testng.TestRunner@23a918c7]]>
              </value>
            </param>
          </params>
          <reporter-output>
          </reporter-output>
        </test-method> <!-- befo -->
        <test-method is-config="true" signature="preVerifyPrimePurchaseFlow()[pri:0, instance:com.fliplearn.flipapp.testcases.PrimePurchaseFlow@69e153c5]" started-at="2019-05-03T06:34:07Z" name="preVerifyPrimePurchaseFlow" finished-at="2019-05-03T06:34:07Z" duration-ms="12" status="PASS">
          <reporter-output>
          </reporter-output>
        </test-method> <!-- preVerifyPrimePurchaseFlow -->
        <test-method signature="verifyPrimePurchaseFlowWithDiscountCoupon(java.lang.String)[pri:0, instance:com.fliplearn.flipapp.testcases.PrimePurchaseFlow@69e153c5]" started-at="2019-05-03T06:34:07Z" name="verifyPrimePurchaseFlowWithDiscountCoupon" data-provider="allusers_old" finished-at="2019-05-03T06:34:39Z" duration-ms="31024" status="PASS">
          <params>
            <param index="0">
              <value>
                <![CDATA[Teacher]]>
              </value>
            </param>
          </params>
          <reporter-output>
          </reporter-output>
        </test-method> <!-- verifyPrimePurchaseFlowWithDiscountCoupon -->
        <test-method is-config="true" signature="getResult()[pri:0, instance:com.fliplearn.flipapp.testcases.PrimePurchaseFlow@69e153c5]" started-at="2019-05-03T06:34:39Z" name="getResult" finished-at="2019-05-03T06:34:39Z" duration-ms="85" status="PASS">
          <reporter-output>
          </reporter-output>
        </test-method> <!-- getResult -->
        <test-method is-config="true" signature="befo(org.testng.ITestContext)[pri:0, instance:com.fliplearn.flipapp.testcases.PrimePurchaseFlow@69e153c5]" started-at="2019-05-03T06:34:39Z" name="befo" finished-at="2019-05-03T06:34:49Z" duration-ms="10708" status="PASS">
          <params>
            <param index="0">
              <value>
                <![CDATA[org.testng.TestRunner@23a918c7]]>
              </value>
            </param>
          </params>
          <reporter-output>
          </reporter-output>
        </test-method> <!-- befo -->
        <test-method is-config="true" signature="preVerifyPrimePurchaseFlow()[pri:0, instance:com.fliplearn.flipapp.testcases.PrimePurchaseFlow@69e153c5]" started-at="2019-05-03T06:34:49Z" name="preVerifyPrimePurchaseFlow" finished-at="2019-05-03T06:34:50Z" duration-ms="13" status="PASS">
          <reporter-output>
          </reporter-output>
        </test-method> <!-- preVerifyPrimePurchaseFlow -->
        <test-method signature="verifyPrimePurchaseFlowWithDiscountCoupon(java.lang.String)[pri:0, instance:com.fliplearn.flipapp.testcases.PrimePurchaseFlow@69e153c5]" started-at="2019-05-03T06:34:50Z" name="verifyPrimePurchaseFlowWithDiscountCoupon" data-provider="allusers_old" finished-at="2019-05-03T06:35:32Z" duration-ms="42226" status="FAIL">
          <params>
            <param index="0">
              <value>
                <![CDATA[Parent]]>
              </value>
            </param>
          </params>
          <exception class="org.openqa.selenium.NoSuchElementException">
            <message>
              <![CDATA[no such element: Unable to locate element: {"method":"xpath","selector":"//h3[text()='Biology']"}
  (Session info: chrome=73.0.3683.103)
  (Driver info: chromedriver=73.0.3683.68 (47787ec04b6e38e22703e856e101e840b65afe72),platform=Linux 4.4.0-145-generic x86_64) (WARNING: The server did not provide any stacktrace information)
Command duration or timeout: 0 milliseconds
For documentation on this error, please visit: https://www.seleniumhq.org/exceptions/no_such_element.html
Build info: version: '3.141.59', revision: 'e82be7d358', time: '2018-11-14T08:17:03'
System info: host: 'linuxize', ip: '127.0.0.1', os.name: 'Linux', os.arch: 'amd64', os.version: '4.4.0-145-generic', java.version: '10.0.2'
Driver info: org.openqa.selenium.chrome.ChromeDriver
Capabilities {acceptInsecureCerts: false, acceptSslCerts: false, applicationCacheEnabled: false, browserConnectionEnabled: false, browserName: chrome, chrome: {chromedriverVersion: 73.0.3683.68 (47787ec04b6e3..., userDataDir: /tmp/.com.google.Chrome.5fzRAL}, cssSelectorsEnabled: true, databaseEnabled: false, goog:chromeOptions: {debuggerAddress: localhost:44816}, handlesAlerts: true, hasTouchScreen: false, javascriptEnabled: true, locationContextEnabled: true, mobileEmulationEnabled: false, nativeEvents: true, networkConnectionEnabled: false, pageLoadStrategy: normal, platform: LINUX, platformName: LINUX, proxy: Proxy(), rotatable: false, setWindowRect: true, strictFileInteractability: false, takesHeapSnapshot: true, takesScreenshot: true, timeouts: {implicit: 0, pageLoad: 300000, script: 30000}, unexpectedAlertBehaviour: ignore, unhandledPromptBehavior: ignore, version: 73.0.3683.103, webStorageEnabled: true}
Session ID: d09d832d0b6b8f15dbb2c6b284ec076e
*** Element info: {Using=xpath, value=//h3[text()='Biology']}]]>
            </message>
            <full-stacktrace>
              <![CDATA[org.openqa.selenium.NoSuchElementException: no such element: Unable to locate element: {"method":"xpath","selector":"//h3[text()='Biology']"}
  (Session info: chrome=73.0.3683.103)
  (Driver info: chromedriver=73.0.3683.68 (47787ec04b6e38e22703e856e101e840b65afe72),platform=Linux 4.4.0-145-generic x86_64) (WARNING: The server did not provide any stacktrace information)
Command duration or timeout: 0 milliseconds
For documentation on this error, please visit: https://www.seleniumhq.org/exceptions/no_such_element.html
Build info: version: '3.141.59', revision: 'e82be7d358', time: '2018-11-14T08:17:03'
System info: host: 'linuxize', ip: '127.0.0.1', os.name: 'Linux', os.arch: 'amd64', os.version: '4.4.0-145-generic', java.version: '10.0.2'
Driver info: org.openqa.selenium.chrome.ChromeDriver
Capabilities {acceptInsecureCerts: false, acceptSslCerts: false, applicationCacheEnabled: false, browserConnectionEnabled: false, browserName: chrome, chrome: {chromedriverVersion: 73.0.3683.68 (47787ec04b6e3..., userDataDir: /tmp/.com.google.Chrome.5fzRAL}, cssSelectorsEnabled: true, databaseEnabled: false, goog:chromeOptions: {debuggerAddress: localhost:44816}, handlesAlerts: true, hasTouchScreen: false, javascriptEnabled: true, locationContextEnabled: true, mobileEmulationEnabled: false, nativeEvents: true, networkConnectionEnabled: false, pageLoadStrategy: normal, platform: LINUX, platformName: LINUX, proxy: Proxy(), rotatable: false, setWindowRect: true, strictFileInteractability: false, takesHeapSnapshot: true, takesScreenshot: true, timeouts: {implicit: 0, pageLoad: 300000, script: 30000}, unexpectedAlertBehaviour: ignore, unhandledPromptBehavior: ignore, version: 73.0.3683.103, webStorageEnabled: true}
Session ID: d09d832d0b6b8f15dbb2c6b284ec076e
*** Element info: {Using=xpath, value=//h3[text()='Biology']}
at java.base/jdk.internal.reflect.NativeConstructorAccessorImpl.newInstance0(Native Method)
at java.base/jdk.internal.reflect.NativeConstructorAccessorImpl.newInstance(NativeConstructorAccessorImpl.java:62)
at java.base/jdk.internal.reflect.DelegatingConstructorAccessorImpl.newInstance(DelegatingConstructorAccessorImpl.java:45)
at java.base/java.lang.reflect.Constructor.newInstance(Constructor.java:488)
at org.openqa.selenium.remote.ErrorHandler.createThrowable(ErrorHandler.java:214)
at org.openqa.selenium.remote.ErrorHandler.throwIfResponseFailed(ErrorHandler.java:166)
at org.openqa.selenium.remote.http.JsonHttpResponseCodec.reconstructValue(JsonHttpResponseCodec.java:40)
at org.openqa.selenium.remote.http.AbstractHttpResponseCodec.decode(AbstractHttpResponseCodec.java:80)
at org.openqa.selenium.remote.http.AbstractHttpResponseCodec.decode(AbstractHttpResponseCodec.java:44)
at org.openqa.selenium.remote.HttpCommandExecutor.execute(HttpCommandExecutor.java:158)
at org.openqa.selenium.remote.service.DriverCommandExecutor.execute(DriverCommandExecutor.java:83)
at org.openqa.selenium.remote.RemoteWebDriver.execute(RemoteWebDriver.java:552)
at org.openqa.selenium.remote.RemoteWebDriver.findElement(RemoteWebDriver.java:323)
at org.openqa.selenium.remote.RemoteWebDriver.findElementByXPath(RemoteWebDriver.java:428)
at org.openqa.selenium.By$ByXPath.findElement(By.java:353)
at org.openqa.selenium.remote.RemoteWebDriver.findElement(RemoteWebDriver.java:315)
at com.fliplearn.flipapp.pagemodules.PrimeSubjectModule.clickOnSubject(PrimeSubjectModule.java:42)
at com.fliplearn.flipapp.testcases.PrimePurchaseFlow.verifyPrimePurchaseFlowWithDiscountCoupon(PrimePurchaseFlow.java:209)
at java.base/jdk.internal.reflect.NativeMethodAccessorImpl.invoke0(Native Method)
at java.base/jdk.internal.reflect.NativeMethodAccessorImpl.invoke(NativeMethodAccessorImpl.java:62)
at java.base/jdk.internal.reflect.DelegatingMethodAccessorImpl.invoke(DelegatingMethodAccessorImpl.java:43)
at java.base/java.lang.reflect.Method.invoke(Method.java:564)
at org.testng.internal.MethodInvocationHelper.invokeMethod(MethodInvocationHelper.java:124)
at org.testng.internal.Invoker.invokeMethod(Invoker.java:583)
at org.testng.internal.Invoker.invokeTestMethod(Invoker.java:719)
at org.testng.internal.Invoker.invokeTestMethods(Invoker.java:989)
at org.testng.internal.TestMethodWorker.invokeTestMethods(TestMethodWorker.java:125)
at org.testng.internal.TestMethodWorker.run(TestMethodWorker.java:109)
at org.testng.TestRunner.privateRun(TestRunner.java:648)
at org.testng.TestRunner.run(TestRunner.java:505)
at org.testng.SuiteRunner.runTest(SuiteRunner.java:455)
at org.testng.SuiteRunner.runSequentially(SuiteRunner.java:450)
at org.testng.SuiteRunner.privateRun(SuiteRunner.java:415)
at org.testng.SuiteRunner.run(SuiteRunner.java:364)
at org.testng.SuiteRunnerWorker.runSuite(SuiteRunnerWorker.java:52)
at org.testng.SuiteRunnerWorker.run(SuiteRunnerWorker.java:84)
at org.testng.TestNG.runSuitesSequentially(TestNG.java:1208)
at org.testng.TestNG.runSuitesLocally(TestNG.java:1137)
at org.testng.TestNG.runSuites(TestNG.java:1049)
at org.testng.TestNG.run(TestNG.java:1017)
at org.testng.remote.AbstractRemoteTestNG.run(AbstractRemoteTestNG.java:114)
at org.testng.remote.RemoteTestNG.initAndRun(RemoteTestNG.java:251)
at org.testng.remote.RemoteTestNG.main(RemoteTestNG.java:77)
]]>
            </full-stacktrace>
          </exception> <!-- org.openqa.selenium.NoSuchElementException -->
          <reporter-output>
          </reporter-output>
        </test-method> <!-- verifyPrimePurchaseFlowWithDiscountCoupon -->
        <test-method is-config="true" signature="getResult()[pri:0, instance:com.fliplearn.flipapp.testcases.PrimePurchaseFlow@69e153c5]" started-at="2019-05-03T06:35:32Z" name="getResult" finished-at="2019-05-03T06:35:32Z" duration-ms="75" status="PASS">
          <reporter-output>
          </reporter-output>
        </test-method> <!-- getResult -->
        <test-method is-config="true" signature="aftSuite()[pri:0, instance:com.fliplearn.flipapp.testcases.PrimePurchaseFlow@69e153c5]" started-at="2019-05-03T06:35:33Z" name="aftSuite" finished-at="2019-05-03T06:35:33Z" duration-ms="0" status="PASS">
          <reporter-output>
          </reporter-output>
        </test-method> <!-- aftSuite -->
      </class> <!-- com.fliplearn.flipapp.testcases.PrimePurchaseFlow -->
    </test> <!-- Onboarding -->
  </suite> <!-- Fliplearn Automation Suite -->
</testng-results>
