<?xml version="1.0" encoding="UTF-8"?>
<testng-results ignored="0" total="5" passed="5" failed="0" skipped="0">
  <reporter-output>
  </reporter-output>
  <suite started-at="2018-10-31T20:59:57Z" name="Fliplearn Automation Suite" finished-at="2018-10-31T21:03:32Z" duration-ms="215101">
    <groups>
    </groups>
    <test started-at="2018-10-31T20:59:57Z" name="PrimeContent" finished-at="2018-10-31T21:03:32Z" duration-ms="215101">
      <class name="com.fliplearn.flipapp.testcases.PrimeVideo">
        <test-method is-config="true" signature="befo(org.testng.ITestContext)[pri:0, instance:com.fliplearn.flipapp.testcases.PrimeVideo@1a245833]" started-at="2018-10-31T20:59:57Z" name="befo" finished-at="2018-10-31T21:00:03Z" duration-ms="6503" status="PASS">
          <params>
            <param index="0">
              <value>
                <![CDATA[org.testng.TestRunner@3a589eed]]>
              </value>
            </param>
          </params>
          <reporter-output>
          </reporter-output>
        </test-method> <!-- befo -->
        <test-method is-config="true" signature="prePrimeVideo()[pri:0, instance:com.fliplearn.flipapp.testcases.PrimeVideo@1a245833]" started-at="2018-10-31T21:00:03Z" name="prePrimeVideo" finished-at="2018-10-31T21:00:04Z" duration-ms="231" status="PASS">
          <reporter-output>
          </reporter-output>
        </test-method> <!-- prePrimeVideo -->
        <test-method signature="playPrimeVideoSchool(java.lang.String)[pri:0, instance:com.fliplearn.flipapp.testcases.PrimeVideo@1a245833]" started-at="2018-10-31T21:00:04Z" name="playPrimeVideoSchool" data-provider="group2" finished-at="2018-10-31T21:00:41Z" duration-ms="37731" status="PASS">
          <params>
            <param index="0">
              <value>
                <![CDATA[Admin]]>
              </value>
            </param>
          </params>
          <reporter-output>
          </reporter-output>
        </test-method> <!-- playPrimeVideoSchool -->
        <test-method is-config="true" signature="getResult()[pri:0, instance:com.fliplearn.flipapp.testcases.PrimeVideo@1a245833]" started-at="2018-10-31T21:00:42Z" name="getResult" finished-at="2018-10-31T21:00:43Z" duration-ms="865" status="PASS">
          <reporter-output>
          </reporter-output>
        </test-method> <!-- getResult -->
        <test-method is-config="true" signature="befo(org.testng.ITestContext)[pri:0, instance:com.fliplearn.flipapp.testcases.PrimeVideo@1a245833]" started-at="2018-10-31T21:00:43Z" name="befo" finished-at="2018-10-31T21:00:52Z" duration-ms="8943" status="PASS">
          <params>
            <param index="0">
              <value>
                <![CDATA[org.testng.TestRunner@3a589eed]]>
              </value>
            </param>
          </params>
          <reporter-output>
          </reporter-output>
        </test-method> <!-- befo -->
        <test-method is-config="true" signature="prePrimeVideo()[pri:0, instance:com.fliplearn.flipapp.testcases.PrimeVideo@1a245833]" started-at="2018-10-31T21:00:52Z" name="prePrimeVideo" finished-at="2018-10-31T21:00:52Z" duration-ms="16" status="PASS">
          <reporter-output>
          </reporter-output>
        </test-method> <!-- prePrimeVideo -->
        <test-method signature="playPrimeVideoSchool(java.lang.String)[pri:0, instance:com.fliplearn.flipapp.testcases.PrimeVideo@1a245833]" started-at="2018-10-31T21:00:52Z" name="playPrimeVideoSchool" data-provider="group2" finished-at="2018-10-31T21:01:25Z" duration-ms="33679" status="PASS">
          <params>
            <param index="0">
              <value>
                <![CDATA[Principal]]>
              </value>
            </param>
          </params>
          <reporter-output>
          </reporter-output>
        </test-method> <!-- playPrimeVideoSchool -->
        <test-method is-config="true" signature="getResult()[pri:0, instance:com.fliplearn.flipapp.testcases.PrimeVideo@1a245833]" started-at="2018-10-31T21:01:26Z" name="getResult" finished-at="2018-10-31T21:01:27Z" duration-ms="924" status="PASS">
          <reporter-output>
          </reporter-output>
        </test-method> <!-- getResult -->
        <test-method is-config="true" signature="befo(org.testng.ITestContext)[pri:0, instance:com.fliplearn.flipapp.testcases.PrimeVideo@1a245833]" started-at="2018-10-31T21:01:27Z" name="befo" finished-at="2018-10-31T21:01:32Z" duration-ms="5652" status="PASS">
          <params>
            <param index="0">
              <value>
                <![CDATA[org.testng.TestRunner@3a589eed]]>
              </value>
            </param>
          </params>
          <reporter-output>
          </reporter-output>
        </test-method> <!-- befo -->
        <test-method is-config="true" signature="prePrimeVideo()[pri:0, instance:com.fliplearn.flipapp.testcases.PrimeVideo@1a245833]" started-at="2018-10-31T21:01:32Z" name="prePrimeVideo" finished-at="2018-10-31T21:01:32Z" duration-ms="16" status="PASS">
          <reporter-output>
          </reporter-output>
        </test-method> <!-- prePrimeVideo -->
        <test-method signature="playPrimeVideoSchool(java.lang.String)[pri:0, instance:com.fliplearn.flipapp.testcases.PrimeVideo@1a245833]" started-at="2018-10-31T21:01:32Z" name="playPrimeVideoSchool" data-provider="group2" finished-at="2018-10-31T21:02:09Z" duration-ms="36320" status="PASS">
          <params>
            <param index="0">
              <value>
                <![CDATA[Teacher]]>
              </value>
            </param>
          </params>
          <reporter-output>
          </reporter-output>
        </test-method> <!-- playPrimeVideoSchool -->
        <test-method is-config="true" signature="getResult()[pri:0, instance:com.fliplearn.flipapp.testcases.PrimeVideo@1a245833]" started-at="2018-10-31T21:02:09Z" name="getResult" finished-at="2018-10-31T21:02:10Z" duration-ms="888" status="PASS">
          <reporter-output>
          </reporter-output>
        </test-method> <!-- getResult -->
        <test-method is-config="true" signature="befo(org.testng.ITestContext)[pri:0, instance:com.fliplearn.flipapp.testcases.PrimeVideo@1a245833]" started-at="2018-10-31T21:02:10Z" name="befo" finished-at="2018-10-31T21:02:16Z" duration-ms="6361" status="PASS">
          <params>
            <param index="0">
              <value>
                <![CDATA[org.testng.TestRunner@3a589eed]]>
              </value>
            </param>
          </params>
          <reporter-output>
          </reporter-output>
        </test-method> <!-- befo -->
        <test-method is-config="true" signature="prePrimeVideo()[pri:0, instance:com.fliplearn.flipapp.testcases.PrimeVideo@1a245833]" started-at="2018-10-31T21:02:16Z" name="prePrimeVideo" finished-at="2018-10-31T21:02:16Z" duration-ms="19" status="PASS">
          <reporter-output>
          </reporter-output>
        </test-method> <!-- prePrimeVideo -->
        <test-method signature="playPrimeVideoStudent(java.lang.String)[pri:0, instance:com.fliplearn.flipapp.testcases.PrimeVideo@1a245833]" started-at="2018-10-31T21:02:16Z" name="playPrimeVideoStudent" data-provider="group3" finished-at="2018-10-31T21:02:49Z" duration-ms="32991" status="PASS">
          <params>
            <param index="0">
              <value>
                <![CDATA[Parent]]>
              </value>
            </param>
          </params>
          <reporter-output>
          </reporter-output>
        </test-method> <!-- playPrimeVideoStudent -->
        <test-method is-config="true" signature="getResult()[pri:0, instance:com.fliplearn.flipapp.testcases.PrimeVideo@1a245833]" started-at="2018-10-31T21:02:50Z" name="getResult" finished-at="2018-10-31T21:02:50Z" duration-ms="834" status="PASS">
          <reporter-output>
          </reporter-output>
        </test-method> <!-- getResult -->
        <test-method is-config="true" signature="befo(org.testng.ITestContext)[pri:0, instance:com.fliplearn.flipapp.testcases.PrimeVideo@1a245833]" started-at="2018-10-31T21:02:50Z" name="befo" finished-at="2018-10-31T21:02:56Z" duration-ms="5613" status="PASS">
          <params>
            <param index="0">
              <value>
                <![CDATA[org.testng.TestRunner@3a589eed]]>
              </value>
            </param>
          </params>
          <reporter-output>
          </reporter-output>
        </test-method> <!-- befo -->
        <test-method is-config="true" signature="prePrimeVideo()[pri:0, instance:com.fliplearn.flipapp.testcases.PrimeVideo@1a245833]" started-at="2018-10-31T21:02:56Z" name="prePrimeVideo" finished-at="2018-10-31T21:02:56Z" duration-ms="9" status="PASS">
          <reporter-output>
          </reporter-output>
        </test-method> <!-- prePrimeVideo -->
        <test-method signature="playPrimeVideoStudent(java.lang.String)[pri:0, instance:com.fliplearn.flipapp.testcases.PrimeVideo@1a245833]" started-at="2018-10-31T21:02:56Z" name="playPrimeVideoStudent" data-provider="group3" finished-at="2018-10-31T21:03:31Z" duration-ms="34731" status="PASS">
          <params>
            <param index="0">
              <value>
                <![CDATA[Student]]>
              </value>
            </param>
          </params>
          <reporter-output>
          </reporter-output>
        </test-method> <!-- playPrimeVideoStudent -->
        <test-method is-config="true" signature="getResult()[pri:0, instance:com.fliplearn.flipapp.testcases.PrimeVideo@1a245833]" started-at="2018-10-31T21:03:31Z" name="getResult" finished-at="2018-10-31T21:03:32Z" duration-ms="808" status="PASS">
          <reporter-output>
          </reporter-output>
        </test-method> <!-- getResult -->
        <test-method is-config="true" signature="aftSuite()[pri:0, instance:com.fliplearn.flipapp.testcases.PrimeVideo@1a245833]" started-at="2018-10-31T21:03:33Z" name="aftSuite" finished-at="2018-10-31T21:03:33Z" duration-ms="0" status="PASS">
          <reporter-output>
          </reporter-output>
        </test-method> <!-- aftSuite -->
      </class> <!-- com.fliplearn.flipapp.testcases.PrimeVideo -->
    </test> <!-- PrimeContent -->
  </suite> <!-- Fliplearn Automation Suite -->
</testng-results>
