<?xml version="1.0" encoding="UTF-8"?>
<testng-results ignored="5" total="6" passed="1" failed="0" skipped="0">
  <reporter-output>
  </reporter-output>
  <suite started-at="2019-11-07T08:41:13Z" name="suite of suites" finished-at="2019-11-07T08:41:46Z" duration-ms="32817">
    <groups>
    </groups>
    <test started-at="2019-11-07T08:41:13Z" name="Event" finished-at="2019-11-07T08:41:46Z" duration-ms="32817">
      <class name="com.fliplearn.flipapp.testcases.PrimePurchaseFlow">
        <test-method is-config="true" signature="befo(org.testng.ITestContext)[pri:0, instance:com.fliplearn.flipapp.testcases.PrimePurchaseFlow@32eff876]" started-at="2019-11-07T08:41:13Z" name="befo" finished-at="2019-11-07T08:41:16Z" duration-ms="2774" status="PASS">
          <params>
            <param index="0">
              <value>
                <![CDATA[org.testng.TestRunner@7cd4a4d7]]>
              </value>
            </param>
          </params>
          <reporter-output>
          </reporter-output>
        </test-method> <!-- befo -->
        <test-method is-config="true" signature="preVerifyPrimePurchaseFlow()[pri:0, instance:com.fliplearn.flipapp.testcases.PrimePurchaseFlow@32eff876]" started-at="2019-11-07T08:41:16Z" name="preVerifyPrimePurchaseFlow" finished-at="2019-11-07T08:41:16Z" duration-ms="350" status="PASS">
          <reporter-output>
          </reporter-output>
        </test-method> <!-- preVerifyPrimePurchaseFlow -->
        <test-method signature="verifyCouponApplyAndRemove()[pri:0, instance:com.fliplearn.flipapp.testcases.PrimePurchaseFlow@32eff876]" started-at="2019-11-07T08:41:16Z" name="verifyCouponApplyAndRemove" finished-at="2019-11-07T08:41:45Z" duration-ms="29139" status="PASS">
          <reporter-output>
          </reporter-output>
        </test-method> <!-- verifyCouponApplyAndRemove -->
        <test-method is-config="true" signature="getResult()[pri:0, instance:com.fliplearn.flipapp.testcases.PrimePurchaseFlow@32eff876]" started-at="2019-11-07T08:41:46Z" name="getResult" finished-at="2019-11-07T08:41:46Z" duration-ms="0" status="PASS">
          <reporter-output>
          </reporter-output>
        </test-method> <!-- getResult -->
        <test-method is-config="true" signature="aftSuite()[pri:0, instance:com.fliplearn.flipapp.testcases.PrimePurchaseFlow@32eff876]" started-at="2019-11-07T08:41:46Z" name="aftSuite" finished-at="2019-11-07T08:41:46Z" duration-ms="0" status="PASS">
          <reporter-output>
          </reporter-output>
        </test-method> <!-- aftSuite -->
      </class> <!-- com.fliplearn.flipapp.testcases.PrimePurchaseFlow -->
    </test> <!-- Event -->
  </suite> <!-- suite of suites -->
</testng-results>
