<?xml version="1.0" encoding="UTF-8"?>
<testng-results ignored="5" total="9" passed="4" failed="0" skipped="0">
  <reporter-output>
  </reporter-output>
  <suite started-at="2019-05-31T12:13:22Z" name="Fliplearn Automation Suite" finished-at="2019-05-31T12:16:54Z" duration-ms="211962">
    <groups>
    </groups>
    <test started-at="2019-05-31T12:13:22Z" name="Onboarding" finished-at="2019-05-31T12:16:54Z" duration-ms="211962">
      <class name="com.fliplearn.flipapp.testcases.PrimeResources">
        <test-method is-config="true" signature="befo(org.testng.ITestContext)[pri:0, instance:com.fliplearn.flipapp.testcases.PrimeResources@1ffaf86]" started-at="2019-05-31T12:13:22Z" name="befo" finished-at="2019-05-31T12:13:26Z" duration-ms="3779" status="PASS">
          <params>
            <param index="0">
              <value>
                <![CDATA[org.testng.TestRunner@67fa5045]]>
              </value>
            </param>
          </params>
          <reporter-output>
          </reporter-output>
        </test-method> <!-- befo -->
        <test-method is-config="true" signature="preVerifySynopsis()[pri:0, instance:com.fliplearn.flipapp.testcases.PrimeResources@1ffaf86]" started-at="2019-05-31T12:13:26Z" name="preVerifySynopsis" finished-at="2019-05-31T12:13:26Z" duration-ms="459" status="PASS">
          <reporter-output>
          </reporter-output>
        </test-method> <!-- preVerifySynopsis -->
        <test-method signature="verifyMindMaps_Old(java.lang.String)[pri:0, instance:com.fliplearn.flipapp.testcases.PrimeResources@1ffaf86]" started-at="2019-05-31T12:13:26Z" name="verifyMindMaps_Old" data-provider="allusers_old" finished-at="2019-05-31T12:14:27Z" duration-ms="60450" status="PASS">
          <params>
            <param index="0">
              <value>
                <![CDATA[Admin]]>
              </value>
            </param>
          </params>
          <reporter-output>
          </reporter-output>
        </test-method> <!-- verifyMindMaps_Old -->
        <test-method is-config="true" signature="getResult()[pri:0, instance:com.fliplearn.flipapp.testcases.PrimeResources@1ffaf86]" started-at="2019-05-31T12:14:27Z" name="getResult" finished-at="2019-05-31T12:14:27Z" duration-ms="185" status="PASS">
          <reporter-output>
          </reporter-output>
        </test-method> <!-- getResult -->
        <test-method is-config="true" signature="befo(org.testng.ITestContext)[pri:0, instance:com.fliplearn.flipapp.testcases.PrimeResources@1ffaf86]" started-at="2019-05-31T12:14:27Z" name="befo" finished-at="2019-05-31T12:14:30Z" duration-ms="2622" status="PASS">
          <params>
            <param index="0">
              <value>
                <![CDATA[org.testng.TestRunner@67fa5045]]>
              </value>
            </param>
          </params>
          <reporter-output>
          </reporter-output>
        </test-method> <!-- befo -->
        <test-method is-config="true" signature="preVerifySynopsis()[pri:0, instance:com.fliplearn.flipapp.testcases.PrimeResources@1ffaf86]" started-at="2019-05-31T12:14:30Z" name="preVerifySynopsis" finished-at="2019-05-31T12:14:30Z" duration-ms="23" status="PASS">
          <reporter-output>
          </reporter-output>
        </test-method> <!-- preVerifySynopsis -->
        <test-method signature="verifyMindMaps_Old(java.lang.String)[pri:0, instance:com.fliplearn.flipapp.testcases.PrimeResources@1ffaf86]" started-at="2019-05-31T12:14:30Z" name="verifyMindMaps_Old" data-provider="allusers_old" finished-at="2019-05-31T12:15:30Z" duration-ms="59630" status="PASS">
          <params>
            <param index="0">
              <value>
                <![CDATA[Principal]]>
              </value>
            </param>
          </params>
          <reporter-output>
          </reporter-output>
        </test-method> <!-- verifyMindMaps_Old -->
        <test-method is-config="true" signature="getResult()[pri:0, instance:com.fliplearn.flipapp.testcases.PrimeResources@1ffaf86]" started-at="2019-05-31T12:15:30Z" name="getResult" finished-at="2019-05-31T12:15:31Z" duration-ms="183" status="PASS">
          <reporter-output>
          </reporter-output>
        </test-method> <!-- getResult -->
        <test-method is-config="true" signature="befo(org.testng.ITestContext)[pri:0, instance:com.fliplearn.flipapp.testcases.PrimeResources@1ffaf86]" started-at="2019-05-31T12:15:31Z" name="befo" finished-at="2019-05-31T12:15:33Z" duration-ms="2568" status="PASS">
          <params>
            <param index="0">
              <value>
                <![CDATA[org.testng.TestRunner@67fa5045]]>
              </value>
            </param>
          </params>
          <reporter-output>
          </reporter-output>
        </test-method> <!-- befo -->
        <test-method is-config="true" signature="preVerifySynopsis()[pri:0, instance:com.fliplearn.flipapp.testcases.PrimeResources@1ffaf86]" started-at="2019-05-31T12:15:33Z" name="preVerifySynopsis" finished-at="2019-05-31T12:15:33Z" duration-ms="29" status="PASS">
          <reporter-output>
          </reporter-output>
        </test-method> <!-- preVerifySynopsis -->
        <test-method signature="verifyMindMaps_Old(java.lang.String)[pri:0, instance:com.fliplearn.flipapp.testcases.PrimeResources@1ffaf86]" started-at="2019-05-31T12:15:33Z" name="verifyMindMaps_Old" data-provider="allusers_old" finished-at="2019-05-31T12:16:33Z" duration-ms="59417" status="PASS">
          <params>
            <param index="0">
              <value>
                <![CDATA[Teacher]]>
              </value>
            </param>
          </params>
          <reporter-output>
          </reporter-output>
        </test-method> <!-- verifyMindMaps_Old -->
        <test-method is-config="true" signature="getResult()[pri:0, instance:com.fliplearn.flipapp.testcases.PrimeResources@1ffaf86]" started-at="2019-05-31T12:16:33Z" name="getResult" finished-at="2019-05-31T12:16:33Z" duration-ms="197" status="PASS">
          <reporter-output>
          </reporter-output>
        </test-method> <!-- getResult -->
        <test-method is-config="true" signature="befo(org.testng.ITestContext)[pri:0, instance:com.fliplearn.flipapp.testcases.PrimeResources@1ffaf86]" started-at="2019-05-31T12:16:33Z" name="befo" finished-at="2019-05-31T12:16:36Z" duration-ms="2543" status="PASS">
          <params>
            <param index="0">
              <value>
                <![CDATA[org.testng.TestRunner@67fa5045]]>
              </value>
            </param>
          </params>
          <reporter-output>
          </reporter-output>
        </test-method> <!-- befo -->
        <test-method is-config="true" signature="preVerifySynopsis()[pri:0, instance:com.fliplearn.flipapp.testcases.PrimeResources@1ffaf86]" started-at="2019-05-31T12:16:36Z" name="preVerifySynopsis" finished-at="2019-05-31T12:16:36Z" duration-ms="19" status="PASS">
          <reporter-output>
          </reporter-output>
        </test-method> <!-- preVerifySynopsis -->
        <test-method signature="verifyMindMaps_Old(java.lang.String)[pri:0, instance:com.fliplearn.flipapp.testcases.PrimeResources@1ffaf86]" started-at="2019-05-31T12:16:36Z" name="verifyMindMaps_Old" data-provider="allusers_old" finished-at="2019-05-31T12:16:54Z" duration-ms="17601" status="PASS">
          <params>
            <param index="0">
              <value>
                <![CDATA[Parent]]>
              </value>
            </param>
          </params>
          <reporter-output>
          </reporter-output>
        </test-method> <!-- verifyMindMaps_Old -->
        <test-method is-config="true" signature="getResult()[pri:0, instance:com.fliplearn.flipapp.testcases.PrimeResources@1ffaf86]" started-at="2019-05-31T12:16:54Z" name="getResult" finished-at="2019-05-31T12:16:54Z" duration-ms="182" status="PASS">
          <reporter-output>
          </reporter-output>
        </test-method> <!-- getResult -->
        <test-method is-config="true" signature="aftSuite()[pri:0, instance:com.fliplearn.flipapp.testcases.PrimeResources@1ffaf86]" started-at="2019-05-31T12:16:55Z" name="aftSuite" finished-at="2019-05-31T12:16:55Z" duration-ms="0" status="PASS">
          <reporter-output>
          </reporter-output>
        </test-method> <!-- aftSuite -->
      </class> <!-- com.fliplearn.flipapp.testcases.PrimeResources -->
    </test> <!-- Onboarding -->
  </suite> <!-- Fliplearn Automation Suite -->
</testng-results>
