<?xml version="1.0" encoding="UTF-8"?>
<testng-results ignored="2" total="5" passed="3" failed="0" skipped="0">
  <reporter-output>
  </reporter-output>
  <suite started-at="2019-07-17T09:03:42Z" name="Fliplearn Automation Suite" finished-at="2019-07-17T09:05:13Z" duration-ms="91011">
    <groups>
    </groups>
    <test started-at="2019-07-17T09:03:42Z" name="Onboarding" finished-at="2019-07-17T09:05:13Z" duration-ms="91011">
      <class name="com.fliplearn.flipapp.testcases.VMC">
        <test-method is-config="true" signature="befo(org.testng.ITestContext)[pri:0, instance:com.fliplearn.flipapp.testcases.VMC@6221a451]" started-at="2019-07-17T09:03:42Z" name="befo" finished-at="2019-07-17T09:03:54Z" duration-ms="11767" status="PASS">
          <params>
            <param index="0">
              <value>
                <![CDATA[org.testng.TestRunner@45ab3bdd]]>
              </value>
            </param>
          </params>
          <reporter-output>
          </reporter-output>
        </test-method> <!-- befo -->
        <test-method is-config="true" signature="prePrime()[pri:0, instance:com.fliplearn.flipapp.testcases.VMC@6221a451]" started-at="2019-07-17T09:03:54Z" name="prePrime" finished-at="2019-07-17T09:03:54Z" duration-ms="394" status="PASS">
          <reporter-output>
          </reporter-output>
        </test-method> <!-- prePrime -->
        <test-method signature="displayVMCStudent(java.lang.String)[pri:0, instance:com.fliplearn.flipapp.testcases.VMC@6221a451]" started-at="2019-07-17T09:03:54Z" name="displayVMCStudent" data-provider="nostaff" finished-at="2019-07-17T09:04:10Z" duration-ms="16504" status="PASS">
          <params>
            <param index="0">
              <value>
                <![CDATA[Parent]]>
              </value>
            </param>
          </params>
          <reporter-output>
          </reporter-output>
        </test-method> <!-- displayVMCStudent -->
        <test-method is-config="true" signature="getResult()[pri:0, instance:com.fliplearn.flipapp.testcases.VMC@6221a451]" started-at="2019-07-17T09:04:11Z" name="getResult" finished-at="2019-07-17T09:04:11Z" duration-ms="140" status="PASS">
          <reporter-output>
          </reporter-output>
        </test-method> <!-- getResult -->
        <test-method is-config="true" signature="befo(org.testng.ITestContext)[pri:0, instance:com.fliplearn.flipapp.testcases.VMC@6221a451]" started-at="2019-07-17T09:04:11Z" name="befo" finished-at="2019-07-17T09:04:22Z" duration-ms="11190" status="PASS">
          <params>
            <param index="0">
              <value>
                <![CDATA[org.testng.TestRunner@45ab3bdd]]>
              </value>
            </param>
          </params>
          <reporter-output>
          </reporter-output>
        </test-method> <!-- befo -->
        <test-method is-config="true" signature="prePrime()[pri:0, instance:com.fliplearn.flipapp.testcases.VMC@6221a451]" started-at="2019-07-17T09:04:22Z" name="prePrime" finished-at="2019-07-17T09:04:22Z" duration-ms="13" status="PASS">
          <reporter-output>
          </reporter-output>
        </test-method> <!-- prePrime -->
        <test-method signature="displayVMCStudent(java.lang.String)[pri:0, instance:com.fliplearn.flipapp.testcases.VMC@6221a451]" started-at="2019-07-17T09:04:22Z" name="displayVMCStudent" data-provider="nostaff" finished-at="2019-07-17T09:04:42Z" duration-ms="19823" status="PASS">
          <params>
            <param index="0">
              <value>
                <![CDATA[Student]]>
              </value>
            </param>
          </params>
          <reporter-output>
          </reporter-output>
        </test-method> <!-- displayVMCStudent -->
        <test-method is-config="true" signature="getResult()[pri:0, instance:com.fliplearn.flipapp.testcases.VMC@6221a451]" started-at="2019-07-17T09:04:43Z" name="getResult" finished-at="2019-07-17T09:04:43Z" duration-ms="153" status="PASS">
          <reporter-output>
          </reporter-output>
        </test-method> <!-- getResult -->
        <test-method is-config="true" signature="befo(org.testng.ITestContext)[pri:0, instance:com.fliplearn.flipapp.testcases.VMC@6221a451]" started-at="2019-07-17T09:04:43Z" name="befo" finished-at="2019-07-17T09:04:54Z" duration-ms="11546" status="PASS">
          <params>
            <param index="0">
              <value>
                <![CDATA[org.testng.TestRunner@45ab3bdd]]>
              </value>
            </param>
          </params>
          <reporter-output>
          </reporter-output>
        </test-method> <!-- befo -->
        <test-method is-config="true" signature="prePrime()[pri:0, instance:com.fliplearn.flipapp.testcases.VMC@6221a451]" started-at="2019-07-17T09:04:54Z" name="prePrime" finished-at="2019-07-17T09:04:54Z" duration-ms="17" status="PASS">
          <reporter-output>
          </reporter-output>
        </test-method> <!-- prePrime -->
        <test-method signature="displayVMCStudent(java.lang.String)[pri:0, instance:com.fliplearn.flipapp.testcases.VMC@6221a451]" started-at="2019-07-17T09:04:54Z" name="displayVMCStudent" data-provider="nostaff" finished-at="2019-07-17T09:05:12Z" duration-ms="17856" status="PASS">
          <params>
            <param index="0">
              <value>
                <![CDATA[Guest]]>
              </value>
            </param>
          </params>
          <reporter-output>
          </reporter-output>
        </test-method> <!-- displayVMCStudent -->
        <test-method is-config="true" signature="getResult()[pri:0, instance:com.fliplearn.flipapp.testcases.VMC@6221a451]" started-at="2019-07-17T09:05:13Z" name="getResult" finished-at="2019-07-17T09:05:13Z" duration-ms="137" status="PASS">
          <reporter-output>
          </reporter-output>
        </test-method> <!-- getResult -->
        <test-method is-config="true" signature="aftSuite()[pri:0, instance:com.fliplearn.flipapp.testcases.VMC@6221a451]" started-at="2019-07-17T09:05:13Z" name="aftSuite" finished-at="2019-07-17T09:05:13Z" duration-ms="0" status="PASS">
          <reporter-output>
          </reporter-output>
        </test-method> <!-- aftSuite -->
      </class> <!-- com.fliplearn.flipapp.testcases.VMC -->
    </test> <!-- Onboarding -->
  </suite> <!-- Fliplearn Automation Suite -->
</testng-results>
