<?xml version="1.0" encoding="UTF-8"?>
<testng-results ignored="0" total="6" passed="6" failed="0" skipped="0">
  <reporter-output>
  </reporter-output>
  <suite started-at="2019-01-29T12:16:52Z" name="Fliplearn Automation Suite" finished-at="2019-01-29T12:20:16Z" duration-ms="203806">
    <groups>
    </groups>
    <test started-at="2019-01-29T12:16:52Z" name="TestCases" finished-at="2019-01-29T12:20:16Z" duration-ms="203806">
      <class name="com.fliplearn.flipapp.testcases.PrimePurchaseFlow">
        <test-method is-config="true" signature="befo(org.testng.ITestContext)[pri:0, instance:com.fliplearn.flipapp.testcases.PrimePurchaseFlow@8f2ef19]" started-at="2019-01-29T12:16:52Z" name="befo" finished-at="2019-01-29T12:16:56Z" duration-ms="4148" status="PASS">
          <params>
            <param index="0">
              <value>
                <![CDATA[org.testng.TestRunner@44592c39]]>
              </value>
            </param>
          </params>
          <reporter-output>
          </reporter-output>
        </test-method> <!-- befo -->
        <test-method is-config="true" signature="preVerifyPrimePurchaseFlow()[pri:0, instance:com.fliplearn.flipapp.testcases.PrimePurchaseFlow@8f2ef19]" started-at="2019-01-29T12:16:56Z" name="preVerifyPrimePurchaseFlow" finished-at="2019-01-29T12:16:57Z" duration-ms="359" status="PASS">
          <reporter-output>
          </reporter-output>
        </test-method> <!-- preVerifyPrimePurchaseFlow -->
        <test-method signature="verifyPrimePurchaseFlowWithoutCoupon(java.lang.String)[pri:0, instance:com.fliplearn.flipapp.testcases.PrimePurchaseFlow@8f2ef19]" started-at="2019-01-29T12:16:57Z" name="verifyPrimePurchaseFlowWithoutCoupon" data-provider="allusers" finished-at="2019-01-29T12:17:31Z" duration-ms="34088" status="PASS">
          <params>
            <param index="0">
              <value>
                <![CDATA[Admin]]>
              </value>
            </param>
          </params>
          <reporter-output>
          </reporter-output>
        </test-method> <!-- verifyPrimePurchaseFlowWithoutCoupon -->
        <test-method is-config="true" signature="getResult()[pri:0, instance:com.fliplearn.flipapp.testcases.PrimePurchaseFlow@8f2ef19]" started-at="2019-01-29T12:17:31Z" name="getResult" finished-at="2019-01-29T12:17:31Z" duration-ms="76" status="PASS">
          <reporter-output>
          </reporter-output>
        </test-method> <!-- getResult -->
        <test-method is-config="true" signature="befo(org.testng.ITestContext)[pri:0, instance:com.fliplearn.flipapp.testcases.PrimePurchaseFlow@8f2ef19]" started-at="2019-01-29T12:17:31Z" name="befo" finished-at="2019-01-29T12:17:34Z" duration-ms="3136" status="PASS">
          <params>
            <param index="0">
              <value>
                <![CDATA[org.testng.TestRunner@44592c39]]>
              </value>
            </param>
          </params>
          <reporter-output>
          </reporter-output>
        </test-method> <!-- befo -->
        <test-method is-config="true" signature="preVerifyPrimePurchaseFlow()[pri:0, instance:com.fliplearn.flipapp.testcases.PrimePurchaseFlow@8f2ef19]" started-at="2019-01-29T12:17:34Z" name="preVerifyPrimePurchaseFlow" finished-at="2019-01-29T12:17:34Z" duration-ms="30" status="PASS">
          <reporter-output>
          </reporter-output>
        </test-method> <!-- preVerifyPrimePurchaseFlow -->
        <test-method signature="verifyPrimePurchaseFlowWithoutCoupon(java.lang.String)[pri:0, instance:com.fliplearn.flipapp.testcases.PrimePurchaseFlow@8f2ef19]" started-at="2019-01-29T12:17:34Z" name="verifyPrimePurchaseFlowWithoutCoupon" data-provider="allusers" finished-at="2019-01-29T12:18:09Z" duration-ms="34491" status="PASS">
          <params>
            <param index="0">
              <value>
                <![CDATA[Principal]]>
              </value>
            </param>
          </params>
          <reporter-output>
          </reporter-output>
        </test-method> <!-- verifyPrimePurchaseFlowWithoutCoupon -->
        <test-method is-config="true" signature="getResult()[pri:0, instance:com.fliplearn.flipapp.testcases.PrimePurchaseFlow@8f2ef19]" started-at="2019-01-29T12:18:09Z" name="getResult" finished-at="2019-01-29T12:18:09Z" duration-ms="82" status="PASS">
          <reporter-output>
          </reporter-output>
        </test-method> <!-- getResult -->
        <test-method is-config="true" signature="befo(org.testng.ITestContext)[pri:0, instance:com.fliplearn.flipapp.testcases.PrimePurchaseFlow@8f2ef19]" started-at="2019-01-29T12:18:09Z" name="befo" finished-at="2019-01-29T12:18:12Z" duration-ms="3421" status="PASS">
          <params>
            <param index="0">
              <value>
                <![CDATA[org.testng.TestRunner@44592c39]]>
              </value>
            </param>
          </params>
          <reporter-output>
          </reporter-output>
        </test-method> <!-- befo -->
        <test-method is-config="true" signature="preVerifyPrimePurchaseFlow()[pri:0, instance:com.fliplearn.flipapp.testcases.PrimePurchaseFlow@8f2ef19]" started-at="2019-01-29T12:18:12Z" name="preVerifyPrimePurchaseFlow" finished-at="2019-01-29T12:18:12Z" duration-ms="22" status="PASS">
          <reporter-output>
          </reporter-output>
        </test-method> <!-- preVerifyPrimePurchaseFlow -->
        <test-method signature="verifyPrimePurchaseFlowWithoutCoupon(java.lang.String)[pri:0, instance:com.fliplearn.flipapp.testcases.PrimePurchaseFlow@8f2ef19]" started-at="2019-01-29T12:18:12Z" name="verifyPrimePurchaseFlowWithoutCoupon" data-provider="allusers" finished-at="2019-01-29T12:18:47Z" duration-ms="35246" status="PASS">
          <params>
            <param index="0">
              <value>
                <![CDATA[Teacher]]>
              </value>
            </param>
          </params>
          <reporter-output>
          </reporter-output>
        </test-method> <!-- verifyPrimePurchaseFlowWithoutCoupon -->
        <test-method is-config="true" signature="getResult()[pri:0, instance:com.fliplearn.flipapp.testcases.PrimePurchaseFlow@8f2ef19]" started-at="2019-01-29T12:18:48Z" name="getResult" finished-at="2019-01-29T12:18:48Z" duration-ms="87" status="PASS">
          <reporter-output>
          </reporter-output>
        </test-method> <!-- getResult -->
        <test-method is-config="true" signature="befo(org.testng.ITestContext)[pri:0, instance:com.fliplearn.flipapp.testcases.PrimePurchaseFlow@8f2ef19]" started-at="2019-01-29T12:18:48Z" name="befo" finished-at="2019-01-29T12:18:51Z" duration-ms="2874" status="PASS">
          <params>
            <param index="0">
              <value>
                <![CDATA[org.testng.TestRunner@44592c39]]>
              </value>
            </param>
          </params>
          <reporter-output>
          </reporter-output>
        </test-method> <!-- befo -->
        <test-method is-config="true" signature="preVerifyPrimePurchaseFlow()[pri:0, instance:com.fliplearn.flipapp.testcases.PrimePurchaseFlow@8f2ef19]" started-at="2019-01-29T12:18:51Z" name="preVerifyPrimePurchaseFlow" finished-at="2019-01-29T12:18:51Z" duration-ms="22" status="PASS">
          <reporter-output>
          </reporter-output>
        </test-method> <!-- preVerifyPrimePurchaseFlow -->
        <test-method signature="verifyPrimePurchaseFlowWithoutCoupon(java.lang.String)[pri:0, instance:com.fliplearn.flipapp.testcases.PrimePurchaseFlow@8f2ef19]" started-at="2019-01-29T12:18:51Z" name="verifyPrimePurchaseFlowWithoutCoupon" data-provider="allusers" finished-at="2019-01-29T12:19:05Z" duration-ms="13973" status="PASS">
          <params>
            <param index="0">
              <value>
                <![CDATA[Parent]]>
              </value>
            </param>
          </params>
          <reporter-output>
          </reporter-output>
        </test-method> <!-- verifyPrimePurchaseFlowWithoutCoupon -->
        <test-method is-config="true" signature="getResult()[pri:0, instance:com.fliplearn.flipapp.testcases.PrimePurchaseFlow@8f2ef19]" started-at="2019-01-29T12:19:05Z" name="getResult" finished-at="2019-01-29T12:19:05Z" duration-ms="78" status="PASS">
          <reporter-output>
          </reporter-output>
        </test-method> <!-- getResult -->
        <test-method is-config="true" signature="befo(org.testng.ITestContext)[pri:0, instance:com.fliplearn.flipapp.testcases.PrimePurchaseFlow@8f2ef19]" started-at="2019-01-29T12:19:05Z" name="befo" finished-at="2019-01-29T12:19:08Z" duration-ms="2762" status="PASS">
          <params>
            <param index="0">
              <value>
                <![CDATA[org.testng.TestRunner@44592c39]]>
              </value>
            </param>
          </params>
          <reporter-output>
          </reporter-output>
        </test-method> <!-- befo -->
        <test-method is-config="true" signature="preVerifyPrimePurchaseFlow()[pri:0, instance:com.fliplearn.flipapp.testcases.PrimePurchaseFlow@8f2ef19]" started-at="2019-01-29T12:19:08Z" name="preVerifyPrimePurchaseFlow" finished-at="2019-01-29T12:19:08Z" duration-ms="20" status="PASS">
          <reporter-output>
          </reporter-output>
        </test-method> <!-- preVerifyPrimePurchaseFlow -->
        <test-method signature="verifyPrimePurchaseFlowWithoutCoupon(java.lang.String)[pri:0, instance:com.fliplearn.flipapp.testcases.PrimePurchaseFlow@8f2ef19]" started-at="2019-01-29T12:19:08Z" name="verifyPrimePurchaseFlowWithoutCoupon" data-provider="allusers" finished-at="2019-01-29T12:19:40Z" duration-ms="32639" status="PASS">
          <params>
            <param index="0">
              <value>
                <![CDATA[Student]]>
              </value>
            </param>
          </params>
          <reporter-output>
          </reporter-output>
        </test-method> <!-- verifyPrimePurchaseFlowWithoutCoupon -->
        <test-method is-config="true" signature="getResult()[pri:0, instance:com.fliplearn.flipapp.testcases.PrimePurchaseFlow@8f2ef19]" started-at="2019-01-29T12:19:40Z" name="getResult" finished-at="2019-01-29T12:19:40Z" duration-ms="86" status="PASS">
          <reporter-output>
          </reporter-output>
        </test-method> <!-- getResult -->
        <test-method is-config="true" signature="befo(org.testng.ITestContext)[pri:0, instance:com.fliplearn.flipapp.testcases.PrimePurchaseFlow@8f2ef19]" started-at="2019-01-29T12:19:40Z" name="befo" finished-at="2019-01-29T12:19:44Z" duration-ms="3255" status="PASS">
          <params>
            <param index="0">
              <value>
                <![CDATA[org.testng.TestRunner@44592c39]]>
              </value>
            </param>
          </params>
          <reporter-output>
          </reporter-output>
        </test-method> <!-- befo -->
        <test-method is-config="true" signature="preVerifyPrimePurchaseFlow()[pri:0, instance:com.fliplearn.flipapp.testcases.PrimePurchaseFlow@8f2ef19]" started-at="2019-01-29T12:19:44Z" name="preVerifyPrimePurchaseFlow" finished-at="2019-01-29T12:19:44Z" duration-ms="8" status="PASS">
          <reporter-output>
          </reporter-output>
        </test-method> <!-- preVerifyPrimePurchaseFlow -->
        <test-method signature="verifyPrimePurchaseFlowWithoutCoupon(java.lang.String)[pri:0, instance:com.fliplearn.flipapp.testcases.PrimePurchaseFlow@8f2ef19]" started-at="2019-01-29T12:19:44Z" name="verifyPrimePurchaseFlowWithoutCoupon" data-provider="allusers" finished-at="2019-01-29T12:20:16Z" duration-ms="31888" status="PASS">
          <params>
            <param index="0">
              <value>
                <![CDATA[Guest]]>
              </value>
            </param>
          </params>
          <reporter-output>
          </reporter-output>
        </test-method> <!-- verifyPrimePurchaseFlowWithoutCoupon -->
        <test-method is-config="true" signature="getResult()[pri:0, instance:com.fliplearn.flipapp.testcases.PrimePurchaseFlow@8f2ef19]" started-at="2019-01-29T12:20:16Z" name="getResult" finished-at="2019-01-29T12:20:16Z" duration-ms="78" status="PASS">
          <reporter-output>
          </reporter-output>
        </test-method> <!-- getResult -->
        <test-method is-config="true" signature="aftSuite()[pri:0, instance:com.fliplearn.flipapp.testcases.PrimePurchaseFlow@8f2ef19]" started-at="2019-01-29T12:20:17Z" name="aftSuite" finished-at="2019-01-29T12:20:17Z" duration-ms="0" status="PASS">
          <reporter-output>
          </reporter-output>
        </test-method> <!-- aftSuite -->
      </class> <!-- com.fliplearn.flipapp.testcases.PrimePurchaseFlow -->
    </test> <!-- TestCases -->
  </suite> <!-- Fliplearn Automation Suite -->
</testng-results>
