<?xml version="1.0" encoding="UTF-8"?>
<testng-results ignored="0" total="1" passed="1" failed="0" skipped="0">
  <reporter-output>
  </reporter-output>
  <suite started-at="2019-10-03T08:42:57Z" name="suite of suites" finished-at="2019-10-03T08:44:32Z" duration-ms="94941">
    <groups>
    </groups>
    <test started-at="2019-10-03T08:42:57Z" name="Event" finished-at="2019-10-03T08:44:32Z" duration-ms="94941">
      <class name="com.fliplearn.flipapp.testcases.VMCGuru">
        <test-method is-config="true" signature="befo(org.testng.ITestContext)[pri:0, instance:com.fliplearn.flipapp.testcases.VMCGuru@6892b3b6]" started-at="2019-10-03T08:42:57Z" name="befo" finished-at="2019-10-03T08:43:08Z" duration-ms="11375" status="PASS">
          <params>
            <param index="0">
              <value>
                <![CDATA[org.testng.TestRunner@597f0937]]>
              </value>
            </param>
          </params>
          <reporter-output>
          </reporter-output>
        </test-method> <!-- befo -->
        <test-method is-config="true" signature="bef3()[pri:0, instance:com.fliplearn.flipapp.testcases.VMCGuru@6892b3b6]" started-at="2019-10-03T08:43:08Z" name="bef3" finished-at="2019-10-03T08:43:09Z" duration-ms="273" status="PASS">
          <reporter-output>
          </reporter-output>
        </test-method> <!-- bef3 -->
        <test-method signature="validateGuruVideo()[pri:0, instance:com.fliplearn.flipapp.testcases.VMCGuru@6892b3b6]" started-at="2019-10-03T08:43:09Z" name="validateGuruVideo" finished-at="2019-10-03T08:44:31Z" duration-ms="82536" status="PASS">
          <reporter-output>
          </reporter-output>
        </test-method> <!-- validateGuruVideo -->
        <test-method is-config="true" signature="getResult()[pri:0, instance:com.fliplearn.flipapp.testcases.VMCGuru@6892b3b6]" started-at="2019-10-03T08:44:32Z" name="getResult" finished-at="2019-10-03T08:44:32Z" duration-ms="180" status="PASS">
          <reporter-output>
          </reporter-output>
        </test-method> <!-- getResult -->
        <test-method is-config="true" signature="aftSuite()[pri:0, instance:com.fliplearn.flipapp.testcases.VMCGuru@6892b3b6]" started-at="2019-10-03T08:44:32Z" name="aftSuite" finished-at="2019-10-03T08:44:32Z" duration-ms="1" status="PASS">
          <reporter-output>
          </reporter-output>
        </test-method> <!-- aftSuite -->
      </class> <!-- com.fliplearn.flipapp.testcases.VMCGuru -->
    </test> <!-- Event -->
  </suite> <!-- suite of suites -->
</testng-results>
