<?xml version="1.0" encoding="UTF-8"?>
<testng-results ignored="1" total="4" passed="3" failed="0" skipped="0">
  <reporter-output>
  </reporter-output>
  <suite started-at="2019-07-26T05:02:06Z" name="Fliplearn Automation Suite" finished-at="2019-07-26T05:03:49Z" duration-ms="102705">
    <groups>
    </groups>
    <test started-at="2019-07-26T05:02:06Z" name="Onboarding" finished-at="2019-07-26T05:03:49Z" duration-ms="102705">
      <class name="com.fliplearn.flipapp.testcases.QuizDashboard">
        <test-method is-config="true" signature="befo(org.testng.ITestContext)[pri:0, instance:com.fliplearn.flipapp.testcases.QuizDashboard@4d5650ae]" started-at="2019-07-26T05:02:06Z" name="befo" finished-at="2019-07-26T05:02:19Z" duration-ms="12165" status="PASS">
          <params>
            <param index="0">
              <value>
                <![CDATA[org.testng.TestRunner@69aa7d76]]>
              </value>
            </param>
          </params>
          <reporter-output>
          </reporter-output>
        </test-method> <!-- befo -->
        <test-method is-config="true" signature="befQuiz()[pri:0, instance:com.fliplearn.flipapp.testcases.QuizDashboard@4d5650ae]" started-at="2019-07-26T05:02:19Z" name="befQuiz" finished-at="2019-07-26T05:02:19Z" duration-ms="262" status="PASS">
          <reporter-output>
          </reporter-output>
        </test-method> <!-- befQuiz -->
        <test-method signature="verifyQuizDashboardClasses(java.lang.String)[pri:0, instance:com.fliplearn.flipapp.testcases.QuizDashboard@4d5650ae]" started-at="2019-07-26T05:02:19Z" name="verifyQuizDashboardClasses" data-provider="staff" finished-at="2019-07-26T05:02:41Z" duration-ms="22594" status="PASS">
          <params>
            <param index="0">
              <value>
                <![CDATA[Admin]]>
              </value>
            </param>
          </params>
          <reporter-output>
          </reporter-output>
        </test-method> <!-- verifyQuizDashboardClasses -->
        <test-method is-config="true" signature="getResult()[pri:0, instance:com.fliplearn.flipapp.testcases.QuizDashboard@4d5650ae]" started-at="2019-07-26T05:02:42Z" name="getResult" finished-at="2019-07-26T05:02:42Z" duration-ms="124" status="PASS">
          <reporter-output>
          </reporter-output>
        </test-method> <!-- getResult -->
        <test-method is-config="true" signature="befo(org.testng.ITestContext)[pri:0, instance:com.fliplearn.flipapp.testcases.QuizDashboard@4d5650ae]" started-at="2019-07-26T05:02:42Z" name="befo" finished-at="2019-07-26T05:02:53Z" duration-ms="11086" status="PASS">
          <params>
            <param index="0">
              <value>
                <![CDATA[org.testng.TestRunner@69aa7d76]]>
              </value>
            </param>
          </params>
          <reporter-output>
          </reporter-output>
        </test-method> <!-- befo -->
        <test-method is-config="true" signature="befQuiz()[pri:0, instance:com.fliplearn.flipapp.testcases.QuizDashboard@4d5650ae]" started-at="2019-07-26T05:02:53Z" name="befQuiz" finished-at="2019-07-26T05:02:53Z" duration-ms="11" status="PASS">
          <reporter-output>
          </reporter-output>
        </test-method> <!-- befQuiz -->
        <test-method signature="verifyQuizDashboardClasses(java.lang.String)[pri:0, instance:com.fliplearn.flipapp.testcases.QuizDashboard@4d5650ae]" started-at="2019-07-26T05:02:53Z" name="verifyQuizDashboardClasses" data-provider="staff" finished-at="2019-07-26T05:03:16Z" duration-ms="22397" status="PASS">
          <params>
            <param index="0">
              <value>
                <![CDATA[Principal]]>
              </value>
            </param>
          </params>
          <reporter-output>
          </reporter-output>
        </test-method> <!-- verifyQuizDashboardClasses -->
        <test-method is-config="true" signature="getResult()[pri:0, instance:com.fliplearn.flipapp.testcases.QuizDashboard@4d5650ae]" started-at="2019-07-26T05:03:16Z" name="getResult" finished-at="2019-07-26T05:03:16Z" duration-ms="134" status="PASS">
          <reporter-output>
          </reporter-output>
        </test-method> <!-- getResult -->
        <test-method is-config="true" signature="befo(org.testng.ITestContext)[pri:0, instance:com.fliplearn.flipapp.testcases.QuizDashboard@4d5650ae]" started-at="2019-07-26T05:03:16Z" name="befo" finished-at="2019-07-26T05:03:27Z" duration-ms="10879" status="PASS">
          <params>
            <param index="0">
              <value>
                <![CDATA[org.testng.TestRunner@69aa7d76]]>
              </value>
            </param>
          </params>
          <reporter-output>
          </reporter-output>
        </test-method> <!-- befo -->
        <test-method is-config="true" signature="befQuiz()[pri:0, instance:com.fliplearn.flipapp.testcases.QuizDashboard@4d5650ae]" started-at="2019-07-26T05:03:27Z" name="befQuiz" finished-at="2019-07-26T05:03:27Z" duration-ms="8" status="PASS">
          <reporter-output>
          </reporter-output>
        </test-method> <!-- befQuiz -->
        <test-method signature="verifyQuizDashboardClasses(java.lang.String)[pri:0, instance:com.fliplearn.flipapp.testcases.QuizDashboard@4d5650ae]" started-at="2019-07-26T05:03:27Z" name="verifyQuizDashboardClasses" data-provider="staff" finished-at="2019-07-26T05:03:49Z" duration-ms="21468" status="PASS">
          <params>
            <param index="0">
              <value>
                <![CDATA[Teacher]]>
              </value>
            </param>
          </params>
          <reporter-output>
          </reporter-output>
        </test-method> <!-- verifyQuizDashboardClasses -->
        <test-method is-config="true" signature="getResult()[pri:0, instance:com.fliplearn.flipapp.testcases.QuizDashboard@4d5650ae]" started-at="2019-07-26T05:03:49Z" name="getResult" finished-at="2019-07-26T05:03:49Z" duration-ms="110" status="PASS">
          <reporter-output>
          </reporter-output>
        </test-method> <!-- getResult -->
        <test-method is-config="true" signature="aftSuite()[pri:0, instance:com.fliplearn.flipapp.testcases.QuizDashboard@4d5650ae]" started-at="2019-07-26T05:03:50Z" name="aftSuite" finished-at="2019-07-26T05:03:50Z" duration-ms="1" status="PASS">
          <reporter-output>
          </reporter-output>
        </test-method> <!-- aftSuite -->
      </class> <!-- com.fliplearn.flipapp.testcases.QuizDashboard -->
    </test> <!-- Onboarding -->
  </suite> <!-- Fliplearn Automation Suite -->
</testng-results>
