<?xml version="1.0" encoding="UTF-8"?>
<testng-results ignored="15" total="16" passed="1" failed="0" skipped="0">
  <reporter-output>
  </reporter-output>
  <suite started-at="2018-10-23T13:04:46Z" name="Fliplearn Automation Suite" finished-at="2018-10-23T13:05:10Z" duration-ms="23740">
    <groups>
    </groups>
    <test started-at="2018-10-23T13:04:46Z" name="Announcement" finished-at="2018-10-23T13:05:10Z" duration-ms="23740">
      <class name="com.fliplearn.flipapp.testcases.Fee">
        <test-method is-config="true" signature="befo(org.testng.ITestContext)[pri:0, instance:com.fliplearn.flipapp.testcases.Fee@194fad1]" started-at="2018-10-23T13:04:46Z" name="befo" finished-at="2018-10-23T13:04:55Z" duration-ms="8492" status="PASS">
          <params>
            <param index="0">
              <value>
                <![CDATA[org.testng.TestRunner@537ca28e]]>
              </value>
            </param>
          </params>
          <reporter-output>
          </reporter-output>
        </test-method> <!-- befo -->
        <test-method is-config="true" signature="beforMethodFee()[pri:0, instance:com.fliplearn.flipapp.testcases.Fee@194fad1]" started-at="2018-10-23T13:04:55Z" name="beforMethodFee" finished-at="2018-10-23T13:04:55Z" duration-ms="298" status="PASS">
          <reporter-output>
          </reporter-output>
        </test-method> <!-- beforMethodFee -->
        <test-method signature="payFeeLoginWithGuestSelectedByAmex(java.lang.String)[pri:0, instance:com.fliplearn.flipapp.testcases.Fee@194fad1]" started-at="2018-10-23T13:04:55Z" name="payFeeLoginWithGuestSelectedByAmex" data-provider="group4" finished-at="2018-10-23T13:05:09Z" duration-ms="14129" status="PASS">
          <params>
            <param index="0">
              <value>
                <![CDATA[Guest]]>
              </value>
            </param>
          </params>
          <reporter-output>
          </reporter-output>
        </test-method> <!-- payFeeLoginWithGuestSelectedByAmex -->
        <test-method is-config="true" signature="getResult()[pri:0, instance:com.fliplearn.flipapp.testcases.Fee@194fad1]" started-at="2018-10-23T13:05:09Z" name="getResult" finished-at="2018-10-23T13:05:10Z" duration-ms="786" status="PASS">
          <reporter-output>
          </reporter-output>
        </test-method> <!-- getResult -->
        <test-method is-config="true" signature="aftSuite()[pri:0, instance:com.fliplearn.flipapp.testcases.Fee@194fad1]" started-at="2018-10-23T13:05:10Z" name="aftSuite" finished-at="2018-10-23T13:05:10Z" duration-ms="0" status="PASS">
          <reporter-output>
          </reporter-output>
        </test-method> <!-- aftSuite -->
      </class> <!-- com.fliplearn.flipapp.testcases.Fee -->
    </test> <!-- Announcement -->
  </suite> <!-- Fliplearn Automation Suite -->
</testng-results>
