<?xml version="1.0" encoding="UTF-8"?>
<testng-results ignored="1" total="2" passed="1" failed="0" skipped="0">
  <reporter-output>
  </reporter-output>
  <suite started-at="2018-09-20T19:45:03Z" name="suite of suites" finished-at="2018-09-20T19:45:57Z" duration-ms="54376">
    <groups>
    </groups>
    <test started-at="2018-09-20T19:45:03Z" name="login" finished-at="2018-09-20T19:45:57Z" duration-ms="54376">
      <class name="com.fliplearn.flipapp.testcases.UserRegistration">
        <test-method is-config="true" signature="befo()[pri:0, instance:com.fliplearn.flipapp.testcases.UserRegistration@1a245833]" started-at="2018-09-20T19:45:03Z" name="befo" finished-at="2018-09-20T19:45:27Z" duration-ms="23802" status="PASS">
          <reporter-output>
          </reporter-output>
        </test-method> <!-- befo -->
        <test-method signature="verifyAndroidAdminLogin()[pri:0, instance:com.fliplearn.flipapp.testcases.UserRegistration@1a245833]" started-at="2018-09-20T19:45:27Z" name="verifyAndroidAdminLogin" finished-at="2018-09-20T19:45:52Z" duration-ms="25848" status="PASS">
          <reporter-output>
          </reporter-output>
        </test-method> <!-- verifyAndroidAdminLogin -->
        <test-method is-config="true" signature="getResult()[pri:0, instance:com.fliplearn.flipapp.testcases.UserRegistration@1a245833]" started-at="2018-09-20T19:45:52Z" name="getResult" finished-at="2018-09-20T19:45:57Z" duration-ms="4698" status="PASS">
          <reporter-output>
          </reporter-output>
        </test-method> <!-- getResult -->
      </class> <!-- com.fliplearn.flipapp.testcases.UserRegistration -->
    </test> <!-- login -->
  </suite> <!-- suite of suites -->
</testng-results>
