<?xml version="1.0" encoding="UTF-8"?>
<testng-results ignored="6" total="7" passed="1" failed="0" skipped="0">
  <reporter-output>
  </reporter-output>
  <suite started-at="2019-11-27T12:59:40Z" name="Failed suite [suite of suites]" finished-at="2019-11-27T13:00:19Z" duration-ms="38579">
    <groups>
    </groups>
    <test started-at="2019-11-27T12:59:40Z" name="Event(failed)" finished-at="2019-11-27T13:00:19Z" duration-ms="38579">
      <class name="com.fliplearn.flipapp.testcases.PrimeResources">
        <test-method is-config="true" signature="befo(org.testng.ITestContext)[pri:0, instance:com.fliplearn.flipapp.testcases.PrimeResources@563f38c4]" started-at="2019-11-27T12:59:40Z" name="befo" finished-at="2019-11-27T12:59:52Z" duration-ms="11610" status="PASS">
          <params>
            <param index="0">
              <value>
                <![CDATA[org.testng.TestRunner@56399b9e]]>
              </value>
            </param>
          </params>
          <reporter-output>
          </reporter-output>
        </test-method> <!-- befo -->
        <test-method is-config="true" signature="preVerifySynopsis()[pri:0, instance:com.fliplearn.flipapp.testcases.PrimeResources@563f38c4]" started-at="2019-11-27T12:59:52Z" name="preVerifySynopsis" finished-at="2019-11-27T12:59:52Z" duration-ms="315" status="PASS">
          <reporter-output>
          </reporter-output>
        </test-method> <!-- preVerifySynopsis -->
        <test-method signature="verifyGettingValidationMsgWithIncorrctCoupn()[pri:0, instance:com.fliplearn.flipapp.testcases.PrimeResources@563f38c4]" started-at="2019-11-27T12:59:52Z" name="verifyGettingValidationMsgWithIncorrctCoupn" finished-at="2019-11-27T13:00:18Z" duration-ms="25257" status="PASS">
          <reporter-output>
          </reporter-output>
        </test-method> <!-- verifyGettingValidationMsgWithIncorrctCoupn -->
        <test-method is-config="true" signature="getResult()[pri:0, instance:com.fliplearn.flipapp.testcases.PrimeResources@563f38c4]" started-at="2019-11-27T13:00:18Z" name="getResult" finished-at="2019-11-27T13:00:19Z" duration-ms="868" status="PASS">
          <reporter-output>
          </reporter-output>
        </test-method> <!-- getResult -->
        <test-method is-config="true" signature="aftSuite()[pri:0, instance:com.fliplearn.flipapp.testcases.PrimeResources@563f38c4]" started-at="2019-11-27T13:00:19Z" name="aftSuite" finished-at="2019-11-27T13:00:19Z" duration-ms="1" status="PASS">
          <reporter-output>
          </reporter-output>
        </test-method> <!-- aftSuite -->
      </class> <!-- com.fliplearn.flipapp.testcases.PrimeResources -->
    </test> <!-- Event(failed) -->
  </suite> <!-- Failed suite [suite of suites] -->
</testng-results>
