<?xml version="1.0" encoding="UTF-8"?>
<testng-results ignored="9" total="12" passed="3" failed="0" skipped="0">
  <reporter-output>
  </reporter-output>
  <suite started-at="2019-05-31T05:16:08Z" name="Fliplearn Automation Suite" finished-at="2019-05-31T05:17:21Z" duration-ms="73370">
    <groups>
    </groups>
    <test started-at="2019-05-31T05:16:08Z" name="Onboarding" finished-at="2019-05-31T05:17:21Z" duration-ms="73370">
      <class name="com.fliplearn.flipapp.testcases.Fee">
        <test-method is-config="true" signature="befo(org.testng.ITestContext)[pri:0, instance:com.fliplearn.flipapp.testcases.Fee@1e6a3214]" started-at="2019-05-31T05:16:08Z" name="befo" finished-at="2019-05-31T05:16:11Z" duration-ms="3214" status="PASS">
          <params>
            <param index="0">
              <value>
                <![CDATA[org.testng.TestRunner@41bfa9e9]]>
              </value>
            </param>
          </params>
          <reporter-output>
          </reporter-output>
        </test-method> <!-- befo -->
        <test-method is-config="true" signature="beforMethodFee()[pri:0, instance:com.fliplearn.flipapp.testcases.Fee@1e6a3214]" started-at="2019-05-31T05:16:11Z" name="beforMethodFee" finished-at="2019-05-31T05:16:12Z" duration-ms="492" status="PASS">
          <reporter-output>
          </reporter-output>
        </test-method> <!-- beforMethodFee -->
        <test-method signature="payFeeLoginDebitCard(java.lang.String)[pri:0, instance:com.fliplearn.flipapp.testcases.Fee@1e6a3214]" started-at="2019-05-31T05:16:12Z" name="payFeeLoginDebitCard" data-provider="nostaff" finished-at="2019-05-31T05:16:34Z" duration-ms="21694" status="PASS">
          <params>
            <param index="0">
              <value>
                <![CDATA[Parent]]>
              </value>
            </param>
          </params>
          <reporter-output>
          </reporter-output>
        </test-method> <!-- payFeeLoginDebitCard -->
        <test-method is-config="true" signature="getResult()[pri:0, instance:com.fliplearn.flipapp.testcases.Fee@1e6a3214]" started-at="2019-05-31T05:16:34Z" name="getResult" finished-at="2019-05-31T05:16:34Z" duration-ms="159" status="PASS">
          <reporter-output>
          </reporter-output>
        </test-method> <!-- getResult -->
        <test-method is-config="true" signature="befo(org.testng.ITestContext)[pri:0, instance:com.fliplearn.flipapp.testcases.Fee@1e6a3214]" started-at="2019-05-31T05:16:34Z" name="befo" finished-at="2019-05-31T05:16:36Z" duration-ms="2479" status="PASS">
          <params>
            <param index="0">
              <value>
                <![CDATA[org.testng.TestRunner@41bfa9e9]]>
              </value>
            </param>
          </params>
          <reporter-output>
          </reporter-output>
        </test-method> <!-- befo -->
        <test-method is-config="true" signature="beforMethodFee()[pri:0, instance:com.fliplearn.flipapp.testcases.Fee@1e6a3214]" started-at="2019-05-31T05:16:36Z" name="beforMethodFee" finished-at="2019-05-31T05:16:36Z" duration-ms="7" status="PASS">
          <reporter-output>
          </reporter-output>
        </test-method> <!-- beforMethodFee -->
        <test-method signature="payFeeLoginDebitCard(java.lang.String)[pri:0, instance:com.fliplearn.flipapp.testcases.Fee@1e6a3214]" started-at="2019-05-31T05:16:36Z" name="payFeeLoginDebitCard" data-provider="nostaff" finished-at="2019-05-31T05:16:58Z" duration-ms="21044" status="PASS">
          <params>
            <param index="0">
              <value>
                <![CDATA[Student]]>
              </value>
            </param>
          </params>
          <reporter-output>
          </reporter-output>
        </test-method> <!-- payFeeLoginDebitCard -->
        <test-method is-config="true" signature="getResult()[pri:0, instance:com.fliplearn.flipapp.testcases.Fee@1e6a3214]" started-at="2019-05-31T05:16:58Z" name="getResult" finished-at="2019-05-31T05:16:58Z" duration-ms="152" status="PASS">
          <reporter-output>
          </reporter-output>
        </test-method> <!-- getResult -->
        <test-method is-config="true" signature="befo(org.testng.ITestContext)[pri:0, instance:com.fliplearn.flipapp.testcases.Fee@1e6a3214]" started-at="2019-05-31T05:16:58Z" name="befo" finished-at="2019-05-31T05:17:01Z" duration-ms="2525" status="PASS">
          <params>
            <param index="0">
              <value>
                <![CDATA[org.testng.TestRunner@41bfa9e9]]>
              </value>
            </param>
          </params>
          <reporter-output>
          </reporter-output>
        </test-method> <!-- befo -->
        <test-method is-config="true" signature="beforMethodFee()[pri:0, instance:com.fliplearn.flipapp.testcases.Fee@1e6a3214]" started-at="2019-05-31T05:17:01Z" name="beforMethodFee" finished-at="2019-05-31T05:17:01Z" duration-ms="7" status="PASS">
          <reporter-output>
          </reporter-output>
        </test-method> <!-- beforMethodFee -->
        <test-method signature="payFeeLoginDebitCard(java.lang.String)[pri:0, instance:com.fliplearn.flipapp.testcases.Fee@1e6a3214]" started-at="2019-05-31T05:17:01Z" name="payFeeLoginDebitCard" data-provider="nostaff" finished-at="2019-05-31T05:17:21Z" duration-ms="20457" status="PASS">
          <params>
            <param index="0">
              <value>
                <![CDATA[Guest]]>
              </value>
            </param>
          </params>
          <reporter-output>
          </reporter-output>
        </test-method> <!-- payFeeLoginDebitCard -->
        <test-method is-config="true" signature="getResult()[pri:0, instance:com.fliplearn.flipapp.testcases.Fee@1e6a3214]" started-at="2019-05-31T05:17:21Z" name="getResult" finished-at="2019-05-31T05:17:21Z" duration-ms="167" status="PASS">
          <reporter-output>
          </reporter-output>
        </test-method> <!-- getResult -->
        <test-method is-config="true" signature="aftSuite()[pri:0, instance:com.fliplearn.flipapp.testcases.Fee@1e6a3214]" started-at="2019-05-31T05:17:22Z" name="aftSuite" finished-at="2019-05-31T05:17:22Z" duration-ms="0" status="PASS">
          <reporter-output>
          </reporter-output>
        </test-method> <!-- aftSuite -->
      </class> <!-- com.fliplearn.flipapp.testcases.Fee -->
    </test> <!-- Onboarding -->
  </suite> <!-- Fliplearn Automation Suite -->
</testng-results>
