<?xml version="1.0" encoding="UTF-8"?>
<testng-results ignored="1" total="2" passed="1" failed="0" skipped="0">
  <reporter-output>
  </reporter-output>
  <suite started-at="2019-07-18T17:41:44Z" name="Fliplearn Automation Suite" finished-at="2019-07-18T17:42:36Z" duration-ms="51489">
    <groups>
    </groups>
    <test started-at="2019-07-18T17:41:44Z" name="Onboarding" finished-at="2019-07-18T17:42:36Z" duration-ms="51489">
      <class name="com.fliplearn.flipapp.testcases.QuizDashboard">
        <test-method is-config="true" signature="befo(org.testng.ITestContext)[pri:0, instance:com.fliplearn.flipapp.testcases.QuizDashboard@a38c7fe]" started-at="2019-07-18T17:41:45Z" name="befo" finished-at="2019-07-18T17:42:05Z" duration-ms="20934" status="PASS">
          <params>
            <param index="0">
              <value>
                <![CDATA[org.testng.TestRunner@24841372]]>
              </value>
            </param>
          </params>
          <reporter-output>
          </reporter-output>
        </test-method> <!-- befo -->
        <test-method is-config="true" signature="befQuiz()[pri:0, instance:com.fliplearn.flipapp.testcases.QuizDashboard@a38c7fe]" started-at="2019-07-18T17:42:05Z" name="befQuiz" finished-at="2019-07-18T17:42:06Z" duration-ms="179" status="PASS">
          <reporter-output>
          </reporter-output>
        </test-method> <!-- befQuiz -->
        <test-method signature="verifyQuizDashboardClasses()[pri:0, instance:com.fliplearn.flipapp.testcases.QuizDashboard@a38c7fe]" started-at="2019-07-18T17:42:06Z" name="verifyQuizDashboardClasses" finished-at="2019-07-18T17:42:30Z" duration-ms="24742" status="PASS">
          <reporter-output>
          </reporter-output>
        </test-method> <!-- verifyQuizDashboardClasses -->
        <test-method is-config="true" signature="getResult()[pri:0, instance:com.fliplearn.flipapp.testcases.QuizDashboard@a38c7fe]" started-at="2019-07-18T17:42:36Z" name="getResult" finished-at="2019-07-18T17:42:36Z" duration-ms="148" status="PASS">
          <reporter-output>
          </reporter-output>
        </test-method> <!-- getResult -->
        <test-method is-config="true" signature="aftSuite()[pri:0, instance:com.fliplearn.flipapp.testcases.QuizDashboard@a38c7fe]" started-at="2019-07-18T17:42:36Z" name="aftSuite" finished-at="2019-07-18T17:42:36Z" duration-ms="0" status="PASS">
          <reporter-output>
          </reporter-output>
        </test-method> <!-- aftSuite -->
      </class> <!-- com.fliplearn.flipapp.testcases.QuizDashboard -->
    </test> <!-- Onboarding -->
  </suite> <!-- Fliplearn Automation Suite -->
</testng-results>
