<?xml version="1.0" encoding="UTF-8"?>
<testng-results ignored="3" total="63" passed="56" failed="4" skipped="0">
  <reporter-output>
  </reporter-output>
  <suite started-at="2019-02-01T07:04:53Z" name="Fliplearn Automation Suite" finished-at="2019-02-01T08:01:28Z" duration-ms="3394879">
    <groups>
    </groups>
    <test started-at="2019-02-01T07:04:53Z" name="Onboarding" finished-at="2019-02-01T07:13:07Z" duration-ms="494419">
      <class name="com.fliplearn.flipapp.testcases.Login">
        <test-method is-config="true" signature="befo(org.testng.ITestContext)[pri:0, instance:com.fliplearn.flipapp.testcases.Login@53045c6c]" started-at="2019-02-01T07:04:53Z" name="befo" finished-at="2019-02-01T07:05:17Z" duration-ms="24206" status="PASS">
          <params>
            <param index="0">
              <value>
                <![CDATA[org.testng.TestRunner@50f71f48]]>
              </value>
            </param>
          </params>
          <reporter-output>
          </reporter-output>
        </test-method> <!-- befo -->
        <test-method is-config="true" signature="befMethod()[pri:0, instance:com.fliplearn.flipapp.testcases.Login@53045c6c]" started-at="2019-02-01T07:05:17Z" name="befMethod" finished-at="2019-02-01T07:05:18Z" duration-ms="589" status="PASS">
          <reporter-output>
          </reporter-output>
        </test-method> <!-- befMethod -->
        <test-method signature="verifyLogin(java.lang.String)[pri:0, instance:com.fliplearn.flipapp.testcases.Login@53045c6c]" started-at="2019-02-01T07:05:18Z" name="verifyLogin" data-provider="allusers" finished-at="2019-02-01T07:05:25Z" duration-ms="7716" status="PASS">
          <params>
            <param index="0">
              <value>
                <![CDATA[Admin]]>
              </value>
            </param>
          </params>
          <reporter-output>
          </reporter-output>
        </test-method> <!-- verifyLogin -->
        <test-method is-config="true" signature="getResult()[pri:0, instance:com.fliplearn.flipapp.testcases.Login@53045c6c]" started-at="2019-02-01T07:05:26Z" name="getResult" finished-at="2019-02-01T07:05:27Z" duration-ms="1075" status="PASS">
          <reporter-output>
          </reporter-output>
        </test-method> <!-- getResult -->
        <test-method is-config="true" signature="befo(org.testng.ITestContext)[pri:0, instance:com.fliplearn.flipapp.testcases.Login@53045c6c]" started-at="2019-02-01T07:05:27Z" name="befo" finished-at="2019-02-01T07:05:49Z" duration-ms="22147" status="PASS">
          <params>
            <param index="0">
              <value>
                <![CDATA[org.testng.TestRunner@50f71f48]]>
              </value>
            </param>
          </params>
          <reporter-output>
          </reporter-output>
        </test-method> <!-- befo -->
        <test-method is-config="true" signature="befMethod()[pri:0, instance:com.fliplearn.flipapp.testcases.Login@53045c6c]" started-at="2019-02-01T07:05:49Z" name="befMethod" finished-at="2019-02-01T07:05:49Z" duration-ms="352" status="PASS">
          <reporter-output>
          </reporter-output>
        </test-method> <!-- befMethod -->
        <test-method signature="verifyLogin(java.lang.String)[pri:0, instance:com.fliplearn.flipapp.testcases.Login@53045c6c]" started-at="2019-02-01T07:05:49Z" name="verifyLogin" data-provider="allusers" finished-at="2019-02-01T07:05:58Z" duration-ms="8329" status="PASS">
          <params>
            <param index="0">
              <value>
                <![CDATA[Principal]]>
              </value>
            </param>
          </params>
          <reporter-output>
          </reporter-output>
        </test-method> <!-- verifyLogin -->
        <test-method is-config="true" signature="getResult()[pri:0, instance:com.fliplearn.flipapp.testcases.Login@53045c6c]" started-at="2019-02-01T07:05:58Z" name="getResult" finished-at="2019-02-01T07:05:59Z" duration-ms="1078" status="PASS">
          <reporter-output>
          </reporter-output>
        </test-method> <!-- getResult -->
        <test-method is-config="true" signature="befo(org.testng.ITestContext)[pri:0, instance:com.fliplearn.flipapp.testcases.Login@53045c6c]" started-at="2019-02-01T07:05:59Z" name="befo" finished-at="2019-02-01T07:06:22Z" duration-ms="22776" status="PASS">
          <params>
            <param index="0">
              <value>
                <![CDATA[org.testng.TestRunner@50f71f48]]>
              </value>
            </param>
          </params>
          <reporter-output>
          </reporter-output>
        </test-method> <!-- befo -->
        <test-method is-config="true" signature="befMethod()[pri:0, instance:com.fliplearn.flipapp.testcases.Login@53045c6c]" started-at="2019-02-01T07:06:22Z" name="befMethod" finished-at="2019-02-01T07:06:22Z" duration-ms="343" status="PASS">
          <reporter-output>
          </reporter-output>
        </test-method> <!-- befMethod -->
        <test-method signature="verifyLogin(java.lang.String)[pri:0, instance:com.fliplearn.flipapp.testcases.Login@53045c6c]" started-at="2019-02-01T07:06:22Z" name="verifyLogin" data-provider="allusers" finished-at="2019-02-01T07:06:30Z" duration-ms="8214" status="PASS">
          <params>
            <param index="0">
              <value>
                <![CDATA[Teacher]]>
              </value>
            </param>
          </params>
          <reporter-output>
          </reporter-output>
        </test-method> <!-- verifyLogin -->
        <test-method is-config="true" signature="getResult()[pri:0, instance:com.fliplearn.flipapp.testcases.Login@53045c6c]" started-at="2019-02-01T07:06:31Z" name="getResult" finished-at="2019-02-01T07:06:32Z" duration-ms="1117" status="PASS">
          <reporter-output>
          </reporter-output>
        </test-method> <!-- getResult -->
        <test-method is-config="true" signature="befo(org.testng.ITestContext)[pri:0, instance:com.fliplearn.flipapp.testcases.Login@53045c6c]" started-at="2019-02-01T07:06:32Z" name="befo" finished-at="2019-02-01T07:06:54Z" duration-ms="22134" status="PASS">
          <params>
            <param index="0">
              <value>
                <![CDATA[org.testng.TestRunner@50f71f48]]>
              </value>
            </param>
          </params>
          <reporter-output>
          </reporter-output>
        </test-method> <!-- befo -->
        <test-method is-config="true" signature="befMethod()[pri:0, instance:com.fliplearn.flipapp.testcases.Login@53045c6c]" started-at="2019-02-01T07:06:54Z" name="befMethod" finished-at="2019-02-01T07:06:54Z" duration-ms="338" status="PASS">
          <reporter-output>
          </reporter-output>
        </test-method> <!-- befMethod -->
        <test-method signature="verifyLogin(java.lang.String)[pri:0, instance:com.fliplearn.flipapp.testcases.Login@53045c6c]" started-at="2019-02-01T07:06:54Z" name="verifyLogin" data-provider="allusers" finished-at="2019-02-01T07:07:03Z" duration-ms="8478" status="PASS">
          <params>
            <param index="0">
              <value>
                <![CDATA[Parent]]>
              </value>
            </param>
          </params>
          <reporter-output>
          </reporter-output>
        </test-method> <!-- verifyLogin -->
        <test-method is-config="true" signature="getResult()[pri:0, instance:com.fliplearn.flipapp.testcases.Login@53045c6c]" started-at="2019-02-01T07:07:03Z" name="getResult" finished-at="2019-02-01T07:07:04Z" duration-ms="1092" status="PASS">
          <reporter-output>
          </reporter-output>
        </test-method> <!-- getResult -->
        <test-method is-config="true" signature="befo(org.testng.ITestContext)[pri:0, instance:com.fliplearn.flipapp.testcases.Login@53045c6c]" started-at="2019-02-01T07:07:04Z" name="befo" finished-at="2019-02-01T07:07:26Z" duration-ms="22055" status="PASS">
          <params>
            <param index="0">
              <value>
                <![CDATA[org.testng.TestRunner@50f71f48]]>
              </value>
            </param>
          </params>
          <reporter-output>
          </reporter-output>
        </test-method> <!-- befo -->
        <test-method is-config="true" signature="befMethod()[pri:0, instance:com.fliplearn.flipapp.testcases.Login@53045c6c]" started-at="2019-02-01T07:07:26Z" name="befMethod" finished-at="2019-02-01T07:07:27Z" duration-ms="328" status="PASS">
          <reporter-output>
          </reporter-output>
        </test-method> <!-- befMethod -->
        <test-method signature="verifyLogin(java.lang.String)[pri:0, instance:com.fliplearn.flipapp.testcases.Login@53045c6c]" started-at="2019-02-01T07:07:27Z" name="verifyLogin" data-provider="allusers" finished-at="2019-02-01T07:07:35Z" duration-ms="8418" status="PASS">
          <params>
            <param index="0">
              <value>
                <![CDATA[Student]]>
              </value>
            </param>
          </params>
          <reporter-output>
          </reporter-output>
        </test-method> <!-- verifyLogin -->
        <test-method is-config="true" signature="getResult()[pri:0, instance:com.fliplearn.flipapp.testcases.Login@53045c6c]" started-at="2019-02-01T07:07:36Z" name="getResult" finished-at="2019-02-01T07:07:37Z" duration-ms="1110" status="PASS">
          <reporter-output>
          </reporter-output>
        </test-method> <!-- getResult -->
        <test-method is-config="true" signature="befo(org.testng.ITestContext)[pri:0, instance:com.fliplearn.flipapp.testcases.Login@53045c6c]" started-at="2019-02-01T07:07:37Z" name="befo" finished-at="2019-02-01T07:07:59Z" duration-ms="22199" status="PASS">
          <params>
            <param index="0">
              <value>
                <![CDATA[org.testng.TestRunner@50f71f48]]>
              </value>
            </param>
          </params>
          <reporter-output>
          </reporter-output>
        </test-method> <!-- befo -->
        <test-method is-config="true" signature="befMethod()[pri:0, instance:com.fliplearn.flipapp.testcases.Login@53045c6c]" started-at="2019-02-01T07:07:59Z" name="befMethod" finished-at="2019-02-01T07:07:59Z" duration-ms="333" status="PASS">
          <reporter-output>
          </reporter-output>
        </test-method> <!-- befMethod -->
        <test-method signature="verifyLogin(java.lang.String)[pri:0, instance:com.fliplearn.flipapp.testcases.Login@53045c6c]" started-at="2019-02-01T07:07:59Z" name="verifyLogin" data-provider="allusers" finished-at="2019-02-01T07:08:14Z" duration-ms="14457" status="PASS">
          <params>
            <param index="0">
              <value>
                <![CDATA[Guest]]>
              </value>
            </param>
          </params>
          <reporter-output>
          </reporter-output>
        </test-method> <!-- verifyLogin -->
        <test-method is-config="true" signature="getResult()[pri:0, instance:com.fliplearn.flipapp.testcases.Login@53045c6c]" started-at="2019-02-01T07:08:14Z" name="getResult" finished-at="2019-02-01T07:08:15Z" duration-ms="1064" status="PASS">
          <reporter-output>
          </reporter-output>
        </test-method> <!-- getResult -->
        <test-method is-config="true" signature="befo(org.testng.ITestContext)[pri:0, instance:com.fliplearn.flipapp.testcases.Login@53045c6c]" started-at="2019-02-01T07:08:15Z" name="befo" finished-at="2019-02-01T07:08:37Z" duration-ms="21963" status="PASS">
          <params>
            <param index="0">
              <value>
                <![CDATA[org.testng.TestRunner@50f71f48]]>
              </value>
            </param>
          </params>
          <reporter-output>
          </reporter-output>
        </test-method> <!-- befo -->
        <test-method is-config="true" signature="befMethod()[pri:0, instance:com.fliplearn.flipapp.testcases.Login@53045c6c]" started-at="2019-02-01T07:08:37Z" name="befMethod" finished-at="2019-02-01T07:08:38Z" duration-ms="355" status="PASS">
          <reporter-output>
          </reporter-output>
        </test-method> <!-- befMethod -->
        <test-method signature="verifyLogout(java.lang.String)[pri:0, instance:com.fliplearn.flipapp.testcases.Login@53045c6c]" started-at="2019-02-01T07:08:38Z" name="verifyLogout" data-provider="allusers" finished-at="2019-02-01T07:09:01Z" duration-ms="23607" status="PASS">
          <params>
            <param index="0">
              <value>
                <![CDATA[Admin]]>
              </value>
            </param>
          </params>
          <reporter-output>
          </reporter-output>
        </test-method> <!-- verifyLogout -->
        <test-method is-config="true" signature="getResult()[pri:0, instance:com.fliplearn.flipapp.testcases.Login@53045c6c]" started-at="2019-02-01T07:09:02Z" name="getResult" finished-at="2019-02-01T07:09:03Z" duration-ms="1059" status="PASS">
          <reporter-output>
          </reporter-output>
        </test-method> <!-- getResult -->
        <test-method is-config="true" signature="befo(org.testng.ITestContext)[pri:0, instance:com.fliplearn.flipapp.testcases.Login@53045c6c]" started-at="2019-02-01T07:09:03Z" name="befo" finished-at="2019-02-01T07:09:25Z" duration-ms="21907" status="PASS">
          <params>
            <param index="0">
              <value>
                <![CDATA[org.testng.TestRunner@50f71f48]]>
              </value>
            </param>
          </params>
          <reporter-output>
          </reporter-output>
        </test-method> <!-- befo -->
        <test-method is-config="true" signature="befMethod()[pri:0, instance:com.fliplearn.flipapp.testcases.Login@53045c6c]" started-at="2019-02-01T07:09:25Z" name="befMethod" finished-at="2019-02-01T07:09:25Z" duration-ms="401" status="PASS">
          <reporter-output>
          </reporter-output>
        </test-method> <!-- befMethod -->
        <test-method signature="verifyLogout(java.lang.String)[pri:0, instance:com.fliplearn.flipapp.testcases.Login@53045c6c]" started-at="2019-02-01T07:09:25Z" name="verifyLogout" data-provider="allusers" finished-at="2019-02-01T07:09:50Z" duration-ms="24850" status="PASS">
          <params>
            <param index="0">
              <value>
                <![CDATA[Principal]]>
              </value>
            </param>
          </params>
          <reporter-output>
          </reporter-output>
        </test-method> <!-- verifyLogout -->
        <test-method is-config="true" signature="getResult()[pri:0, instance:com.fliplearn.flipapp.testcases.Login@53045c6c]" started-at="2019-02-01T07:09:50Z" name="getResult" finished-at="2019-02-01T07:09:51Z" duration-ms="1062" status="PASS">
          <reporter-output>
          </reporter-output>
        </test-method> <!-- getResult -->
        <test-method is-config="true" signature="befo(org.testng.ITestContext)[pri:0, instance:com.fliplearn.flipapp.testcases.Login@53045c6c]" started-at="2019-02-01T07:09:51Z" name="befo" finished-at="2019-02-01T07:10:14Z" duration-ms="22453" status="PASS">
          <params>
            <param index="0">
              <value>
                <![CDATA[org.testng.TestRunner@50f71f48]]>
              </value>
            </param>
          </params>
          <reporter-output>
          </reporter-output>
        </test-method> <!-- befo -->
        <test-method is-config="true" signature="befMethod()[pri:0, instance:com.fliplearn.flipapp.testcases.Login@53045c6c]" started-at="2019-02-01T07:10:14Z" name="befMethod" finished-at="2019-02-01T07:10:14Z" duration-ms="327" status="PASS">
          <reporter-output>
          </reporter-output>
        </test-method> <!-- befMethod -->
        <test-method signature="verifyLogout(java.lang.String)[pri:0, instance:com.fliplearn.flipapp.testcases.Login@53045c6c]" started-at="2019-02-01T07:10:14Z" name="verifyLogout" data-provider="allusers" finished-at="2019-02-01T07:10:38Z" duration-ms="23862" status="PASS">
          <params>
            <param index="0">
              <value>
                <![CDATA[Teacher]]>
              </value>
            </param>
          </params>
          <reporter-output>
          </reporter-output>
        </test-method> <!-- verifyLogout -->
        <test-method is-config="true" signature="getResult()[pri:0, instance:com.fliplearn.flipapp.testcases.Login@53045c6c]" started-at="2019-02-01T07:10:38Z" name="getResult" finished-at="2019-02-01T07:10:39Z" duration-ms="1061" status="PASS">
          <reporter-output>
          </reporter-output>
        </test-method> <!-- getResult -->
        <test-method is-config="true" signature="befo(org.testng.ITestContext)[pri:0, instance:com.fliplearn.flipapp.testcases.Login@53045c6c]" started-at="2019-02-01T07:10:39Z" name="befo" finished-at="2019-02-01T07:11:01Z" duration-ms="21280" status="PASS">
          <params>
            <param index="0">
              <value>
                <![CDATA[org.testng.TestRunner@50f71f48]]>
              </value>
            </param>
          </params>
          <reporter-output>
          </reporter-output>
        </test-method> <!-- befo -->
        <test-method is-config="true" signature="befMethod()[pri:0, instance:com.fliplearn.flipapp.testcases.Login@53045c6c]" started-at="2019-02-01T07:11:01Z" name="befMethod" finished-at="2019-02-01T07:11:01Z" duration-ms="380" status="PASS">
          <reporter-output>
          </reporter-output>
        </test-method> <!-- befMethod -->
        <test-method signature="verifyLogout(java.lang.String)[pri:0, instance:com.fliplearn.flipapp.testcases.Login@53045c6c]" started-at="2019-02-01T07:11:01Z" name="verifyLogout" data-provider="allusers" finished-at="2019-02-01T07:11:26Z" duration-ms="24653" status="PASS">
          <params>
            <param index="0">
              <value>
                <![CDATA[Parent]]>
              </value>
            </param>
          </params>
          <reporter-output>
          </reporter-output>
        </test-method> <!-- verifyLogout -->
        <test-method is-config="true" signature="getResult()[pri:0, instance:com.fliplearn.flipapp.testcases.Login@53045c6c]" started-at="2019-02-01T07:11:26Z" name="getResult" finished-at="2019-02-01T07:11:27Z" duration-ms="1060" status="PASS">
          <reporter-output>
          </reporter-output>
        </test-method> <!-- getResult -->
        <test-method is-config="true" signature="befo(org.testng.ITestContext)[pri:0, instance:com.fliplearn.flipapp.testcases.Login@53045c6c]" started-at="2019-02-01T07:11:27Z" name="befo" finished-at="2019-02-01T07:11:49Z" duration-ms="22296" status="PASS">
          <params>
            <param index="0">
              <value>
                <![CDATA[org.testng.TestRunner@50f71f48]]>
              </value>
            </param>
          </params>
          <reporter-output>
          </reporter-output>
        </test-method> <!-- befo -->
        <test-method is-config="true" signature="befMethod()[pri:0, instance:com.fliplearn.flipapp.testcases.Login@53045c6c]" started-at="2019-02-01T07:11:49Z" name="befMethod" finished-at="2019-02-01T07:11:50Z" duration-ms="315" status="PASS">
          <reporter-output>
          </reporter-output>
        </test-method> <!-- befMethod -->
        <test-method signature="verifyLogout(java.lang.String)[pri:0, instance:com.fliplearn.flipapp.testcases.Login@53045c6c]" started-at="2019-02-01T07:11:50Z" name="verifyLogout" data-provider="allusers" finished-at="2019-02-01T07:12:15Z" duration-ms="24829" status="PASS">
          <params>
            <param index="0">
              <value>
                <![CDATA[Student]]>
              </value>
            </param>
          </params>
          <reporter-output>
          </reporter-output>
        </test-method> <!-- verifyLogout -->
        <test-method is-config="true" signature="getResult()[pri:0, instance:com.fliplearn.flipapp.testcases.Login@53045c6c]" started-at="2019-02-01T07:12:15Z" name="getResult" finished-at="2019-02-01T07:12:16Z" duration-ms="1030" status="PASS">
          <reporter-output>
          </reporter-output>
        </test-method> <!-- getResult -->
        <test-method is-config="true" signature="befo(org.testng.ITestContext)[pri:0, instance:com.fliplearn.flipapp.testcases.Login@53045c6c]" started-at="2019-02-01T07:12:16Z" name="befo" finished-at="2019-02-01T07:12:38Z" duration-ms="22520" status="PASS">
          <params>
            <param index="0">
              <value>
                <![CDATA[org.testng.TestRunner@50f71f48]]>
              </value>
            </param>
          </params>
          <reporter-output>
          </reporter-output>
        </test-method> <!-- befo -->
        <test-method is-config="true" signature="befMethod()[pri:0, instance:com.fliplearn.flipapp.testcases.Login@53045c6c]" started-at="2019-02-01T07:12:38Z" name="befMethod" finished-at="2019-02-01T07:12:39Z" duration-ms="323" status="PASS">
          <reporter-output>
          </reporter-output>
        </test-method> <!-- befMethod -->
        <test-method signature="verifyLogout(java.lang.String)[pri:0, instance:com.fliplearn.flipapp.testcases.Login@53045c6c]" started-at="2019-02-01T07:12:39Z" name="verifyLogout" data-provider="allusers" finished-at="2019-02-01T07:13:06Z" duration-ms="27155" status="PASS">
          <params>
            <param index="0">
              <value>
                <![CDATA[Guest]]>
              </value>
            </param>
          </params>
          <reporter-output>
          </reporter-output>
        </test-method> <!-- verifyLogout -->
        <test-method is-config="true" signature="getResult()[pri:0, instance:com.fliplearn.flipapp.testcases.Login@53045c6c]" started-at="2019-02-01T07:13:06Z" name="getResult" finished-at="2019-02-01T07:13:07Z" duration-ms="1019" status="PASS">
          <reporter-output>
          </reporter-output>
        </test-method> <!-- getResult -->
      </class> <!-- com.fliplearn.flipapp.testcases.Login -->
    </test> <!-- Onboarding -->
    <test started-at="2019-02-01T07:13:09Z" name="Learning" finished-at="2019-02-01T08:01:28Z" duration-ms="2898730">
      <class name="com.fliplearn.flipapp.testcases.PrimeResources">
        <test-method is-config="true" signature="befo(org.testng.ITestContext)[pri:0, instance:com.fliplearn.flipapp.testcases.PrimeResources@6c284af]" started-at="2019-02-01T07:13:09Z" name="befo" finished-at="2019-02-01T07:13:32Z" duration-ms="22667" status="PASS">
          <params>
            <param index="0">
              <value>
                <![CDATA[org.testng.TestRunner@14270715]]>
              </value>
            </param>
          </params>
          <reporter-output>
          </reporter-output>
        </test-method> <!-- befo -->
        <test-method is-config="true" signature="preVerifySynopsis()[pri:0, instance:com.fliplearn.flipapp.testcases.PrimeResources@6c284af]" started-at="2019-02-01T07:13:32Z" name="preVerifySynopsis" finished-at="2019-02-01T07:13:32Z" duration-ms="516" status="PASS">
          <reporter-output>
          </reporter-output>
        </test-method> <!-- preVerifySynopsis -->
        <test-method signature="playPrimeVideo(java.lang.String)[pri:0, instance:com.fliplearn.flipapp.testcases.PrimeResources@6c284af]" started-at="2019-02-01T07:13:32Z" name="playPrimeVideo" data-provider="allusers" finished-at="2019-02-01T07:14:14Z" duration-ms="41907" status="PASS">
          <params>
            <param index="0">
              <value>
                <![CDATA[Admin]]>
              </value>
            </param>
          </params>
          <reporter-output>
          </reporter-output>
        </test-method> <!-- playPrimeVideo -->
        <test-method is-config="true" signature="getResult()[pri:0, instance:com.fliplearn.flipapp.testcases.PrimeResources@6c284af]" started-at="2019-02-01T07:14:15Z" name="getResult" finished-at="2019-02-01T07:14:16Z" duration-ms="1269" status="PASS">
          <reporter-output>
          </reporter-output>
        </test-method> <!-- getResult -->
        <test-method is-config="true" signature="befo(org.testng.ITestContext)[pri:0, instance:com.fliplearn.flipapp.testcases.PrimeResources@6c284af]" started-at="2019-02-01T07:14:16Z" name="befo" finished-at="2019-02-01T07:14:38Z" duration-ms="22276" status="PASS">
          <params>
            <param index="0">
              <value>
                <![CDATA[org.testng.TestRunner@14270715]]>
              </value>
            </param>
          </params>
          <reporter-output>
          </reporter-output>
        </test-method> <!-- befo -->
        <test-method is-config="true" signature="preVerifySynopsis()[pri:0, instance:com.fliplearn.flipapp.testcases.PrimeResources@6c284af]" started-at="2019-02-01T07:14:38Z" name="preVerifySynopsis" finished-at="2019-02-01T07:14:39Z" duration-ms="461" status="PASS">
          <reporter-output>
          </reporter-output>
        </test-method> <!-- preVerifySynopsis -->
        <test-method signature="playPrimeVideo(java.lang.String)[pri:0, instance:com.fliplearn.flipapp.testcases.PrimeResources@6c284af]" started-at="2019-02-01T07:14:39Z" name="playPrimeVideo" data-provider="allusers" finished-at="2019-02-01T07:15:21Z" duration-ms="42344" status="PASS">
          <params>
            <param index="0">
              <value>
                <![CDATA[Principal]]>
              </value>
            </param>
          </params>
          <reporter-output>
          </reporter-output>
        </test-method> <!-- playPrimeVideo -->
        <test-method is-config="true" signature="getResult()[pri:0, instance:com.fliplearn.flipapp.testcases.PrimeResources@6c284af]" started-at="2019-02-01T07:15:21Z" name="getResult" finished-at="2019-02-01T07:15:23Z" duration-ms="1170" status="PASS">
          <reporter-output>
          </reporter-output>
        </test-method> <!-- getResult -->
        <test-method is-config="true" signature="befo(org.testng.ITestContext)[pri:0, instance:com.fliplearn.flipapp.testcases.PrimeResources@6c284af]" started-at="2019-02-01T07:15:23Z" name="befo" finished-at="2019-02-01T07:15:48Z" duration-ms="25120" status="PASS">
          <params>
            <param index="0">
              <value>
                <![CDATA[org.testng.TestRunner@14270715]]>
              </value>
            </param>
          </params>
          <reporter-output>
          </reporter-output>
        </test-method> <!-- befo -->
        <test-method is-config="true" signature="preVerifySynopsis()[pri:0, instance:com.fliplearn.flipapp.testcases.PrimeResources@6c284af]" started-at="2019-02-01T07:15:48Z" name="preVerifySynopsis" finished-at="2019-02-01T07:15:48Z" duration-ms="456" status="PASS">
          <reporter-output>
          </reporter-output>
        </test-method> <!-- preVerifySynopsis -->
        <test-method signature="playPrimeVideo(java.lang.String)[pri:0, instance:com.fliplearn.flipapp.testcases.PrimeResources@6c284af]" started-at="2019-02-01T07:15:48Z" name="playPrimeVideo" data-provider="allusers" finished-at="2019-02-01T07:16:30Z" duration-ms="42373" status="PASS">
          <params>
            <param index="0">
              <value>
                <![CDATA[Teacher]]>
              </value>
            </param>
          </params>
          <reporter-output>
          </reporter-output>
        </test-method> <!-- playPrimeVideo -->
        <test-method is-config="true" signature="getResult()[pri:0, instance:com.fliplearn.flipapp.testcases.PrimeResources@6c284af]" started-at="2019-02-01T07:16:31Z" name="getResult" finished-at="2019-02-01T07:16:32Z" duration-ms="1195" status="PASS">
          <reporter-output>
          </reporter-output>
        </test-method> <!-- getResult -->
        <test-method is-config="true" signature="befo(org.testng.ITestContext)[pri:0, instance:com.fliplearn.flipapp.testcases.PrimeResources@6c284af]" started-at="2019-02-01T07:16:32Z" name="befo" finished-at="2019-02-01T07:16:55Z" duration-ms="22621" status="PASS">
          <params>
            <param index="0">
              <value>
                <![CDATA[org.testng.TestRunner@14270715]]>
              </value>
            </param>
          </params>
          <reporter-output>
          </reporter-output>
        </test-method> <!-- befo -->
        <test-method is-config="true" signature="preVerifySynopsis()[pri:0, instance:com.fliplearn.flipapp.testcases.PrimeResources@6c284af]" started-at="2019-02-01T07:16:55Z" name="preVerifySynopsis" finished-at="2019-02-01T07:16:55Z" duration-ms="436" status="PASS">
          <reporter-output>
          </reporter-output>
        </test-method> <!-- preVerifySynopsis -->
        <test-method signature="playPrimeVideo(java.lang.String)[pri:0, instance:com.fliplearn.flipapp.testcases.PrimeResources@6c284af]" started-at="2019-02-01T07:16:55Z" name="playPrimeVideo" data-provider="allusers" finished-at="2019-02-01T07:18:24Z" duration-ms="89338" status="PASS">
          <params>
            <param index="0">
              <value>
                <![CDATA[Parent]]>
              </value>
            </param>
          </params>
          <reporter-output>
          </reporter-output>
        </test-method> <!-- playPrimeVideo -->
        <test-method is-config="true" signature="getResult()[pri:0, instance:com.fliplearn.flipapp.testcases.PrimeResources@6c284af]" started-at="2019-02-01T07:18:25Z" name="getResult" finished-at="2019-02-01T07:18:26Z" duration-ms="1094" status="PASS">
          <reporter-output>
          </reporter-output>
        </test-method> <!-- getResult -->
        <test-method is-config="true" signature="befo(org.testng.ITestContext)[pri:0, instance:com.fliplearn.flipapp.testcases.PrimeResources@6c284af]" started-at="2019-02-01T07:18:26Z" name="befo" finished-at="2019-02-01T07:18:46Z" duration-ms="20368" status="PASS">
          <params>
            <param index="0">
              <value>
                <![CDATA[org.testng.TestRunner@14270715]]>
              </value>
            </param>
          </params>
          <reporter-output>
          </reporter-output>
        </test-method> <!-- befo -->
        <test-method is-config="true" signature="preVerifySynopsis()[pri:0, instance:com.fliplearn.flipapp.testcases.PrimeResources@6c284af]" started-at="2019-02-01T07:18:46Z" name="preVerifySynopsis" finished-at="2019-02-01T07:18:47Z" duration-ms="436" status="PASS">
          <reporter-output>
          </reporter-output>
        </test-method> <!-- preVerifySynopsis -->
        <test-method signature="playPrimeVideo(java.lang.String)[pri:0, instance:com.fliplearn.flipapp.testcases.PrimeResources@6c284af]" started-at="2019-02-01T07:18:47Z" name="playPrimeVideo" data-provider="allusers" finished-at="2019-02-01T07:19:29Z" duration-ms="42284" status="PASS">
          <params>
            <param index="0">
              <value>
                <![CDATA[Student]]>
              </value>
            </param>
          </params>
          <reporter-output>
          </reporter-output>
        </test-method> <!-- playPrimeVideo -->
        <test-method is-config="true" signature="getResult()[pri:0, instance:com.fliplearn.flipapp.testcases.PrimeResources@6c284af]" started-at="2019-02-01T07:19:29Z" name="getResult" finished-at="2019-02-01T07:19:31Z" duration-ms="1178" status="PASS">
          <reporter-output>
          </reporter-output>
        </test-method> <!-- getResult -->
        <test-method is-config="true" signature="befo(org.testng.ITestContext)[pri:0, instance:com.fliplearn.flipapp.testcases.PrimeResources@6c284af]" started-at="2019-02-01T07:19:31Z" name="befo" finished-at="2019-02-01T07:19:53Z" duration-ms="22134" status="PASS">
          <params>
            <param index="0">
              <value>
                <![CDATA[org.testng.TestRunner@14270715]]>
              </value>
            </param>
          </params>
          <reporter-output>
          </reporter-output>
        </test-method> <!-- befo -->
        <test-method is-config="true" signature="preVerifySynopsis()[pri:0, instance:com.fliplearn.flipapp.testcases.PrimeResources@6c284af]" started-at="2019-02-01T07:19:53Z" name="preVerifySynopsis" finished-at="2019-02-01T07:19:53Z" duration-ms="463" status="PASS">
          <reporter-output>
          </reporter-output>
        </test-method> <!-- preVerifySynopsis -->
        <test-method signature="playPrimeVideo(java.lang.String)[pri:0, instance:com.fliplearn.flipapp.testcases.PrimeResources@6c284af]" started-at="2019-02-01T07:19:53Z" name="playPrimeVideo" data-provider="allusers" finished-at="2019-02-01T07:20:37Z" duration-ms="43612" status="PASS">
          <params>
            <param index="0">
              <value>
                <![CDATA[Guest]]>
              </value>
            </param>
          </params>
          <reporter-output>
          </reporter-output>
        </test-method> <!-- playPrimeVideo -->
        <test-method is-config="true" signature="getResult()[pri:0, instance:com.fliplearn.flipapp.testcases.PrimeResources@6c284af]" started-at="2019-02-01T07:20:37Z" name="getResult" finished-at="2019-02-01T07:20:38Z" duration-ms="1149" status="PASS">
          <reporter-output>
          </reporter-output>
        </test-method> <!-- getResult -->
        <test-method is-config="true" signature="befo(org.testng.ITestContext)[pri:0, instance:com.fliplearn.flipapp.testcases.PrimeResources@6c284af]" started-at="2019-02-01T07:20:38Z" name="befo" finished-at="2019-02-01T07:21:01Z" duration-ms="22259" status="PASS">
          <params>
            <param index="0">
              <value>
                <![CDATA[org.testng.TestRunner@14270715]]>
              </value>
            </param>
          </params>
          <reporter-output>
          </reporter-output>
        </test-method> <!-- befo -->
        <test-method is-config="true" signature="preVerifySynopsis()[pri:0, instance:com.fliplearn.flipapp.testcases.PrimeResources@6c284af]" started-at="2019-02-01T07:21:01Z" name="preVerifySynopsis" finished-at="2019-02-01T07:21:01Z" duration-ms="474" status="PASS">
          <reporter-output>
          </reporter-output>
        </test-method> <!-- preVerifySynopsis -->
        <test-method signature="verifyTopicSynopsis(java.lang.String)[pri:0, instance:com.fliplearn.flipapp.testcases.PrimeResources@6c284af]" started-at="2019-02-01T07:21:01Z" name="verifyTopicSynopsis" data-provider="allusers" finished-at="2019-02-01T07:21:43Z" duration-ms="42305" status="PASS">
          <params>
            <param index="0">
              <value>
                <![CDATA[Admin]]>
              </value>
            </param>
          </params>
          <reporter-output>
          </reporter-output>
        </test-method> <!-- verifyTopicSynopsis -->
        <test-method is-config="true" signature="getResult()[pri:0, instance:com.fliplearn.flipapp.testcases.PrimeResources@6c284af]" started-at="2019-02-01T07:21:44Z" name="getResult" finished-at="2019-02-01T07:21:45Z" duration-ms="1100" status="PASS">
          <reporter-output>
          </reporter-output>
        </test-method> <!-- getResult -->
        <test-method is-config="true" signature="befo(org.testng.ITestContext)[pri:0, instance:com.fliplearn.flipapp.testcases.PrimeResources@6c284af]" started-at="2019-02-01T07:21:45Z" name="befo" finished-at="2019-02-01T07:22:07Z" duration-ms="22511" status="PASS">
          <params>
            <param index="0">
              <value>
                <![CDATA[org.testng.TestRunner@14270715]]>
              </value>
            </param>
          </params>
          <reporter-output>
          </reporter-output>
        </test-method> <!-- befo -->
        <test-method is-config="true" signature="preVerifySynopsis()[pri:0, instance:com.fliplearn.flipapp.testcases.PrimeResources@6c284af]" started-at="2019-02-01T07:22:07Z" name="preVerifySynopsis" finished-at="2019-02-01T07:22:08Z" duration-ms="461" status="PASS">
          <reporter-output>
          </reporter-output>
        </test-method> <!-- preVerifySynopsis -->
        <test-method signature="verifyTopicSynopsis(java.lang.String)[pri:0, instance:com.fliplearn.flipapp.testcases.PrimeResources@6c284af]" started-at="2019-02-01T07:22:08Z" name="verifyTopicSynopsis" data-provider="allusers" finished-at="2019-02-01T07:22:48Z" duration-ms="39893" status="PASS">
          <params>
            <param index="0">
              <value>
                <![CDATA[Principal]]>
              </value>
            </param>
          </params>
          <reporter-output>
          </reporter-output>
        </test-method> <!-- verifyTopicSynopsis -->
        <test-method is-config="true" signature="getResult()[pri:0, instance:com.fliplearn.flipapp.testcases.PrimeResources@6c284af]" started-at="2019-02-01T07:22:48Z" name="getResult" finished-at="2019-02-01T07:22:49Z" duration-ms="1100" status="PASS">
          <reporter-output>
          </reporter-output>
        </test-method> <!-- getResult -->
        <test-method is-config="true" signature="befo(org.testng.ITestContext)[pri:0, instance:com.fliplearn.flipapp.testcases.PrimeResources@6c284af]" started-at="2019-02-01T07:22:49Z" name="befo" finished-at="2019-02-01T07:23:11Z" duration-ms="21951" status="PASS">
          <params>
            <param index="0">
              <value>
                <![CDATA[org.testng.TestRunner@14270715]]>
              </value>
            </param>
          </params>
          <reporter-output>
          </reporter-output>
        </test-method> <!-- befo -->
        <test-method is-config="true" signature="preVerifySynopsis()[pri:0, instance:com.fliplearn.flipapp.testcases.PrimeResources@6c284af]" started-at="2019-02-01T07:23:11Z" name="preVerifySynopsis" finished-at="2019-02-01T07:23:12Z" duration-ms="427" status="PASS">
          <reporter-output>
          </reporter-output>
        </test-method> <!-- preVerifySynopsis -->
        <test-method signature="verifyTopicSynopsis(java.lang.String)[pri:0, instance:com.fliplearn.flipapp.testcases.PrimeResources@6c284af]" started-at="2019-02-01T07:23:12Z" name="verifyTopicSynopsis" data-provider="allusers" finished-at="2019-02-01T07:23:57Z" duration-ms="45031" status="PASS">
          <params>
            <param index="0">
              <value>
                <![CDATA[Teacher]]>
              </value>
            </param>
          </params>
          <reporter-output>
          </reporter-output>
        </test-method> <!-- verifyTopicSynopsis -->
        <test-method is-config="true" signature="getResult()[pri:0, instance:com.fliplearn.flipapp.testcases.PrimeResources@6c284af]" started-at="2019-02-01T07:23:57Z" name="getResult" finished-at="2019-02-01T07:23:58Z" duration-ms="1055" status="PASS">
          <reporter-output>
          </reporter-output>
        </test-method> <!-- getResult -->
        <test-method is-config="true" signature="befo(org.testng.ITestContext)[pri:0, instance:com.fliplearn.flipapp.testcases.PrimeResources@6c284af]" started-at="2019-02-01T07:23:58Z" name="befo" finished-at="2019-02-01T07:24:20Z" duration-ms="22010" status="PASS">
          <params>
            <param index="0">
              <value>
                <![CDATA[org.testng.TestRunner@14270715]]>
              </value>
            </param>
          </params>
          <reporter-output>
          </reporter-output>
        </test-method> <!-- befo -->
        <test-method is-config="true" signature="preVerifySynopsis()[pri:0, instance:com.fliplearn.flipapp.testcases.PrimeResources@6c284af]" started-at="2019-02-01T07:24:20Z" name="preVerifySynopsis" finished-at="2019-02-01T07:24:21Z" duration-ms="445" status="PASS">
          <reporter-output>
          </reporter-output>
        </test-method> <!-- preVerifySynopsis -->
        <test-method signature="verifyTopicSynopsis(java.lang.String)[pri:0, instance:com.fliplearn.flipapp.testcases.PrimeResources@6c284af]" started-at="2019-02-01T07:24:21Z" name="verifyTopicSynopsis" data-provider="allusers" finished-at="2019-02-01T07:25:21Z" duration-ms="60390" status="PASS">
          <params>
            <param index="0">
              <value>
                <![CDATA[Parent]]>
              </value>
            </param>
          </params>
          <reporter-output>
          </reporter-output>
        </test-method> <!-- verifyTopicSynopsis -->
        <test-method is-config="true" signature="getResult()[pri:0, instance:com.fliplearn.flipapp.testcases.PrimeResources@6c284af]" started-at="2019-02-01T07:25:21Z" name="getResult" finished-at="2019-02-01T07:25:22Z" duration-ms="1067" status="PASS">
          <reporter-output>
          </reporter-output>
        </test-method> <!-- getResult -->
        <test-method is-config="true" signature="befo(org.testng.ITestContext)[pri:0, instance:com.fliplearn.flipapp.testcases.PrimeResources@6c284af]" started-at="2019-02-01T07:25:22Z" name="befo" finished-at="2019-02-01T07:25:44Z" duration-ms="21984" status="PASS">
          <params>
            <param index="0">
              <value>
                <![CDATA[org.testng.TestRunner@14270715]]>
              </value>
            </param>
          </params>
          <reporter-output>
          </reporter-output>
        </test-method> <!-- befo -->
        <test-method is-config="true" signature="preVerifySynopsis()[pri:0, instance:com.fliplearn.flipapp.testcases.PrimeResources@6c284af]" started-at="2019-02-01T07:25:44Z" name="preVerifySynopsis" finished-at="2019-02-01T07:25:45Z" duration-ms="431" status="PASS">
          <reporter-output>
          </reporter-output>
        </test-method> <!-- preVerifySynopsis -->
        <test-method signature="verifyTopicSynopsis(java.lang.String)[pri:0, instance:com.fliplearn.flipapp.testcases.PrimeResources@6c284af]" started-at="2019-02-01T07:25:45Z" name="verifyTopicSynopsis" data-provider="allusers" finished-at="2019-02-01T07:26:25Z" duration-ms="40199" status="PASS">
          <params>
            <param index="0">
              <value>
                <![CDATA[Student]]>
              </value>
            </param>
          </params>
          <reporter-output>
          </reporter-output>
        </test-method> <!-- verifyTopicSynopsis -->
        <test-method is-config="true" signature="getResult()[pri:0, instance:com.fliplearn.flipapp.testcases.PrimeResources@6c284af]" started-at="2019-02-01T07:26:25Z" name="getResult" finished-at="2019-02-01T07:26:27Z" duration-ms="1244" status="PASS">
          <reporter-output>
          </reporter-output>
        </test-method> <!-- getResult -->
        <test-method is-config="true" signature="befo(org.testng.ITestContext)[pri:0, instance:com.fliplearn.flipapp.testcases.PrimeResources@6c284af]" started-at="2019-02-01T07:26:27Z" name="befo" finished-at="2019-02-01T07:26:49Z" duration-ms="21871" status="PASS">
          <params>
            <param index="0">
              <value>
                <![CDATA[org.testng.TestRunner@14270715]]>
              </value>
            </param>
          </params>
          <reporter-output>
          </reporter-output>
        </test-method> <!-- befo -->
        <test-method is-config="true" signature="preVerifySynopsis()[pri:0, instance:com.fliplearn.flipapp.testcases.PrimeResources@6c284af]" started-at="2019-02-01T07:26:49Z" name="preVerifySynopsis" finished-at="2019-02-01T07:26:49Z" duration-ms="435" status="PASS">
          <reporter-output>
          </reporter-output>
        </test-method> <!-- preVerifySynopsis -->
        <test-method signature="verifyTopicSynopsis(java.lang.String)[pri:0, instance:com.fliplearn.flipapp.testcases.PrimeResources@6c284af]" started-at="2019-02-01T07:26:49Z" name="verifyTopicSynopsis" data-provider="allusers" finished-at="2019-02-01T07:27:34Z" duration-ms="45377" status="PASS">
          <params>
            <param index="0">
              <value>
                <![CDATA[Guest]]>
              </value>
            </param>
          </params>
          <reporter-output>
          </reporter-output>
        </test-method> <!-- verifyTopicSynopsis -->
        <test-method is-config="true" signature="getResult()[pri:0, instance:com.fliplearn.flipapp.testcases.PrimeResources@6c284af]" started-at="2019-02-01T07:27:35Z" name="getResult" finished-at="2019-02-01T07:27:36Z" duration-ms="1107" status="PASS">
          <reporter-output>
          </reporter-output>
        </test-method> <!-- getResult -->
        <test-method is-config="true" signature="befo(org.testng.ITestContext)[pri:0, instance:com.fliplearn.flipapp.testcases.PrimeResources@6c284af]" started-at="2019-02-01T07:27:36Z" name="befo" finished-at="2019-02-01T07:27:58Z" duration-ms="21880" status="PASS">
          <params>
            <param index="0">
              <value>
                <![CDATA[org.testng.TestRunner@14270715]]>
              </value>
            </param>
          </params>
          <reporter-output>
          </reporter-output>
        </test-method> <!-- befo -->
        <test-method is-config="true" signature="preVerifySynopsis()[pri:0, instance:com.fliplearn.flipapp.testcases.PrimeResources@6c284af]" started-at="2019-02-01T07:27:58Z" name="preVerifySynopsis" finished-at="2019-02-01T07:27:58Z" duration-ms="438" status="PASS">
          <reporter-output>
          </reporter-output>
        </test-method> <!-- preVerifySynopsis -->
        <test-method signature="verifyMindMaps(java.lang.String)[pri:0, instance:com.fliplearn.flipapp.testcases.PrimeResources@6c284af]" started-at="2019-02-01T07:27:58Z" name="verifyMindMaps" data-provider="allusers" finished-at="2019-02-01T07:28:39Z" duration-ms="40984" status="PASS">
          <params>
            <param index="0">
              <value>
                <![CDATA[Admin]]>
              </value>
            </param>
          </params>
          <reporter-output>
          </reporter-output>
        </test-method> <!-- verifyMindMaps -->
        <test-method is-config="true" signature="getResult()[pri:0, instance:com.fliplearn.flipapp.testcases.PrimeResources@6c284af]" started-at="2019-02-01T07:28:40Z" name="getResult" finished-at="2019-02-01T07:28:41Z" duration-ms="1129" status="PASS">
          <reporter-output>
          </reporter-output>
        </test-method> <!-- getResult -->
        <test-method is-config="true" signature="befo(org.testng.ITestContext)[pri:0, instance:com.fliplearn.flipapp.testcases.PrimeResources@6c284af]" started-at="2019-02-01T07:28:41Z" name="befo" finished-at="2019-02-01T07:29:03Z" duration-ms="22135" status="PASS">
          <params>
            <param index="0">
              <value>
                <![CDATA[org.testng.TestRunner@14270715]]>
              </value>
            </param>
          </params>
          <reporter-output>
          </reporter-output>
        </test-method> <!-- befo -->
        <test-method is-config="true" signature="preVerifySynopsis()[pri:0, instance:com.fliplearn.flipapp.testcases.PrimeResources@6c284af]" started-at="2019-02-01T07:29:03Z" name="preVerifySynopsis" finished-at="2019-02-01T07:29:03Z" duration-ms="523" status="PASS">
          <reporter-output>
          </reporter-output>
        </test-method> <!-- preVerifySynopsis -->
        <test-method signature="verifyMindMaps(java.lang.String)[pri:0, instance:com.fliplearn.flipapp.testcases.PrimeResources@6c284af]" started-at="2019-02-01T07:29:03Z" name="verifyMindMaps" data-provider="allusers" finished-at="2019-02-01T07:29:43Z" duration-ms="39192" status="PASS">
          <params>
            <param index="0">
              <value>
                <![CDATA[Principal]]>
              </value>
            </param>
          </params>
          <reporter-output>
          </reporter-output>
        </test-method> <!-- verifyMindMaps -->
        <test-method is-config="true" signature="getResult()[pri:0, instance:com.fliplearn.flipapp.testcases.PrimeResources@6c284af]" started-at="2019-02-01T07:29:43Z" name="getResult" finished-at="2019-02-01T07:29:44Z" duration-ms="1089" status="PASS">
          <reporter-output>
          </reporter-output>
        </test-method> <!-- getResult -->
        <test-method is-config="true" signature="befo(org.testng.ITestContext)[pri:0, instance:com.fliplearn.flipapp.testcases.PrimeResources@6c284af]" started-at="2019-02-01T07:29:44Z" name="befo" finished-at="2019-02-01T07:30:06Z" duration-ms="22137" status="PASS">
          <params>
            <param index="0">
              <value>
                <![CDATA[org.testng.TestRunner@14270715]]>
              </value>
            </param>
          </params>
          <reporter-output>
          </reporter-output>
        </test-method> <!-- befo -->
        <test-method is-config="true" signature="preVerifySynopsis()[pri:0, instance:com.fliplearn.flipapp.testcases.PrimeResources@6c284af]" started-at="2019-02-01T07:30:06Z" name="preVerifySynopsis" finished-at="2019-02-01T07:30:07Z" duration-ms="458" status="PASS">
          <reporter-output>
          </reporter-output>
        </test-method> <!-- preVerifySynopsis -->
        <test-method signature="verifyMindMaps(java.lang.String)[pri:0, instance:com.fliplearn.flipapp.testcases.PrimeResources@6c284af]" started-at="2019-02-01T07:30:07Z" name="verifyMindMaps" data-provider="allusers" finished-at="2019-02-01T07:30:48Z" duration-ms="40792" status="PASS">
          <params>
            <param index="0">
              <value>
                <![CDATA[Teacher]]>
              </value>
            </param>
          </params>
          <reporter-output>
          </reporter-output>
        </test-method> <!-- verifyMindMaps -->
        <test-method is-config="true" signature="getResult()[pri:0, instance:com.fliplearn.flipapp.testcases.PrimeResources@6c284af]" started-at="2019-02-01T07:30:48Z" name="getResult" finished-at="2019-02-01T07:30:49Z" duration-ms="1075" status="PASS">
          <reporter-output>
          </reporter-output>
        </test-method> <!-- getResult -->
        <test-method is-config="true" signature="befo(org.testng.ITestContext)[pri:0, instance:com.fliplearn.flipapp.testcases.PrimeResources@6c284af]" started-at="2019-02-01T07:30:49Z" name="befo" finished-at="2019-02-01T07:31:11Z" duration-ms="22321" status="PASS">
          <params>
            <param index="0">
              <value>
                <![CDATA[org.testng.TestRunner@14270715]]>
              </value>
            </param>
          </params>
          <reporter-output>
          </reporter-output>
        </test-method> <!-- befo -->
        <test-method is-config="true" signature="preVerifySynopsis()[pri:0, instance:com.fliplearn.flipapp.testcases.PrimeResources@6c284af]" started-at="2019-02-01T07:31:11Z" name="preVerifySynopsis" finished-at="2019-02-01T07:31:12Z" duration-ms="456" status="PASS">
          <reporter-output>
          </reporter-output>
        </test-method> <!-- preVerifySynopsis -->
        <test-method signature="verifyMindMaps(java.lang.String)[pri:0, instance:com.fliplearn.flipapp.testcases.PrimeResources@6c284af]" started-at="2019-02-01T07:31:12Z" name="verifyMindMaps" data-provider="allusers" finished-at="2019-02-01T07:32:12Z" duration-ms="60451" status="PASS">
          <params>
            <param index="0">
              <value>
                <![CDATA[Parent]]>
              </value>
            </param>
          </params>
          <reporter-output>
          </reporter-output>
        </test-method> <!-- verifyMindMaps -->
        <test-method is-config="true" signature="getResult()[pri:0, instance:com.fliplearn.flipapp.testcases.PrimeResources@6c284af]" started-at="2019-02-01T07:32:13Z" name="getResult" finished-at="2019-02-01T07:32:14Z" duration-ms="1183" status="PASS">
          <reporter-output>
          </reporter-output>
        </test-method> <!-- getResult -->
        <test-method is-config="true" signature="befo(org.testng.ITestContext)[pri:0, instance:com.fliplearn.flipapp.testcases.PrimeResources@6c284af]" started-at="2019-02-01T07:32:14Z" name="befo" finished-at="2019-02-01T07:32:36Z" duration-ms="22042" status="PASS">
          <params>
            <param index="0">
              <value>
                <![CDATA[org.testng.TestRunner@14270715]]>
              </value>
            </param>
          </params>
          <reporter-output>
          </reporter-output>
        </test-method> <!-- befo -->
        <test-method is-config="true" signature="preVerifySynopsis()[pri:0, instance:com.fliplearn.flipapp.testcases.PrimeResources@6c284af]" started-at="2019-02-01T07:32:36Z" name="preVerifySynopsis" finished-at="2019-02-01T07:32:36Z" duration-ms="484" status="PASS">
          <reporter-output>
          </reporter-output>
        </test-method> <!-- preVerifySynopsis -->
        <test-method signature="verifyMindMaps(java.lang.String)[pri:0, instance:com.fliplearn.flipapp.testcases.PrimeResources@6c284af]" started-at="2019-02-01T07:32:36Z" name="verifyMindMaps" data-provider="allusers" finished-at="2019-02-01T07:33:33Z" duration-ms="56220" status="FAIL">
          <params>
            <param index="0">
              <value>
                <![CDATA[Student]]>
              </value>
            </param>
          </params>
          <exception class="org.openqa.selenium.NoSuchElementException">
            <message>
              <![CDATA[An element could not be located on the page using the given search parameters.
For documentation on this error, please visit: https://www.seleniumhq.org/exceptions/no_such_element.html
Build info: version: '3.141.59', revision: 'e82be7d358', time: '2018-11-14T08:17:03'
System info: host: 'SURESHS', ip: '10.8.0.34', os.name: 'Windows 10', os.arch: 'amd64', os.version: '10.0', java.version: '10.0.2'
Driver info: io.appium.java_client.android.AndroidDriver
Capabilities {appActivity: com.elss.educomp.prelogin.u..., appPackage: com.elss.educomp, automationName: UiAutomator2, databaseEnabled: false, desired: {appActivity: com.elss.educomp.prelogin.u..., appPackage: com.elss.educomp, automationName: UiAutomator2, deviceName: Redmi 5, noSign: true, platformName: android}, deviceApiLevel: 25, deviceManufacturer: Xiaomi, deviceModel: Redmi 5, deviceName: 481a96bc7cf5, deviceScreenDensity: 320, deviceScreenSize: 720x1440, deviceUDID: 481a96bc7cf5, javascriptEnabled: true, locationContextEnabled: false, networkConnectionEnabled: true, noSign: true, pixelRatio: 2, platform: LINUX, platformName: Android, platformVersion: 7.1.2, statBarHeight: 48, takesScreenshot: true, viewportRect: {height: 1296, left: 0, top: 48, width: 720}, warnings: {}, webStorageEnabled: false}
Session ID: 96467835-18ac-4a4d-ade4-c8726b0a7333
*** Element info: {Using=xpath, value=//*[@text='Roman Numerals']}]]>
            </message>
            <full-stacktrace>
              <![CDATA[org.openqa.selenium.NoSuchElementException: An element could not be located on the page using the given search parameters.
For documentation on this error, please visit: https://www.seleniumhq.org/exceptions/no_such_element.html
Build info: version: '3.141.59', revision: 'e82be7d358', time: '2018-11-14T08:17:03'
System info: host: 'SURESHS', ip: '10.8.0.34', os.name: 'Windows 10', os.arch: 'amd64', os.version: '10.0', java.version: '10.0.2'
Driver info: io.appium.java_client.android.AndroidDriver
Capabilities {appActivity: com.elss.educomp.prelogin.u..., appPackage: com.elss.educomp, automationName: UiAutomator2, databaseEnabled: false, desired: {appActivity: com.elss.educomp.prelogin.u..., appPackage: com.elss.educomp, automationName: UiAutomator2, deviceName: Redmi 5, noSign: true, platformName: android}, deviceApiLevel: 25, deviceManufacturer: Xiaomi, deviceModel: Redmi 5, deviceName: 481a96bc7cf5, deviceScreenDensity: 320, deviceScreenSize: 720x1440, deviceUDID: 481a96bc7cf5, javascriptEnabled: true, locationContextEnabled: false, networkConnectionEnabled: true, noSign: true, pixelRatio: 2, platform: LINUX, platformName: Android, platformVersion: 7.1.2, statBarHeight: 48, takesScreenshot: true, viewportRect: {height: 1296, left: 0, top: 48, width: 720}, warnings: {}, webStorageEnabled: false}
Session ID: 96467835-18ac-4a4d-ade4-c8726b0a7333
*** Element info: {Using=xpath, value=//*[@text='Roman Numerals']}
at java.base/jdk.internal.reflect.NativeConstructorAccessorImpl.newInstance0(Native Method)
at java.base/jdk.internal.reflect.NativeConstructorAccessorImpl.newInstance(NativeConstructorAccessorImpl.java:62)
at java.base/jdk.internal.reflect.DelegatingConstructorAccessorImpl.newInstance(DelegatingConstructorAccessorImpl.java:45)
at java.base/java.lang.reflect.Constructor.newInstance(Constructor.java:488)
at org.openqa.selenium.remote.http.W3CHttpResponseCodec.createException(W3CHttpResponseCodec.java:187)
at org.openqa.selenium.remote.http.W3CHttpResponseCodec.decode(W3CHttpResponseCodec.java:122)
at org.openqa.selenium.remote.http.W3CHttpResponseCodec.decode(W3CHttpResponseCodec.java:49)
at org.openqa.selenium.remote.HttpCommandExecutor.execute(HttpCommandExecutor.java:158)
at io.appium.java_client.remote.AppiumCommandExecutor.execute(AppiumCommandExecutor.java:239)
at org.openqa.selenium.remote.RemoteWebDriver.execute(RemoteWebDriver.java:552)
at io.appium.java_client.DefaultGenericMobileDriver.execute(DefaultGenericMobileDriver.java:42)
at io.appium.java_client.AppiumDriver.execute(AppiumDriver.java:1)
at io.appium.java_client.android.AndroidDriver.execute(AndroidDriver.java:1)
at org.openqa.selenium.remote.RemoteWebDriver.findElement(RemoteWebDriver.java:323)
at io.appium.java_client.DefaultGenericMobileDriver.findElement(DefaultGenericMobileDriver.java:62)
at io.appium.java_client.AppiumDriver.findElement(AppiumDriver.java:1)
at io.appium.java_client.android.AndroidDriver.findElement(AndroidDriver.java:1)
at org.openqa.selenium.remote.RemoteWebDriver.findElementByXPath(RemoteWebDriver.java:428)
at io.appium.java_client.DefaultGenericMobileDriver.findElementByXPath(DefaultGenericMobileDriver.java:152)
at io.appium.java_client.AppiumDriver.findElementByXPath(AppiumDriver.java:1)
at io.appium.java_client.android.AndroidDriver.findElementByXPath(AndroidDriver.java:1)
at org.openqa.selenium.By$ByXPath.findElement(By.java:353)
at org.openqa.selenium.remote.RemoteWebDriver.findElement(RemoteWebDriver.java:315)
at io.appium.java_client.DefaultGenericMobileDriver.findElement(DefaultGenericMobileDriver.java:58)
at io.appium.java_client.AppiumDriver.findElement(AppiumDriver.java:1)
at io.appium.java_client.android.AndroidDriver.findElement(AndroidDriver.java:1)
at com.fliplearn.flipapp.pagemodules.PrimeResourceListModule.clickOnChapterTopic(PrimeResourceListModule.java:83)
at com.fliplearn.flipapp.testcases.PrimeResources.verifyMindMaps(PrimeResources.java:199)
at java.base/jdk.internal.reflect.NativeMethodAccessorImpl.invoke0(Native Method)
at java.base/jdk.internal.reflect.NativeMethodAccessorImpl.invoke(NativeMethodAccessorImpl.java:62)
at java.base/jdk.internal.reflect.DelegatingMethodAccessorImpl.invoke(DelegatingMethodAccessorImpl.java:43)
at java.base/java.lang.reflect.Method.invoke(Method.java:564)
at org.testng.internal.MethodInvocationHelper.invokeMethod(MethodInvocationHelper.java:124)
at org.testng.internal.Invoker.invokeMethod(Invoker.java:583)
at org.testng.internal.Invoker.invokeTestMethod(Invoker.java:719)
at org.testng.internal.Invoker.invokeTestMethods(Invoker.java:989)
at org.testng.internal.TestMethodWorker.invokeTestMethods(TestMethodWorker.java:125)
at org.testng.internal.TestMethodWorker.run(TestMethodWorker.java:109)
at org.testng.TestRunner.privateRun(TestRunner.java:648)
at org.testng.TestRunner.run(TestRunner.java:505)
at org.testng.SuiteRunner.runTest(SuiteRunner.java:455)
at org.testng.SuiteRunner.runSequentially(SuiteRunner.java:450)
at org.testng.SuiteRunner.privateRun(SuiteRunner.java:415)
at org.testng.SuiteRunner.run(SuiteRunner.java:364)
at org.testng.SuiteRunnerWorker.runSuite(SuiteRunnerWorker.java:52)
at org.testng.SuiteRunnerWorker.run(SuiteRunnerWorker.java:84)
at org.testng.TestNG.runSuitesSequentially(TestNG.java:1208)
at org.testng.TestNG.runSuitesLocally(TestNG.java:1137)
at org.testng.TestNG.runSuites(TestNG.java:1049)
at org.testng.TestNG.run(TestNG.java:1017)
at org.testng.remote.AbstractRemoteTestNG.run(AbstractRemoteTestNG.java:114)
at org.testng.remote.RemoteTestNG.initAndRun(RemoteTestNG.java:251)
at org.testng.remote.RemoteTestNG.main(RemoteTestNG.java:77)
]]>
            </full-stacktrace>
          </exception> <!-- org.openqa.selenium.NoSuchElementException -->
          <reporter-output>
          </reporter-output>
        </test-method> <!-- verifyMindMaps -->
        <test-method is-config="true" signature="getResult()[pri:0, instance:com.fliplearn.flipapp.testcases.PrimeResources@6c284af]" started-at="2019-02-01T07:33:33Z" name="getResult" finished-at="2019-02-01T07:33:34Z" duration-ms="1037" status="PASS">
          <reporter-output>
          </reporter-output>
        </test-method> <!-- getResult -->
        <test-method is-config="true" signature="befo(org.testng.ITestContext)[pri:0, instance:com.fliplearn.flipapp.testcases.PrimeResources@6c284af]" started-at="2019-02-01T07:33:34Z" name="befo" finished-at="2019-02-01T07:33:57Z" duration-ms="22579" status="PASS">
          <params>
            <param index="0">
              <value>
                <![CDATA[org.testng.TestRunner@14270715]]>
              </value>
            </param>
          </params>
          <reporter-output>
          </reporter-output>
        </test-method> <!-- befo -->
        <test-method is-config="true" signature="preVerifySynopsis()[pri:0, instance:com.fliplearn.flipapp.testcases.PrimeResources@6c284af]" started-at="2019-02-01T07:33:57Z" name="preVerifySynopsis" finished-at="2019-02-01T07:33:57Z" duration-ms="460" status="PASS">
          <reporter-output>
          </reporter-output>
        </test-method> <!-- preVerifySynopsis -->
        <test-method signature="verifyMindMaps(java.lang.String)[pri:0, instance:com.fliplearn.flipapp.testcases.PrimeResources@6c284af]" started-at="2019-02-01T07:33:57Z" name="verifyMindMaps" data-provider="allusers" finished-at="2019-02-01T07:34:38Z" duration-ms="41029" status="PASS">
          <params>
            <param index="0">
              <value>
                <![CDATA[Guest]]>
              </value>
            </param>
          </params>
          <reporter-output>
          </reporter-output>
        </test-method> <!-- verifyMindMaps -->
        <test-method is-config="true" signature="getResult()[pri:0, instance:com.fliplearn.flipapp.testcases.PrimeResources@6c284af]" started-at="2019-02-01T07:34:39Z" name="getResult" finished-at="2019-02-01T07:34:40Z" duration-ms="1065" status="PASS">
          <reporter-output>
          </reporter-output>
        </test-method> <!-- getResult -->
        <test-method is-config="true" signature="befo(org.testng.ITestContext)[pri:0, instance:com.fliplearn.flipapp.testcases.PrimeResources@6c284af]" started-at="2019-02-01T07:34:40Z" name="befo" finished-at="2019-02-01T07:35:02Z" duration-ms="22213" status="PASS">
          <params>
            <param index="0">
              <value>
                <![CDATA[org.testng.TestRunner@14270715]]>
              </value>
            </param>
          </params>
          <reporter-output>
          </reporter-output>
        </test-method> <!-- befo -->
        <test-method is-config="true" signature="preVerifySynopsis()[pri:0, instance:com.fliplearn.flipapp.testcases.PrimeResources@6c284af]" started-at="2019-02-01T07:35:02Z" name="preVerifySynopsis" finished-at="2019-02-01T07:35:02Z" duration-ms="436" status="PASS">
          <reporter-output>
          </reporter-output>
        </test-method> <!-- preVerifySynopsis -->
        <test-method signature="verifyRealLifeApplication(java.lang.String)[pri:0, instance:com.fliplearn.flipapp.testcases.PrimeResources@6c284af]" started-at="2019-02-01T07:35:02Z" name="verifyRealLifeApplication" data-provider="allusers" finished-at="2019-02-01T07:35:40Z" duration-ms="37192" status="PASS">
          <params>
            <param index="0">
              <value>
                <![CDATA[Admin]]>
              </value>
            </param>
          </params>
          <reporter-output>
          </reporter-output>
        </test-method> <!-- verifyRealLifeApplication -->
        <test-method is-config="true" signature="getResult()[pri:0, instance:com.fliplearn.flipapp.testcases.PrimeResources@6c284af]" started-at="2019-02-01T07:35:40Z" name="getResult" finished-at="2019-02-01T07:35:41Z" duration-ms="1100" status="PASS">
          <reporter-output>
          </reporter-output>
        </test-method> <!-- getResult -->
        <test-method is-config="true" signature="befo(org.testng.ITestContext)[pri:0, instance:com.fliplearn.flipapp.testcases.PrimeResources@6c284af]" started-at="2019-02-01T07:35:41Z" name="befo" finished-at="2019-02-01T07:36:04Z" duration-ms="22296" status="PASS">
          <params>
            <param index="0">
              <value>
                <![CDATA[org.testng.TestRunner@14270715]]>
              </value>
            </param>
          </params>
          <reporter-output>
          </reporter-output>
        </test-method> <!-- befo -->
        <test-method is-config="true" signature="preVerifySynopsis()[pri:0, instance:com.fliplearn.flipapp.testcases.PrimeResources@6c284af]" started-at="2019-02-01T07:36:04Z" name="preVerifySynopsis" finished-at="2019-02-01T07:36:04Z" duration-ms="447" status="PASS">
          <reporter-output>
          </reporter-output>
        </test-method> <!-- preVerifySynopsis -->
        <test-method signature="verifyRealLifeApplication(java.lang.String)[pri:0, instance:com.fliplearn.flipapp.testcases.PrimeResources@6c284af]" started-at="2019-02-01T07:36:04Z" name="verifyRealLifeApplication" data-provider="allusers" finished-at="2019-02-01T07:36:40Z" duration-ms="36052" status="PASS">
          <params>
            <param index="0">
              <value>
                <![CDATA[Principal]]>
              </value>
            </param>
          </params>
          <reporter-output>
          </reporter-output>
        </test-method> <!-- verifyRealLifeApplication -->
        <test-method is-config="true" signature="getResult()[pri:0, instance:com.fliplearn.flipapp.testcases.PrimeResources@6c284af]" started-at="2019-02-01T07:36:41Z" name="getResult" finished-at="2019-02-01T07:36:42Z" duration-ms="1142" status="PASS">
          <reporter-output>
          </reporter-output>
        </test-method> <!-- getResult -->
        <test-method is-config="true" signature="befo(org.testng.ITestContext)[pri:0, instance:com.fliplearn.flipapp.testcases.PrimeResources@6c284af]" started-at="2019-02-01T07:36:42Z" name="befo" finished-at="2019-02-01T07:37:05Z" duration-ms="22628" status="PASS">
          <params>
            <param index="0">
              <value>
                <![CDATA[org.testng.TestRunner@14270715]]>
              </value>
            </param>
          </params>
          <reporter-output>
          </reporter-output>
        </test-method> <!-- befo -->
        <test-method is-config="true" signature="preVerifySynopsis()[pri:0, instance:com.fliplearn.flipapp.testcases.PrimeResources@6c284af]" started-at="2019-02-01T07:37:05Z" name="preVerifySynopsis" finished-at="2019-02-01T07:37:05Z" duration-ms="483" status="PASS">
          <reporter-output>
          </reporter-output>
        </test-method> <!-- preVerifySynopsis -->
        <test-method signature="verifyRealLifeApplication(java.lang.String)[pri:0, instance:com.fliplearn.flipapp.testcases.PrimeResources@6c284af]" started-at="2019-02-01T07:37:05Z" name="verifyRealLifeApplication" data-provider="allusers" finished-at="2019-02-01T07:37:42Z" duration-ms="36305" status="PASS">
          <params>
            <param index="0">
              <value>
                <![CDATA[Teacher]]>
              </value>
            </param>
          </params>
          <reporter-output>
          </reporter-output>
        </test-method> <!-- verifyRealLifeApplication -->
        <test-method is-config="true" signature="getResult()[pri:0, instance:com.fliplearn.flipapp.testcases.PrimeResources@6c284af]" started-at="2019-02-01T07:37:42Z" name="getResult" finished-at="2019-02-01T07:37:43Z" duration-ms="1083" status="PASS">
          <reporter-output>
          </reporter-output>
        </test-method> <!-- getResult -->
        <test-method is-config="true" signature="befo(org.testng.ITestContext)[pri:0, instance:com.fliplearn.flipapp.testcases.PrimeResources@6c284af]" started-at="2019-02-01T07:37:43Z" name="befo" finished-at="2019-02-01T07:38:06Z" duration-ms="22668" status="PASS">
          <params>
            <param index="0">
              <value>
                <![CDATA[org.testng.TestRunner@14270715]]>
              </value>
            </param>
          </params>
          <reporter-output>
          </reporter-output>
        </test-method> <!-- befo -->
        <test-method is-config="true" signature="preVerifySynopsis()[pri:0, instance:com.fliplearn.flipapp.testcases.PrimeResources@6c284af]" started-at="2019-02-01T07:38:06Z" name="preVerifySynopsis" finished-at="2019-02-01T07:38:06Z" duration-ms="439" status="PASS">
          <reporter-output>
          </reporter-output>
        </test-method> <!-- preVerifySynopsis -->
        <test-method signature="verifyRealLifeApplication(java.lang.String)[pri:0, instance:com.fliplearn.flipapp.testcases.PrimeResources@6c284af]" started-at="2019-02-01T07:38:06Z" name="verifyRealLifeApplication" data-provider="allusers" finished-at="2019-02-01T07:39:04Z" duration-ms="57443" status="PASS">
          <params>
            <param index="0">
              <value>
                <![CDATA[Parent]]>
              </value>
            </param>
          </params>
          <reporter-output>
          </reporter-output>
        </test-method> <!-- verifyRealLifeApplication -->
        <test-method is-config="true" signature="getResult()[pri:0, instance:com.fliplearn.flipapp.testcases.PrimeResources@6c284af]" started-at="2019-02-01T07:39:04Z" name="getResult" finished-at="2019-02-01T07:39:05Z" duration-ms="1105" status="PASS">
          <reporter-output>
          </reporter-output>
        </test-method> <!-- getResult -->
        <test-method is-config="true" signature="befo(org.testng.ITestContext)[pri:0, instance:com.fliplearn.flipapp.testcases.PrimeResources@6c284af]" started-at="2019-02-01T07:39:05Z" name="befo" finished-at="2019-02-01T07:39:28Z" duration-ms="22626" status="PASS">
          <params>
            <param index="0">
              <value>
                <![CDATA[org.testng.TestRunner@14270715]]>
              </value>
            </param>
          </params>
          <reporter-output>
          </reporter-output>
        </test-method> <!-- befo -->
        <test-method is-config="true" signature="preVerifySynopsis()[pri:0, instance:com.fliplearn.flipapp.testcases.PrimeResources@6c284af]" started-at="2019-02-01T07:39:28Z" name="preVerifySynopsis" finished-at="2019-02-01T07:39:29Z" duration-ms="483" status="PASS">
          <reporter-output>
          </reporter-output>
        </test-method> <!-- preVerifySynopsis -->
        <test-method signature="verifyRealLifeApplication(java.lang.String)[pri:0, instance:com.fliplearn.flipapp.testcases.PrimeResources@6c284af]" started-at="2019-02-01T07:39:29Z" name="verifyRealLifeApplication" data-provider="allusers" finished-at="2019-02-01T07:40:02Z" duration-ms="33749" status="PASS">
          <params>
            <param index="0">
              <value>
                <![CDATA[Student]]>
              </value>
            </param>
          </params>
          <reporter-output>
          </reporter-output>
        </test-method> <!-- verifyRealLifeApplication -->
        <test-method is-config="true" signature="getResult()[pri:0, instance:com.fliplearn.flipapp.testcases.PrimeResources@6c284af]" started-at="2019-02-01T07:40:03Z" name="getResult" finished-at="2019-02-01T07:40:04Z" duration-ms="1086" status="PASS">
          <reporter-output>
          </reporter-output>
        </test-method> <!-- getResult -->
        <test-method is-config="true" signature="befo(org.testng.ITestContext)[pri:0, instance:com.fliplearn.flipapp.testcases.PrimeResources@6c284af]" started-at="2019-02-01T07:40:04Z" name="befo" finished-at="2019-02-01T07:40:27Z" duration-ms="22380" status="PASS">
          <params>
            <param index="0">
              <value>
                <![CDATA[org.testng.TestRunner@14270715]]>
              </value>
            </param>
          </params>
          <reporter-output>
          </reporter-output>
        </test-method> <!-- befo -->
        <test-method is-config="true" signature="preVerifySynopsis()[pri:0, instance:com.fliplearn.flipapp.testcases.PrimeResources@6c284af]" started-at="2019-02-01T07:40:27Z" name="preVerifySynopsis" finished-at="2019-02-01T07:40:27Z" duration-ms="441" status="PASS">
          <reporter-output>
          </reporter-output>
        </test-method> <!-- preVerifySynopsis -->
        <test-method signature="verifyRealLifeApplication(java.lang.String)[pri:0, instance:com.fliplearn.flipapp.testcases.PrimeResources@6c284af]" started-at="2019-02-01T07:40:27Z" name="verifyRealLifeApplication" data-provider="allusers" finished-at="2019-02-01T07:41:06Z" duration-ms="38786" status="PASS">
          <params>
            <param index="0">
              <value>
                <![CDATA[Guest]]>
              </value>
            </param>
          </params>
          <reporter-output>
          </reporter-output>
        </test-method> <!-- verifyRealLifeApplication -->
        <test-method is-config="true" signature="getResult()[pri:0, instance:com.fliplearn.flipapp.testcases.PrimeResources@6c284af]" started-at="2019-02-01T07:41:06Z" name="getResult" finished-at="2019-02-01T07:41:08Z" duration-ms="1100" status="PASS">
          <reporter-output>
          </reporter-output>
        </test-method> <!-- getResult -->
        <test-method is-config="true" signature="aftSuite()[pri:0, instance:com.fliplearn.flipapp.testcases.PrimeResources@6c284af]" started-at="2019-02-01T08:01:32Z" name="aftSuite" finished-at="2019-02-01T08:01:32Z" duration-ms="1" status="PASS">
          <reporter-output>
          </reporter-output>
        </test-method> <!-- aftSuite -->
      </class> <!-- com.fliplearn.flipapp.testcases.PrimeResources -->
      <class name="com.fliplearn.flipapp.testcases.PrimeContent">
        <test-method is-config="true" signature="befo(org.testng.ITestContext)[pri:0, instance:com.fliplearn.flipapp.testcases.PrimeContent@5890e879]" started-at="2019-02-01T07:41:08Z" name="befo" finished-at="2019-02-01T07:41:30Z" duration-ms="22158" status="PASS">
          <params>
            <param index="0">
              <value>
                <![CDATA[org.testng.TestRunner@14270715]]>
              </value>
            </param>
          </params>
          <reporter-output>
          </reporter-output>
        </test-method> <!-- befo -->
        <test-method is-config="true" signature="prePrime()[pri:0, instance:com.fliplearn.flipapp.testcases.PrimeContent@5890e879]" started-at="2019-02-01T07:41:30Z" name="prePrime" finished-at="2019-02-01T07:41:30Z" duration-ms="373" status="PASS">
          <reporter-output>
          </reporter-output>
        </test-method> <!-- prePrime -->
        <test-method signature="verifyPrimeTileDisplayed(java.lang.String)[pri:0, instance:com.fliplearn.flipapp.testcases.PrimeContent@5890e879]" started-at="2019-02-01T07:41:30Z" name="verifyPrimeTileDisplayed" data-provider="allusers" finished-at="2019-02-01T07:41:44Z" duration-ms="14137" status="PASS">
          <params>
            <param index="0">
              <value>
                <![CDATA[Admin]]>
              </value>
            </param>
          </params>
          <reporter-output>
          </reporter-output>
        </test-method> <!-- verifyPrimeTileDisplayed -->
        <test-method is-config="true" signature="getResult()[pri:0, instance:com.fliplearn.flipapp.testcases.PrimeContent@5890e879]" started-at="2019-02-01T07:41:45Z" name="getResult" finished-at="2019-02-01T07:41:46Z" duration-ms="1034" status="PASS">
          <reporter-output>
          </reporter-output>
        </test-method> <!-- getResult -->
        <test-method is-config="true" signature="befo(org.testng.ITestContext)[pri:0, instance:com.fliplearn.flipapp.testcases.PrimeContent@5890e879]" started-at="2019-02-01T07:41:46Z" name="befo" finished-at="2019-02-01T07:42:10Z" duration-ms="23193" status="PASS">
          <params>
            <param index="0">
              <value>
                <![CDATA[org.testng.TestRunner@14270715]]>
              </value>
            </param>
          </params>
          <reporter-output>
          </reporter-output>
        </test-method> <!-- befo -->
        <test-method is-config="true" signature="prePrime()[pri:0, instance:com.fliplearn.flipapp.testcases.PrimeContent@5890e879]" started-at="2019-02-01T07:42:10Z" name="prePrime" finished-at="2019-02-01T07:42:10Z" duration-ms="323" status="PASS">
          <reporter-output>
          </reporter-output>
        </test-method> <!-- prePrime -->
        <test-method signature="verifyPrimeTileDisplayed(java.lang.String)[pri:0, instance:com.fliplearn.flipapp.testcases.PrimeContent@5890e879]" started-at="2019-02-01T07:42:10Z" name="verifyPrimeTileDisplayed" data-provider="allusers" finished-at="2019-02-01T07:42:23Z" duration-ms="13357" status="PASS">
          <params>
            <param index="0">
              <value>
                <![CDATA[Principal]]>
              </value>
            </param>
          </params>
          <reporter-output>
          </reporter-output>
        </test-method> <!-- verifyPrimeTileDisplayed -->
        <test-method is-config="true" signature="getResult()[pri:0, instance:com.fliplearn.flipapp.testcases.PrimeContent@5890e879]" started-at="2019-02-01T07:42:24Z" name="getResult" finished-at="2019-02-01T07:42:25Z" duration-ms="1063" status="PASS">
          <reporter-output>
          </reporter-output>
        </test-method> <!-- getResult -->
        <test-method is-config="true" signature="befo(org.testng.ITestContext)[pri:0, instance:com.fliplearn.flipapp.testcases.PrimeContent@5890e879]" started-at="2019-02-01T07:42:25Z" name="befo" finished-at="2019-02-01T07:42:48Z" duration-ms="22212" status="PASS">
          <params>
            <param index="0">
              <value>
                <![CDATA[org.testng.TestRunner@14270715]]>
              </value>
            </param>
[...]
at org.testng.TestNG.runSuites(TestNG.java:1049)
at org.testng.TestNG.run(TestNG.java:1017)
at org.testng.remote.AbstractRemoteTestNG.run(AbstractRemoteTestNG.java:114)
at org.testng.remote.RemoteTestNG.initAndRun(RemoteTestNG.java:251)
at org.testng.remote.RemoteTestNG.main(RemoteTestNG.java:77)
Caused by: org.openqa.selenium.TimeoutException: Expected condition failed: waiting for io.appium.java_client.pagefactory.AppiumElementLocator$WaitingFunction@397ba74b (tried for 1 second(s) with 500 milliseconds interval)
at org.openqa.selenium.support.ui.FluentWait.timeoutException(FluentWait.java:304)
at org.openqa.selenium.support.ui.FluentWait.until(FluentWait.java:272)
at io.appium.java_client.pagefactory.AppiumElementLocator.waitFor(AppiumElementLocator.java:99)
at io.appium.java_client.pagefactory.AppiumElementLocator.findElement(AppiumElementLocator.java:119)
... 29 more
Caused by: org.openqa.selenium.NoSuchElementException: Cannot locate an element using By.chained({By.id: com.elss.educomp:id/skip_button})
For documentation on this error, please visit: https://www.seleniumhq.org/exceptions/no_such_element.html
Build info: version: '3.141.59', revision: 'e82be7d358', time: '2018-11-14T08:17:03'
System info: host: 'SURESHS', ip: '10.8.0.34', os.name: 'Windows 10', os.arch: 'amd64', os.version: '10.0', java.version: '10.0.2'
Driver info: driver.version: AndroidDriver
at io.appium.java_client.pagefactory.bys.builder.ByChained.findElement(ByChained.java:74)
at org.openqa.selenium.remote.RemoteWebDriver.findElement(RemoteWebDriver.java:315)
at io.appium.java_client.DefaultGenericMobileDriver.findElement(DefaultGenericMobileDriver.java:58)
at io.appium.java_client.AppiumDriver.findElement(AppiumDriver.java:1)
at io.appium.java_client.android.AndroidDriver.findElement(AndroidDriver.java:1)
at io.appium.java_client.pagefactory.bys.ContentMappedBy.findElement(ContentMappedBy.java:50)
at org.openqa.selenium.remote.RemoteWebDriver.findElement(RemoteWebDriver.java:315)
at io.appium.java_client.DefaultGenericMobileDriver.findElement(DefaultGenericMobileDriver.java:58)
at io.appium.java_client.AppiumDriver.findElement(AppiumDriver.java:1)
at io.appium.java_client.android.AndroidDriver.findElement(AndroidDriver.java:1)
at io.appium.java_client.pagefactory.AppiumElementLocator.lambda$0(AppiumElementLocator.java:120)
at io.appium.java_client.pagefactory.AppiumElementLocator$WaitingFunction.apply(AppiumElementLocator.java:172)
at io.appium.java_client.pagefactory.AppiumElementLocator$WaitingFunction.apply(AppiumElementLocator.java:1)
at org.openqa.selenium.support.ui.FluentWait.until(FluentWait.java:249)
... 31 more
]]>
            </full-stacktrace>
          </exception> <!-- org.openqa.selenium.NoSuchElementException -->
          <reporter-output>
          </reporter-output>
        </test-method> <!-- verifyPrimeSubjects -->
        <test-method is-config="true" signature="getResult()[pri:0, instance:com.fliplearn.flipapp.testcases.PrimeContent@5890e879]" started-at="2019-02-01T07:53:58Z" name="getResult" finished-at="2019-02-01T07:53:59Z" duration-ms="1068" status="PASS">
          <reporter-output>
          </reporter-output>
        </test-method> <!-- getResult -->
      </class> <!-- com.fliplearn.flipapp.testcases.PrimeContent -->
      <class name="com.fliplearn.flipapp.testcases.VMC">
        <test-method is-config="true" signature="befo(org.testng.ITestContext)[pri:0, instance:com.fliplearn.flipapp.testcases.VMC@6440112d]" started-at="2019-02-01T07:53:59Z" name="befo" finished-at="2019-02-01T07:54:21Z" duration-ms="22186" status="PASS">
          <params>
            <param index="0">
              <value>
                <![CDATA[org.testng.TestRunner@14270715]]>
              </value>
            </param>
          </params>
          <reporter-output>
          </reporter-output>
        </test-method> <!-- befo -->
        <test-method is-config="true" signature="prePrime()[pri:0, instance:com.fliplearn.flipapp.testcases.VMC@6440112d]" started-at="2019-02-01T07:54:21Z" name="prePrime" finished-at="2019-02-01T07:54:21Z" duration-ms="351" status="PASS">
          <reporter-output>
          </reporter-output>
        </test-method> <!-- prePrime -->
        <test-method signature="displayVMCSchool(java.lang.String)[pri:0, instance:com.fliplearn.flipapp.testcases.VMC@6440112d]" started-at="2019-02-01T07:54:21Z" name="displayVMCSchool" data-provider="staff" finished-at="2019-02-01T07:54:35Z" duration-ms="13822" status="PASS">
          <params>
            <param index="0">
              <value>
                <![CDATA[Admin]]>
              </value>
            </param>
          </params>
          <reporter-output>
          </reporter-output>
        </test-method> <!-- displayVMCSchool -->
        <test-method is-config="true" signature="getResult()[pri:0, instance:com.fliplearn.flipapp.testcases.VMC@6440112d]" started-at="2019-02-01T07:54:36Z" name="getResult" finished-at="2019-02-01T07:54:37Z" duration-ms="1019" status="PASS">
          <reporter-output>
          </reporter-output>
        </test-method> <!-- getResult -->
        <test-method is-config="true" signature="befo(org.testng.ITestContext)[pri:0, instance:com.fliplearn.flipapp.testcases.VMC@6440112d]" started-at="2019-02-01T07:54:37Z" name="befo" finished-at="2019-02-01T07:54:59Z" duration-ms="21888" status="PASS">
          <params>
            <param index="0">
              <value>
                <![CDATA[org.testng.TestRunner@14270715]]>
              </value>
            </param>
          </params>
          <reporter-output>
          </reporter-output>
        </test-method> <!-- befo -->
        <test-method is-config="true" signature="prePrime()[pri:0, instance:com.fliplearn.flipapp.testcases.VMC@6440112d]" started-at="2019-02-01T07:54:59Z" name="prePrime" finished-at="2019-02-01T07:54:59Z" duration-ms="345" status="PASS">
          <reporter-output>
          </reporter-output>
        </test-method> <!-- prePrime -->
        <test-method signature="displayVMCSchool(java.lang.String)[pri:0, instance:com.fliplearn.flipapp.testcases.VMC@6440112d]" started-at="2019-02-01T07:54:59Z" name="displayVMCSchool" data-provider="staff" finished-at="2019-02-01T07:55:14Z" duration-ms="14379" status="PASS">
          <params>
            <param index="0">
              <value>
                <![CDATA[Principal]]>
              </value>
            </param>
          </params>
          <reporter-output>
          </reporter-output>
        </test-method> <!-- displayVMCSchool -->
        <test-method is-config="true" signature="getResult()[pri:0, instance:com.fliplearn.flipapp.testcases.VMC@6440112d]" started-at="2019-02-01T07:55:15Z" name="getResult" finished-at="2019-02-01T07:55:16Z" duration-ms="1033" status="PASS">
          <reporter-output>
          </reporter-output>
        </test-method> <!-- getResult -->
        <test-method is-config="true" signature="befo(org.testng.ITestContext)[pri:0, instance:com.fliplearn.flipapp.testcases.VMC@6440112d]" started-at="2019-02-01T07:55:16Z" name="befo" finished-at="2019-02-01T07:55:38Z" duration-ms="21944" status="PASS">
          <params>
            <param index="0">
              <value>
                <![CDATA[org.testng.TestRunner@14270715]]>
              </value>
            </param>
          </params>
          <reporter-output>
          </reporter-output>
        </test-method> <!-- befo -->
        <test-method is-config="true" signature="prePrime()[pri:0, instance:com.fliplearn.flipapp.testcases.VMC@6440112d]" started-at="2019-02-01T07:55:38Z" name="prePrime" finished-at="2019-02-01T07:55:38Z" duration-ms="345" status="PASS">
          <reporter-output>
          </reporter-output>
        </test-method> <!-- prePrime -->
        <test-method signature="displayVMCSchool(java.lang.String)[pri:0, instance:com.fliplearn.flipapp.testcases.VMC@6440112d]" started-at="2019-02-01T07:55:38Z" name="displayVMCSchool" data-provider="staff" finished-at="2019-02-01T07:55:52Z" duration-ms="14314" status="PASS">
          <params>
            <param index="0">
              <value>
                <![CDATA[Teacher]]>
              </value>
            </param>
          </params>
          <reporter-output>
          </reporter-output>
        </test-method> <!-- displayVMCSchool -->
        <test-method is-config="true" signature="getResult()[pri:0, instance:com.fliplearn.flipapp.testcases.VMC@6440112d]" started-at="2019-02-01T07:55:53Z" name="getResult" finished-at="2019-02-01T07:55:55Z" duration-ms="1024" status="PASS">
          <reporter-output>
          </reporter-output>
        </test-method> <!-- getResult -->
        <test-method is-config="true" signature="befo(org.testng.ITestContext)[pri:0, instance:com.fliplearn.flipapp.testcases.VMC@6440112d]" started-at="2019-02-01T07:55:55Z" name="befo" finished-at="2019-02-01T07:56:17Z" duration-ms="22657" status="PASS">
          <params>
            <param index="0">
              <value>
                <![CDATA[org.testng.TestRunner@14270715]]>
              </value>
            </param>
          </params>
          <reporter-output>
          </reporter-output>
        </test-method> <!-- befo -->
        <test-method is-config="true" signature="prePrime()[pri:0, instance:com.fliplearn.flipapp.testcases.VMC@6440112d]" started-at="2019-02-01T07:56:17Z" name="prePrime" finished-at="2019-02-01T07:56:17Z" duration-ms="337" status="PASS">
          <reporter-output>
          </reporter-output>
        </test-method> <!-- prePrime -->
        <test-method signature="doNotDisplayVMCStudent(java.lang.String)[pri:0, instance:com.fliplearn.flipapp.testcases.VMC@6440112d]" started-at="2019-02-01T07:56:17Z" name="doNotDisplayVMCStudent" data-provider="nostaff" finished-at="2019-02-01T07:57:04Z" duration-ms="46639" status="PASS">
          <params>
            <param index="0">
              <value>
                <![CDATA[Parent]]>
              </value>
            </param>
          </params>
          <reporter-output>
          </reporter-output>
        </test-method> <!-- doNotDisplayVMCStudent -->
        <test-method is-config="true" signature="getResult()[pri:0, instance:com.fliplearn.flipapp.testcases.VMC@6440112d]" started-at="2019-02-01T07:57:05Z" name="getResult" finished-at="2019-02-01T07:57:06Z" duration-ms="1086" status="PASS">
          <reporter-output>
          </reporter-output>
        </test-method> <!-- getResult -->
        <test-method is-config="true" signature="befo(org.testng.ITestContext)[pri:0, instance:com.fliplearn.flipapp.testcases.VMC@6440112d]" started-at="2019-02-01T07:57:06Z" name="befo" finished-at="2019-02-01T07:57:28Z" duration-ms="22043" status="PASS">
          <params>
            <param index="0">
              <value>
                <![CDATA[org.testng.TestRunner@14270715]]>
              </value>
            </param>
          </params>
          <reporter-output>
          </reporter-output>
        </test-method> <!-- befo -->
        <test-method is-config="true" signature="prePrime()[pri:0, instance:com.fliplearn.flipapp.testcases.VMC@6440112d]" started-at="2019-02-01T07:57:28Z" name="prePrime" finished-at="2019-02-01T07:57:29Z" duration-ms="346" status="PASS">
          <reporter-output>
          </reporter-output>
        </test-method> <!-- prePrime -->
        <test-method signature="doNotDisplayVMCStudent(java.lang.String)[pri:0, instance:com.fliplearn.flipapp.testcases.VMC@6440112d]" started-at="2019-02-01T07:57:29Z" name="doNotDisplayVMCStudent" data-provider="nostaff" finished-at="2019-02-01T07:58:15Z" duration-ms="46910" status="PASS">
          <params>
            <param index="0">
              <value>
                <![CDATA[Student]]>
              </value>
            </param>
          </params>
          <reporter-output>
          </reporter-output>
        </test-method> <!-- doNotDisplayVMCStudent -->
        <test-method is-config="true" signature="getResult()[pri:0, instance:com.fliplearn.flipapp.testcases.VMC@6440112d]" started-at="2019-02-01T07:58:16Z" name="getResult" finished-at="2019-02-01T07:58:17Z" duration-ms="1040" status="PASS">
          <reporter-output>
          </reporter-output>
        </test-method> <!-- getResult -->
        <test-method is-config="true" signature="befo(org.testng.ITestContext)[pri:0, instance:com.fliplearn.flipapp.testcases.VMC@6440112d]" started-at="2019-02-01T07:58:17Z" name="befo" finished-at="2019-02-01T07:58:40Z" duration-ms="22102" status="PASS">
          <params>
            <param index="0">
              <value>
                <![CDATA[org.testng.TestRunner@14270715]]>
              </value>
            </param>
          </params>
          <reporter-output>
          </reporter-output>
        </test-method> <!-- befo -->
        <test-method is-config="true" signature="prePrime()[pri:0, instance:com.fliplearn.flipapp.testcases.VMC@6440112d]" started-at="2019-02-01T07:58:40Z" name="prePrime" finished-at="2019-02-01T07:58:40Z" duration-ms="346" status="PASS">
          <reporter-output>
          </reporter-output>
        </test-method> <!-- prePrime -->
        <test-method signature="doNotDisplayVMCStudent(java.lang.String)[pri:0, instance:com.fliplearn.flipapp.testcases.VMC@6440112d]" started-at="2019-02-01T07:58:40Z" name="doNotDisplayVMCStudent" data-provider="nostaff" finished-at="2019-02-01T07:59:27Z" duration-ms="47508" status="PASS">
          <params>
            <param index="0">
              <value>
                <![CDATA[Guest]]>
              </value>
            </param>
          </params>
          <reporter-output>
          </reporter-output>
        </test-method> <!-- doNotDisplayVMCStudent -->
        <test-method is-config="true" signature="getResult()[pri:0, instance:com.fliplearn.flipapp.testcases.VMC@6440112d]" started-at="2019-02-01T07:59:28Z" name="getResult" finished-at="2019-02-01T07:59:29Z" duration-ms="1097" status="PASS">
          <reporter-output>
          </reporter-output>
        </test-method> <!-- getResult -->
        <test-method is-config="true" signature="befo(org.testng.ITestContext)[pri:0, instance:com.fliplearn.flipapp.testcases.VMC@6440112d]" started-at="2019-02-01T07:59:29Z" name="befo" finished-at="2019-02-01T07:59:51Z" duration-ms="21884" status="PASS">
          <params>
            <param index="0">
              <value>
                <![CDATA[org.testng.TestRunner@14270715]]>
              </value>
            </param>
          </params>
          <reporter-output>
          </reporter-output>
        </test-method> <!-- befo -->
        <test-method is-config="true" signature="prePrime()[pri:0, instance:com.fliplearn.flipapp.testcases.VMC@6440112d]" started-at="2019-02-01T07:59:51Z" name="prePrime" finished-at="2019-02-01T07:59:52Z" duration-ms="366" status="PASS">
          <reporter-output>
          </reporter-output>
        </test-method> <!-- prePrime -->
        <test-method signature="displayVMCStudent(java.lang.String)[pri:0, instance:com.fliplearn.flipapp.testcases.VMC@6440112d]" started-at="2019-02-01T07:59:52Z" name="displayVMCStudent" data-provider="nostaff" finished-at="2019-02-01T08:00:05Z" duration-ms="13200" status="PASS">
          <params>
            <param index="0">
              <value>
                <![CDATA[Parent]]>
              </value>
            </param>
          </params>
          <reporter-output>
          </reporter-output>
        </test-method> <!-- displayVMCStudent -->
        <test-method is-config="true" signature="getResult()[pri:0, instance:com.fliplearn.flipapp.testcases.VMC@6440112d]" started-at="2019-02-01T08:00:06Z" name="getResult" finished-at="2019-02-01T08:00:07Z" duration-ms="1035" status="PASS">
          <reporter-output>
          </reporter-output>
        </test-method> <!-- getResult -->
        <test-method is-config="true" signature="befo(org.testng.ITestContext)[pri:0, instance:com.fliplearn.flipapp.testcases.VMC@6440112d]" started-at="2019-02-01T08:00:07Z" name="befo" finished-at="2019-02-01T08:00:29Z" duration-ms="21658" status="PASS">
          <params>
            <param index="0">
              <value>
                <![CDATA[org.testng.TestRunner@14270715]]>
              </value>
            </param>
          </params>
          <reporter-output>
          </reporter-output>
        </test-method> <!-- befo -->
        <test-method is-config="true" signature="prePrime()[pri:0, instance:com.fliplearn.flipapp.testcases.VMC@6440112d]" started-at="2019-02-01T08:00:29Z" name="prePrime" finished-at="2019-02-01T08:00:29Z" duration-ms="356" status="PASS">
          <reporter-output>
          </reporter-output>
        </test-method> <!-- prePrime -->
        <test-method signature="displayVMCStudent(java.lang.String)[pri:0, instance:com.fliplearn.flipapp.testcases.VMC@6440112d]" started-at="2019-02-01T08:00:29Z" name="displayVMCStudent" data-provider="nostaff" finished-at="2019-02-01T08:00:43Z" duration-ms="14089" status="PASS">
          <params>
            <param index="0">
              <value>
                <![CDATA[Student]]>
              </value>
            </param>
          </params>
          <reporter-output>
          </reporter-output>
        </test-method> <!-- displayVMCStudent -->
        <test-method is-config="true" signature="getResult()[pri:0, instance:com.fliplearn.flipapp.testcases.VMC@6440112d]" started-at="2019-02-01T08:00:44Z" name="getResult" finished-at="2019-02-01T08:00:45Z" duration-ms="1026" status="PASS">
          <reporter-output>
          </reporter-output>
        </test-method> <!-- getResult -->
        <test-method is-config="true" signature="befo(org.testng.ITestContext)[pri:0, instance:com.fliplearn.flipapp.testcases.VMC@6440112d]" started-at="2019-02-01T08:00:45Z" name="befo" finished-at="2019-02-01T08:01:07Z" duration-ms="22245" status="PASS">
          <params>
            <param index="0">
              <value>
                <![CDATA[org.testng.TestRunner@14270715]]>
              </value>
            </param>
          </params>
          <reporter-output>
          </reporter-output>
        </test-method> <!-- befo -->
        <test-method is-config="true" signature="prePrime()[pri:0, instance:com.fliplearn.flipapp.testcases.VMC@6440112d]" started-at="2019-02-01T08:01:07Z" name="prePrime" finished-at="2019-02-01T08:01:08Z" duration-ms="357" status="PASS">
          <reporter-output>
          </reporter-output>
        </test-method> <!-- prePrime -->
        <test-method signature="displayVMCStudent(java.lang.String)[pri:0, instance:com.fliplearn.flipapp.testcases.VMC@6440112d]" started-at="2019-02-01T08:01:08Z" name="displayVMCStudent" data-provider="nostaff" finished-at="2019-02-01T08:01:26Z" duration-ms="17824" status="PASS">
          <params>
            <param index="0">
              <value>
                <![CDATA[Guest]]>
              </value>
            </param>
          </params>
          <reporter-output>
          </reporter-output>
        </test-method> <!-- displayVMCStudent -->
        <test-method is-config="true" signature="getResult()[pri:0, instance:com.fliplearn.flipapp.testcases.VMC@6440112d]" started-at="2019-02-01T08:01:27Z" name="getResult" finished-at="2019-02-01T08:01:28Z" duration-ms="1045" status="PASS">
          <reporter-output>
          </reporter-output>
        </test-method> <!-- getResult -->
      </class> <!-- com.fliplearn.flipapp.testcases.VMC -->
    </test> <!-- Learning -->
  </suite> <!-- Fliplearn Automation Suite -->
</testng-results>
