<?xml version="1.0" encoding="UTF-8"?>
<testng-results ignored="6" total="7" passed="1" failed="0" skipped="0">
  <reporter-output>
  </reporter-output>
  <suite started-at="2020-01-06T09:50:34Z" name="suite of suites" finished-at="2020-01-06T09:50:50Z" duration-ms="16014">
    <groups>
    </groups>
    <test started-at="2020-01-06T09:50:34Z" name="Event" finished-at="2020-01-06T09:50:50Z" duration-ms="16014">
      <class name="com.fliplearn.flipapp.testcases.PrimeResources">
        <test-method is-config="true" signature="befo(org.testng.ITestContext)[pri:0, instance:com.fliplearn.flipapp.testcases.PrimeResources@8dbdac1]" started-at="2020-01-06T09:50:34Z" name="befo" finished-at="2020-01-06T09:50:37Z" duration-ms="3366" status="PASS">
          <params>
            <param index="0">
              <value>
                <![CDATA[org.testng.TestRunner@25b52284]]>
              </value>
            </param>
          </params>
          <reporter-output>
          </reporter-output>
        </test-method> <!-- befo -->
        <test-method is-config="true" signature="preVerifySynopsis()[pri:0, instance:com.fliplearn.flipapp.testcases.PrimeResources@8dbdac1]" started-at="2020-01-06T09:50:37Z" name="preVerifySynopsis" finished-at="2020-01-06T09:50:37Z" duration-ms="200" status="PASS">
          <reporter-output>
          </reporter-output>
        </test-method> <!-- preVerifySynopsis -->
        <test-method signature="verifyParentAbleToViewDemoContent()[pri:0, instance:com.fliplearn.flipapp.testcases.PrimeResources@8dbdac1]" started-at="2020-01-06T09:50:37Z" name="verifyParentAbleToViewDemoContent" finished-at="2020-01-06T09:50:49Z" duration-ms="11712" status="PASS">
          <reporter-output>
          </reporter-output>
        </test-method> <!-- verifyParentAbleToViewDemoContent -->
        <test-method is-config="true" signature="getResult()[pri:0, instance:com.fliplearn.flipapp.testcases.PrimeResources@8dbdac1]" started-at="2020-01-06T09:50:50Z" name="getResult" finished-at="2020-01-06T09:50:50Z" duration-ms="1" status="PASS">
          <reporter-output>
          </reporter-output>
        </test-method> <!-- getResult -->
        <test-method is-config="true" signature="aftSuite()[pri:0, instance:com.fliplearn.flipapp.testcases.PrimeResources@8dbdac1]" started-at="2020-01-06T09:50:50Z" name="aftSuite" finished-at="2020-01-06T09:50:50Z" duration-ms="0" status="PASS">
          <reporter-output>
          </reporter-output>
        </test-method> <!-- aftSuite -->
      </class> <!-- com.fliplearn.flipapp.testcases.PrimeResources -->
    </test> <!-- Event -->
  </suite> <!-- suite of suites -->
</testng-results>
