<?xml version="1.0" encoding="UTF-8"?>
<testng-results ignored="12" total="15" passed="3" failed="0" skipped="0">
  <reporter-output>
  </reporter-output>
  <suite started-at="2020-01-31T12:22:50Z" name="suite of suites" finished-at="2020-01-31T12:23:33Z" duration-ms="43453">
    <groups>
    </groups>
    <test started-at="2020-01-31T12:22:50Z" name="Event" finished-at="2020-01-31T12:23:33Z" duration-ms="43453">
      <class name="com.fliplearn.flipapp.testcases.Home">
        <test-method is-config="true" signature="befo(org.testng.ITestContext)[pri:0, instance:com.fliplearn.flipapp.testcases.Home@7c729a55]" started-at="2020-01-31T12:22:50Z" name="befo" finished-at="2020-01-31T12:22:54Z" duration-ms="4447" status="PASS">
          <params>
            <param index="0">
              <value>
                <![CDATA[org.testng.TestRunner@41b13f3d]]>
              </value>
            </param>
          </params>
          <reporter-output>
          </reporter-output>
        </test-method> <!-- befo -->
        <test-method is-config="true" signature="beforeEvent()[pri:0, instance:com.fliplearn.flipapp.testcases.Home@7c729a55]" started-at="2020-01-31T12:22:54Z" name="beforeEvent" finished-at="2020-01-31T12:22:54Z" duration-ms="241" status="PASS">
          <reporter-output>
          </reporter-output>
        </test-method> <!-- beforeEvent -->
        <test-method signature="verifyTabSwitch(java.lang.String)[pri:0, instance:com.fliplearn.flipapp.testcases.Home@7c729a55]" started-at="2020-01-31T12:22:54Z" name="verifyTabSwitch" data-provider="staff" finished-at="2020-01-31T12:23:05Z" duration-ms="10221" status="PASS">
          <params>
            <param index="0">
              <value>
                <![CDATA[Admin]]>
              </value>
            </param>
          </params>
          <reporter-output>
          </reporter-output>
        </test-method> <!-- verifyTabSwitch -->
        <test-method is-config="true" signature="getResult()[pri:0, instance:com.fliplearn.flipapp.testcases.Home@7c729a55]" started-at="2020-01-31T12:23:05Z" name="getResult" finished-at="2020-01-31T12:23:05Z" duration-ms="277" status="PASS">
          <reporter-output>
          </reporter-output>
        </test-method> <!-- getResult -->
        <test-method is-config="true" signature="befo(org.testng.ITestContext)[pri:0, instance:com.fliplearn.flipapp.testcases.Home@7c729a55]" started-at="2020-01-31T12:23:05Z" name="befo" finished-at="2020-01-31T12:23:09Z" duration-ms="3325" status="PASS">
          <params>
            <param index="0">
              <value>
                <![CDATA[org.testng.TestRunner@41b13f3d]]>
              </value>
            </param>
          </params>
          <reporter-output>
          </reporter-output>
        </test-method> <!-- befo -->
        <test-method is-config="true" signature="beforeEvent()[pri:0, instance:com.fliplearn.flipapp.testcases.Home@7c729a55]" started-at="2020-01-31T12:23:09Z" name="beforeEvent" finished-at="2020-01-31T12:23:09Z" duration-ms="34" status="PASS">
          <reporter-output>
          </reporter-output>
        </test-method> <!-- beforeEvent -->
        <test-method signature="verifyTabSwitch(java.lang.String)[pri:0, instance:com.fliplearn.flipapp.testcases.Home@7c729a55]" started-at="2020-01-31T12:23:09Z" name="verifyTabSwitch" data-provider="staff" finished-at="2020-01-31T12:23:18Z" duration-ms="9529" status="PASS">
          <params>
            <param index="0">
              <value>
                <![CDATA[Principal]]>
              </value>
            </param>
          </params>
          <reporter-output>
          </reporter-output>
        </test-method> <!-- verifyTabSwitch -->
        <test-method is-config="true" signature="getResult()[pri:0, instance:com.fliplearn.flipapp.testcases.Home@7c729a55]" started-at="2020-01-31T12:23:19Z" name="getResult" finished-at="2020-01-31T12:23:19Z" duration-ms="220" status="PASS">
          <reporter-output>
          </reporter-output>
        </test-method> <!-- getResult -->
        <test-method is-config="true" signature="befo(org.testng.ITestContext)[pri:0, instance:com.fliplearn.flipapp.testcases.Home@7c729a55]" started-at="2020-01-31T12:23:19Z" name="befo" finished-at="2020-01-31T12:23:22Z" duration-ms="3056" status="PASS">
          <params>
            <param index="0">
              <value>
                <![CDATA[org.testng.TestRunner@41b13f3d]]>
              </value>
            </param>
          </params>
          <reporter-output>
          </reporter-output>
        </test-method> <!-- befo -->
        <test-method is-config="true" signature="beforeEvent()[pri:0, instance:com.fliplearn.flipapp.testcases.Home@7c729a55]" started-at="2020-01-31T12:23:22Z" name="beforeEvent" finished-at="2020-01-31T12:23:22Z" duration-ms="14" status="PASS">
          <reporter-output>
          </reporter-output>
        </test-method> <!-- beforeEvent -->
        <test-method signature="verifyTabSwitch(java.lang.String)[pri:0, instance:com.fliplearn.flipapp.testcases.Home@7c729a55]" started-at="2020-01-31T12:23:22Z" name="verifyTabSwitch" data-provider="staff" finished-at="2020-01-31T12:23:33Z" duration-ms="10260" status="PASS">
          <params>
            <param index="0">
              <value>
                <![CDATA[Teacher]]>
              </value>
            </param>
          </params>
          <reporter-output>
          </reporter-output>
        </test-method> <!-- verifyTabSwitch -->
        <test-method is-config="true" signature="getResult()[pri:0, instance:com.fliplearn.flipapp.testcases.Home@7c729a55]" started-at="2020-01-31T12:23:33Z" name="getResult" finished-at="2020-01-31T12:23:33Z" duration-ms="131" status="PASS">
          <reporter-output>
          </reporter-output>
        </test-method> <!-- getResult -->
        <test-method is-config="true" signature="aftSuite()[pri:0, instance:com.fliplearn.flipapp.testcases.Home@7c729a55]" started-at="2020-01-31T12:23:34Z" name="aftSuite" finished-at="2020-01-31T12:23:34Z" duration-ms="0" status="PASS">
          <reporter-output>
          </reporter-output>
        </test-method> <!-- aftSuite -->
      </class> <!-- com.fliplearn.flipapp.testcases.Home -->
    </test> <!-- Event -->
  </suite> <!-- suite of suites -->
</testng-results>
