<?xml version="1.0" encoding="UTF-8"?>
<testng-results ignored="0" total="1" passed="1" failed="0" skipped="0">
  <reporter-output>
  </reporter-output>
  <suite started-at="2018-10-01T09:49:53Z" name="suite of suites" finished-at="2018-10-01T09:50:24Z" duration-ms="31118">
    <groups>
    </groups>
    <test started-at="2018-10-01T09:49:53Z" name="Test Method" finished-at="2018-10-01T09:50:24Z" duration-ms="31118">
      <class name="com.fliplearn.flipapp.testcases.QuizDashboard">
        <test-method is-config="true" signature="befo(org.testng.ITestContext)[pri:0, instance:com.fliplearn.flipapp.testcases.QuizDashboard@dc7df28]" started-at="2018-10-01T09:49:53Z" name="befo" finished-at="2018-10-01T09:50:08Z" duration-ms="15538" status="PASS">
          <params>
            <param index="0">
              <value>
                <![CDATA[org.testng.TestRunner@4837f97e]]>
              </value>
            </param>
          </params>
          <reporter-output>
          </reporter-output>
        </test-method> <!-- befo -->
        <test-method is-config="true" signature="befQuiz()[pri:0, instance:com.fliplearn.flipapp.testcases.QuizDashboard@dc7df28]" started-at="2018-10-01T09:50:08Z" name="befQuiz" finished-at="2018-10-01T09:50:09Z" duration-ms="438" status="PASS">
          <reporter-output>
          </reporter-output>
        </test-method> <!-- befQuiz -->
        <test-method signature="verifyQuizDashBoardClasses(java.lang.String)[pri:0, instance:com.fliplearn.flipapp.testcases.QuizDashboard@dc7df28]" started-at="2018-10-01T09:50:09Z" name="verifyQuizDashBoardClasses" finished-at="2018-10-01T09:50:23Z" duration-ms="14325" status="PASS">
          <params>
            <param index="0">
              <value>
                <![CDATA[Principal]]>
              </value>
            </param>
          </params>
          <reporter-output>
          </reporter-output>
        </test-method> <!-- verifyQuizDashBoardClasses -->
        <test-method is-config="true" signature="getResult()[pri:0, instance:com.fliplearn.flipapp.testcases.QuizDashboard@dc7df28]" started-at="2018-10-01T09:50:23Z" name="getResult" finished-at="2018-10-01T09:50:24Z" duration-ms="794" status="PASS">
          <reporter-output>
          </reporter-output>
        </test-method> <!-- getResult -->
        <test-method is-config="true" signature="aftSuite()[pri:0, instance:com.fliplearn.flipapp.testcases.QuizDashboard@dc7df28]" started-at="2018-10-01T09:50:24Z" name="aftSuite" finished-at="2018-10-01T09:50:24Z" duration-ms="0" status="PASS">
          <reporter-output>
          </reporter-output>
        </test-method> <!-- aftSuite -->
      </class> <!-- com.fliplearn.flipapp.testcases.QuizDashboard -->
    </test> <!-- Test Method -->
  </suite> <!-- suite of suites -->
</testng-results>
