<?xml version="1.0" encoding="UTF-8"?>
<testng-results ignored="11" total="14" passed="3" failed="0" skipped="0">
  <reporter-output>
  </reporter-output>
  <suite started-at="2020-01-14T10:12:36Z" name="suite of suites" finished-at="2020-01-14T10:16:34Z" duration-ms="238621">
    <groups>
    </groups>
    <test started-at="2020-01-14T10:12:36Z" name="Event" finished-at="2020-01-14T10:16:34Z" duration-ms="238621">
      <class name="com.fliplearn.flipapp.testcases.Event">
        <test-method is-config="true" signature="befo(org.testng.ITestContext)[pri:0, instance:com.fliplearn.flipapp.testcases.Event@47af7f3d]" started-at="2020-01-14T10:12:36Z" name="befo" finished-at="2020-01-14T10:12:39Z" duration-ms="3873" status="PASS">
          <params>
            <param index="0">
              <value>
                <![CDATA[org.testng.TestRunner@1c046c92]]>
              </value>
            </param>
          </params>
          <reporter-output>
          </reporter-output>
        </test-method> <!-- befo -->
        <test-method is-config="true" signature="beforeEvent()[pri:0, instance:com.fliplearn.flipapp.testcases.Event@47af7f3d]" started-at="2020-01-14T10:12:39Z" name="beforeEvent" finished-at="2020-01-14T10:12:40Z" duration-ms="284" status="PASS">
          <reporter-output>
          </reporter-output>
        </test-method> <!-- beforeEvent -->
        <test-method signature="parentCanViewAlbum(java.lang.String)[pri:0, instance:com.fliplearn.flipapp.testcases.Event@47af7f3d]" started-at="2020-01-14T10:12:40Z" name="parentCanViewAlbum" data-provider="staff" finished-at="2020-01-14T10:13:56Z" duration-ms="76324" status="PASS">
          <params>
            <param index="0">
              <value>
                <![CDATA[Admin]]>
              </value>
            </param>
          </params>
          <reporter-output>
          </reporter-output>
        </test-method> <!-- parentCanViewAlbum -->
        <test-method is-config="true" signature="getResult()[pri:0, instance:com.fliplearn.flipapp.testcases.Event@47af7f3d]" started-at="2020-01-14T10:13:57Z" name="getResult" finished-at="2020-01-14T10:13:57Z" duration-ms="137" status="PASS">
          <reporter-output>
          </reporter-output>
        </test-method> <!-- getResult -->
        <test-method is-config="true" signature="befo(org.testng.ITestContext)[pri:0, instance:com.fliplearn.flipapp.testcases.Event@47af7f3d]" started-at="2020-01-14T10:13:57Z" name="befo" finished-at="2020-01-14T10:14:00Z" duration-ms="3050" status="PASS">
          <params>
            <param index="0">
              <value>
                <![CDATA[org.testng.TestRunner@1c046c92]]>
              </value>
            </param>
          </params>
          <reporter-output>
          </reporter-output>
        </test-method> <!-- befo -->
        <test-method is-config="true" signature="beforeEvent()[pri:0, instance:com.fliplearn.flipapp.testcases.Event@47af7f3d]" started-at="2020-01-14T10:14:00Z" name="beforeEvent" finished-at="2020-01-14T10:14:00Z" duration-ms="21" status="PASS">
          <reporter-output>
          </reporter-output>
        </test-method> <!-- beforeEvent -->
        <test-method signature="parentCanViewAlbum(java.lang.String)[pri:0, instance:com.fliplearn.flipapp.testcases.Event@47af7f3d]" started-at="2020-01-14T10:14:00Z" name="parentCanViewAlbum" data-provider="staff" finished-at="2020-01-14T10:15:15Z" duration-ms="75651" status="PASS">
          <params>
            <param index="0">
              <value>
                <![CDATA[Principal]]>
              </value>
            </param>
          </params>
          <reporter-output>
          </reporter-output>
        </test-method> <!-- parentCanViewAlbum -->
        <test-method is-config="true" signature="getResult()[pri:0, instance:com.fliplearn.flipapp.testcases.Event@47af7f3d]" started-at="2020-01-14T10:15:16Z" name="getResult" finished-at="2020-01-14T10:15:16Z" duration-ms="132" status="PASS">
          <reporter-output>
          </reporter-output>
        </test-method> <!-- getResult -->
        <test-method is-config="true" signature="befo(org.testng.ITestContext)[pri:0, instance:com.fliplearn.flipapp.testcases.Event@47af7f3d]" started-at="2020-01-14T10:15:16Z" name="befo" finished-at="2020-01-14T10:15:19Z" duration-ms="2838" status="PASS">
          <params>
            <param index="0">
              <value>
                <![CDATA[org.testng.TestRunner@1c046c92]]>
              </value>
            </param>
          </params>
          <reporter-output>
          </reporter-output>
        </test-method> <!-- befo -->
        <test-method is-config="true" signature="beforeEvent()[pri:0, instance:com.fliplearn.flipapp.testcases.Event@47af7f3d]" started-at="2020-01-14T10:15:19Z" name="beforeEvent" finished-at="2020-01-14T10:15:19Z" duration-ms="18" status="PASS">
          <reporter-output>
          </reporter-output>
        </test-method> <!-- beforeEvent -->
        <test-method signature="parentCanViewAlbum(java.lang.String)[pri:0, instance:com.fliplearn.flipapp.testcases.Event@47af7f3d]" started-at="2020-01-14T10:15:19Z" name="parentCanViewAlbum" data-provider="staff" finished-at="2020-01-14T10:16:34Z" duration-ms="74580" status="PASS">
          <params>
            <param index="0">
              <value>
                <![CDATA[Teacher]]>
              </value>
            </param>
          </params>
          <reporter-output>
          </reporter-output>
        </test-method> <!-- parentCanViewAlbum -->
        <test-method is-config="true" signature="getResult()[pri:0, instance:com.fliplearn.flipapp.testcases.Event@47af7f3d]" started-at="2020-01-14T10:16:34Z" name="getResult" finished-at="2020-01-14T10:16:34Z" duration-ms="139" status="PASS">
          <reporter-output>
          </reporter-output>
        </test-method> <!-- getResult -->
        <test-method is-config="true" signature="aftSuite()[pri:0, instance:com.fliplearn.flipapp.testcases.Event@47af7f3d]" started-at="2020-01-14T10:16:35Z" name="aftSuite" finished-at="2020-01-14T10:16:35Z" duration-ms="0" status="PASS">
          <reporter-output>
          </reporter-output>
        </test-method> <!-- aftSuite -->
      </class> <!-- com.fliplearn.flipapp.testcases.Event -->
    </test> <!-- Event -->
  </suite> <!-- suite of suites -->
</testng-results>
