<?xml version="1.0" encoding="UTF-8"?>
<testng-results ignored="4" total="6" passed="2" failed="0" skipped="0">
  <reporter-output>
  </reporter-output>
  <suite started-at="2018-10-08T18:43:04Z" name="suite of suites" finished-at="2018-10-08T18:44:35Z" duration-ms="91057">
    <groups>
    </groups>
    <test started-at="2018-10-08T18:43:04Z" name="Test Method" finished-at="2018-10-08T18:44:35Z" duration-ms="91057">
      <class name="com.fliplearn.flipapp.testcases.Announcement">
        <test-method is-config="true" signature="befo(org.testng.ITestContext)[pri:0, instance:com.fliplearn.flipapp.testcases.Announcement@7a5ceedd]" started-at="2018-10-08T18:43:04Z" name="befo" finished-at="2018-10-08T18:43:18Z" duration-ms="14442" status="PASS">
          <params>
            <param index="0">
              <value>
                <![CDATA[org.testng.TestRunner@75156240]]>
              </value>
            </param>
          </params>
          <reporter-output>
          </reporter-output>
        </test-method> <!-- befo -->
        <test-method is-config="true" signature="befMethod()[pri:0, instance:com.fliplearn.flipapp.testcases.Announcement@7a5ceedd]" started-at="2018-10-08T18:43:18Z" name="befMethod" finished-at="2018-10-08T18:43:19Z" duration-ms="270" status="PASS">
          <reporter-output>
          </reporter-output>
        </test-method> <!-- befMethod -->
        <test-method signature="canNotCreateAnnouncement(java.lang.String)[pri:0, instance:com.fliplearn.flipapp.testcases.Announcement@7a5ceedd]" started-at="2018-10-08T18:43:19Z" name="canNotCreateAnnouncement" data-provider="group3" finished-at="2018-10-08T18:43:51Z" duration-ms="32930" status="PASS">
          <params>
            <param index="0">
              <value>
                <![CDATA[Parent]]>
              </value>
            </param>
          </params>
          <reporter-output>
          </reporter-output>
        </test-method> <!-- canNotCreateAnnouncement -->
        <test-method is-config="true" signature="getResult()[pri:0, instance:com.fliplearn.flipapp.testcases.Announcement@7a5ceedd]" started-at="2018-10-08T18:43:51Z" name="getResult" finished-at="2018-10-08T18:43:52Z" duration-ms="773" status="PASS">
          <reporter-output>
          </reporter-output>
        </test-method> <!-- getResult -->
        <test-method is-config="true" signature="befo(org.testng.ITestContext)[pri:0, instance:com.fliplearn.flipapp.testcases.Announcement@7a5ceedd]" started-at="2018-10-08T18:43:52Z" name="befo" finished-at="2018-10-08T18:44:04Z" duration-ms="11303" status="PASS">
          <params>
            <param index="0">
              <value>
                <![CDATA[org.testng.TestRunner@75156240]]>
              </value>
            </param>
          </params>
          <reporter-output>
          </reporter-output>
        </test-method> <!-- befo -->
        <test-method is-config="true" signature="befMethod()[pri:0, instance:com.fliplearn.flipapp.testcases.Announcement@7a5ceedd]" started-at="2018-10-08T18:44:04Z" name="befMethod" finished-at="2018-10-08T18:44:04Z" duration-ms="8" status="PASS">
          <reporter-output>
          </reporter-output>
        </test-method> <!-- befMethod -->
        <test-method signature="canNotCreateAnnouncement(java.lang.String)[pri:0, instance:com.fliplearn.flipapp.testcases.Announcement@7a5ceedd]" started-at="2018-10-08T18:44:04Z" name="canNotCreateAnnouncement" data-provider="group3" finished-at="2018-10-08T18:44:34Z" duration-ms="30523" status="PASS">
          <params>
            <param index="0">
              <value>
                <![CDATA[Student]]>
              </value>
            </param>
          </params>
          <reporter-output>
          </reporter-output>
        </test-method> <!-- canNotCreateAnnouncement -->
        <test-method is-config="true" signature="getResult()[pri:0, instance:com.fliplearn.flipapp.testcases.Announcement@7a5ceedd]" started-at="2018-10-08T18:44:34Z" name="getResult" finished-at="2018-10-08T18:44:35Z" duration-ms="766" status="PASS">
          <reporter-output>
          </reporter-output>
        </test-method> <!-- getResult -->
        <test-method is-config="true" signature="aftSuite()[pri:0, instance:com.fliplearn.flipapp.testcases.Announcement@7a5ceedd]" started-at="2018-10-08T18:44:35Z" name="aftSuite" finished-at="2018-10-08T18:44:35Z" duration-ms="1" status="PASS">
          <reporter-output>
          </reporter-output>
        </test-method> <!-- aftSuite -->
      </class> <!-- com.fliplearn.flipapp.testcases.Announcement -->
    </test> <!-- Test Method -->
  </suite> <!-- suite of suites -->
</testng-results>
