<?xml version="1.0" encoding="UTF-8"?>
<testng-results ignored="5" total="7" passed="2" failed="0" skipped="0">
  <reporter-output>
  </reporter-output>
  <suite started-at="2019-09-25T17:21:35Z" name="suite of suites" finished-at="2019-09-25T17:23:48Z" duration-ms="132550">
    <groups>
    </groups>
    <test started-at="2019-09-25T17:21:35Z" name="Event" finished-at="2019-09-25T17:23:48Z" duration-ms="132550">
      <class name="com.fliplearn.flipapp.testcases.PrimeResources">
        <test-method is-config="true" signature="befo(org.testng.ITestContext)[pri:0, instance:com.fliplearn.flipapp.testcases.PrimeResources@7d0b7e3c]" started-at="2019-09-25T17:21:35Z" name="befo" finished-at="2019-09-25T17:21:52Z" duration-ms="16714" status="PASS">
          <params>
            <param index="0">
              <value>
                <![CDATA[org.testng.TestRunner@7ed3df3b]]>
              </value>
            </param>
          </params>
          <reporter-output>
          </reporter-output>
        </test-method> <!-- befo -->
        <test-method is-config="true" signature="preVerifySynopsis()[pri:0, instance:com.fliplearn.flipapp.testcases.PrimeResources@7d0b7e3c]" started-at="2019-09-25T17:21:52Z" name="preVerifySynopsis" finished-at="2019-09-25T17:21:52Z" duration-ms="205" status="PASS">
          <reporter-output>
          </reporter-output>
        </test-method> <!-- preVerifySynopsis -->
        <test-method signature="playPrimeVideo_New()[pri:0, instance:com.fliplearn.flipapp.testcases.PrimeResources@7d0b7e3c]" started-at="2019-09-25T17:21:52Z" name="playPrimeVideo_New" finished-at="2019-09-25T17:22:39Z" duration-ms="47146" status="PASS">
          <reporter-output>
          </reporter-output>
        </test-method> <!-- playPrimeVideo_New -->
        <test-method is-config="true" signature="getResult()[pri:0, instance:com.fliplearn.flipapp.testcases.PrimeResources@7d0b7e3c]" started-at="2019-09-25T17:22:40Z" name="getResult" finished-at="2019-09-25T17:22:40Z" duration-ms="0" status="PASS">
          <reporter-output>
          </reporter-output>
        </test-method> <!-- getResult -->
        <test-method is-config="true" signature="aftSuite()[pri:0, instance:com.fliplearn.flipapp.testcases.PrimeResources@7d0b7e3c]" started-at="2019-09-25T17:23:48Z" name="aftSuite" finished-at="2019-09-25T17:23:48Z" duration-ms="0" status="PASS">
          <reporter-output>
          </reporter-output>
        </test-method> <!-- aftSuite -->
      </class> <!-- com.fliplearn.flipapp.testcases.PrimeResources -->
      <class name="com.fliplearn.flipapp.testcases.VMCGuru">
        <test-method is-config="true" signature="befo(org.testng.ITestContext)[pri:0, instance:com.fliplearn.flipapp.testcases.VMCGuru@15bb5034]" started-at="2019-09-25T17:22:40Z" name="befo" finished-at="2019-09-25T17:22:53Z" duration-ms="13462" status="PASS">
          <params>
            <param index="0">
              <value>
                <![CDATA[org.testng.TestRunner@7ed3df3b]]>
              </value>
            </param>
          </params>
          <reporter-output>
          </reporter-output>
        </test-method> <!-- befo -->
        <test-method is-config="true" signature="bef3()[pri:0, instance:com.fliplearn.flipapp.testcases.VMCGuru@15bb5034]" started-at="2019-09-25T17:22:53Z" name="bef3" finished-at="2019-09-25T17:22:53Z" duration-ms="3" status="PASS">
          <reporter-output>
          </reporter-output>
        </test-method> <!-- bef3 -->
        <test-method signature="validateGuruVideo()[pri:0, instance:com.fliplearn.flipapp.testcases.VMCGuru@15bb5034]" started-at="2019-09-25T17:22:53Z" name="validateGuruVideo" finished-at="2019-09-25T17:23:47Z" duration-ms="53952" status="PASS">
          <reporter-output>
          </reporter-output>
        </test-method> <!-- validateGuruVideo -->
        <test-method is-config="true" signature="getResult()[pri:0, instance:com.fliplearn.flipapp.testcases.VMCGuru@15bb5034]" started-at="2019-09-25T17:23:48Z" name="getResult" finished-at="2019-09-25T17:23:48Z" duration-ms="1" status="PASS">
          <reporter-output>
          </reporter-output>
        </test-method> <!-- getResult -->
      </class> <!-- com.fliplearn.flipapp.testcases.VMCGuru -->
    </test> <!-- Event -->
  </suite> <!-- suite of suites -->
</testng-results>
