<?xml version="1.0" encoding="UTF-8"?>
<testng-results ignored="0" total="1" passed="1" failed="0" skipped="0">
  <reporter-output>
  </reporter-output>
  <suite started-at="2019-11-25T09:31:31Z" name="Failed suite [Failed suite [Failed suite [suite of suites]]]" finished-at="2019-11-25T09:32:23Z" duration-ms="52238">
    <groups>
    </groups>
    <test started-at="2019-11-25T09:31:31Z" name="Event(failed)(failed)(failed)" finished-at="2019-11-25T09:32:23Z" duration-ms="52238">
      <class name="com.fliplearn.flipapp.testcases.DemoPrimeVideos">
        <test-method is-config="true" signature="befo(org.testng.ITestContext)[pri:0, instance:com.fliplearn.flipapp.testcases.DemoPrimeVideos@76b1e9b8]" started-at="2019-11-25T09:31:31Z" name="befo" finished-at="2019-11-25T09:31:47Z" duration-ms="15956" status="PASS">
          <params>
            <param index="0">
              <value>
                <![CDATA[org.testng.TestRunner@650ae78c]]>
              </value>
            </param>
          </params>
          <reporter-output>
          </reporter-output>
        </test-method> <!-- befo -->
        <test-method is-config="true" signature="befMethod()[pri:0, instance:com.fliplearn.flipapp.testcases.DemoPrimeVideos@76b1e9b8]" started-at="2019-11-25T09:31:47Z" name="befMethod" finished-at="2019-11-25T09:31:47Z" duration-ms="317" status="PASS">
          <reporter-output>
          </reporter-output>
        </test-method> <!-- befMethod -->
        <test-method signature="verifyParentAbleToPlayDemoVideo()[pri:0, instance:com.fliplearn.flipapp.testcases.DemoPrimeVideos@76b1e9b8]" started-at="2019-11-25T09:31:47Z" name="verifyParentAbleToPlayDemoVideo" finished-at="2019-11-25T09:32:22Z" duration-ms="34446" status="PASS">
          <reporter-output>
          </reporter-output>
        </test-method> <!-- verifyParentAbleToPlayDemoVideo -->
        <test-method is-config="true" signature="getResult()[pri:0, instance:com.fliplearn.flipapp.testcases.DemoPrimeVideos@76b1e9b8]" started-at="2019-11-25T09:32:23Z" name="getResult" finished-at="2019-11-25T09:32:23Z" duration-ms="779" status="PASS">
          <reporter-output>
          </reporter-output>
        </test-method> <!-- getResult -->
        <test-method is-config="true" signature="aftSuite()[pri:0, instance:com.fliplearn.flipapp.testcases.DemoPrimeVideos@76b1e9b8]" started-at="2019-11-25T09:32:24Z" name="aftSuite" finished-at="2019-11-25T09:32:24Z" duration-ms="0" status="PASS">
          <reporter-output>
          </reporter-output>
        </test-method> <!-- aftSuite -->
      </class> <!-- com.fliplearn.flipapp.testcases.DemoPrimeVideos -->
    </test> <!-- Event(failed)(failed)(failed) -->
  </suite> <!-- Failed suite [Failed suite [Failed suite [suite of suites]]] -->
</testng-results>
