<?xml version="1.0" encoding="UTF-8"?>
<testng-results ignored="4" total="6" passed="2" failed="0" skipped="0">
  <reporter-output>
  </reporter-output>
  <suite started-at="2019-10-03T10:31:31Z" name="suite of suites" finished-at="2019-10-03T10:33:33Z" duration-ms="121714">
    <groups>
    </groups>
    <test started-at="2019-10-03T10:31:31Z" name="Prime Smoke Test" finished-at="2019-10-03T10:32:30Z" duration-ms="58788">
      <class name="com.fliplearn.flipapp.testcases.PrimeResources">
        <test-method is-config="true" signature="befo(org.testng.ITestContext)[pri:0, instance:com.fliplearn.flipapp.testcases.PrimeResources@27406a17]" started-at="2019-10-03T10:31:31Z" name="befo" finished-at="2019-10-03T10:31:43Z" duration-ms="11939" status="PASS">
          <params>
            <param index="0">
              <value>
                <![CDATA[org.testng.TestRunner@7affc159]]>
              </value>
            </param>
          </params>
          <reporter-output>
          </reporter-output>
        </test-method> <!-- befo -->
        <test-method is-config="true" signature="preVerifySynopsis()[pri:0, instance:com.fliplearn.flipapp.testcases.PrimeResources@27406a17]" started-at="2019-10-03T10:31:43Z" name="preVerifySynopsis" finished-at="2019-10-03T10:31:44Z" duration-ms="444" status="PASS">
          <reporter-output>
          </reporter-output>
        </test-method> <!-- preVerifySynopsis -->
        <test-method signature="playPrimeVideo_New()[pri:0, instance:com.fliplearn.flipapp.testcases.PrimeResources@27406a17]" started-at="2019-10-03T10:31:44Z" name="playPrimeVideo_New" finished-at="2019-10-03T10:32:29Z" duration-ms="44940" status="PASS">
          <reporter-output>
          </reporter-output>
        </test-method> <!-- playPrimeVideo_New -->
        <test-method is-config="true" signature="getResult()[pri:0, instance:com.fliplearn.flipapp.testcases.PrimeResources@27406a17]" started-at="2019-10-03T10:32:29Z" name="getResult" finished-at="2019-10-03T10:32:30Z" duration-ms="844" status="PASS">
          <reporter-output>
          </reporter-output>
        </test-method> <!-- getResult -->
      </class> <!-- com.fliplearn.flipapp.testcases.PrimeResources -->
    </test> <!-- Prime Smoke Test -->
    <test started-at="2019-10-03T10:32:31Z" name="VMC Smoke Test" finished-at="2019-10-03T10:33:33Z" duration-ms="62240">
      <class name="com.fliplearn.flipapp.testcases.VMCGuru">
        <test-method is-config="true" signature="befo(org.testng.ITestContext)[pri:0, instance:com.fliplearn.flipapp.testcases.VMCGuru@35dab4eb]" started-at="2019-10-03T10:32:31Z" name="befo" finished-at="2019-10-03T10:32:42Z" duration-ms="10949" status="PASS">
          <params>
            <param index="0">
              <value>
                <![CDATA[org.testng.TestRunner@4eb9f2af]]>
              </value>
            </param>
          </params>
          <reporter-output>
          </reporter-output>
        </test-method> <!-- befo -->
        <test-method is-config="true" signature="bef3()[pri:0, instance:com.fliplearn.flipapp.testcases.VMCGuru@35dab4eb]" started-at="2019-10-03T10:32:42Z" name="bef3" finished-at="2019-10-03T10:32:42Z" duration-ms="13" status="PASS">
          <reporter-output>
          </reporter-output>
        </test-method> <!-- bef3 -->
        <test-method signature="validateGuruVideo()[pri:0, instance:com.fliplearn.flipapp.testcases.VMCGuru@35dab4eb]" started-at="2019-10-03T10:32:42Z" name="validateGuruVideo" finished-at="2019-10-03T10:33:32Z" duration-ms="49986" status="PASS">
          <reporter-output>
          </reporter-output>
        </test-method> <!-- validateGuruVideo -->
        <test-method is-config="true" signature="getResult()[pri:0, instance:com.fliplearn.flipapp.testcases.VMCGuru@35dab4eb]" started-at="2019-10-03T10:33:32Z" name="getResult" finished-at="2019-10-03T10:33:33Z" duration-ms="858" status="PASS">
          <reporter-output>
          </reporter-output>
        </test-method> <!-- getResult -->
        <test-method is-config="true" signature="aftSuite()[pri:0, instance:com.fliplearn.flipapp.testcases.VMCGuru@35dab4eb]" started-at="2019-10-03T10:33:33Z" name="aftSuite" finished-at="2019-10-03T10:33:33Z" duration-ms="0" status="PASS">
          <reporter-output>
          </reporter-output>
        </test-method> <!-- aftSuite -->
      </class> <!-- com.fliplearn.flipapp.testcases.VMCGuru -->
    </test> <!-- VMC Smoke Test -->
  </suite> <!-- suite of suites -->
</testng-results>
