<?xml version="1.0" encoding="UTF-8"?>
<testng-results ignored="5" total="6" passed="1" failed="0" skipped="0">
  <reporter-output>
  </reporter-output>
  <suite started-at="2019-11-15T09:58:15Z" name="suite of suites" finished-at="2019-11-15T09:58:56Z" duration-ms="41950">
    <groups>
    </groups>
    <test started-at="2019-11-15T09:58:15Z" name="Event" finished-at="2019-11-15T09:58:56Z" duration-ms="41950">
      <class name="com.fliplearn.flipapp.testcases.PrimePurchaseFlow">
        <test-method is-config="true" signature="befo(org.testng.ITestContext)[pri:0, instance:com.fliplearn.flipapp.testcases.PrimePurchaseFlow@32eff876]" started-at="2019-11-15T09:58:15Z" name="befo" finished-at="2019-11-15T09:58:17Z" duration-ms="2892" status="PASS">
          <params>
            <param index="0">
              <value>
                <![CDATA[org.testng.TestRunner@2b8bb184]]>
              </value>
            </param>
          </params>
          <reporter-output>
          </reporter-output>
        </test-method> <!-- befo -->
        <test-method is-config="true" signature="preVerifyPrimePurchaseFlow()[pri:0, instance:com.fliplearn.flipapp.testcases.PrimePurchaseFlow@32eff876]" started-at="2019-11-15T09:58:17Z" name="preVerifyPrimePurchaseFlow" finished-at="2019-11-15T09:58:18Z" duration-ms="234" status="PASS">
          <reporter-output>
          </reporter-output>
        </test-method> <!-- preVerifyPrimePurchaseFlow -->
        <test-method signature="verifyPrimePurchaseFlowWithCouponSecTab()[pri:0, instance:com.fliplearn.flipapp.testcases.PrimePurchaseFlow@32eff876]" started-at="2019-11-15T09:58:18Z" name="verifyPrimePurchaseFlowWithCouponSecTab" finished-at="2019-11-15T09:58:56Z" duration-ms="38258" status="PASS">
          <reporter-output>
          </reporter-output>
        </test-method> <!-- verifyPrimePurchaseFlowWithCouponSecTab -->
        <test-method is-config="true" signature="getResult()[pri:0, instance:com.fliplearn.flipapp.testcases.PrimePurchaseFlow@32eff876]" started-at="2019-11-15T09:58:56Z" name="getResult" finished-at="2019-11-15T09:58:56Z" duration-ms="0" status="PASS">
          <reporter-output>
          </reporter-output>
        </test-method> <!-- getResult -->
        <test-method is-config="true" signature="aftSuite()[pri:0, instance:com.fliplearn.flipapp.testcases.PrimePurchaseFlow@32eff876]" started-at="2019-11-15T09:58:57Z" name="aftSuite" finished-at="2019-11-15T09:58:57Z" duration-ms="0" status="PASS">
          <reporter-output>
          </reporter-output>
        </test-method> <!-- aftSuite -->
      </class> <!-- com.fliplearn.flipapp.testcases.PrimePurchaseFlow -->
    </test> <!-- Event -->
  </suite> <!-- suite of suites -->
</testng-results>
