<?xml version="1.0" encoding="UTF-8"?>
<testng-results ignored="0" total="1" passed="1" failed="0" skipped="0">
  <reporter-output>
  </reporter-output>
  <suite started-at="2018-10-09T13:25:00Z" name="suite of suites" finished-at="2018-10-09T13:25:48Z" duration-ms="47880">
    <groups>
    </groups>
    <test started-at="2018-10-09T13:25:00Z" name="Test Method" finished-at="2018-10-09T13:25:48Z" duration-ms="47880">
      <class name="com.fliplearn.flipapp.testcases.VMC">
        <test-method is-config="true" signature="befo(org.testng.ITestContext)[pri:0, instance:com.fliplearn.flipapp.testcases.VMC@38467116]" started-at="2018-10-09T13:25:00Z" name="befo" finished-at="2018-10-09T13:25:17Z" duration-ms="17402" status="PASS">
          <params>
            <param index="0">
              <value>
                <![CDATA[org.testng.TestRunner@69796bd0]]>
              </value>
            </param>
          </params>
          <reporter-output>
          </reporter-output>
        </test-method> <!-- befo -->
        <test-method is-config="true" signature="prePrime()[pri:0, instance:com.fliplearn.flipapp.testcases.VMC@38467116]" started-at="2018-10-09T13:25:17Z" name="prePrime" finished-at="2018-10-09T13:25:18Z" duration-ms="297" status="PASS">
          <reporter-output>
          </reporter-output>
        </test-method> <!-- prePrime -->
        <test-method signature="displayVMC()[pri:0, instance:com.fliplearn.flipapp.testcases.VMC@38467116]" started-at="2018-10-09T13:25:18Z" name="displayVMC" finished-at="2018-10-09T13:25:46Z" duration-ms="28551" status="PASS">
          <reporter-output>
          </reporter-output>
        </test-method> <!-- displayVMC -->
        <test-method is-config="true" signature="getResult()[pri:0, instance:com.fliplearn.flipapp.testcases.VMC@38467116]" started-at="2018-10-09T13:25:46Z" name="getResult" finished-at="2018-10-09T13:25:48Z" duration-ms="1545" status="PASS">
          <reporter-output>
          </reporter-output>
        </test-method> <!-- getResult -->
        <test-method is-config="true" signature="aftSuite()[pri:0, instance:com.fliplearn.flipapp.testcases.VMC@38467116]" started-at="2018-10-09T13:25:49Z" name="aftSuite" finished-at="2018-10-09T13:25:49Z" duration-ms="1" status="PASS">
          <reporter-output>
          </reporter-output>
        </test-method> <!-- aftSuite -->
      </class> <!-- com.fliplearn.flipapp.testcases.VMC -->
    </test> <!-- Test Method -->
  </suite> <!-- suite of suites -->
</testng-results>
