<?xml version="1.0" encoding="UTF-8"?>
<testng-results ignored="9" total="12" passed="3" failed="0" skipped="0">
  <reporter-output>
  </reporter-output>
  <suite started-at="2020-01-15T09:33:29Z" name="suite of suites" finished-at="2020-01-15T09:35:00Z" duration-ms="91331">
    <groups>
    </groups>
    <test started-at="2020-01-15T09:33:29Z" name="Event" finished-at="2020-01-15T09:35:00Z" duration-ms="91331">
      <class name="com.fliplearn.flipapp.testcases.Fee">
        <test-method is-config="true" signature="befo(org.testng.ITestContext)[pri:0, instance:com.fliplearn.flipapp.testcases.Fee@158da8e]" started-at="2020-01-15T09:33:29Z" name="befo" finished-at="2020-01-15T09:33:33Z" duration-ms="3827" status="PASS">
          <params>
            <param index="0">
              <value>
                <![CDATA[org.testng.TestRunner@58a84a12]]>
              </value>
            </param>
          </params>
          <reporter-output>
          </reporter-output>
        </test-method> <!-- befo -->
        <test-method is-config="true" signature="beforMethodFee()[pri:0, instance:com.fliplearn.flipapp.testcases.Fee@158da8e]" started-at="2020-01-15T09:33:33Z" name="beforMethodFee" finished-at="2020-01-15T09:33:33Z" duration-ms="170" status="PASS">
          <reporter-output>
          </reporter-output>
        </test-method> <!-- beforMethodFee -->
        <test-method signature="payFeeLoginDebitCard(java.lang.String)[pri:0, instance:com.fliplearn.flipapp.testcases.Fee@158da8e]" started-at="2020-01-15T09:33:33Z" name="payFeeLoginDebitCard" data-provider="nostaff" finished-at="2020-01-15T09:34:00Z" duration-ms="26959" status="PASS">
          <params>
            <param index="0">
              <value>
                <![CDATA[Parent]]>
              </value>
            </param>
          </params>
          <reporter-output>
          </reporter-output>
        </test-method> <!-- payFeeLoginDebitCard -->
        <test-method is-config="true" signature="getResult()[pri:0, instance:com.fliplearn.flipapp.testcases.Fee@158da8e]" started-at="2020-01-15T09:34:01Z" name="getResult" finished-at="2020-01-15T09:34:01Z" duration-ms="186" status="PASS">
          <reporter-output>
          </reporter-output>
        </test-method> <!-- getResult -->
        <test-method is-config="true" signature="befo(org.testng.ITestContext)[pri:0, instance:com.fliplearn.flipapp.testcases.Fee@158da8e]" started-at="2020-01-15T09:34:01Z" name="befo" finished-at="2020-01-15T09:34:04Z" duration-ms="2737" status="PASS">
          <params>
            <param index="0">
              <value>
                <![CDATA[org.testng.TestRunner@58a84a12]]>
              </value>
            </param>
          </params>
          <reporter-output>
          </reporter-output>
        </test-method> <!-- befo -->
        <test-method is-config="true" signature="beforMethodFee()[pri:0, instance:com.fliplearn.flipapp.testcases.Fee@158da8e]" started-at="2020-01-15T09:34:04Z" name="beforMethodFee" finished-at="2020-01-15T09:34:04Z" duration-ms="8" status="PASS">
          <reporter-output>
          </reporter-output>
        </test-method> <!-- beforMethodFee -->
        <test-method signature="payFeeLoginDebitCard(java.lang.String)[pri:0, instance:com.fliplearn.flipapp.testcases.Fee@158da8e]" started-at="2020-01-15T09:34:04Z" name="payFeeLoginDebitCard" data-provider="nostaff" finished-at="2020-01-15T09:34:30Z" duration-ms="26493" status="PASS">
          <params>
            <param index="0">
              <value>
                <![CDATA[Student]]>
              </value>
            </param>
          </params>
          <reporter-output>
          </reporter-output>
        </test-method> <!-- payFeeLoginDebitCard -->
        <test-method is-config="true" signature="getResult()[pri:0, instance:com.fliplearn.flipapp.testcases.Fee@158da8e]" started-at="2020-01-15T09:34:31Z" name="getResult" finished-at="2020-01-15T09:34:31Z" duration-ms="191" status="PASS">
          <reporter-output>
          </reporter-output>
        </test-method> <!-- getResult -->
        <test-method is-config="true" signature="befo(org.testng.ITestContext)[pri:0, instance:com.fliplearn.flipapp.testcases.Fee@158da8e]" started-at="2020-01-15T09:34:31Z" name="befo" finished-at="2020-01-15T09:34:34Z" duration-ms="2925" status="PASS">
          <params>
            <param index="0">
              <value>
                <![CDATA[org.testng.TestRunner@58a84a12]]>
              </value>
            </param>
          </params>
          <reporter-output>
          </reporter-output>
        </test-method> <!-- befo -->
        <test-method is-config="true" signature="beforMethodFee()[pri:0, instance:com.fliplearn.flipapp.testcases.Fee@158da8e]" started-at="2020-01-15T09:34:34Z" name="beforMethodFee" finished-at="2020-01-15T09:34:34Z" duration-ms="11" status="PASS">
          <reporter-output>
          </reporter-output>
        </test-method> <!-- beforMethodFee -->
        <test-method signature="payFeeLoginDebitCard(java.lang.String)[pri:0, instance:com.fliplearn.flipapp.testcases.Fee@158da8e]" started-at="2020-01-15T09:34:34Z" name="payFeeLoginDebitCard" data-provider="nostaff" finished-at="2020-01-15T09:35:00Z" duration-ms="25899" status="PASS">
          <params>
            <param index="0">
              <value>
                <![CDATA[Guest]]>
              </value>
            </param>
          </params>
          <reporter-output>
          </reporter-output>
        </test-method> <!-- payFeeLoginDebitCard -->
        <test-method is-config="true" signature="getResult()[pri:0, instance:com.fliplearn.flipapp.testcases.Fee@158da8e]" started-at="2020-01-15T09:35:00Z" name="getResult" finished-at="2020-01-15T09:35:00Z" duration-ms="170" status="PASS">
          <reporter-output>
          </reporter-output>
        </test-method> <!-- getResult -->
        <test-method is-config="true" signature="aftSuite()[pri:0, instance:com.fliplearn.flipapp.testcases.Fee@158da8e]" started-at="2020-01-15T09:35:01Z" name="aftSuite" finished-at="2020-01-15T09:35:01Z" duration-ms="0" status="PASS">
          <reporter-output>
          </reporter-output>
        </test-method> <!-- aftSuite -->
      </class> <!-- com.fliplearn.flipapp.testcases.Fee -->
    </test> <!-- Event -->
  </suite> <!-- suite of suites -->
</testng-results>
