<?xml version="1.0" encoding="UTF-8"?>
<testng-results ignored="9" total="12" passed="3" failed="0" skipped="0">
  <reporter-output>
  </reporter-output>
  <suite started-at="2019-07-18T11:44:04Z" name="Fliplearn Automation Suite" finished-at="2019-07-18T11:46:47Z" duration-ms="163410">
    <groups>
    </groups>
    <test started-at="2019-07-18T11:44:04Z" name="Onboarding" finished-at="2019-07-18T11:46:47Z" duration-ms="163410">
      <class name="com.fliplearn.flipapp.testcases.Fee">
        <test-method is-config="true" signature="befo(org.testng.ITestContext)[pri:0, instance:com.fliplearn.flipapp.testcases.Fee@18df8434]" started-at="2019-07-18T11:44:04Z" name="befo" finished-at="2019-07-18T11:44:15Z" duration-ms="11351" status="PASS">
          <params>
            <param index="0">
              <value>
                <![CDATA[org.testng.TestRunner@241fbec]]>
              </value>
            </param>
          </params>
          <reporter-output>
          </reporter-output>
        </test-method> <!-- befo -->
        <test-method is-config="true" signature="beforMethodFee()[pri:0, instance:com.fliplearn.flipapp.testcases.Fee@18df8434]" started-at="2019-07-18T11:44:15Z" name="beforMethodFee" finished-at="2019-07-18T11:44:15Z" duration-ms="227" status="PASS">
          <reporter-output>
          </reporter-output>
        </test-method> <!-- beforMethodFee -->
        <test-method signature="payFeeLoginNetBanking(java.lang.String)[pri:0, instance:com.fliplearn.flipapp.testcases.Fee@18df8434]" started-at="2019-07-18T11:44:15Z" name="payFeeLoginNetBanking" data-provider="nostaff" finished-at="2019-07-18T11:45:09Z" duration-ms="53579" status="PASS">
          <params>
            <param index="0">
              <value>
                <![CDATA[Parent]]>
              </value>
            </param>
          </params>
          <reporter-output>
          </reporter-output>
        </test-method> <!-- payFeeLoginNetBanking -->
        <test-method is-config="true" signature="getResult()[pri:0, instance:com.fliplearn.flipapp.testcases.Fee@18df8434]" started-at="2019-07-18T11:45:09Z" name="getResult" finished-at="2019-07-18T11:45:10Z" duration-ms="150" status="PASS">
          <reporter-output>
          </reporter-output>
        </test-method> <!-- getResult -->
        <test-method is-config="true" signature="befo(org.testng.ITestContext)[pri:0, instance:com.fliplearn.flipapp.testcases.Fee@18df8434]" started-at="2019-07-18T11:45:10Z" name="befo" finished-at="2019-07-18T11:45:21Z" duration-ms="11314" status="PASS">
          <params>
            <param index="0">
              <value>
                <![CDATA[org.testng.TestRunner@241fbec]]>
              </value>
            </param>
          </params>
          <reporter-output>
          </reporter-output>
        </test-method> <!-- befo -->
        <test-method is-config="true" signature="beforMethodFee()[pri:0, instance:com.fliplearn.flipapp.testcases.Fee@18df8434]" started-at="2019-07-18T11:45:21Z" name="beforMethodFee" finished-at="2019-07-18T11:45:21Z" duration-ms="6" status="PASS">
          <reporter-output>
          </reporter-output>
        </test-method> <!-- beforMethodFee -->
        <test-method signature="payFeeLoginNetBanking(java.lang.String)[pri:0, instance:com.fliplearn.flipapp.testcases.Fee@18df8434]" started-at="2019-07-18T11:45:21Z" name="payFeeLoginNetBanking" data-provider="nostaff" finished-at="2019-07-18T11:46:05Z" duration-ms="44149" status="PASS">
          <params>
            <param index="0">
              <value>
                <![CDATA[Student]]>
              </value>
            </param>
          </params>
          <reporter-output>
          </reporter-output>
        </test-method> <!-- payFeeLoginNetBanking -->
        <test-method is-config="true" signature="getResult()[pri:0, instance:com.fliplearn.flipapp.testcases.Fee@18df8434]" started-at="2019-07-18T11:46:06Z" name="getResult" finished-at="2019-07-18T11:46:06Z" duration-ms="148" status="PASS">
          <reporter-output>
          </reporter-output>
        </test-method> <!-- getResult -->
        <test-method is-config="true" signature="befo(org.testng.ITestContext)[pri:0, instance:com.fliplearn.flipapp.testcases.Fee@18df8434]" started-at="2019-07-18T11:46:06Z" name="befo" finished-at="2019-07-18T11:46:16Z" duration-ms="10581" status="PASS">
          <params>
            <param index="0">
              <value>
                <![CDATA[org.testng.TestRunner@241fbec]]>
              </value>
            </param>
          </params>
          <reporter-output>
          </reporter-output>
        </test-method> <!-- befo -->
        <test-method is-config="true" signature="beforMethodFee()[pri:0, instance:com.fliplearn.flipapp.testcases.Fee@18df8434]" started-at="2019-07-18T11:46:16Z" name="beforMethodFee" finished-at="2019-07-18T11:46:16Z" duration-ms="5" status="PASS">
          <reporter-output>
          </reporter-output>
        </test-method> <!-- beforMethodFee -->
        <test-method signature="payFeeLoginNetBanking(java.lang.String)[pri:0, instance:com.fliplearn.flipapp.testcases.Fee@18df8434]" started-at="2019-07-18T11:46:16Z" name="payFeeLoginNetBanking" data-provider="nostaff" finished-at="2019-07-18T11:46:47Z" duration-ms="30267" status="PASS">
          <params>
            <param index="0">
              <value>
                <![CDATA[Guest]]>
              </value>
            </param>
          </params>
          <reporter-output>
          </reporter-output>
        </test-method> <!-- payFeeLoginNetBanking -->
        <test-method is-config="true" signature="getResult()[pri:0, instance:com.fliplearn.flipapp.testcases.Fee@18df8434]" started-at="2019-07-18T11:46:47Z" name="getResult" finished-at="2019-07-18T11:46:47Z" duration-ms="161" status="PASS">
          <reporter-output>
          </reporter-output>
        </test-method> <!-- getResult -->
        <test-method is-config="true" signature="aftSuite()[pri:0, instance:com.fliplearn.flipapp.testcases.Fee@18df8434]" started-at="2019-07-18T11:46:48Z" name="aftSuite" finished-at="2019-07-18T11:46:48Z" duration-ms="0" status="PASS">
          <reporter-output>
          </reporter-output>
        </test-method> <!-- aftSuite -->
      </class> <!-- com.fliplearn.flipapp.testcases.Fee -->
    </test> <!-- Onboarding -->
  </suite> <!-- Fliplearn Automation Suite -->
</testng-results>
