<?xml version="1.0" encoding="UTF-8"?>
<testng-results ignored="8" total="9" passed="1" failed="0" skipped="0">
  <reporter-output>
  </reporter-output>
  <suite started-at="2018-12-15T16:24:51Z" name="Fliplearn Automation Suite" finished-at="2018-12-15T16:25:12Z" duration-ms="20443">
    <groups>
    </groups>
    <test started-at="2018-12-15T16:24:51Z" name="TestCases" finished-at="2018-12-15T16:25:12Z" duration-ms="20443">
      <class name="com.fliplearn.flipapp.testcases.PrimeResources">
        <test-method is-config="true" signature="befo(org.testng.ITestContext)[pri:0, instance:com.fliplearn.flipapp.testcases.PrimeResources@304bb45b]" started-at="2018-12-15T16:24:51Z" name="befo" finished-at="2018-12-15T16:24:58Z" duration-ms="6604" status="PASS">
          <params>
            <param index="0">
              <value>
                <![CDATA[org.testng.TestRunner@6981f8f3]]>
              </value>
            </param>
          </params>
          <reporter-output>
          </reporter-output>
        </test-method> <!-- befo -->
        <test-method is-config="true" signature="preVerifySynopsis()[pri:0, instance:com.fliplearn.flipapp.testcases.PrimeResources@304bb45b]" started-at="2018-12-15T16:24:58Z" name="preVerifySynopsis" finished-at="2018-12-15T16:24:58Z" duration-ms="158" status="PASS">
          <reporter-output>
          </reporter-output>
        </test-method> <!-- preVerifySynopsis -->
        <test-method signature="verifyAccessFromChildMessage()[pri:0, instance:com.fliplearn.flipapp.testcases.PrimeResources@304bb45b]" started-at="2018-12-15T16:24:58Z" name="verifyAccessFromChildMessage" finished-at="2018-12-15T16:25:11Z" duration-ms="12958" status="PASS">
          <reporter-output>
          </reporter-output>
        </test-method> <!-- verifyAccessFromChildMessage -->
        <test-method is-config="true" signature="getResult()[pri:0, instance:com.fliplearn.flipapp.testcases.PrimeResources@304bb45b]" started-at="2018-12-15T16:25:12Z" name="getResult" finished-at="2018-12-15T16:25:12Z" duration-ms="1" status="PASS">
          <reporter-output>
          </reporter-output>
        </test-method> <!-- getResult -->
        <test-method is-config="true" signature="aftSuite()[pri:0, instance:com.fliplearn.flipapp.testcases.PrimeResources@304bb45b]" started-at="2018-12-15T16:25:12Z" name="aftSuite" finished-at="2018-12-15T16:25:12Z" duration-ms="0" status="PASS">
          <reporter-output>
          </reporter-output>
        </test-method> <!-- aftSuite -->
      </class> <!-- com.fliplearn.flipapp.testcases.PrimeResources -->
    </test> <!-- TestCases -->
  </suite> <!-- Fliplearn Automation Suite -->
</testng-results>
