<?xml version="1.0" encoding="UTF-8"?>
<testng-results ignored="1" total="2" passed="1" failed="0" skipped="0">
  <reporter-output>
  </reporter-output>
  <suite started-at="2018-09-22T16:08:55Z" name="suite of suites" finished-at="2018-09-22T16:09:55Z" duration-ms="60794">
    <groups>
    </groups>
    <test started-at="2018-09-22T16:08:55Z" name="login" finished-at="2018-09-22T16:09:55Z" duration-ms="60794">
      <class name="com.fliplearn.flipapp.testcases.UserRegistration">
        <test-method is-config="true" signature="befo()[pri:0, instance:com.fliplearn.flipapp.testcases.UserRegistration@1a245833]" started-at="2018-09-22T16:08:55Z" name="befo" finished-at="2018-09-22T16:09:15Z" duration-ms="20500" status="PASS">
          <reporter-output>
          </reporter-output>
        </test-method> <!-- befo -->
        <test-method signature="verifyAndroidAdminLogin()[pri:0, instance:com.fliplearn.flipapp.testcases.UserRegistration@1a245833]" started-at="2018-09-22T16:09:15Z" name="verifyAndroidAdminLogin" finished-at="2018-09-22T16:09:55Z" duration-ms="40261" status="PASS">
          <reporter-output>
          </reporter-output>
        </test-method> <!-- verifyAndroidAdminLogin -->
        <test-method is-config="true" signature="getResult()[pri:0, instance:com.fliplearn.flipapp.testcases.UserRegistration@1a245833]" started-at="2018-09-22T16:09:55Z" name="getResult" finished-at="2018-09-22T16:09:55Z" duration-ms="2" status="PASS">
          <reporter-output>
          </reporter-output>
        </test-method> <!-- getResult -->
      </class> <!-- com.fliplearn.flipapp.testcases.UserRegistration -->
    </test> <!-- login -->
  </suite> <!-- suite of suites -->
</testng-results>
